#
# There is insufficient memory for the Java Runtime Environment to continue.
# Native memory allocation (malloc) failed to allocate 715056 bytes for Chunk::new
# Possible reasons:
#   The system is out of physical RAM or swap space
#   The process is running with CompressedOops enabled, and the Java Heap may be blocking the growth of the native heap
# Possible solutions:
#   Reduce memory load on the system
#   Increase physical memory or swap space
#   Check if swap backing store is full
#   Decrease Java heap size (-Xmx/-Xms)
#   Decrease number of Java threads
#   Decrease Java thread stack sizes (-Xss)
#   Set larger code cache with -XX:ReservedCodeCacheSize=
#   JVM is running with Unscaled Compressed Oops mode in which the Java heap is
#     placed in the first 4GB address space. The Java Heap base address is the
#     maximum limit for the native heap growth. Please use -XX:HeapBaseMinAddress
#     to set the Java Heap base and to place the Java Heap above 4GB virtual address.
# This output file may be truncated or incomplete.
#
#  Out of Memory Error (arena.cpp:189), pid=27288, tid=22640
#
# JRE version: Java(TM) SE Runtime Environment (17.0.8+9) (build 17.0.8+9-LTS-211)
# Java VM: Java HotSpot(TM) 64-Bit Server VM (17.0.8+9-LTS-211, mixed mode, sharing, tiered, compressed oops, compressed class ptrs, g1 gc, windows-amd64)
# No core dump will be written. Minidumps are not enabled by default on client versions of Windows
#

---------------  S U M M A R Y ------------

Command Line: -Dmaven.multiModuleProjectDirectory=C:\github\CruiseRoyale-be -Djansi.passthrough=true -Dmaven.home=C:\Users\duong\.m2\wrapper\dists\apache-maven-3.9.6-bin\439sdfsg2nbdob9ciift5h5nse\apache-maven-3.9.6 -Dclassworlds.conf=C:\Users\duong\.m2\wrapper\dists\apache-maven-3.9.6-bin\439sdfsg2nbdob9ciift5h5nse\apache-maven-3.9.6\bin\m2.conf -Dmaven.ext.class.path=C:\Users\duong\AppData\Local\Programs\IntelliJ IDEA Ultimate 2024.1.2\plugins\maven\lib\maven-event-listener.jar -javaagent:C:\Users\duong\AppData\Local\Programs\IntelliJ IDEA Ultimate 2024.1.2\lib\idea_rt.jar=58097:C:\Users\duong\AppData\Local\Programs\IntelliJ IDEA Ultimate 2024.1.2\bin -Dfile.encoding=UTF-8 org.codehaus.classworlds.Launcher -Didea.version=2024.1.3 install

Host: AMD Ryzen 5 5600H with Radeon Graphics         , 12 cores, 5G,  Windows 11 , 64 bit Build 22621 (10.0.22621.3672)
Time: Fri Jun 28 17:23:20 2024 SE Asia Standard Time elapsed time: 43.001242 seconds (0d 0h 0m 43s)

---------------  T H R E A D  ---------------

Current thread (0x00000201fc554650):  JavaThread "C2 CompilerThread1" daemon [_thread_in_native, id=22640, stack(0x000000243ec00000,0x000000243ed00000)]


Current CompileTask:
C2:  43001 11277       4       java.util.Arrays::sort (47 bytes)

Stack: [0x000000243ec00000,0x000000243ed00000]
Native frames: (J=compiled Java code, j=interpreted, Vv=VM code, C=native code)
V  [jvm.dll+0x677d0a]
V  [jvm.dll+0x7d8c54]
V  [jvm.dll+0x7da3fe]
V  [jvm.dll+0x7daa63]
V  [jvm.dll+0x245c5f]
V  [jvm.dll+0xaaa6b]
V  [jvm.dll+0xab00c]
V  [jvm.dll+0x2ab5cf]
V  [jvm.dll+0x580435]
V  [jvm.dll+0x220b22]
V  [jvm.dll+0x219720]
V  [jvm.dll+0x217329]
V  [jvm.dll+0x1a3af0]
V  [jvm.dll+0x2270be]
V  [jvm.dll+0x22535b]
V  [jvm.dll+0x78e7bc]
V  [jvm.dll+0x788bba]
V  [jvm.dll+0x676b35]
C  [ucrtbase.dll+0x29333]
C  [KERNEL32.DLL+0x1257d]
C  [ntdll.dll+0x5af28]


---------------  P R O C E S S  ---------------

Threads class SMR info:
_java_thread_list=0x00000201fc40c920, length=20, elements={
0x00000201955731e0, 0x00000201b46a82d0, 0x00000201b46a9140, 0x00000201b46b9380,
0x00000201b46bad50, 0x00000201b46bd810, 0x00000201b46bebe0, 0x00000201b46d1c10,
0x00000201b46d21d0, 0x00000201b46d4bd0, 0x00000201b49092e0, 0x00000201b49bde60,
0x00000201b49be330, 0x00000201fa90fac0, 0x00000201fa90f5f0, 0x00000201fa911c70,
0x00000201fa912140, 0x00000201fa90ff90, 0x00000201fc554650, 0x00000201fcb360c0
}

Java Threads: ( => current thread )
  0x00000201955731e0 JavaThread "main" [_thread_in_native, id=15804, stack(0x000000243c600000,0x000000243c700000)]
  0x00000201b46a82d0 JavaThread "Reference Handler" daemon [_thread_blocked, id=17280, stack(0x000000243cd00000,0x000000243ce00000)]
  0x00000201b46a9140 JavaThread "Finalizer" daemon [_thread_blocked, id=3056, stack(0x000000243ce00000,0x000000243cf00000)]
  0x00000201b46b9380 JavaThread "Signal Dispatcher" daemon [_thread_blocked, id=17472, stack(0x000000243cf00000,0x000000243d000000)]
  0x00000201b46bad50 JavaThread "Attach Listener" daemon [_thread_blocked, id=10828, stack(0x000000243d000000,0x000000243d100000)]
  0x00000201b46bd810 JavaThread "Service Thread" daemon [_thread_blocked, id=20720, stack(0x000000243d100000,0x000000243d200000)]
  0x00000201b46bebe0 JavaThread "Monitor Deflation Thread" daemon [_thread_blocked, id=27544, stack(0x000000243d200000,0x000000243d300000)]
  0x00000201b46d1c10 JavaThread "C2 CompilerThread0" daemon [_thread_in_native, id=9496, stack(0x000000243d300000,0x000000243d400000)]
  0x00000201b46d21d0 JavaThread "C1 CompilerThread0" daemon [_thread_in_vm, id=27548, stack(0x000000243d400000,0x000000243d500000)]
  0x00000201b46d4bd0 JavaThread "Sweeper thread" daemon [_thread_blocked, id=11708, stack(0x000000243d500000,0x000000243d600000)]
  0x00000201b49092e0 JavaThread "Common-Cleaner" daemon [_thread_blocked, id=9128, stack(0x000000243d600000,0x000000243d700000)]
  0x00000201b49bde60 JavaThread "Monitor Ctrl-Break" daemon [_thread_in_native, id=23576, stack(0x000000243d700000,0x000000243d800000)]
  0x00000201b49be330 JavaThread "Notification Thread" daemon [_thread_blocked, id=26380, stack(0x000000243d800000,0x000000243d900000)]
  0x00000201fa90fac0 JavaThread "resolver-1" daemon [_thread_blocked, id=1720, stack(0x000000243e700000,0x000000243e800000)]
  0x00000201fa90f5f0 JavaThread "resolver-2" daemon [_thread_blocked, id=15976, stack(0x000000243e800000,0x000000243e900000)]
  0x00000201fa911c70 JavaThread "resolver-3" daemon [_thread_blocked, id=10960, stack(0x000000243e900000,0x000000243ea00000)]
  0x00000201fa912140 JavaThread "resolver-4" daemon [_thread_blocked, id=4912, stack(0x000000243ea00000,0x000000243eb00000)]
  0x00000201fa90ff90 JavaThread "resolver-5" daemon [_thread_blocked, id=5112, stack(0x000000243eb00000,0x000000243ec00000)]
=>0x00000201fc554650 JavaThread "C2 CompilerThread1" daemon [_thread_in_native, id=22640, stack(0x000000243ec00000,0x000000243ed00000)]
  0x00000201fcb360c0 JavaThread "C2 CompilerThread2" daemon [_thread_in_native, id=16728, stack(0x000000243ed00000,0x000000243ee00000)]

Other Threads:
  0x00000201b46a0af0 VMThread "VM Thread" [stack: 0x000000243cc00000,0x000000243cd00000] [id=25748]
  0x00000201b49d4e90 WatcherThread [stack: 0x000000243d900000,0x000000243da00000] [id=22996]
  0x00000201955bd7c0 GCTaskThread "GC Thread#0" [stack: 0x000000243c700000,0x000000243c800000] [id=12764]
  0x00000201fa7542d0 GCTaskThread "GC Thread#1" [stack: 0x000000243da00000,0x000000243db00000] [id=18448]
  0x00000201fa753000 GCTaskThread "GC Thread#2" [stack: 0x000000243db00000,0x000000243dc00000] [id=4748]
  0x00000201fa754580 GCTaskThread "GC Thread#3" [stack: 0x000000243dc00000,0x000000243dd00000] [id=10100]
  0x00000201fa754ae0 GCTaskThread "GC Thread#4" [stack: 0x000000243dd00000,0x000000243de00000] [id=10444]
  0x00000201fa753ac0 GCTaskThread "GC Thread#5" [stack: 0x000000243de00000,0x000000243df00000] [id=3204]
  0x00000201fa753d70 GCTaskThread "GC Thread#6" [stack: 0x000000243df00000,0x000000243e000000] [id=26396]
  0x00000201fa754020 GCTaskThread "GC Thread#7" [stack: 0x000000243e000000,0x000000243e100000] [id=12936]
  0x00000201fa904e40 GCTaskThread "GC Thread#8" [stack: 0x000000243e100000,0x000000243e200000] [id=24192]
  0x00000201fa904b90 GCTaskThread "GC Thread#9" [stack: 0x000000243e200000,0x000000243e300000] [id=14840]
  0x00000201955cb290 ConcurrentGCThread "G1 Main Marker" [stack: 0x000000243c800000,0x000000243c900000] [id=26924]
  0x00000201955cc440 ConcurrentGCThread "G1 Conc#0" [stack: 0x000000243c900000,0x000000243ca00000] [id=27284]
  0x00000201fa903b70 ConcurrentGCThread "G1 Conc#1" [stack: 0x000000243e400000,0x000000243e500000] [id=25384]
  0x00000201fa9040d0 ConcurrentGCThread "G1 Conc#2" [stack: 0x000000243e500000,0x000000243e600000] [id=24880]
  0x000002019563dca0 ConcurrentGCThread "G1 Refine#0" [stack: 0x000000243ca00000,0x000000243cb00000] [id=20628]
  0x00000201fc411e80 ConcurrentGCThread "G1 Refine#1" [stack: 0x000000243e300000,0x000000243e400000] [id=19892]
  0x00000201fbd6e560 ConcurrentGCThread "G1 Refine#2" [stack: 0x000000243e600000,0x000000243e700000] [id=15644]
  0x000002019563e6c0 ConcurrentGCThread "G1 Service" [stack: 0x000000243cb00000,0x000000243cc00000] [id=19024]

Threads with active compile tasks:
C2 CompilerThread0    43045 11279       4       java.util.TimSort::binarySort (223 bytes)
C1 CompilerThread0    43045 11316       3       java.lang.invoke.LambdaProxyClassArchive::find (63 bytes)
C2 CompilerThread1    43045 11277       4       java.util.Arrays::sort (47 bytes)
C2 CompilerThread2    43045 10880       4       org.codehaus.plexus.classworlds.realm.ClassRealm::loadClass (7 bytes)

VM state: not at safepoint (normal execution)

VM Mutex/Monitor currently owned by a thread: None

Heap address: 0x00000000a2400000, size: 1500 MB, Compressed Oops mode: 32-bit

CDS archive(s) mapped at: [0x00000201b5000000-0x00000201b5bd0000-0x00000201b5bd0000), size 12386304, SharedBaseAddress: 0x00000201b5000000, ArchiveRelocationMode: 1.
Compressed class space mapped at: 0x00000201b6000000-0x00000201f6000000, reserved size: 1073741824
Narrow klass base: 0x00000201b5000000, Narrow klass shift: 0, Narrow klass range: 0x100000000

GC Precious Log:
 CPUs: 12 total, 12 available
 Memory: 5996M
 Large Page Support: Disabled
 NUMA Support: Disabled
 Compressed Oops: Enabled (32-bit)
 Heap Region Size: 1M
 Heap Min Capacity: 8M
 Heap Initial Capacity: 94M
 Heap Max Capacity: 1500M
 Pre-touch: Disabled
 Parallel Workers: 10
 Concurrent Workers: 3
 Concurrent Refinement Workers: 10
 Periodic GC: Disabled

Heap:
 garbage-first heap   total 155648K, used 116936K [0x00000000a2400000, 0x0000000100000000)
  region size 1024K, 36 young (36864K), 3 survivors (3072K)
 Metaspace       used 39059K, committed 39488K, reserved 1114112K
  class space    used 4308K, committed 4480K, reserved 1048576K

Heap Regions: E=young(eden), S=young(survivor), O=old, HS=humongous(starts), HC=humongous(continues), CS=collection set, F=free, OA=open archive, CA=closed archive, TAMS=top-at-mark-start (previous, next)
|   0|0x00000000a2400000, 0x00000000a2500000, 0x00000000a2500000|100%| O|  |TAMS 0x00000000a2500000, 0x00000000a2400000| Untracked 
|   1|0x00000000a2500000, 0x00000000a2600000, 0x00000000a2600000|100%| O|  |TAMS 0x00000000a2600000, 0x00000000a2500000| Untracked 
|   2|0x00000000a2600000, 0x00000000a2700000, 0x00000000a2700000|100%| O|  |TAMS 0x00000000a2700000, 0x00000000a2600000| Untracked 
|   3|0x00000000a2700000, 0x00000000a2800000, 0x00000000a2800000|100%| O|  |TAMS 0x00000000a2800000, 0x00000000a2700000| Untracked 
|   4|0x00000000a2800000, 0x00000000a2900000, 0x00000000a2900000|100%| O|  |TAMS 0x00000000a2900000, 0x00000000a2800000| Untracked 
|   5|0x00000000a2900000, 0x00000000a2a00000, 0x00000000a2a00000|100%| O|  |TAMS 0x00000000a2a00000, 0x00000000a2900000| Untracked 
|   6|0x00000000a2a00000, 0x00000000a2b00000, 0x00000000a2b00000|100%| O|  |TAMS 0x00000000a2b00000, 0x00000000a2a00000| Untracked 
|   7|0x00000000a2b00000, 0x00000000a2c00000, 0x00000000a2c00000|100%| O|  |TAMS 0x00000000a2c00000, 0x00000000a2b00000| Untracked 
|   8|0x00000000a2c00000, 0x00000000a2d00000, 0x00000000a2d00000|100%| O|  |TAMS 0x00000000a2d00000, 0x00000000a2c00000| Untracked 
|   9|0x00000000a2d00000, 0x00000000a2e00000, 0x00000000a2e00000|100%| O|  |TAMS 0x00000000a2e00000, 0x00000000a2d00000| Untracked 
|  10|0x00000000a2e00000, 0x00000000a2f00000, 0x00000000a2f00000|100%| O|  |TAMS 0x00000000a2f00000, 0x00000000a2e00000| Untracked 
|  11|0x00000000a2f00000, 0x00000000a2f72200, 0x00000000a3000000| 44%| O|  |TAMS 0x00000000a2f72200, 0x00000000a2f00000| Complete 
|  12|0x00000000a3000000, 0x00000000a3100000, 0x00000000a3100000|100%| O|  |TAMS 0x00000000a3100000, 0x00000000a3000000| Complete 
|  13|0x00000000a3100000, 0x00000000a3200000, 0x00000000a3200000|100%|HS|  |TAMS 0x00000000a3200000, 0x00000000a3100000| Complete 
|  14|0x00000000a3200000, 0x00000000a3300000, 0x00000000a3300000|100%| O|  |TAMS 0x00000000a3300000, 0x00000000a3200000| Untracked 
|  15|0x00000000a3300000, 0x00000000a3400000, 0x00000000a3400000|100%| O|  |TAMS 0x00000000a3400000, 0x00000000a3300000| Untracked 
|  16|0x00000000a3400000, 0x00000000a3500000, 0x00000000a3500000|100%| O|  |TAMS 0x00000000a3500000, 0x00000000a3400000| Untracked 
|  17|0x00000000a3500000, 0x00000000a3600000, 0x00000000a3600000|100%| O|  |TAMS 0x00000000a3600000, 0x00000000a3500000| Untracked 
|  18|0x00000000a3600000, 0x00000000a3700000, 0x00000000a3700000|100%| O|  |TAMS 0x00000000a3700000, 0x00000000a3600000| Untracked 
|  19|0x00000000a3700000, 0x00000000a3800000, 0x00000000a3800000|100%| O|  |TAMS 0x00000000a3800000, 0x00000000a3700000| Untracked 
|  20|0x00000000a3800000, 0x00000000a3900000, 0x00000000a3900000|100%| O|  |TAMS 0x00000000a3900000, 0x00000000a3800000| Untracked 
|  21|0x00000000a3900000, 0x00000000a3a00000, 0x00000000a3a00000|100%| O|  |TAMS 0x00000000a3a00000, 0x00000000a3900000| Complete 
|  22|0x00000000a3a00000, 0x00000000a3b00000, 0x00000000a3b00000|100%| O|  |TAMS 0x00000000a3b00000, 0x00000000a3a00000| Untracked 
|  23|0x00000000a3b00000, 0x00000000a3c00000, 0x00000000a3c00000|100%| O|  |TAMS 0x00000000a3c00000, 0x00000000a3b00000| Complete 
|  24|0x00000000a3c00000, 0x00000000a3d00000, 0x00000000a3d00000|100%| O|  |TAMS 0x00000000a3d00000, 0x00000000a3c00000| Complete 
|  25|0x00000000a3d00000, 0x00000000a3e00000, 0x00000000a3e00000|100%| O|  |TAMS 0x00000000a3e00000, 0x00000000a3d00000| Complete 
|  26|0x00000000a3e00000, 0x00000000a3f00000, 0x00000000a3f00000|100%| O|  |TAMS 0x00000000a3f00000, 0x00000000a3e00000| Untracked 
|  27|0x00000000a3f00000, 0x00000000a4000000, 0x00000000a4000000|100%| O|  |TAMS 0x00000000a4000000, 0x00000000a3f00000| Complete 
|  28|0x00000000a4000000, 0x00000000a4100000, 0x00000000a4100000|100%| O|  |TAMS 0x00000000a4100000, 0x00000000a4000000| Complete 
|  29|0x00000000a4100000, 0x00000000a4200000, 0x00000000a4200000|100%| O|  |TAMS 0x00000000a4200000, 0x00000000a4100000| Complete 
|  30|0x00000000a4200000, 0x00000000a4300000, 0x00000000a4300000|100%| O|  |TAMS 0x00000000a4300000, 0x00000000a4200000| Untracked 
|  31|0x00000000a4300000, 0x00000000a4400000, 0x00000000a4400000|100%| O|  |TAMS 0x00000000a4400000, 0x00000000a4300000| Complete 
|  32|0x00000000a4400000, 0x00000000a4500000, 0x00000000a4500000|100%| O|  |TAMS 0x00000000a4500000, 0x00000000a4400000| Complete 
|  33|0x00000000a4500000, 0x00000000a4600000, 0x00000000a4600000|100%| O|  |TAMS 0x00000000a4600000, 0x00000000a4500000| Complete 
|  34|0x00000000a4600000, 0x00000000a4700000, 0x00000000a4700000|100%| O|  |TAMS 0x00000000a4700000, 0x00000000a4600000| Complete 
|  35|0x00000000a4700000, 0x00000000a4800000, 0x00000000a4800000|100%| O|  |TAMS 0x00000000a4800000, 0x00000000a4700000| Complete 
|  36|0x00000000a4800000, 0x00000000a4900000, 0x00000000a4900000|100%| O|  |TAMS 0x00000000a4900000, 0x00000000a4800000| Complete 
|  37|0x00000000a4900000, 0x00000000a4a00000, 0x00000000a4a00000|100%| O|  |TAMS 0x00000000a4a00000, 0x00000000a4900000| Complete 
|  38|0x00000000a4a00000, 0x00000000a4b00000, 0x00000000a4b00000|100%| O|  |TAMS 0x00000000a4b00000, 0x00000000a4a00000| Untracked 
|  39|0x00000000a4b00000, 0x00000000a4c00000, 0x00000000a4c00000|100%| O|  |TAMS 0x00000000a4c00000, 0x00000000a4b00000| Complete 
|  40|0x00000000a4c00000, 0x00000000a4d00000, 0x00000000a4d00000|100%|HS|  |TAMS 0x00000000a4d00000, 0x00000000a4c00000| Complete 
|  41|0x00000000a4d00000, 0x00000000a4e00000, 0x00000000a4e00000|100%|HS|  |TAMS 0x00000000a4e00000, 0x00000000a4d00000| Complete 
|  42|0x00000000a4e00000, 0x00000000a4f00000, 0x00000000a4f00000|100%| O|  |TAMS 0x00000000a4f00000, 0x00000000a4e00000| Complete 
|  43|0x00000000a4f00000, 0x00000000a5000000, 0x00000000a5000000|100%| O|  |TAMS 0x00000000a5000000, 0x00000000a4f00000| Complete 
|  44|0x00000000a5000000, 0x00000000a5100000, 0x00000000a5100000|100%| O|  |TAMS 0x00000000a5100000, 0x00000000a5000000| Untracked 
|  45|0x00000000a5100000, 0x00000000a5200000, 0x00000000a5200000|100%| O|  |TAMS 0x00000000a5200000, 0x00000000a5100000| Untracked 
|  46|0x00000000a5200000, 0x00000000a5300000, 0x00000000a5300000|100%| O|  |TAMS 0x00000000a5300000, 0x00000000a5200000| Complete 
|  47|0x00000000a5300000, 0x00000000a5400000, 0x00000000a5400000|100%| O|  |TAMS 0x00000000a5400000, 0x00000000a5300000| Untracked 
|  48|0x00000000a5400000, 0x00000000a5500000, 0x00000000a5500000|100%| O|  |TAMS 0x00000000a5500000, 0x00000000a5400000| Untracked 
|  49|0x00000000a5500000, 0x00000000a5600000, 0x00000000a5600000|100%| O|  |TAMS 0x00000000a5600000, 0x00000000a5500000| Complete 
|  50|0x00000000a5600000, 0x00000000a5700000, 0x00000000a5700000|100%| O|  |TAMS 0x00000000a5700000, 0x00000000a5600000| Complete 
|  51|0x00000000a5700000, 0x00000000a5800000, 0x00000000a5800000|100%| O|  |TAMS 0x00000000a5800000, 0x00000000a5700000| Complete 
|  52|0x00000000a5800000, 0x00000000a5900000, 0x00000000a5900000|100%| O|  |TAMS 0x00000000a5900000, 0x00000000a5800000| Complete 
|  53|0x00000000a5900000, 0x00000000a5a00000, 0x00000000a5a00000|100%| O|  |TAMS 0x00000000a5a00000, 0x00000000a5900000| Untracked 
|  54|0x00000000a5a00000, 0x00000000a5b00000, 0x00000000a5b00000|100%| O|  |TAMS 0x00000000a5b00000, 0x00000000a5a00000| Untracked 
|  55|0x00000000a5b00000, 0x00000000a5c00000, 0x00000000a5c00000|100%| O|  |TAMS 0x00000000a5c00000, 0x00000000a5b00000| Untracked 
|  56|0x00000000a5c00000, 0x00000000a5d00000, 0x00000000a5d00000|100%| O|  |TAMS 0x00000000a5c1e000, 0x00000000a5c00000| Untracked 
|  57|0x00000000a5d00000, 0x00000000a5e00000, 0x00000000a5e00000|100%|HS|  |TAMS 0x00000000a5e00000, 0x00000000a5d00000| Complete 
|  58|0x00000000a5e00000, 0x00000000a5f00000, 0x00000000a5f00000|100%| O|  |TAMS 0x00000000a5f00000, 0x00000000a5e00000| Untracked 
|  59|0x00000000a5f00000, 0x00000000a6000000, 0x00000000a6000000|100%| O|  |TAMS 0x00000000a6000000, 0x00000000a5f00000| Untracked 
|  60|0x00000000a6000000, 0x00000000a6100000, 0x00000000a6100000|100%|HS|  |TAMS 0x00000000a6100000, 0x00000000a6000000| Complete 
|  61|0x00000000a6100000, 0x00000000a6200000, 0x00000000a6200000|100%|HS|  |TAMS 0x00000000a6200000, 0x00000000a6100000| Complete 
|  62|0x00000000a6200000, 0x00000000a6300000, 0x00000000a6300000|100%|HS|  |TAMS 0x00000000a6300000, 0x00000000a6200000| Complete 
|  63|0x00000000a6300000, 0x00000000a63bfe00, 0x00000000a6400000| 74%| O|  |TAMS 0x00000000a6300000, 0x00000000a6300000| Untracked 
|  64|0x00000000a6400000, 0x00000000a6500000, 0x00000000a6500000|100%|HS|  |TAMS 0x00000000a6400000, 0x00000000a6400000| Complete 
|  65|0x00000000a6500000, 0x00000000a6600000, 0x00000000a6600000|100%|HS|  |TAMS 0x00000000a6500000, 0x00000000a6500000| Complete 
|  66|0x00000000a6600000, 0x00000000a6700000, 0x00000000a6700000|100%|HS|  |TAMS 0x00000000a6600000, 0x00000000a6600000| Complete 
|  67|0x00000000a6700000, 0x00000000a6800000, 0x00000000a6800000|100%|HS|  |TAMS 0x00000000a6700000, 0x00000000a6700000| Complete 
|  68|0x00000000a6800000, 0x00000000a6900000, 0x00000000a6900000|100%|HS|  |TAMS 0x00000000a6800000, 0x00000000a6800000| Complete 
|  69|0x00000000a6900000, 0x00000000a6a00000, 0x00000000a6a00000|100%|HS|  |TAMS 0x00000000a6900000, 0x00000000a6900000| Complete 
|  70|0x00000000a6a00000, 0x00000000a6b00000, 0x00000000a6b00000|100%|HS|  |TAMS 0x00000000a6a00000, 0x00000000a6a00000| Complete 
|  71|0x00000000a6b00000, 0x00000000a6c00000, 0x00000000a6c00000|100%|HS|  |TAMS 0x00000000a6b00000, 0x00000000a6b00000| Complete 
|  72|0x00000000a6c00000, 0x00000000a6d00000, 0x00000000a6d00000|100%|HS|  |TAMS 0x00000000a6c00000, 0x00000000a6c00000| Complete 
|  73|0x00000000a6d00000, 0x00000000a6e00000, 0x00000000a6e00000|100%|HS|  |TAMS 0x00000000a6d00000, 0x00000000a6d00000| Complete 
|  74|0x00000000a6e00000, 0x00000000a6f00000, 0x00000000a6f00000|100%|HS|  |TAMS 0x00000000a6e00000, 0x00000000a6e00000| Complete 
|  75|0x00000000a6f00000, 0x00000000a6f00000, 0x00000000a7000000|  0%| F|  |TAMS 0x00000000a6f00000, 0x00000000a6f00000| Untracked 
|  76|0x00000000a7000000, 0x00000000a7000000, 0x00000000a7100000|  0%| F|  |TAMS 0x00000000a7000000, 0x00000000a7000000| Untracked 
|  77|0x00000000a7100000, 0x00000000a7100000, 0x00000000a7200000|  0%| F|  |TAMS 0x00000000a7100000, 0x00000000a7100000| Untracked 
|  78|0x00000000a7200000, 0x00000000a7200000, 0x00000000a7300000|  0%| F|  |TAMS 0x00000000a7200000, 0x00000000a7200000| Untracked 
|  79|0x00000000a7300000, 0x00000000a7300000, 0x00000000a7400000|  0%| F|  |TAMS 0x00000000a7300000, 0x00000000a7300000| Untracked 
|  80|0x00000000a7400000, 0x00000000a7400000, 0x00000000a7500000|  0%| F|  |TAMS 0x00000000a7400000, 0x00000000a7400000| Untracked 
|  81|0x00000000a7500000, 0x00000000a7500000, 0x00000000a7600000|  0%| F|  |TAMS 0x00000000a7500000, 0x00000000a7500000| Untracked 
|  82|0x00000000a7600000, 0x00000000a7600000, 0x00000000a7700000|  0%| F|  |TAMS 0x00000000a7600000, 0x00000000a7600000| Untracked 
|  83|0x00000000a7700000, 0x00000000a7700000, 0x00000000a7800000|  0%| F|  |TAMS 0x00000000a7700000, 0x00000000a7700000| Untracked 
|  84|0x00000000a7800000, 0x00000000a7800000, 0x00000000a7900000|  0%| F|  |TAMS 0x00000000a7800000, 0x00000000a7800000| Untracked 
|  85|0x00000000a7900000, 0x00000000a7900000, 0x00000000a7a00000|  0%| F|  |TAMS 0x00000000a7900000, 0x00000000a7900000| Untracked 
|  86|0x00000000a7a00000, 0x00000000a7a00000, 0x00000000a7b00000|  0%| F|  |TAMS 0x00000000a7a00000, 0x00000000a7a00000| Untracked 
|  87|0x00000000a7b00000, 0x00000000a7b00000, 0x00000000a7c00000|  0%| F|  |TAMS 0x00000000a7b00000, 0x00000000a7b00000| Untracked 
|  88|0x00000000a7c00000, 0x00000000a7c00000, 0x00000000a7d00000|  0%| F|  |TAMS 0x00000000a7c00000, 0x00000000a7c00000| Untracked 
|  89|0x00000000a7d00000, 0x00000000a7d00000, 0x00000000a7e00000|  0%| F|  |TAMS 0x00000000a7d00000, 0x00000000a7d00000| Untracked 
|  90|0x00000000a7e00000, 0x00000000a7e00000, 0x00000000a7f00000|  0%| F|  |TAMS 0x00000000a7e00000, 0x00000000a7e00000| Untracked 
|  91|0x00000000a7f00000, 0x00000000a7f00000, 0x00000000a8000000|  0%| F|  |TAMS 0x00000000a7f00000, 0x00000000a7f00000| Untracked 
|  92|0x00000000a8000000, 0x00000000a8000000, 0x00000000a8100000|  0%| F|  |TAMS 0x00000000a8000000, 0x00000000a8000000| Untracked 
|  93|0x00000000a8100000, 0x00000000a8100000, 0x00000000a8200000|  0%| F|  |TAMS 0x00000000a8100000, 0x00000000a8100000| Untracked 
|  94|0x00000000a8200000, 0x00000000a8200000, 0x00000000a8300000|  0%| F|  |TAMS 0x00000000a8200000, 0x00000000a8200000| Untracked 
|  95|0x00000000a8300000, 0x00000000a8300000, 0x00000000a8400000|  0%| F|  |TAMS 0x00000000a8300000, 0x00000000a8300000| Untracked 
|  96|0x00000000a8400000, 0x00000000a8400000, 0x00000000a8500000|  0%| F|  |TAMS 0x00000000a8400000, 0x00000000a8400000| Untracked 
|  97|0x00000000a8500000, 0x00000000a8500000, 0x00000000a8600000|  0%| F|  |TAMS 0x00000000a8500000, 0x00000000a8500000| Untracked 
|  98|0x00000000a8600000, 0x00000000a8600000, 0x00000000a8700000|  0%| F|  |TAMS 0x00000000a8600000, 0x00000000a8600000| Untracked 
|  99|0x00000000a8700000, 0x00000000a8700000, 0x00000000a8800000|  0%| F|  |TAMS 0x00000000a8700000, 0x00000000a8700000| Untracked 
| 100|0x00000000a8800000, 0x00000000a8800000, 0x00000000a8900000|  0%| F|  |TAMS 0x00000000a8800000, 0x00000000a8800000| Untracked 
| 101|0x00000000a8900000, 0x00000000a8900000, 0x00000000a8a00000|  0%| F|  |TAMS 0x00000000a8900000, 0x00000000a8900000| Untracked 
| 102|0x00000000a8a00000, 0x00000000a8a00000, 0x00000000a8b00000|  0%| F|  |TAMS 0x00000000a8a00000, 0x00000000a8a00000| Untracked 
| 103|0x00000000a8b00000, 0x00000000a8b00000, 0x00000000a8c00000|  0%| F|  |TAMS 0x00000000a8b00000, 0x00000000a8b00000| Untracked 
| 104|0x00000000a8c00000, 0x00000000a8c00000, 0x00000000a8d00000|  0%| F|  |TAMS 0x00000000a8c00000, 0x00000000a8c00000| Untracked 
| 105|0x00000000a8d00000, 0x00000000a8d00000, 0x00000000a8e00000|  0%| F|  |TAMS 0x00000000a8d00000, 0x00000000a8d00000| Untracked 
| 106|0x00000000a8e00000, 0x00000000a8e00000, 0x00000000a8f00000|  0%| F|  |TAMS 0x00000000a8e00000, 0x00000000a8e00000| Untracked 
| 107|0x00000000a8f00000, 0x00000000a8f00000, 0x00000000a9000000|  0%| F|  |TAMS 0x00000000a8f00000, 0x00000000a8f00000| Untracked 
| 108|0x00000000a9000000, 0x00000000a9000000, 0x00000000a9100000|  0%| F|  |TAMS 0x00000000a9000000, 0x00000000a9000000| Untracked 
| 109|0x00000000a9100000, 0x00000000a9100000, 0x00000000a9200000|  0%| F|  |TAMS 0x00000000a9100000, 0x00000000a9100000| Untracked 
| 110|0x00000000a9200000, 0x00000000a9300000, 0x00000000a9300000|100%| E|  |TAMS 0x00000000a9200000, 0x00000000a9200000| Complete 
| 111|0x00000000a9300000, 0x00000000a9400000, 0x00000000a9400000|100%| E|CS|TAMS 0x00000000a9300000, 0x00000000a9300000| Complete 
| 112|0x00000000a9400000, 0x00000000a9500000, 0x00000000a9500000|100%| E|CS|TAMS 0x00000000a9400000, 0x00000000a9400000| Complete 
| 113|0x00000000a9500000, 0x00000000a9600000, 0x00000000a9600000|100%| E|CS|TAMS 0x00000000a9500000, 0x00000000a9500000| Complete 
| 114|0x00000000a9600000, 0x00000000a9700000, 0x00000000a9700000|100%| E|CS|TAMS 0x00000000a9600000, 0x00000000a9600000| Complete 
| 115|0x00000000a9700000, 0x00000000a9800000, 0x00000000a9800000|100%| E|CS|TAMS 0x00000000a9700000, 0x00000000a9700000| Complete 
| 116|0x00000000a9800000, 0x00000000a9900000, 0x00000000a9900000|100%| E|CS|TAMS 0x00000000a9800000, 0x00000000a9800000| Complete 
| 117|0x00000000a9900000, 0x00000000a9a00000, 0x00000000a9a00000|100%| E|CS|TAMS 0x00000000a9900000, 0x00000000a9900000| Complete 
| 118|0x00000000a9a00000, 0x00000000a9b00000, 0x00000000a9b00000|100%| E|CS|TAMS 0x00000000a9a00000, 0x00000000a9a00000| Complete 
| 119|0x00000000a9b00000, 0x00000000a9c00000, 0x00000000a9c00000|100%| E|CS|TAMS 0x00000000a9b00000, 0x00000000a9b00000| Complete 
| 120|0x00000000a9c00000, 0x00000000a9d00000, 0x00000000a9d00000|100%| E|CS|TAMS 0x00000000a9c00000, 0x00000000a9c00000| Complete 
| 121|0x00000000a9d00000, 0x00000000a9e00000, 0x00000000a9e00000|100%| E|CS|TAMS 0x00000000a9d00000, 0x00000000a9d00000| Complete 
| 122|0x00000000a9e00000, 0x00000000a9f00000, 0x00000000a9f00000|100%| E|CS|TAMS 0x00000000a9e00000, 0x00000000a9e00000| Complete 
| 123|0x00000000a9f00000, 0x00000000aa000000, 0x00000000aa000000|100%| E|CS|TAMS 0x00000000a9f00000, 0x00000000a9f00000| Complete 
| 124|0x00000000aa000000, 0x00000000aa100000, 0x00000000aa100000|100%| E|CS|TAMS 0x00000000aa000000, 0x00000000aa000000| Complete 
| 125|0x00000000aa100000, 0x00000000aa200000, 0x00000000aa200000|100%| E|CS|TAMS 0x00000000aa100000, 0x00000000aa100000| Complete 
| 126|0x00000000aa200000, 0x00000000aa300000, 0x00000000aa300000|100%| E|CS|TAMS 0x00000000aa200000, 0x00000000aa200000| Complete 
| 127|0x00000000aa300000, 0x00000000aa400000, 0x00000000aa400000|100%| E|CS|TAMS 0x00000000aa300000, 0x00000000aa300000| Complete 
| 128|0x00000000aa400000, 0x00000000aa500000, 0x00000000aa500000|100%| E|CS|TAMS 0x00000000aa400000, 0x00000000aa400000| Complete 
| 129|0x00000000aa500000, 0x00000000aa600000, 0x00000000aa600000|100%| E|CS|TAMS 0x00000000aa500000, 0x00000000aa500000| Complete 
| 130|0x00000000aa600000, 0x00000000aa700000, 0x00000000aa700000|100%| E|CS|TAMS 0x00000000aa600000, 0x00000000aa600000| Complete 
| 131|0x00000000aa700000, 0x00000000aa800000, 0x00000000aa800000|100%| E|CS|TAMS 0x00000000aa700000, 0x00000000aa700000| Complete 
| 132|0x00000000aa800000, 0x00000000aa900000, 0x00000000aa900000|100%| E|CS|TAMS 0x00000000aa800000, 0x00000000aa800000| Complete 
| 133|0x00000000aa900000, 0x00000000aaa00000, 0x00000000aaa00000|100%| E|CS|TAMS 0x00000000aa900000, 0x00000000aa900000| Complete 
| 134|0x00000000aaa00000, 0x00000000aab00000, 0x00000000aab00000|100%| E|CS|TAMS 0x00000000aaa00000, 0x00000000aaa00000| Complete 
| 135|0x00000000aab00000, 0x00000000aac00000, 0x00000000aac00000|100%| E|CS|TAMS 0x00000000aab00000, 0x00000000aab00000| Complete 
| 136|0x00000000aac00000, 0x00000000aad00000, 0x00000000aad00000|100%| E|CS|TAMS 0x00000000aac00000, 0x00000000aac00000| Complete 
| 137|0x00000000aad00000, 0x00000000aae00000, 0x00000000aae00000|100%| E|CS|TAMS 0x00000000aad00000, 0x00000000aad00000| Complete 
| 138|0x00000000aae00000, 0x00000000aaf00000, 0x00000000aaf00000|100%| E|CS|TAMS 0x00000000aae00000, 0x00000000aae00000| Complete 
| 139|0x00000000aaf00000, 0x00000000ab000000, 0x00000000ab000000|100%| E|CS|TAMS 0x00000000aaf00000, 0x00000000aaf00000| Complete 
| 140|0x00000000ab000000, 0x00000000ab100000, 0x00000000ab100000|100%| E|CS|TAMS 0x00000000ab000000, 0x00000000ab000000| Complete 
| 141|0x00000000ab100000, 0x00000000ab200000, 0x00000000ab200000|100%| E|CS|TAMS 0x00000000ab100000, 0x00000000ab100000| Complete 
| 142|0x00000000ab200000, 0x00000000ab300000, 0x00000000ab300000|100%| S|CS|TAMS 0x00000000ab200000, 0x00000000ab200000| Complete 
| 143|0x00000000ab300000, 0x00000000ab400000, 0x00000000ab400000|100%| S|CS|TAMS 0x00000000ab300000, 0x00000000ab300000| Complete 
| 144|0x00000000ab400000, 0x00000000ab500000, 0x00000000ab500000|100%| S|CS|TAMS 0x00000000ab400000, 0x00000000ab400000| Complete 
| 145|0x00000000ab500000, 0x00000000ab600000, 0x00000000ab600000|100%| E|  |TAMS 0x00000000ab500000, 0x00000000ab500000| Complete 
|1494|0x00000000ffa00000, 0x00000000ffb00000, 0x00000000ffb00000|100%| O|  |TAMS 0x00000000ffb00000, 0x00000000ffa00000| Complete 
|1495|0x00000000ffb00000, 0x00000000ffc00000, 0x00000000ffc00000|100%| O|  |TAMS 0x00000000ffc00000, 0x00000000ffb00000| Complete 
|1496|0x00000000ffc00000, 0x00000000ffd00000, 0x00000000ffd00000|100%| O|  |TAMS 0x00000000ffd00000, 0x00000000ffc00000| Complete 
|1497|0x00000000ffd00000, 0x00000000ffe00000, 0x00000000ffe00000|100%| O|  |TAMS 0x00000000ffe00000, 0x00000000ffd00000| Complete 
|1498|0x00000000ffe00000, 0x00000000fff00000, 0x00000000fff00000|100%| O|  |TAMS 0x00000000fff00000, 0x00000000ffe00000| Untracked 
|1499|0x00000000fff00000, 0x0000000100000000, 0x0000000100000000|100%| O|  |TAMS 0x0000000100000000, 0x00000000fff00000| Complete 

Card table byte_map: [0x00000201ae570000,0x00000201ae860000] _byte_map_base: 0x00000201ae05e000

Marking Bits (Prev, Next): (CMBitMap*) 0x00000201955bee20, (CMBitMap*) 0x00000201955bede0
 Prev Bits: [0x00000201b02c0000, 0x00000201b1a30000)
 Next Bits: [0x00000201aeb50000, 0x00000201b02c0000)

Polling page: 0x0000020195640000

Metaspace:

Usage:
  Non-class:     33.94 MB used.
      Class:      4.21 MB used.
       Both:     38.14 MB used.

Virtual space:
  Non-class space:       64.00 MB reserved,      34.19 MB ( 53%) committed,  1 nodes.
      Class space:        1.00 GB reserved,       4.38 MB ( <1%) committed,  1 nodes.
             Both:        1.06 GB reserved,      38.56 MB (  4%) committed. 

Chunk freelists:
   Non-Class:  12.88 MB
       Class:  11.62 MB
        Both:  24.50 MB

MaxMetaspaceSize: unlimited
CompressedClassSpaceSize: 1.00 GB
Initial GC threshold: 21.00 MB
Current GC threshold: 62.94 MB
CDS: on
MetaspaceReclaimPolicy: balanced
 - commit_granule_bytes: 65536.
 - commit_granule_words: 8192.
 - virtual_space_node_default_size: 8388608.
 - enlarge_chunks_in_place: 1.
 - new_chunks_are_fully_committed: 0.
 - uncommit_free_chunks: 1.
 - use_allocation_guard: 0.
 - handle_deallocations: 1.


Internal statistics:

num_allocs_failed_limit: 3.
num_arena_births: 310.
num_arena_deaths: 0.
num_vsnodes_births: 2.
num_vsnodes_deaths: 0.
num_space_committed: 617.
num_space_uncommitted: 0.
num_chunks_returned_to_freelist: 3.
num_chunks_taken_from_freelist: 1794.
num_chunk_merges: 3.
num_chunk_splits: 1228.
num_chunks_enlarged: 926.
num_purges: 0.
num_inconsistent_stats: 0.

CodeHeap 'non-profiled nmethods': size=120000Kb used=4655Kb max_used=4655Kb free=115344Kb
 bounds [0x00000201a60b0000, 0x00000201a6540000, 0x00000201ad5e0000]
CodeHeap 'profiled nmethods': size=120000Kb used=20226Kb max_used=20474Kb free=99773Kb
 bounds [0x000002019e5e0000, 0x000002019fa10000, 0x00000201a5b10000]
CodeHeap 'non-nmethods': size=5760Kb used=1251Kb max_used=1320Kb free=4509Kb
 bounds [0x00000201a5b10000, 0x00000201a5d80000, 0x00000201a60b0000]
 total_blobs=9789 nmethods=9224 adapters=477
 compilation: enabled
              stopped_count=0, restarted_count=0
 full_count=0

Compilation events (20 events):
Event: 42.918 Thread 0x00000201fc554650 nmethod 11268 0x00000201a6533e90 code [0x00000201a6534040, 0x00000201a6534608]
Event: 42.918 Thread 0x00000201fc554650 11278       4       java.lang.Class::arrayContentsEq (70 bytes)
Event: 42.921 Thread 0x00000201fc554650 nmethod 11278 0x00000201a6534990 code [0x00000201a6534b00, 0x00000201a6534c18]
Event: 42.921 Thread 0x00000201fc554650 11248       4       org.eclipse.aether.graph.Dependency::isOptional (11 bytes)
Event: 42.922 Thread 0x00000201fc554650 nmethod 11248 0x00000201a6534d10 code [0x00000201a6534e80, 0x00000201a6534f18]
Event: 42.922 Thread 0x00000201fc554650 11277       4       java.util.Arrays::sort (47 bytes)
Event: 42.953 Thread 0x00000201b46d1c10 nmethod 11258% 0x00000201a6535010 code [0x00000201a65352c0, 0x00000201a6538598]
Event: 42.954 Thread 0x00000201b46d1c10 11275       4       java.util.stream.ReferencePipeline::makeNodeBuilder (6 bytes)
Event: 42.958 Thread 0x00000201b46d1c10 nmethod 11275 0x00000201a653a310 code [0x00000201a653a4a0, 0x00000201a653a728]
Event: 42.958 Thread 0x00000201b46d1c10 11276       4       java.util.stream.Nodes::builder (30 bytes)
Event: 42.961 Thread 0x00000201b46d1c10 nmethod 11276 0x00000201a653a910 code [0x00000201a653aaa0, 0x00000201a653ad08]
Event: 42.973 Thread 0x00000201b46d1c10 11279       4       java.util.TimSort::binarySort (223 bytes)
Event: 42.973 Thread 0x00000201b46d21d0 11280       3       org.eclipse.sisu.wire.DependencyAnalyzer::visit (6 bytes)
Event: 42.974 Thread 0x00000201b46d21d0 nmethod 11280 0x000002019f1e0490 code [0x000002019f1e0620, 0x000002019f1e0768]
Event: 42.974 Thread 0x00000201b46d21d0 11281   !   3       org.eclipse.sisu.wire.DependencyAnalyzer::visit (59 bytes)
Event: 42.975 Thread 0x00000201b46d21d0 nmethod 11281 0x000002019f56e910 code [0x000002019f56eb60, 0x000002019f56f558]
Event: 42.976 Thread 0x00000201b46d21d0 11282       3       com.google.inject.internal.ProviderInstanceBindingImpl::applyTo (37 bytes)
Event: 42.977 Thread 0x00000201b46d21d0 nmethod 11282 0x000002019f68d690 code [0x000002019f68d8c0, 0x000002019f68e328]
Event: 42.977 Thread 0x00000201b46d21d0 11283       3       com.google.inject.internal.BindingBuilder::toProvider (6 bytes)
Event: 42.977 Thread 0x00000201b46d21d0 nmethod 11283 0x000002019f20f810 code [0x000002019f20f9c0, 0x000002019f20fb08]

GC Heap History (20 events):
Event: 12.719 GC heap before
{Heap before GC invocations=17 (full 0):
 garbage-first heap   total 117760K, used 91098K [0x00000000a2400000, 0x0000000100000000)
  region size 1024K, 46 young (47104K), 3 survivors (3072K)
 Metaspace       used 30201K, committed 30528K, reserved 1114112K
  class space    used 3354K, committed 3520K, reserved 1048576K
}
Event: 12.732 GC heap after
{Heap after GC invocations=18 (full 0):
 garbage-first heap   total 117760K, used 48554K [0x00000000a2400000, 0x0000000100000000)
  region size 1024K, 4 young (4096K), 4 survivors (4096K)
 Metaspace       used 30201K, committed 30528K, reserved 1114112K
  class space    used 3354K, committed 3520K, reserved 1048576K
}
Event: 13.049 GC heap before
{Heap before GC invocations=18 (full 0):
 garbage-first heap   total 117760K, used 92586K [0x00000000a2400000, 0x0000000100000000)
  region size 1024K, 47 young (48128K), 4 survivors (4096K)
 Metaspace       used 30295K, committed 30592K, reserved 1114112K
  class space    used 3354K, committed 3520K, reserved 1048576K
}
Event: 13.063 GC heap after
{Heap after GC invocations=19 (full 0):
 garbage-first heap   total 117760K, used 49100K [0x00000000a2400000, 0x0000000100000000)
  region size 1024K, 4 young (4096K), 4 survivors (4096K)
 Metaspace       used 30295K, committed 30592K, reserved 1114112K
  class space    used 3354K, committed 3520K, reserved 1048576K
}
Event: 13.342 GC heap before
{Heap before GC invocations=19 (full 0):
 garbage-first heap   total 117760K, used 94156K [0x00000000a2400000, 0x0000000100000000)
  region size 1024K, 48 young (49152K), 4 survivors (4096K)
 Metaspace       used 30337K, committed 30656K, reserved 1114112K
  class space    used 3354K, committed 3520K, reserved 1048576K
}
Event: 13.351 GC heap after
{Heap after GC invocations=20 (full 0):
 garbage-first heap   total 117760K, used 49098K [0x00000000a2400000, 0x0000000100000000)
  region size 1024K, 4 young (4096K), 4 survivors (4096K)
 Metaspace       used 30337K, committed 30656K, reserved 1114112K
  class space    used 3354K, committed 3520K, reserved 1048576K
}
Event: 14.045 GC heap before
{Heap before GC invocations=20 (full 0):
 garbage-first heap   total 117760K, used 94154K [0x00000000a2400000, 0x0000000100000000)
  region size 1024K, 48 young (49152K), 4 survivors (4096K)
 Metaspace       used 31892K, committed 32192K, reserved 1114112K
  class space    used 3544K, committed 3712K, reserved 1048576K
}
Event: 14.059 GC heap after
{Heap after GC invocations=21 (full 0):
 garbage-first heap   total 117760K, used 49400K [0x00000000a2400000, 0x0000000100000000)
  region size 1024K, 4 young (4096K), 4 survivors (4096K)
 Metaspace       used 31892K, committed 32192K, reserved 1114112K
  class space    used 3544K, committed 3712K, reserved 1048576K
}
Event: 14.859 GC heap before
{Heap before GC invocations=21 (full 0):
 garbage-first heap   total 117760K, used 95480K [0x00000000a2400000, 0x0000000100000000)
  region size 1024K, 49 young (50176K), 4 survivors (4096K)
 Metaspace       used 32692K, committed 33024K, reserved 1114112K
  class space    used 3589K, committed 3776K, reserved 1048576K
}
Event: 14.876 GC heap after
{Heap after GC invocations=22 (full 0):
 garbage-first heap   total 155648K, used 51837K [0x00000000a2400000, 0x0000000100000000)
  region size 1024K, 6 young (6144K), 6 survivors (6144K)
 Metaspace       used 32692K, committed 33024K, reserved 1114112K
  class space    used 3589K, committed 3776K, reserved 1048576K
}
Event: 15.898 GC heap before
{Heap before GC invocations=22 (full 0):
 garbage-first heap   total 155648K, used 127613K [0x00000000a2400000, 0x0000000100000000)
  region size 1024K, 79 young (80896K), 6 survivors (6144K)
 Metaspace       used 33738K, committed 34112K, reserved 1114112K
  class space    used 3702K, committed 3904K, reserved 1048576K
}
Event: 15.932 GC heap after
{Heap after GC invocations=23 (full 0):
 garbage-first heap   total 155648K, used 71288K [0x00000000a2400000, 0x0000000100000000)
  region size 1024K, 10 young (10240K), 10 survivors (10240K)
 Metaspace       used 33738K, committed 34112K, reserved 1114112K
  class space    used 3702K, committed 3904K, reserved 1048576K
}
Event: 16.983 GC heap before
{Heap before GC invocations=23 (full 0):
 garbage-first heap   total 155648K, used 119416K [0x00000000a2400000, 0x0000000100000000)
  region size 1024K, 58 young (59392K), 10 survivors (10240K)
 Metaspace       used 35632K, committed 36032K, reserved 1114112K
  class space    used 3894K, committed 4096K, reserved 1048576K
}
Event: 16.992 GC heap after
{Heap after GC invocations=24 (full 0):
 garbage-first heap   total 155648K, used 66112K [0x00000000a2400000, 0x0000000100000000)
  region size 1024K, 2 young (2048K), 2 survivors (2048K)
 Metaspace       used 35632K, committed 36032K, reserved 1114112K
  class space    used 3894K, committed 4096K, reserved 1048576K
}
Event: 41.007 GC heap before
{Heap before GC invocations=24 (full 0):
 garbage-first heap   total 155648K, used 120384K [0x00000000a2400000, 0x0000000100000000)
  region size 1024K, 55 young (56320K), 2 survivors (2048K)
 Metaspace       used 37681K, committed 38144K, reserved 1114112K
  class space    used 4153K, committed 4352K, reserved 1048576K
}
Event: 41.049 GC heap after
{Heap after GC invocations=25 (full 0):
 garbage-first heap   total 155648K, used 68160K [0x00000000a2400000, 0x0000000100000000)
  region size 1024K, 4 young (4096K), 4 survivors (4096K)
 Metaspace       used 37681K, committed 38144K, reserved 1114112K
  class space    used 4153K, committed 4352K, reserved 1048576K
}
Event: 41.603 GC heap before
{Heap before GC invocations=25 (full 0):
 garbage-first heap   total 155648K, used 75328K [0x00000000a2400000, 0x0000000100000000)
  region size 1024K, 8 young (8192K), 4 survivors (4096K)
 Metaspace       used 38140K, committed 38592K, reserved 1114112K
  class space    used 4206K, committed 4416K, reserved 1048576K
}
Event: 41.620 GC heap after
{Heap after GC invocations=26 (full 0):
 garbage-first heap   total 155648K, used 73080K [0x00000000a2400000, 0x0000000100000000)
  region size 1024K, 5 young (5120K), 5 survivors (5120K)
 Metaspace       used 38140K, committed 38592K, reserved 1114112K
  class space    used 4206K, committed 4416K, reserved 1048576K
}
Event: 41.640 GC heap before
{Heap before GC invocations=26 (full 0):
 garbage-first heap   total 155648K, used 74104K [0x00000000a2400000, 0x0000000100000000)
  region size 1024K, 6 young (6144K), 5 survivors (5120K)
 Metaspace       used 38140K, committed 38592K, reserved 1114112K
  class space    used 4206K, committed 4416K, reserved 1048576K
}
Event: 41.652 GC heap after
{Heap after GC invocations=27 (full 0):
 garbage-first heap   total 155648K, used 73928K [0x00000000a2400000, 0x0000000100000000)
  region size 1024K, 3 young (3072K), 3 survivors (3072K)
 Metaspace       used 38140K, committed 38592K, reserved 1114112K
  class space    used 4206K, committed 4416K, reserved 1048576K
}

Deoptimization events (20 events):
Event: 40.811 Thread 0x00000201955731e0 Uncommon trap: trap_request=0xffffffd6 fr.pc=0x00000201a64c8210 relative=0x0000000000000370
Event: 40.811 Thread 0x00000201955731e0 Uncommon trap: reason=array_check action=maybe_recompile pc=0x00000201a64c8210 method=java.util.LinkedHashMap.valuesToArray([Ljava/lang/Object;)[Ljava/lang/Object; @ 25 c2
Event: 40.812 Thread 0x00000201955731e0 DEOPT PACKING pc=0x00000201a64c8210 sp=0x000000243c6fca60
Event: 40.812 Thread 0x00000201955731e0 DEOPT UNPACKING pc=0x00000201a5b623a3 sp=0x000000243c6fca08 mode 2
Event: 41.133 Thread 0x00000201955731e0 Uncommon trap: trap_request=0xffffffde fr.pc=0x00000201a6263ae8 relative=0x0000000000002628
Event: 41.134 Thread 0x00000201955731e0 Uncommon trap: reason=class_check action=maybe_recompile pc=0x00000201a6263ae8 method=org.apache.maven.model.Plugin.clone()Lorg/apache/maven/model/Plugin; @ 94 c2
Event: 41.138 Thread 0x00000201955731e0 DEOPT PACKING pc=0x00000201a6263ae8 sp=0x000000243c6fd8b0
Event: 41.138 Thread 0x00000201955731e0 DEOPT UNPACKING pc=0x00000201a5b623a3 sp=0x000000243c6fd8c0 mode 2
Event: 41.139 Thread 0x00000201955731e0 Uncommon trap: trap_request=0xffffffde fr.pc=0x00000201a64ba014 relative=0x0000000000006494
Event: 41.139 Thread 0x00000201955731e0 Uncommon trap: reason=class_check action=maybe_recompile pc=0x00000201a64ba014 method=org.apache.maven.model.BuildBase.clone()Lorg/apache/maven/model/BuildBase; @ 30 c2
Event: 41.141 Thread 0x00000201955731e0 DEOPT PACKING pc=0x00000201a64ba014 sp=0x000000243c6fda20
Event: 41.141 Thread 0x00000201955731e0 DEOPT UNPACKING pc=0x00000201a5b623a3 sp=0x000000243c6fd950 mode 2
Event: 41.759 Thread 0x00000201b46a82d0 Uncommon trap: trap_request=0xffffff45 fr.pc=0x00000201a641a1e0 relative=0x00000000000004a0
Event: 41.759 Thread 0x00000201b46a82d0 Uncommon trap: reason=unstable_if action=reinterpret pc=0x00000201a641a1e0 method=java.lang.ref.ReferenceQueue.enqueue(Ljava/lang/ref/Reference;)Z @ 94 c2
Event: 41.759 Thread 0x00000201b46a82d0 DEOPT PACKING pc=0x00000201a641a1e0 sp=0x000000243cdff640
Event: 41.760 Thread 0x00000201b46a82d0 DEOPT UNPACKING pc=0x00000201a5b623a3 sp=0x000000243cdff578 mode 2
Event: 42.373 Thread 0x00000201955731e0 DEOPT PACKING pc=0x000002019f9ee62a sp=0x000000243c6fb8b0
Event: 42.373 Thread 0x00000201955731e0 DEOPT UNPACKING pc=0x00000201a5b62b43 sp=0x000000243c6fae88 mode 0
Event: 42.660 Thread 0x00000201955731e0 DEOPT PACKING pc=0x000002019f054759 sp=0x000000243c6fd0d0
Event: 42.660 Thread 0x00000201955731e0 DEOPT UNPACKING pc=0x00000201a5b62b43 sp=0x000000243c6fc5c8 mode 0

Classes unloaded (0 events):
No events

Classes redefined (0 events):
No events

Internal exceptions (20 events):
Event: 16.082 Thread 0x00000201955731e0 Exception <a 'sun/nio/fs/WindowsException'{0x00000000aadd5d48}> (0x00000000aadd5d48) 
thrown [s\open\src\hotspot\share\prims\jni.cpp, line 516]
Event: 16.085 Thread 0x00000201955731e0 Exception <a 'sun/nio/fs/WindowsException'{0x00000000aadef0f8}> (0x00000000aadef0f8) 
thrown [s\open\src\hotspot\share\prims\jni.cpp, line 516]
Event: 16.085 Thread 0x00000201955731e0 Exception <a 'sun/nio/fs/WindowsException'{0x00000000aadef808}> (0x00000000aadef808) 
thrown [s\open\src\hotspot\share\prims\jni.cpp, line 516]
Event: 16.085 Thread 0x00000201955731e0 Exception <a 'sun/nio/fs/WindowsException'{0x00000000aadefdc8}> (0x00000000aadefdc8) 
thrown [s\open\src\hotspot\share\prims\jni.cpp, line 516]
Event: 16.085 Thread 0x00000201955731e0 Exception <a 'sun/nio/fs/WindowsException'{0x00000000aadf04c0}> (0x00000000aadf04c0) 
thrown [s\open\src\hotspot\share\prims\jni.cpp, line 516]
Event: 16.085 Thread 0x00000201955731e0 Exception <a 'sun/nio/fs/WindowsException'{0x00000000aadf0750}> (0x00000000aadf0750) 
thrown [s\open\src\hotspot\share\prims\jni.cpp, line 516]
Event: 16.085 Thread 0x00000201955731e0 Exception <a 'sun/nio/fs/WindowsException'{0x00000000aadf13b0}> (0x00000000aadf13b0) 
thrown [s\open\src\hotspot\share\prims\jni.cpp, line 516]
Event: 16.085 Thread 0x00000201955731e0 Exception <a 'sun/nio/fs/WindowsException'{0x00000000aadf1610}> (0x00000000aadf1610) 
thrown [s\open\src\hotspot\share\prims\jni.cpp, line 516]
Event: 16.085 Thread 0x00000201955731e0 Exception <a 'sun/nio/fs/WindowsException'{0x00000000aadf2260}> (0x00000000aadf2260) 
thrown [s\open\src\hotspot\share\prims\jni.cpp, line 516]
Event: 16.734 Thread 0x00000201fb355650 Implicit null exception at 0x00000201a629b397 to 0x00000201a629b570
Event: 16.738 Thread 0x00000201955731e0 Exception <a 'java/lang/NoSuchMethodError'{0x00000000a93fa158}: 'java.lang.String org.apache.maven.execution.MavenExecutionRequest.getFailureBehavior()'> (0x00000000a93fa158) 
thrown [s\open\src\hotspot\share\interpreter\linkResolver.cpp, line 855]
Event: 16.739 Thread 0x00000201fb355650 Exception <a 'java/lang/NoSuchMethodError'{0x00000000a943d3a8}: 'java.lang.Object java.lang.invoke.DirectMethodHandle$Holder.invokeStaticInit(java.lang.Object, java.lang.Object, long, java.lang.Object)'> (0x00000000a943d3a8) 
thrown [s\open\src\hotspot\share\interpreter\linkResolver.cpp, line 759]
Event: 16.740 Thread 0x00000201fb355650 Exception <a 'java/lang/NoSuchMethodError'{0x00000000a9443ae8}: 'java.lang.Object java.lang.invoke.DirectMethodHandle$Holder.newInvokeSpecial(java.lang.Object, java.lang.Object, long)'> (0x00000000a9443ae8) 
thrown [s\open\src\hotspot\share\interpreter\linkResolver.cpp, line 759]
Event: 16.740 Thread 0x00000201fb355650 Exception <a 'java/lang/NoSuchMethodError'{0x00000000a9447658}: 'java.lang.Object java.lang.invoke.Invokers$Holder.linkToTargetMethod(java.lang.Object, long, java.lang.Object)'> (0x00000000a9447658) 
thrown [s\open\src\hotspot\share\interpreter\linkResolver.cpp, line 759]
Event: 16.856 Thread 0x00000201955731e0 Exception <a 'java/lang/NoSuchMethodError'{0x00000000a9152b48}: 'java.lang.Object java.lang.invoke.DirectMethodHandle$Holder.invokeStaticInit(java.lang.Object, java.lang.Object, int, int, int, int)'> (0x00000000a9152b48) 
thrown [s\open\src\hotspot\share\interpreter\linkResolver.cpp, line 759]
Event: 17.122 Thread 0x00000201955731e0 Exception <a 'java/lang/NoSuchMethodError'{0x00000000aad76b48}: 'void java.lang.invoke.DirectMethodHandle$Holder.invokeStatic(java.lang.Object, long)'> (0x00000000aad76b48) 
thrown [s\open\src\hotspot\share\interpreter\linkResolver.cpp, line 759]
Event: 17.123 Thread 0x00000201955731e0 Exception <a 'java/lang/NoSuchMethodError'{0x00000000aad7c198}: 'java.lang.Object java.lang.invoke.DirectMethodHandle$Holder.newInvokeSpecial(java.lang.Object, long)'> (0x00000000aad7c198) 
thrown [s\open\src\hotspot\share\interpreter\linkResolver.cpp, line 759]
Event: 38.714 Thread 0x00000201955731e0 Exception <a 'sun/nio/fs/WindowsException'{0x00000000aac35de8}> (0x00000000aac35de8) 
thrown [s\open\src\hotspot\share\prims\jni.cpp, line 516]
Event: 38.716 Thread 0x00000201955731e0 Exception <a 'java/lang/reflect/InvocationTargetException'{0x00000000aac36398}> (0x00000000aac36398) 
thrown [s\open\src\hotspot\share\runtime\reflection.cpp, line 1121]
Event: 42.994 Thread 0x00000201955731e0 Exception <a 'java/lang/NoClassDefFoundError'{0x00000000a94edac0}: org/sonatype/aether/graph/DependencyNode> (0x00000000a94edac0) 
thrown [s\open\src\hotspot\share\classfile\systemDictionary.cpp, line 245]

VM Operations (20 events):
Event: 40.625 Executing VM operation: HandshakeAllThreads
Event: 40.626 Executing VM operation: HandshakeAllThreads done
Event: 41.006 Executing VM operation: G1CollectForAllocation
Event: 41.050 Executing VM operation: G1CollectForAllocation done
Event: 41.563 Executing VM operation: HandshakeAllThreads
Event: 41.563 Executing VM operation: HandshakeAllThreads done
Event: 41.602 Executing VM operation: G1TryInitiateConcMark
Event: 41.621 Executing VM operation: G1TryInitiateConcMark done
Event: 41.631 Executing VM operation: G1TryInitiateConcMark
Event: 41.654 Executing VM operation: G1TryInitiateConcMark done
Event: 41.725 Executing VM operation: G1Concurrent
Event: 41.759 Executing VM operation: G1Concurrent done
Event: 41.777 Executing VM operation: G1Concurrent
Event: 41.785 Executing VM operation: G1Concurrent done
Event: 41.833 Executing VM operation: HandshakeAllThreads
Event: 41.833 Executing VM operation: HandshakeAllThreads done
Event: 41.835 Executing VM operation: HandshakeAllThreads
Event: 41.835 Executing VM operation: HandshakeAllThreads done
Event: 42.839 Executing VM operation: Cleanup
Event: 42.841 Executing VM operation: Cleanup done

Events (20 events):
Event: 41.846 Thread 0x00000201fd34ddd0 Thread exited: 0x00000201fd34ddd0
Event: 41.846 Thread 0x00000201fd350450 Thread exited: 0x00000201fd350450
Event: 41.846 Thread 0x00000201fd34cf60 Thread exited: 0x00000201fd34cf60
Event: 41.846 Thread 0x00000201fd350df0 Thread exited: 0x00000201fd350df0
Event: 41.846 Thread 0x00000201fd34ec40 Thread exited: 0x00000201fd34ec40
Event: 41.846 Thread 0x00000201fd34f110 Thread exited: 0x00000201fd34f110
Event: 41.854 Thread 0x00000201fd34d900 Thread exited: 0x00000201fd34d900
Event: 41.855 Thread 0x00000201fa9112d0 Thread exited: 0x00000201fa9112d0
Event: 41.855 Thread 0x00000201fd351c60 Thread exited: 0x00000201fd351c60
Event: 41.855 Thread 0x00000201fd3547b0 Thread exited: 0x00000201fd3547b0
Event: 42.862 loading class javax/management/ReflectionException
Event: 42.862 loading class javax/management/JMException
Event: 42.862 loading class javax/management/JMException done
Event: 42.862 loading class javax/management/ReflectionException done
Event: 42.862 loading class javax/management/MBeanServerConnection
Event: 42.863 loading class javax/management/MBeanServerConnection done
Event: 42.872 loading class javax/management/InstanceNotFoundException
Event: 42.873 loading class javax/management/OperationsException
Event: 42.873 loading class javax/management/OperationsException done
Event: 42.873 loading class javax/management/InstanceNotFoundException done


Dynamic libraries:
0x00007ff74dcb0000 - 0x00007ff74dcc0000 	C:\Program Files\Java\jdk-17\bin\java.exe
0x00007ff8b2dd0000 - 0x00007ff8b2fe7000 	C:\WINDOWS\SYSTEM32\ntdll.dll
0x00007ff8b1270000 - 0x00007ff8b1334000 	C:\WINDOWS\System32\KERNEL32.DLL
0x00007ff8b0500000 - 0x00007ff8b08ac000 	C:\WINDOWS\System32\KERNELBASE.dll
0x00007ff8b0100000 - 0x00007ff8b0211000 	C:\WINDOWS\System32\ucrtbase.dll
0x00007ff89a580000 - 0x00007ff89a599000 	C:\Program Files\Java\jdk-17\bin\jli.dll
0x00007ff89eb30000 - 0x00007ff89eb4b000 	C:\Program Files\Java\jdk-17\bin\VCRUNTIME140.dll
0x00007ff8b1c90000 - 0x00007ff8b1d42000 	C:\WINDOWS\System32\ADVAPI32.dll
0x00007ff8b15b0000 - 0x00007ff8b1657000 	C:\WINDOWS\System32\msvcrt.dll
0x00007ff8b1010000 - 0x00007ff8b10ba000 	C:\WINDOWS\System32\sechost.dll
0x00007ff8b04d0000 - 0x00007ff8b04f8000 	C:\WINDOWS\System32\bcrypt.dll
0x00007ff8b1ae0000 - 0x00007ff8b1bf5000 	C:\WINDOWS\System32\RPCRT4.dll
0x00007ff8b0b10000 - 0x00007ff8b0cbe000 	C:\WINDOWS\System32\USER32.dll
0x00007ff8b0ae0000 - 0x00007ff8b0b06000 	C:\WINDOWS\System32\win32u.dll
0x00007ff8b1340000 - 0x00007ff8b1369000 	C:\WINDOWS\System32\GDI32.dll
0x00007ff8b0920000 - 0x00007ff8b0a39000 	C:\WINDOWS\System32\gdi32full.dll
0x00007ff8b0a40000 - 0x00007ff8b0ada000 	C:\WINDOWS\System32\msvcp_win.dll
0x00007ff89ed90000 - 0x00007ff89f023000 	C:\WINDOWS\WinSxS\amd64_microsoft.windows.common-controls_6595b64144ccf1df_6.0.22621.3672_none_2713b9d173822955\COMCTL32.dll
0x00007ff8a6d20000 - 0x00007ff8a6d2a000 	C:\WINDOWS\SYSTEM32\VERSION.dll
0x00007ff8b1220000 - 0x00007ff8b1251000 	C:\WINDOWS\System32\IMM32.DLL
0x00007ff89f8c0000 - 0x00007ff89f8cc000 	C:\Program Files\Java\jdk-17\bin\vcruntime140_1.dll
0x00007ff8975d0000 - 0x00007ff89765e000 	C:\Program Files\Java\jdk-17\bin\msvcp140.dll
0x00007ff863320000 - 0x00007ff863efe000 	C:\Program Files\Java\jdk-17\bin\server\jvm.dll
0x00007ff8b0f80000 - 0x00007ff8b0f88000 	C:\WINDOWS\System32\PSAPI.DLL
0x00007ff8a99d0000 - 0x00007ff8a9a04000 	C:\WINDOWS\SYSTEM32\WINMM.dll
0x00007ff8ab780000 - 0x00007ff8ab789000 	C:\WINDOWS\SYSTEM32\WSOCK32.dll
0x00007ff8b1380000 - 0x00007ff8b13f1000 	C:\WINDOWS\System32\WS2_32.dll
0x00007ff8af160000 - 0x00007ff8af178000 	C:\WINDOWS\SYSTEM32\kernel.appcore.dll
0x00007ff89ea20000 - 0x00007ff89ea2a000 	C:\Program Files\Java\jdk-17\bin\jimage.dll
0x00007ff8adc60000 - 0x00007ff8ade92000 	C:\WINDOWS\SYSTEM32\DBGHELP.DLL
0x00007ff8b2610000 - 0x00007ff8b2998000 	C:\WINDOWS\System32\combase.dll
0x00007ff8b0da0000 - 0x00007ff8b0e77000 	C:\WINDOWS\System32\OLEAUT32.dll
0x00007ff886680000 - 0x00007ff8866b2000 	C:\WINDOWS\SYSTEM32\dbgcore.DLL
0x00007ff8b0220000 - 0x00007ff8b029b000 	C:\WINDOWS\System32\bcryptPrimitives.dll
0x00007ff8a07e0000 - 0x00007ff8a07ee000 	C:\Program Files\Java\jdk-17\bin\instrument.dll
0x00007ff89a330000 - 0x00007ff89a355000 	C:\Program Files\Java\jdk-17\bin\java.dll
0x00007ff88c9c0000 - 0x00007ff88ca97000 	C:\Program Files\Java\jdk-17\bin\jsvml.dll
0x00007ff8b1d50000 - 0x00007ff8b25ac000 	C:\WINDOWS\System32\SHELL32.dll
0x00007ff8ae000000 - 0x00007ff8ae8f7000 	C:\WINDOWS\SYSTEM32\windows.storage.dll
0x00007ff8adec0000 - 0x00007ff8adfff000 	C:\WINDOWS\SYSTEM32\wintypes.dll
0x00007ff8b0e80000 - 0x00007ff8b0f74000 	C:\WINDOWS\System32\SHCORE.dll
0x00007ff8b2be0000 - 0x00007ff8b2c3e000 	C:\WINDOWS\System32\shlwapi.dll
0x00007ff8b0030000 - 0x00007ff8b0051000 	C:\WINDOWS\SYSTEM32\profapi.dll
0x00007ff898850000 - 0x00007ff898868000 	C:\Program Files\Java\jdk-17\bin\zip.dll
0x00007ff89f8e0000 - 0x00007ff89f8f9000 	C:\Program Files\Java\jdk-17\bin\net.dll
0x00007ff8aa9f0000 - 0x00007ff8aab26000 	C:\WINDOWS\SYSTEM32\WINHTTP.dll
0x00007ff8af5c0000 - 0x00007ff8af629000 	C:\WINDOWS\system32\mswsock.dll
0x00007ff898990000 - 0x00007ff8989a6000 	C:\Program Files\Java\jdk-17\bin\nio.dll
0x00007ff89a810000 - 0x00007ff89a82a000 	C:\Users\duong\AppData\Local\Programs\IntelliJ IDEA Ultimate 2024.1.2\bin\breakgen64.dll
0x0000000069ac0000 - 0x0000000069ae4000 	C:\Users\duong\AppData\Local\Temp\jansi-2.4.0-fd4e61041d24c46c-jansi.dll
0x00007ff89b120000 - 0x00007ff89b130000 	C:\Program Files\Java\jdk-17\bin\verify.dll
0x00007ff8af860000 - 0x00007ff8af87b000 	C:\WINDOWS\SYSTEM32\CRYPTSP.dll
0x00007ff8af0c0000 - 0x00007ff8af0f5000 	C:\WINDOWS\system32\rsaenh.dll
0x00007ff8af660000 - 0x00007ff8af688000 	C:\WINDOWS\SYSTEM32\USERENV.dll
0x00007ff8af7d0000 - 0x00007ff8af7dc000 	C:\WINDOWS\SYSTEM32\CRYPTBASE.dll
0x00007ff8aeb60000 - 0x00007ff8aeb8d000 	C:\WINDOWS\SYSTEM32\IPHLPAPI.DLL
0x00007ff8b1370000 - 0x00007ff8b1379000 	C:\WINDOWS\System32\NSI.dll
0x00007ff8ab750000 - 0x00007ff8ab769000 	C:\WINDOWS\SYSTEM32\dhcpcsvc6.DLL
0x00007ff8aaf60000 - 0x00007ff8aaf7f000 	C:\WINDOWS\SYSTEM32\dhcpcsvc.DLL
0x00007ff8aebd0000 - 0x00007ff8aecc8000 	C:\WINDOWS\SYSTEM32\DNSAPI.dll

dbghelp: loaded successfully - version: 4.0.5 - missing functions: none
symbol engine: initialized successfully - sym options: 0x614 - pdb path: .;C:\Program Files\Java\jdk-17\bin;C:\WINDOWS\SYSTEM32;C:\WINDOWS\WinSxS\amd64_microsoft.windows.common-controls_6595b64144ccf1df_6.0.22621.3672_none_2713b9d173822955;C:\Program Files\Java\jdk-17\bin\server;C:\Users\duong\AppData\Local\Programs\IntelliJ IDEA Ultimate 2024.1.2\bin;C:\Users\duong\AppData\Local\Temp

VM Arguments:
jvm_args: -Dmaven.multiModuleProjectDirectory=C:\github\CruiseRoyale-be -Djansi.passthrough=true -Dmaven.home=C:\Users\duong\.m2\wrapper\dists\apache-maven-3.9.6-bin\439sdfsg2nbdob9ciift5h5nse\apache-maven-3.9.6 -Dclassworlds.conf=C:\Users\duong\.m2\wrapper\dists\apache-maven-3.9.6-bin\439sdfsg2nbdob9ciift5h5nse\apache-maven-3.9.6\bin\m2.conf -Dmaven.ext.class.path=C:\Users\duong\AppData\Local\Programs\IntelliJ IDEA Ultimate 2024.1.2\plugins\maven\lib\maven-event-listener.jar -javaagent:C:\Users\duong\AppData\Local\Programs\IntelliJ IDEA Ultimate 2024.1.2\lib\idea_rt.jar=58097:C:\Users\duong\AppData\Local\Programs\IntelliJ IDEA Ultimate 2024.1.2\bin -Dfile.encoding=UTF-8 
java_command: org.codehaus.classworlds.Launcher -Didea.version=2024.1.3 install
java_class_path (initial): C:\Users\duong\.m2\wrapper\dists\apache-maven-3.9.6-bin\439sdfsg2nbdob9ciift5h5nse\apache-maven-3.9.6\boot\plexus-classworlds-2.7.0.jar;C:\Users\duong\.m2\wrapper\dists\apache-maven-3.9.6-bin\439sdfsg2nbdob9ciift5h5nse\apache-maven-3.9.6\boot\plexus-classworlds.license
Launcher Type: SUN_STANDARD

[Global flags]
     intx CICompilerCount                          = 4                                         {product} {ergonomic}
     uint ConcGCThreads                            = 3                                         {product} {ergonomic}
     uint G1ConcRefinementThreads                  = 10                                        {product} {ergonomic}
   size_t G1HeapRegionSize                         = 1048576                                   {product} {ergonomic}
    uintx GCDrainStackTargetSize                   = 64                                        {product} {ergonomic}
   size_t InitialHeapSize                          = 98566144                                  {product} {ergonomic}
   size_t MarkStackSize                            = 4194304                                   {product} {ergonomic}
   size_t MaxHeapSize                              = 1572864000                                {product} {ergonomic}
   size_t MaxNewSize                               = 943718400                                 {product} {ergonomic}
   size_t MinHeapDeltaBytes                        = 1048576                                   {product} {ergonomic}
   size_t MinHeapSize                              = 8388608                                   {product} {ergonomic}
    uintx NonNMethodCodeHeapSize                   = 5839372                                {pd product} {ergonomic}
    uintx NonProfiledCodeHeapSize                  = 122909434                              {pd product} {ergonomic}
    uintx ProfiledCodeHeapSize                     = 122909434                              {pd product} {ergonomic}
    uintx ReservedCodeCacheSize                    = 251658240                              {pd product} {ergonomic}
     bool SegmentedCodeCache                       = true                                      {product} {ergonomic}
   size_t SoftMaxHeapSize                          = 1572864000                             {manageable} {ergonomic}
     bool UseCompressedClassPointers               = true                           {product lp64_product} {ergonomic}
     bool UseCompressedOops                        = true                           {product lp64_product} {ergonomic}
     bool UseG1GC                                  = true                                      {product} {ergonomic}
     bool UseLargePagesIndividualAllocation        = false                                  {pd product} {ergonomic}

Logging:
Log output configuration:
 #0: stdout all=warning uptime,level,tags
 #1: stderr all=off uptime,level,tags

Environment Variables:
PATH=C:\Program Files\Common Files\Oracle\Java\javapath;C:\Windows\system32;C:\Windows;C:\Windows\System32\Wbem;C:\Windows\System32\WindowsPowerShell\v1.0\;C:\Windows\System32\OpenSSH\;C:\Program Files (x86)\NVIDIA Corporation\PhysX\Common;C:\Program Files\NVIDIA Corporation\NVIDIA NvDLISR;C:\WINDOWS\system32;C:\WINDOWS;C:\WINDOWS\System32\Wbem;C:\WINDOWS\System32\WindowsPowerShell\v1.0\;C:\WINDOWS\System32\OpenSSH\;C:\Program Files\Git\cmd;C:\Program Files\Docker\Docker\resources\bin;C:\Program Files\nodejs\;C:\Users\duong\AppData\Roaming\npm;C:\Program Files\PuTTY\;C:\Program Files\Cloudflare\Cloudflare WARP\;C:\Users\duong\AppData\Local\Programs\Python\Launcher\;C:\Users\duong\AppData\Local\Microsoft\WindowsApps;C:\Users\duong\AppData\Local\Programs\Microsoft VS Code\bin;C:\Users\duong\AppData\Local\GitHubDesktop\bin;C:\ProgramData\duong\GitHubDesktop\bin;C:\Users\duong\AppData\Roaming\npm;C:\Program Files\heroku\bin
USERNAME=duong
OS=Windows_NT
PROCESSOR_IDENTIFIER=AMD64 Family 25 Model 80 Stepping 0, AuthenticAMD



---------------  S Y S T E M  ---------------

OS:
 Windows 11 , 64 bit Build 22621 (10.0.22621.3672)
OS uptime: 2 days 7:32 hours
Hyper-V role detected

CPU: total 12 (initial active 12) (12 cores per cpu, 2 threads per core) family 25 model 80 stepping 0 microcode 0x0, cx8, cmov, fxsr, ht, mmx, 3dnowpref, sse, sse2, sse3, ssse3, sse4a, sse4.1, sse4.2, popcnt, lzcnt, tsc, tscinvbit, avx, avx2, aes, erms, clmul, bmi1, bmi2, adx, sha, fma, vzeroupper, clflush, clflushopt, hv

Memory: 4k page, system-wide physical 5996M (594M free)
TotalPageFile size 24428M (AvailPageFile size 8M)
current process WorkingSet (physical memory assigned to process): 306M, peak: 313M
current process commit charge ("private bytes"): 436M, peak: 443M

vm_info: Java HotSpot(TM) 64-Bit Server VM (17.0.8+9-LTS-211) for windows-amd64 JRE (17.0.8+9-LTS-211), built on Jun 14 2023 10:34:31 by "mach5one" with MS VC++ 17.1 (VS2022)

END.
