#
# There is insufficient memory for the Java Runtime Environment to continue.
# Native memory allocation (malloc) failed to allocate 1398416 bytes for Chunk::new
# Possible reasons:
#   The system is out of physical RAM or swap space
#   The process is running with CompressedOops enabled, and the Java Heap may be blocking the growth of the native heap
# Possible solutions:
#   Reduce memory load on the system
#   Increase physical memory or swap space
#   Check if swap backing store is full
#   Decrease Java heap size (-Xmx/-Xms)
#   Decrease number of Java threads
#   Decrease Java thread stack sizes (-Xss)
#   Set larger code cache with -XX:ReservedCodeCacheSize=
#   JVM is running with Unscaled Compressed Oops mode in which the Java heap is
#     placed in the first 4GB address space. The Java Heap base address is the
#     maximum limit for the native heap growth. Please use -XX:HeapBaseMinAddress
#     to set the Java Heap base and to place the Java Heap above 4GB virtual address.
# This output file may be truncated or incomplete.
#
#  Out of Memory Error (arena.cpp:189), pid=8024, tid=21404
#
# JRE version: Java(TM) SE Runtime Environment (17.0.8+9) (build 17.0.8+9-LTS-211)
# Java VM: Java HotSpot(TM) 64-Bit Server VM (17.0.8+9-LTS-211, mixed mode, sharing, tiered, compressed oops, compressed class ptrs, g1 gc, windows-amd64)
# No core dump will be written. Minidumps are not enabled by default on client versions of Windows
#

---------------  S U M M A R Y ------------

Command Line: -javaagent:C:\Users\duong\AppData\Local\Programs\IntelliJ IDEA Ultimate 2024.1.2\lib\idea_rt.jar=62105:C:\Users\duong\AppData\Local\Programs\IntelliJ IDEA Ultimate 2024.1.2\bin -Dfile.encoding=UTF-8 com.example.cruiseroyalebe.CruiseRoyaleBeApplication

Host: AMD Ryzen 5 5600H with Radeon Graphics         , 12 cores, 5G,  Windows 11 , 64 bit Build 22621 (10.0.22621.3672)
Time: Thu Jul  4 23:42:50 2024 SE Asia Standard Time elapsed time: 20.235639 seconds (0d 0h 0m 20s)

---------------  T H R E A D  ---------------

Current thread (0x000001ffe04ee470):  JavaThread "C2 CompilerThread0" daemon [_thread_in_native, id=21404, stack(0x0000001ac2600000,0x0000001ac2700000)]


Current CompileTask:
C2:  20235 6711       4       org.springframework.core.annotation.AnnotationsScanner::getBaseTypeMethods (145 bytes)

Stack: [0x0000001ac2600000,0x0000001ac2700000]
Native frames: (J=compiled Java code, j=interpreted, Vv=VM code, C=native code)
V  [jvm.dll+0x677d0a]
V  [jvm.dll+0x7d8c54]
V  [jvm.dll+0x7da3fe]
V  [jvm.dll+0x7daa63]
V  [jvm.dll+0x245c5f]
V  [jvm.dll+0xaaa6b]
V  [jvm.dll+0xab00c]
V  [jvm.dll+0x361e3f]
V  [jvm.dll+0x1bb87a]
V  [jvm.dll+0x218157]
V  [jvm.dll+0x217431]
V  [jvm.dll+0x1a3af0]
V  [jvm.dll+0x2270be]
V  [jvm.dll+0x22535b]
V  [jvm.dll+0x78e7bc]
V  [jvm.dll+0x788bba]
V  [jvm.dll+0x676b35]
C  [ucrtbase.dll+0x29333]
C  [KERNEL32.DLL+0x1257d]
C  [ntdll.dll+0x5af28]


---------------  P R O C E S S  ---------------

Threads class SMR info:
_java_thread_list=0x0000020029c64b10, length=19, elements={
0x000001ffc3334b10, 0x000001ffe04d62d0, 0x000001ffe04d7140, 0x000001ffe04e5540,
0x000001ffe04ea120, 0x000001ffe04eacd0, 0x000001ffe04ed790, 0x000001ffe04ee470,
0x000001ffe04efd80, 0x000001ffe04f2690, 0x000001ffe056e8d0, 0x000001ffe09271f0,
0x000001ffe09276c0, 0x0000020027b746b0, 0x0000020029cd3f90, 0x0000020029efba70,
0x0000020029387700, 0x0000020029220030, 0x00000200297c2f20
}

Java Threads: ( => current thread )
  0x000001ffc3334b10 JavaThread "main" [_thread_in_Java, id=20696, stack(0x0000001ac1900000,0x0000001ac1a00000)]
  0x000001ffe04d62d0 JavaThread "Reference Handler" daemon [_thread_blocked, id=15896, stack(0x0000001ac2000000,0x0000001ac2100000)]
  0x000001ffe04d7140 JavaThread "Finalizer" daemon [_thread_blocked, id=1620, stack(0x0000001ac2100000,0x0000001ac2200000)]
  0x000001ffe04e5540 JavaThread "Signal Dispatcher" daemon [_thread_blocked, id=8596, stack(0x0000001ac2200000,0x0000001ac2300000)]
  0x000001ffe04ea120 JavaThread "Attach Listener" daemon [_thread_blocked, id=9516, stack(0x0000001ac2300000,0x0000001ac2400000)]
  0x000001ffe04eacd0 JavaThread "Service Thread" daemon [_thread_blocked, id=6220, stack(0x0000001ac2400000,0x0000001ac2500000)]
  0x000001ffe04ed790 JavaThread "Monitor Deflation Thread" daemon [_thread_blocked, id=21088, stack(0x0000001ac2500000,0x0000001ac2600000)]
=>0x000001ffe04ee470 JavaThread "C2 CompilerThread0" daemon [_thread_in_native, id=21404, stack(0x0000001ac2600000,0x0000001ac2700000)]
  0x000001ffe04efd80 JavaThread "C1 CompilerThread0" daemon [_thread_in_vm, id=4844, stack(0x0000001ac2700000,0x0000001ac2800000)]
  0x000001ffe04f2690 JavaThread "Sweeper thread" daemon [_thread_blocked, id=12048, stack(0x0000001ac2800000,0x0000001ac2900000)]
  0x000001ffe056e8d0 JavaThread "Common-Cleaner" daemon [_thread_blocked, id=23132, stack(0x0000001ac2900000,0x0000001ac2a00000)]
  0x000001ffe09271f0 JavaThread "Monitor Ctrl-Break" daemon [_thread_in_native, id=2464, stack(0x0000001ac2a00000,0x0000001ac2b00000)]
  0x000001ffe09276c0 JavaThread "Notification Thread" daemon [_thread_blocked, id=23108, stack(0x0000001ac2b00000,0x0000001ac2c00000)]
  0x0000020027b746b0 JavaThread "mysql-cj-abandoned-connection-cleanup" daemon [_thread_blocked, id=7008, stack(0x0000001ac3800000,0x0000001ac3900000)]
  0x0000020029cd3f90 JavaThread "HikariPool-1 housekeeper" daemon [_thread_blocked, id=26164, stack(0x0000001ac3a00000,0x0000001ac3b00000)]
  0x0000020029efba70 JavaThread "C2 CompilerThread1" daemon [_thread_in_native, id=21544, stack(0x0000001ac3b00000,0x0000001ac3c00000)]
  0x0000020029387700 JavaThread "Catalina-utility-1" [_thread_blocked, id=3004, stack(0x0000001ac3c00000,0x0000001ac3d00000)]
  0x0000020029220030 JavaThread "Catalina-utility-2" [_thread_blocked, id=5812, stack(0x0000001ac3d00000,0x0000001ac3e00000)]
  0x00000200297c2f20 JavaThread "container-0" [_thread_blocked, id=27216, stack(0x0000001ac3e00000,0x0000001ac3f00000)]

Other Threads:
  0x000001ffe04ce2c0 VMThread "VM Thread" [stack: 0x0000001ac1f00000,0x0000001ac2000000] [id=22148]
  0x000001ffc339ffd0 WatcherThread [stack: 0x0000001ac2c00000,0x0000001ac2d00000] [id=9912]
  0x000001ffc3381d10 GCTaskThread "GC Thread#0" [stack: 0x0000001ac1a00000,0x0000001ac1b00000] [id=16248]
  0x000002002677cde0 GCTaskThread "GC Thread#1" [stack: 0x0000001ac2d00000,0x0000001ac2e00000] [id=21324]
  0x00000200267d51b0 GCTaskThread "GC Thread#2" [stack: 0x0000001ac2e00000,0x0000001ac2f00000] [id=13832]
  0x00000200267d5460 GCTaskThread "GC Thread#3" [stack: 0x0000001ac2f00000,0x0000001ac3000000] [id=4052]
  0x00000200267d5710 GCTaskThread "GC Thread#4" [stack: 0x0000001ac3000000,0x0000001ac3100000] [id=17540]
  0x00000200267d61d0 GCTaskThread "GC Thread#5" [stack: 0x0000001ac3100000,0x0000001ac3200000] [id=24848]
  0x00000200267d8490 GCTaskThread "GC Thread#6" [stack: 0x0000001ac3200000,0x0000001ac3300000] [id=24564]
  0x00000200267d8740 GCTaskThread "GC Thread#7" [stack: 0x0000001ac3300000,0x0000001ac3400000] [id=27440]
  0x00000200267d89f0 GCTaskThread "GC Thread#8" [stack: 0x0000001ac3400000,0x0000001ac3500000] [id=6472]
  0x0000020026b71780 GCTaskThread "GC Thread#9" [stack: 0x0000001ac3600000,0x0000001ac3700000] [id=26696]
  0x000001ffc338b8e0 ConcurrentGCThread "G1 Main Marker" [stack: 0x0000001ac1b00000,0x0000001ac1c00000] [id=20616]
  0x000001ffc338c2f0 ConcurrentGCThread "G1 Conc#0" [stack: 0x0000001ac1c00000,0x0000001ac1d00000] [id=16940]
  0x00000200270fad50 ConcurrentGCThread "G1 Conc#1" [stack: 0x0000001ac3500000,0x0000001ac3600000] [id=28124]
  0x00000200270faaa0 ConcurrentGCThread "G1 Conc#2" [stack: 0x0000001ac3700000,0x0000001ac3800000] [id=4152]
  0x000001ffc33ee2a0 ConcurrentGCThread "G1 Refine#0" [stack: 0x0000001ac1d00000,0x0000001ac1e00000] [id=4996]
  0x000001ffc33eecc0 ConcurrentGCThread "G1 Service" [stack: 0x0000001ac1e00000,0x0000001ac1f00000] [id=20296]

Threads with active compile tasks:
C2 CompilerThread0    20271 6711       4       org.springframework.core.annotation.AnnotationsScanner::getBaseTypeMethods (145 bytes)
C2 CompilerThread1    20271 7151   !   4       org.springframework.core.annotation.AnnotationsScanner::processMethodHierarchy (276 bytes)

VM state: not at safepoint (normal execution)

VM Mutex/Monitor currently owned by a thread: None

Heap address: 0x00000000a2400000, size: 1500 MB, Compressed Oops mode: 32-bit

CDS archive(s) mapped at: [0x000001ffe1000000-0x000001ffe1bd0000-0x000001ffe1bd0000), size 12386304, SharedBaseAddress: 0x000001ffe1000000, ArchiveRelocationMode: 1.
Compressed class space mapped at: 0x000001ffe2000000-0x0000020022000000, reserved size: 1073741824
Narrow klass base: 0x000001ffe1000000, Narrow klass shift: 0, Narrow klass range: 0x100000000

GC Precious Log:
 CPUs: 12 total, 12 available
 Memory: 5996M
 Large Page Support: Disabled
 NUMA Support: Disabled
 Compressed Oops: Enabled (32-bit)
 Heap Region Size: 1M
 Heap Min Capacity: 8M
 Heap Initial Capacity: 94M
 Heap Max Capacity: 1500M
 Pre-touch: Disabled
 Parallel Workers: 10
 Concurrent Workers: 3
 Concurrent Refinement Workers: 10
 Periodic GC: Disabled

Heap:
 garbage-first heap   total 73728K, used 41466K [0x00000000a2400000, 0x0000000100000000)
  region size 1024K, 14 young (14336K), 3 survivors (3072K)
 Metaspace       used 62553K, committed 62912K, reserved 1114112K
  class space    used 8274K, committed 8448K, reserved 1048576K

Heap Regions: E=young(eden), S=young(survivor), O=old, HS=humongous(starts), HC=humongous(continues), CS=collection set, F=free, OA=open archive, CA=closed archive, TAMS=top-at-mark-start (previous, next)
|   0|0x00000000a2400000, 0x00000000a2500000, 0x00000000a2500000|100%|HS|  |TAMS 0x00000000a2500000, 0x00000000a2400000| Complete 
|   1|0x00000000a2500000, 0x00000000a2600000, 0x00000000a2600000|100%| O|  |TAMS 0x00000000a2600000, 0x00000000a2500000| Untracked 
|   2|0x00000000a2600000, 0x00000000a2700000, 0x00000000a2700000|100%| O|  |TAMS 0x00000000a2700000, 0x00000000a2600000| Untracked 
|   3|0x00000000a2700000, 0x00000000a2800000, 0x00000000a2800000|100%| O|  |TAMS 0x00000000a2800000, 0x00000000a2700000| Untracked 
|   4|0x00000000a2800000, 0x00000000a2900000, 0x00000000a2900000|100%| O|  |TAMS 0x00000000a2900000, 0x00000000a2800000| Untracked 
|   5|0x00000000a2900000, 0x00000000a2a00000, 0x00000000a2a00000|100%| O|  |TAMS 0x00000000a2a00000, 0x00000000a2900000| Untracked 
|   6|0x00000000a2a00000, 0x00000000a2b00000, 0x00000000a2b00000|100%| O|  |TAMS 0x00000000a2b00000, 0x00000000a2a00000| Untracked 
|   7|0x00000000a2b00000, 0x00000000a2c00000, 0x00000000a2c00000|100%| O|  |TAMS 0x00000000a2c00000, 0x00000000a2b00000| Untracked 
|   8|0x00000000a2c00000, 0x00000000a2d00000, 0x00000000a2d00000|100%| O|  |TAMS 0x00000000a2d00000, 0x00000000a2c00000| Untracked 
|   9|0x00000000a2d00000, 0x00000000a2d8b400, 0x00000000a2e00000| 54%| O|  |TAMS 0x00000000a2d8b400, 0x00000000a2d00000| Untracked 
|  10|0x00000000a2e00000, 0x00000000a2f00000, 0x00000000a2f00000|100%| O|  |TAMS 0x00000000a2f00000, 0x00000000a2e00000| Untracked 
|  11|0x00000000a2f00000, 0x00000000a3000000, 0x00000000a3000000|100%| O|  |TAMS 0x00000000a3000000, 0x00000000a2f00000| Untracked 
|  12|0x00000000a3000000, 0x00000000a3100000, 0x00000000a3100000|100%| O|  |TAMS 0x00000000a3100000, 0x00000000a3000000| Untracked 
|  13|0x00000000a3100000, 0x00000000a3200000, 0x00000000a3200000|100%| O|  |TAMS 0x00000000a3200000, 0x00000000a3100000| Untracked 
|  14|0x00000000a3200000, 0x00000000a3300000, 0x00000000a3300000|100%| O|  |TAMS 0x00000000a3300000, 0x00000000a3200000| Untracked 
|  15|0x00000000a3300000, 0x00000000a3400000, 0x00000000a3400000|100%| O|  |TAMS 0x00000000a3400000, 0x00000000a3300000| Untracked 
|  16|0x00000000a3400000, 0x00000000a3500000, 0x00000000a3500000|100%| O|  |TAMS 0x00000000a3500000, 0x00000000a3400000| Untracked 
|  17|0x00000000a3500000, 0x00000000a3600000, 0x00000000a3600000|100%| O|  |TAMS 0x00000000a3600000, 0x00000000a3500000| Untracked 
|  18|0x00000000a3600000, 0x00000000a3700000, 0x00000000a3700000|100%| O|  |TAMS 0x00000000a3700000, 0x00000000a3600000| Untracked 
|  19|0x00000000a3700000, 0x00000000a3800000, 0x00000000a3800000|100%| O|  |TAMS 0x00000000a3800000, 0x00000000a3700000| Untracked 
|  20|0x00000000a3800000, 0x00000000a3900000, 0x00000000a3900000|100%| O|  |TAMS 0x00000000a3900000, 0x00000000a3800000| Untracked 
|  21|0x00000000a3900000, 0x00000000a3a00000, 0x00000000a3a00000|100%| O|  |TAMS 0x00000000a3a00000, 0x00000000a3900000| Untracked 
|  22|0x00000000a3a00000, 0x00000000a3b00000, 0x00000000a3b00000|100%| O|  |TAMS 0x00000000a3b00000, 0x00000000a3a00000| Untracked 
|  23|0x00000000a3b00000, 0x00000000a3c00000, 0x00000000a3c00000|100%| O|  |TAMS 0x00000000a3c00000, 0x00000000a3b00000| Untracked 
|  24|0x00000000a3c00000, 0x00000000a3d00000, 0x00000000a3d00000|100%| O|  |TAMS 0x00000000a3c8c000, 0x00000000a3c00000| Untracked 
|  25|0x00000000a3d00000, 0x00000000a3e00000, 0x00000000a3e00000|100%| O|  |TAMS 0x00000000a3d00000, 0x00000000a3d00000| Untracked 
|  26|0x00000000a3e00000, 0x00000000a3f00000, 0x00000000a3f00000|100%| O|  |TAMS 0x00000000a3e00000, 0x00000000a3e00000| Untracked 
|  27|0x00000000a3f00000, 0x00000000a4000000, 0x00000000a4000000|100%| O|  |TAMS 0x00000000a3f00000, 0x00000000a3f00000| Untracked 
|  28|0x00000000a4000000, 0x00000000a4046000, 0x00000000a4100000| 27%| O|  |TAMS 0x00000000a4000000, 0x00000000a4000000| Untracked 
|  29|0x00000000a4100000, 0x00000000a4100000, 0x00000000a4200000|  0%| F|  |TAMS 0x00000000a4100000, 0x00000000a4100000| Untracked 
|  30|0x00000000a4200000, 0x00000000a4200000, 0x00000000a4300000|  0%| F|  |TAMS 0x00000000a4200000, 0x00000000a4200000| Untracked 
|  31|0x00000000a4300000, 0x00000000a4300000, 0x00000000a4400000|  0%| F|  |TAMS 0x00000000a4300000, 0x00000000a4300000| Untracked 
|  32|0x00000000a4400000, 0x00000000a4400000, 0x00000000a4500000|  0%| F|  |TAMS 0x00000000a4400000, 0x00000000a4400000| Untracked 
|  33|0x00000000a4500000, 0x00000000a4500000, 0x00000000a4600000|  0%| F|  |TAMS 0x00000000a4500000, 0x00000000a4500000| Untracked 
|  34|0x00000000a4600000, 0x00000000a4600000, 0x00000000a4700000|  0%| F|  |TAMS 0x00000000a4600000, 0x00000000a4600000| Untracked 
|  35|0x00000000a4700000, 0x00000000a4700000, 0x00000000a4800000|  0%| F|  |TAMS 0x00000000a4700000, 0x00000000a4700000| Untracked 
|  36|0x00000000a4800000, 0x00000000a4800000, 0x00000000a4900000|  0%| F|  |TAMS 0x00000000a4800000, 0x00000000a4800000| Untracked 
|  37|0x00000000a4900000, 0x00000000a4900000, 0x00000000a4a00000|  0%| F|  |TAMS 0x00000000a4900000, 0x00000000a4900000| Untracked 
|  38|0x00000000a4a00000, 0x00000000a4a00000, 0x00000000a4b00000|  0%| F|  |TAMS 0x00000000a4a00000, 0x00000000a4a00000| Untracked 
|  39|0x00000000a4b00000, 0x00000000a4b00000, 0x00000000a4c00000|  0%| F|  |TAMS 0x00000000a4b00000, 0x00000000a4b00000| Untracked 
|  40|0x00000000a4c00000, 0x00000000a4c00000, 0x00000000a4d00000|  0%| F|  |TAMS 0x00000000a4c00000, 0x00000000a4c00000| Untracked 
|  41|0x00000000a4d00000, 0x00000000a4dad6b8, 0x00000000a4e00000| 67%| S|CS|TAMS 0x00000000a4d00000, 0x00000000a4d00000| Complete 
|  42|0x00000000a4e00000, 0x00000000a4f00000, 0x00000000a4f00000|100%| S|CS|TAMS 0x00000000a4e00000, 0x00000000a4e00000| Complete 
|  43|0x00000000a4f00000, 0x00000000a5000000, 0x00000000a5000000|100%| S|CS|TAMS 0x00000000a4f00000, 0x00000000a4f00000| Complete 
|  44|0x00000000a5000000, 0x00000000a5000000, 0x00000000a5100000|  0%| F|  |TAMS 0x00000000a5000000, 0x00000000a5000000| Untracked 
|  45|0x00000000a5100000, 0x00000000a5100000, 0x00000000a5200000|  0%| F|  |TAMS 0x00000000a5100000, 0x00000000a5100000| Untracked 
|  46|0x00000000a5200000, 0x00000000a5200000, 0x00000000a5300000|  0%| F|  |TAMS 0x00000000a5200000, 0x00000000a5200000| Untracked 
|  47|0x00000000a5300000, 0x00000000a5300000, 0x00000000a5400000|  0%| F|  |TAMS 0x00000000a5300000, 0x00000000a5300000| Untracked 
|  48|0x00000000a5400000, 0x00000000a5400000, 0x00000000a5500000|  0%| F|  |TAMS 0x00000000a5400000, 0x00000000a5400000| Untracked 
|  49|0x00000000a5500000, 0x00000000a5500000, 0x00000000a5600000|  0%| F|  |TAMS 0x00000000a5500000, 0x00000000a5500000| Untracked 
|  50|0x00000000a5600000, 0x00000000a5600000, 0x00000000a5700000|  0%| F|  |TAMS 0x00000000a5600000, 0x00000000a5600000| Untracked 
|  51|0x00000000a5700000, 0x00000000a5700000, 0x00000000a5800000|  0%| F|  |TAMS 0x00000000a5700000, 0x00000000a5700000| Untracked 
|  52|0x00000000a5800000, 0x00000000a5800000, 0x00000000a5900000|  0%| F|  |TAMS 0x00000000a5800000, 0x00000000a5800000| Untracked 
|  53|0x00000000a5900000, 0x00000000a5900000, 0x00000000a5a00000|  0%| F|  |TAMS 0x00000000a5900000, 0x00000000a5900000| Untracked 
|  54|0x00000000a5a00000, 0x00000000a5a00000, 0x00000000a5b00000|  0%| F|  |TAMS 0x00000000a5a00000, 0x00000000a5a00000| Untracked 
|  55|0x00000000a5b00000, 0x00000000a5b00000, 0x00000000a5c00000|  0%| F|  |TAMS 0x00000000a5b00000, 0x00000000a5b00000| Untracked 
|  56|0x00000000a5c00000, 0x00000000a5c00000, 0x00000000a5d00000|  0%| F|  |TAMS 0x00000000a5c00000, 0x00000000a5c00000| Untracked 
|  57|0x00000000a5d00000, 0x00000000a5d00000, 0x00000000a5e00000|  0%| F|  |TAMS 0x00000000a5d00000, 0x00000000a5d00000| Untracked 
|  58|0x00000000a5e00000, 0x00000000a5e00000, 0x00000000a5f00000|  0%| F|  |TAMS 0x00000000a5e00000, 0x00000000a5e00000| Untracked 
|  59|0x00000000a5f00000, 0x00000000a5f00000, 0x00000000a6000000|  0%| F|  |TAMS 0x00000000a5f00000, 0x00000000a5f00000| Untracked 
|  60|0x00000000a6000000, 0x00000000a6000000, 0x00000000a6100000|  0%| F|  |TAMS 0x00000000a6000000, 0x00000000a6000000| Untracked 
|  61|0x00000000a6100000, 0x00000000a6200000, 0x00000000a6200000|100%| E|  |TAMS 0x00000000a6100000, 0x00000000a6100000| Complete 
|  62|0x00000000a6200000, 0x00000000a6300000, 0x00000000a6300000|100%| E|CS|TAMS 0x00000000a6200000, 0x00000000a6200000| Complete 
|  63|0x00000000a6300000, 0x00000000a6400000, 0x00000000a6400000|100%| E|CS|TAMS 0x00000000a6300000, 0x00000000a6300000| Complete 
|  64|0x00000000a6400000, 0x00000000a6500000, 0x00000000a6500000|100%| E|CS|TAMS 0x00000000a6400000, 0x00000000a6400000| Complete 
|  65|0x00000000a6500000, 0x00000000a6600000, 0x00000000a6600000|100%| E|CS|TAMS 0x00000000a6500000, 0x00000000a6500000| Complete 
|  66|0x00000000a6600000, 0x00000000a6700000, 0x00000000a6700000|100%| E|CS|TAMS 0x00000000a6600000, 0x00000000a6600000| Complete 
|  72|0x00000000a6c00000, 0x00000000a6d00000, 0x00000000a6d00000|100%| E|CS|TAMS 0x00000000a6c00000, 0x00000000a6c00000| Complete 
|  73|0x00000000a6d00000, 0x00000000a6e00000, 0x00000000a6e00000|100%| E|CS|TAMS 0x00000000a6d00000, 0x00000000a6d00000| Complete 
|  74|0x00000000a6e00000, 0x00000000a6f00000, 0x00000000a6f00000|100%| E|CS|TAMS 0x00000000a6e00000, 0x00000000a6e00000| Complete 
|  75|0x00000000a6f00000, 0x00000000a7000000, 0x00000000a7000000|100%| E|CS|TAMS 0x00000000a6f00000, 0x00000000a6f00000| Complete 
|  93|0x00000000a8100000, 0x00000000a8200000, 0x00000000a8200000|100%| E|CS|TAMS 0x00000000a8100000, 0x00000000a8100000| Complete 

Card table byte_map: [0x000001ffda410000,0x000001ffda700000] _byte_map_base: 0x000001ffd9efe000

Marking Bits (Prev, Next): (CMBitMap*) 0x000001ffc3382360, (CMBitMap*) 0x000001ffc3382320
 Prev Bits: [0x000001ffdc160000, 0x000001ffdd8d0000)
 Next Bits: [0x000001ffda9f0000, 0x000001ffdc160000)

Polling page: 0x000001ffc2af0000

Metaspace:

Usage:
  Non-class:     53.02 MB used.
      Class:      8.08 MB used.
       Both:     61.10 MB used.

Virtual space:
  Non-class space:       64.00 MB reserved,      53.25 MB ( 83%) committed,  1 nodes.
      Class space:        1.00 GB reserved,       8.25 MB ( <1%) committed,  1 nodes.
             Both:        1.06 GB reserved,      61.50 MB (  6%) committed. 

Chunk freelists:
   Non-Class:  10.17 MB
       Class:  7.58 MB
        Both:  17.75 MB

MaxMetaspaceSize: unlimited
CompressedClassSpaceSize: 1.00 GB
Initial GC threshold: 21.00 MB
Current GC threshold: 98.06 MB
CDS: on
MetaspaceReclaimPolicy: balanced
 - commit_granule_bytes: 65536.
 - commit_granule_words: 8192.
 - virtual_space_node_default_size: 8388608.
 - enlarge_chunks_in_place: 1.
 - new_chunks_are_fully_committed: 0.
 - uncommit_free_chunks: 1.
 - use_allocation_guard: 0.
 - handle_deallocations: 1.


Internal statistics:

num_allocs_failed_limit: 9.
num_arena_births: 518.
num_arena_deaths: 0.
num_vsnodes_births: 2.
num_vsnodes_deaths: 0.
num_space_committed: 984.
num_space_uncommitted: 0.
num_chunks_returned_to_freelist: 9.
num_chunks_taken_from_freelist: 2781.
num_chunk_merges: 9.
num_chunk_splits: 1953.
num_chunks_enlarged: 1498.
num_purges: 0.
num_inconsistent_stats: 0.

CodeHeap 'non-profiled nmethods': size=120000Kb used=2446Kb max_used=2759Kb free=117553Kb
 bounds [0x000001ffd2690000, 0x000001ffd2960000, 0x000001ffd9bc0000]
CodeHeap 'profiled nmethods': size=120000Kb used=11502Kb max_used=12534Kb free=108497Kb
 bounds [0x000001ffcabc0000, 0x000001ffcb800000, 0x000001ffd20f0000]
CodeHeap 'non-nmethods': size=5760Kb used=1327Kb max_used=1403Kb free=4432Kb
 bounds [0x000001ffd20f0000, 0x000001ffd2360000, 0x000001ffd2690000]
 total_blobs=7114 nmethods=6459 adapters=566
 compilation: enabled
              stopped_count=0, restarted_count=0
 full_count=0

Compilation events (20 events):
Event: 20.195 Thread 0x000001ffe04efd80 7498 %     3       jdk.internal.loader.URLClassPath::findResource @ 3 (38 bytes)
Event: 20.196 Thread 0x000001ffe04efd80 nmethod 7498% 0x000001ffcacd9b90 code [0x000001ffcacd9d60, 0x000001ffcacda138]
Event: 20.197 Thread 0x000001ffe04efd80 7499       2       org.hibernate.validator.internal.util.TypeHelper::extractConstraintValidatorTypeArgumentType (89 bytes)
Event: 20.198 Thread 0x000001ffe04efd80 nmethod 7499 0x000001ffcacd8e90 code [0x000001ffcacd90c0, 0x000001ffcacd9668]
Event: 20.198 Thread 0x000001ffe04efd80 7500       2       org.hibernate.validator.internal.engine.constraintvalidation.ClassBasedValidatorDescriptor::determineValidationTargets (34 bytes)
Event: 20.199 Thread 0x000001ffe04efd80 nmethod 7500 0x000001ffcb024810 code [0x000001ffcb024a40, 0x000001ffcb024f38]
Event: 20.200 Thread 0x000001ffe04efd80 7501       2       java.util.stream.Collectors::mapMerger (7 bytes)
Event: 20.201 Thread 0x000001ffe04efd80 nmethod 7501 0x000001ffcb024390 code [0x000001ffcb024540, 0x000001ffcb0246c8]
Event: 20.201 Thread 0x000001ffe04efd80 7503       2       org.springframework.util.ClassUtils::getAllInterfacesForClassAsSet (106 bytes)
Event: 20.203 Thread 0x000001ffe04efd80 nmethod 7503 0x000001ffcb33da90 code [0x000001ffcb33dd20, 0x000001ffcb33e598]
Event: 20.203 Thread 0x000001ffe04efd80 7502       2       java.util.stream.Collectors$$Lambda$263/0x000001ffe20ea940::<init> (10 bytes)
Event: 20.203 Thread 0x000001ffe04efd80 nmethod 7502 0x000001ffcb33d710 code [0x000001ffcb33d8a0, 0x000001ffcb33d9f8]
Event: 20.209 Thread 0x000001ffe04efd80 7505       2       org.springframework.beans.factory.support.AbstractBeanDefinition::<init> (461 bytes)
Event: 20.217 Thread 0x000001ffe04efd80 nmethod 7505 0x000001ffcabcbb90 code [0x000001ffcabcbfe0, 0x000001ffcabcecd8]
Event: 20.228 Thread 0x000001ffe04efd80 7506       2       org.springframework.context.annotation.CommonAnnotationBeanPostProcessor$$Lambda$470/0x000001ffe2330000::<init> (20 bytes)
Event: 20.229 Thread 0x000001ffe04efd80 nmethod 7506 0x000001ffcb33d010 code [0x000001ffcb33d1a0, 0x000001ffcb33d3b8]
Event: 20.229 Thread 0x000001ffe04efd80 7507       2       org.springframework.beans.factory.annotation.AutowiredAnnotationBeanPostProcessor$$Lambda$471/0x000001ffe2330220::<init> (15 bytes)
Event: 20.229 Thread 0x000001ffe04efd80 nmethod 7507 0x000001ffcabcb790 code [0x000001ffcabcb920, 0x000001ffcabcbad8]
Event: 20.229 Thread 0x000001ffe04efd80 7508       2       org.springframework.beans.factory.annotation.AutowiredAnnotationBeanPostProcessor$$Lambda$472/0x000001ffe2330440::<init> (20 bytes)
Event: 20.229 Thread 0x000001ffe04efd80 nmethod 7508 0x000001ffcb023f10 code [0x000001ffcb0240a0, 0x000001ffcb0242b8]

GC Heap History (20 events):
Event: 7.163 GC heap before
{Heap before GC invocations=6 (full 0):
 garbage-first heap   total 61440K, used 42879K [0x00000000a2400000, 0x0000000100000000)
  region size 1024K, 31 young (31744K), 4 survivors (4096K)
 Metaspace       used 30470K, committed 30720K, reserved 1114112K
  class space    used 3923K, committed 4032K, reserved 1048576K
}
Event: 7.185 GC heap after
{Heap after GC invocations=7 (full 0):
 garbage-first heap   total 61440K, used 18283K [0x00000000a2400000, 0x0000000100000000)
  region size 1024K, 3 young (3072K), 3 survivors (3072K)
 Metaspace       used 30470K, committed 30720K, reserved 1114112K
  class space    used 3923K, committed 4032K, reserved 1048576K
}
Event: 8.101 GC heap before
{Heap before GC invocations=7 (full 0):
 garbage-first heap   total 61440K, used 41835K [0x00000000a2400000, 0x0000000100000000)
  region size 1024K, 27 young (27648K), 3 survivors (3072K)
 Metaspace       used 35743K, committed 35968K, reserved 1114112K
  class space    used 4792K, committed 4928K, reserved 1048576K
}
Event: 8.119 GC heap after
{Heap after GC invocations=8 (full 0):
 garbage-first heap   total 61440K, used 19855K [0x00000000a2400000, 0x0000000100000000)
  region size 1024K, 2 young (2048K), 2 survivors (2048K)
 Metaspace       used 35743K, committed 35968K, reserved 1114112K
  class space    used 4792K, committed 4928K, reserved 1048576K
}
Event: 10.109 GC heap before
{Heap before GC invocations=9 (full 0):
 garbage-first heap   total 61440K, used 44431K [0x00000000a2400000, 0x0000000100000000)
  region size 1024K, 26 young (26624K), 2 survivors (2048K)
 Metaspace       used 45314K, committed 45632K, reserved 1114112K
  class space    used 5980K, committed 6144K, reserved 1048576K
}
Event: 10.129 GC heap after
{Heap after GC invocations=10 (full 0):
 garbage-first heap   total 61440K, used 22625K [0x00000000a2400000, 0x0000000100000000)
  region size 1024K, 4 young (4096K), 4 survivors (4096K)
 Metaspace       used 45314K, committed 45632K, reserved 1114112K
  class space    used 5980K, committed 6144K, reserved 1048576K
}
Event: 11.260 GC heap before
{Heap before GC invocations=10 (full 0):
 garbage-first heap   total 61440K, used 45153K [0x00000000a2400000, 0x0000000100000000)
  region size 1024K, 27 young (27648K), 4 survivors (4096K)
 Metaspace       used 50223K, committed 50560K, reserved 1114112K
  class space    used 6731K, committed 6912K, reserved 1048576K
}
Event: 11.279 GC heap after
{Heap after GC invocations=11 (full 0):
 garbage-first heap   total 61440K, used 23938K [0x00000000a2400000, 0x0000000100000000)
  region size 1024K, 2 young (2048K), 2 survivors (2048K)
 Metaspace       used 50223K, committed 50560K, reserved 1114112K
  class space    used 6731K, committed 6912K, reserved 1048576K
}
Event: 17.639 GC heap before
{Heap before GC invocations=11 (full 0):
 garbage-first heap   total 61440K, used 46466K [0x00000000a2400000, 0x0000000100000000)
  region size 1024K, 24 young (24576K), 2 survivors (2048K)
 Metaspace       used 53055K, committed 53440K, reserved 1114112K
  class space    used 7072K, committed 7232K, reserved 1048576K
}
Event: 17.645 GC heap after
{Heap after GC invocations=12 (full 0):
 garbage-first heap   total 73728K, used 24792K [0x00000000a2400000, 0x0000000100000000)
  region size 1024K, 3 young (3072K), 3 survivors (3072K)
 Metaspace       used 53055K, committed 53440K, reserved 1114112K
  class space    used 7072K, committed 7232K, reserved 1048576K
}
Event: 18.304 GC heap before
{Heap before GC invocations=12 (full 0):
 garbage-first heap   total 73728K, used 55512K [0x00000000a2400000, 0x0000000100000000)
  region size 1024K, 33 young (33792K), 3 survivors (3072K)
 Metaspace       used 58062K, committed 58368K, reserved 1114112K
  class space    used 7716K, committed 7872K, reserved 1048576K
}
Event: 18.319 GC heap after
{Heap after GC invocations=13 (full 0):
 garbage-first heap   total 73728K, used 26638K [0x00000000a2400000, 0x0000000100000000)
  region size 1024K, 4 young (4096K), 4 survivors (4096K)
 Metaspace       used 58062K, committed 58368K, reserved 1114112K
  class space    used 7716K, committed 7872K, reserved 1048576K
}
Event: 18.923 GC heap before
{Heap before GC invocations=13 (full 0):
 garbage-first heap   total 73728K, used 57358K [0x00000000a2400000, 0x0000000100000000)
  region size 1024K, 34 young (34816K), 4 survivors (4096K)
 Metaspace       used 59569K, committed 59968K, reserved 1114112K
  class space    used 7902K, committed 8064K, reserved 1048576K
}
Event: 18.930 GC heap after
{Heap after GC invocations=14 (full 0):
 garbage-first heap   total 73728K, used 28514K [0x00000000a2400000, 0x0000000100000000)
  region size 1024K, 4 young (4096K), 4 survivors (4096K)
 Metaspace       used 59569K, committed 59968K, reserved 1114112K
  class space    used 7902K, committed 8064K, reserved 1048576K
}
Event: 19.115 GC heap before
{Heap before GC invocations=14 (full 0):
 garbage-first heap   total 73728K, used 46946K [0x00000000a2400000, 0x0000000100000000)
  region size 1024K, 23 young (23552K), 4 survivors (4096K)
 Metaspace       used 59869K, committed 60160K, reserved 1114112K
  class space    used 7917K, committed 8064K, reserved 1048576K
}
Event: 19.121 GC heap after
{Heap after GC invocations=15 (full 0):
 garbage-first heap   total 73728K, used 29278K [0x00000000a2400000, 0x0000000100000000)
  region size 1024K, 3 young (3072K), 3 survivors (3072K)
 Metaspace       used 59869K, committed 60160K, reserved 1114112K
  class space    used 7917K, committed 8064K, reserved 1048576K
}
Event: 19.395 GC heap before
{Heap before GC invocations=16 (full 0):
 garbage-first heap   total 73728K, used 57950K [0x00000000a2400000, 0x0000000100000000)
  region size 1024K, 31 young (31744K), 3 survivors (3072K)
 Metaspace       used 60004K, committed 60352K, reserved 1114112K
  class space    used 7936K, committed 8128K, reserved 1048576K
}
Event: 19.399 GC heap after
{Heap after GC invocations=17 (full 0):
 garbage-first heap   total 73728K, used 30030K [0x00000000a2400000, 0x0000000100000000)
  region size 1024K, 2 young (2048K), 2 survivors (2048K)
 Metaspace       used 60004K, committed 60352K, reserved 1114112K
  class space    used 7936K, committed 8128K, reserved 1048576K
}
Event: 19.759 GC heap before
{Heap before GC invocations=17 (full 0):
 garbage-first heap   total 73728K, used 58702K [0x00000000a2400000, 0x0000000100000000)
  region size 1024K, 30 young (30720K), 2 survivors (2048K)
 Metaspace       used 60695K, committed 61120K, reserved 1114112K
  class space    used 7990K, committed 8192K, reserved 1048576K
}
Event: 19.763 GC heap after
{Heap after GC invocations=18 (full 0):
 garbage-first heap   total 73728K, used 31226K [0x00000000a2400000, 0x0000000100000000)
  region size 1024K, 3 young (3072K), 3 survivors (3072K)
 Metaspace       used 60695K, committed 61120K, reserved 1114112K
  class space    used 7990K, committed 8192K, reserved 1048576K
}

Deoptimization events (20 events):
Event: 18.762 Thread 0x000001ffc3334b10 DEOPT PACKING pc=0x000001ffcb405231 sp=0x0000001ac19fd100
Event: 18.762 Thread 0x000001ffc3334b10 DEOPT UNPACKING pc=0x000001ffd2142b43 sp=0x0000001ac19fc5f0 mode 0
Event: 18.762 Thread 0x000001ffc3334b10 DEOPT PACKING pc=0x000001ffcb7df7aa sp=0x0000001ac19fce50
Event: 18.762 Thread 0x000001ffc3334b10 DEOPT UNPACKING pc=0x000001ffd2142b43 sp=0x0000001ac19fc360 mode 0
Event: 18.797 Thread 0x000001ffc3334b10 DEOPT PACKING pc=0x000001ffcb405231 sp=0x0000001ac19fdab0
Event: 18.797 Thread 0x000001ffc3334b10 DEOPT UNPACKING pc=0x000001ffd2142b43 sp=0x0000001ac19fcfa0 mode 0
Event: 19.547 Thread 0x000001ffc3334b10 DEOPT PACKING pc=0x000001ffcb7559fe sp=0x0000001ac19fcb20
Event: 19.547 Thread 0x000001ffc3334b10 DEOPT UNPACKING pc=0x000001ffd2142b43 sp=0x0000001ac19fc038 mode 0
Event: 19.844 Thread 0x000001ffc3334b10 Uncommon trap: trap_request=0xffffff45 fr.pc=0x000001ffd276f1a8 relative=0x0000000000000408
Event: 19.844 Thread 0x000001ffc3334b10 Uncommon trap: reason=unstable_if action=reinterpret pc=0x000001ffd276f1a8 method=org.springframework.util.ObjectUtils.nullSafeEquals(Ljava/lang/Object;Ljava/lang/Object;)Z @ 12 c2
Event: 19.844 Thread 0x000001ffc3334b10 DEOPT PACKING pc=0x000001ffd276f1a8 sp=0x0000001ac19fd580
Event: 19.844 Thread 0x000001ffc3334b10 DEOPT UNPACKING pc=0x000001ffd21423a3 sp=0x0000001ac19fd520 mode 2
Event: 20.148 Thread 0x000001ffc3334b10 Uncommon trap: trap_request=0xffffff45 fr.pc=0x000001ffd269a5b0 relative=0x00000000000001b0
Event: 20.148 Thread 0x000001ffc3334b10 Uncommon trap: reason=unstable_if action=reinterpret pc=0x000001ffd269a5b0 method=java.lang.String.isLatin1()Z @ 10 c2
Event: 20.148 Thread 0x000001ffc3334b10 DEOPT PACKING pc=0x000001ffd269a5b0 sp=0x0000001ac19fd8a0
Event: 20.148 Thread 0x000001ffc3334b10 DEOPT UNPACKING pc=0x000001ffd21423a3 sp=0x0000001ac19fd7d0 mode 2
Event: 20.205 Thread 0x000001ffc3334b10 Uncommon trap: trap_request=0xffffffde fr.pc=0x000001ffd28a4e5c relative=0x000000000000013c
Event: 20.205 Thread 0x000001ffc3334b10 Uncommon trap: reason=class_check action=maybe_recompile pc=0x000001ffd28a4e5c method=java.lang.reflect.Method.equals(Ljava/lang/Object;)Z @ 1 c2
Event: 20.205 Thread 0x000001ffc3334b10 DEOPT PACKING pc=0x000001ffd28a4e5c sp=0x0000001ac19fe4d0
Event: 20.205 Thread 0x000001ffc3334b10 DEOPT UNPACKING pc=0x000001ffd21423a3 sp=0x0000001ac19fe458 mode 2

Classes unloaded (0 events):
No events

Classes redefined (0 events):
No events

Internal exceptions (20 events):
Event: 19.350 Thread 0x000001ffc3334b10 Exception <a 'java/lang/ClassNotFoundException'{0x00000000a54fcf20}: java/lang/ObjectCustomizer> (0x00000000a54fcf20) 
thrown [s\open\src\hotspot\share\classfile\systemDictionary.cpp, line 256]
Event: 19.351 Thread 0x000001ffc3334b10 Exception <a 'java/lang/ClassNotFoundException'{0x00000000a53042c8}: com/example/cruiseroyalebe/entity/CruiseImageCustomizer> (0x00000000a53042c8) 
thrown [s\open\src\hotspot\share\classfile\systemDictionary.cpp, line 256]
Event: 19.436 Thread 0x000001ffc3334b10 Exception <a 'java/lang/ClassNotFoundException'{0x00000000a6f60b00}: java/lang/ObjectCustomizer> (0x00000000a6f60b00) 
thrown [s\open\src\hotspot\share\classfile\systemDictionary.cpp, line 256]
Event: 19.437 Thread 0x000001ffc3334b10 Exception <a 'java/lang/ClassNotFoundException'{0x00000000a6f67918}: com/example/cruiseroyalebe/entity/ReviewCustomizer> (0x00000000a6f67918) 
thrown [s\open\src\hotspot\share\classfile\systemDictionary.cpp, line 256]
Event: 19.488 Thread 0x000001ffc3334b10 Exception <a 'java/lang/ClassNotFoundException'{0x00000000a65119f8}: java/lang/ObjectCustomizer> (0x00000000a65119f8) 
thrown [s\open\src\hotspot\share\classfile\systemDictionary.cpp, line 256]
Event: 19.488 Thread 0x000001ffc3334b10 Exception <a 'java/lang/ClassNotFoundException'{0x00000000a6518a70}: com/example/cruiseroyalebe/entity/CruiseDetailSectionCustomizer> (0x00000000a6518a70) 
thrown [s\open\src\hotspot\share\classfile\systemDictionary.cpp, line 256]
Event: 19.492 Thread 0x000001ffc3334b10 Exception <a 'java/lang/ClassNotFoundException'{0x00000000a6548cb8}: java/lang/ObjectCustomizer> (0x00000000a6548cb8) 
thrown [s\open\src\hotspot\share\classfile\systemDictionary.cpp, line 256]
Event: 19.493 Thread 0x000001ffc3334b10 Exception <a 'java/lang/ClassNotFoundException'{0x00000000a654fd30}: com/example/cruiseroyalebe/entity/CruiseDtSectionImageCustomizer> (0x00000000a654fd30) 
thrown [s\open\src\hotspot\share\classfile\systemDictionary.cpp, line 256]
Event: 19.679 Thread 0x000001ffc3334b10 Exception <a 'java/lang/ClassNotFoundException'{0x00000000a56c8448}: java/lang/ObjectCustomizer> (0x00000000a56c8448) 
thrown [s\open\src\hotspot\share\classfile\systemDictionary.cpp, line 256]
Event: 19.679 Thread 0x000001ffc3334b10 Exception <a 'java/lang/ClassNotFoundException'{0x00000000a56cf280}: com/example/cruiseroyalebe/entity/UserImageCustomizer> (0x00000000a56cf280) 
thrown [s\open\src\hotspot\share\classfile\systemDictionary.cpp, line 256]
Event: 19.783 Thread 0x000001ffc3334b10 Exception <a 'java/lang/ClassNotFoundException'{0x00000000a818a968}: java/lang/ObjectCustomizer> (0x00000000a818a968) 
thrown [s\open\src\hotspot\share\classfile\systemDictionary.cpp, line 256]
Event: 19.785 Thread 0x000001ffc3334b10 Exception <a 'java/lang/ClassNotFoundException'{0x00000000a8191908}: org/springframework/security/config/annotation/web/configuration/WebSecurityConfigurationCustomizer> (0x00000000a8191908) 
thrown [s\open\src\hotspot\share\classfile\systemDictionary.cpp, line 256]
Event: 19.786 Thread 0x000001ffc3334b10 Exception <a 'java/lang/ClassNotFoundException'{0x00000000a819da20}: org/springframework/context/annotation/ImportAwareCustomizer> (0x00000000a819da20) 
thrown [s\open\src\hotspot\share\classfile\systemDictionary.cpp, line 256]
Event: 19.786 Thread 0x000001ffc3334b10 Exception <a 'java/lang/ClassNotFoundException'{0x00000000a81a1a80}: org/springframework/beans/factory/AwareCustomizer> (0x00000000a81a1a80) 
thrown [s\open\src\hotspot\share\classfile\systemDictionary.cpp, line 256]
Event: 19.786 Thread 0x000001ffc3334b10 Exception <a 'java/lang/ClassNotFoundException'{0x00000000a81a4eb0}: org/springframework/beans/factory/BeanClassLoaderAwareCustomizer> (0x00000000a81a4eb0) 
thrown [s\open\src\hotspot\share\classfile\systemDictionary.cpp, line 256]
Event: 19.786 Thread 0x000001ffc3334b10 Exception <a 'java/lang/ClassNotFoundException'{0x00000000a81a8ef0}: org/springframework/beans/factory/AwareCustomizer> (0x00000000a81a8ef0) 
thrown [s\open\src\hotspot\share\classfile\systemDictionary.cpp, line 256]
Event: 19.844 Thread 0x000001ffc3334b10 Implicit null exception at 0x000001ffd276edc1 to 0x000001ffd276f193
Event: 20.156 Thread 0x000001ffc3334b10 Exception <a 'java/lang/ClassNotFoundException'{0x00000000a6352a50}: java/lang/ObjectCustomizer> (0x00000000a6352a50) 
thrown [s\open\src\hotspot\share\classfile\systemDictionary.cpp, line 256]
Event: 20.158 Thread 0x000001ffc3334b10 Exception <a 'java/lang/ClassNotFoundException'{0x00000000a63599f0}: org/springframework/security/config/annotation/web/configuration/HttpSecurityConfigurationCustomizer> (0x00000000a63599f0) 
thrown [s\open\src\hotspot\share\classfile\systemDictionary.cpp, line 256]
Event: 20.191 Thread 0x000001ffc3334b10 Exception <a 'java/lang/NoSuchMethodError'{0x00000000a63d8288}: 'java.lang.Object java.lang.invoke.DirectMethodHandle$Holder.invokeInterface(java.lang.Object, java.lang.Object, java.lang.Object, java.lang.Object)'> (0x00000000a63d8288) 
thrown [s\open\src\hotspot\share\interpreter\linkResolver.cpp, line 759]

VM Operations (20 events):
Event: 18.827 Executing VM operation: HandshakeAllThreads
Event: 18.827 Executing VM operation: HandshakeAllThreads done
Event: 18.855 Executing VM operation: HandshakeAllThreads
Event: 18.855 Executing VM operation: HandshakeAllThreads done
Event: 18.923 Executing VM operation: G1CollectForAllocation
Event: 18.930 Executing VM operation: G1CollectForAllocation done
Event: 19.115 Executing VM operation: CollectForMetadataAllocation
Event: 19.121 Executing VM operation: CollectForMetadataAllocation done
Event: 19.146 Executing VM operation: G1Concurrent
Event: 19.151 Executing VM operation: G1Concurrent done
Event: 19.162 Executing VM operation: G1Concurrent
Event: 19.162 Executing VM operation: G1Concurrent done
Event: 19.395 Executing VM operation: G1CollectForAllocation
Event: 19.399 Executing VM operation: G1CollectForAllocation done
Event: 19.758 Executing VM operation: G1CollectForAllocation
Event: 19.763 Executing VM operation: G1CollectForAllocation done
Event: 19.837 Executing VM operation: HandshakeAllThreads
Event: 19.837 Executing VM operation: HandshakeAllThreads done
Event: 20.114 Executing VM operation: HandshakeAllThreads
Event: 20.114 Executing VM operation: HandshakeAllThreads done

Events (20 events):
Event: 19.492 loading class java/lang/ObjectCustomizer
Event: 19.492 loading class java/lang/ObjectCustomizer done
Event: 19.678 loading class java/lang/ObjectCustomizer
Event: 19.678 loading class java/lang/ObjectCustomizer done
Event: 19.678 loading class java/lang/ObjectCustomizer
Event: 19.678 loading class java/lang/ObjectCustomizer done
Event: 19.783 loading class java/lang/ObjectCustomizer
Event: 19.783 loading class java/lang/ObjectCustomizer done
Event: 19.783 loading class java/lang/ObjectCustomizer
Event: 19.783 loading class java/lang/ObjectCustomizer done
Event: 19.829 loading class java/util/Base64
Event: 19.831 loading class java/util/Base64 done
Event: 19.831 loading class java/util/Base64$Encoder
Event: 19.831 loading class java/util/Base64$Encoder done
Event: 19.835 loading class java/nio/StringCharBuffer
Event: 19.835 loading class java/nio/StringCharBuffer done
Event: 20.156 loading class java/lang/ObjectCustomizer
Event: 20.156 loading class java/lang/ObjectCustomizer done
Event: 20.156 loading class java/lang/ObjectCustomizer
Event: 20.156 loading class java/lang/ObjectCustomizer done


Dynamic libraries:
0x00007ff70a2a0000 - 0x00007ff70a2b0000 	C:\Program Files\Java\jdk-17\bin\java.exe
0x00007ffe1ae50000 - 0x00007ffe1b067000 	C:\WINDOWS\SYSTEM32\ntdll.dll
0x00007ffe18ef0000 - 0x00007ffe18fb4000 	C:\WINDOWS\System32\KERNEL32.DLL
0x00007ffe18230000 - 0x00007ffe185dc000 	C:\WINDOWS\System32\KERNELBASE.dll
0x00007ffe187c0000 - 0x00007ffe188d1000 	C:\WINDOWS\System32\ucrtbase.dll
0x00007ffdf2880000 - 0x00007ffdf289b000 	C:\Program Files\Java\jdk-17\bin\VCRUNTIME140.dll
0x00007ffdf2750000 - 0x00007ffdf2769000 	C:\Program Files\Java\jdk-17\bin\jli.dll
0x00007ffe1a760000 - 0x00007ffe1a812000 	C:\WINDOWS\System32\ADVAPI32.dll
0x00007ffe1a870000 - 0x00007ffe1a917000 	C:\WINDOWS\System32\msvcrt.dll
0x00007ffe18da0000 - 0x00007ffe18e4a000 	C:\WINDOWS\System32\sechost.dll
0x00007ffe18200000 - 0x00007ffe18228000 	C:\WINDOWS\System32\bcrypt.dll
0x00007ffe1a150000 - 0x00007ffe1a265000 	C:\WINDOWS\System32\RPCRT4.dll
0x00007ffe19910000 - 0x00007ffe19abe000 	C:\WINDOWS\System32\USER32.dll
0x00007ffe188e0000 - 0x00007ffe18906000 	C:\WINDOWS\System32\win32u.dll
0x00007ffe1a840000 - 0x00007ffe1a869000 	C:\WINDOWS\System32\GDI32.dll
0x00007ffe189b0000 - 0x00007ffe18ac9000 	C:\WINDOWS\System32\gdi32full.dll
0x00007ffe18910000 - 0x00007ffe189aa000 	C:\WINDOWS\System32\msvcp_win.dll
0x00007ffe06b40000 - 0x00007ffe06dd3000 	C:\WINDOWS\WinSxS\amd64_microsoft.windows.common-controls_6595b64144ccf1df_6.0.22621.3672_none_2713b9d173822955\COMCTL32.dll
0x00007ffe0e680000 - 0x00007ffe0e68a000 	C:\WINDOWS\SYSTEM32\VERSION.dll
0x00007ffe198d0000 - 0x00007ffe19901000 	C:\WINDOWS\System32\IMM32.DLL
0x00007ffdfcb70000 - 0x00007ffdfcb7c000 	C:\Program Files\Java\jdk-17\bin\vcruntime140_1.dll
0x00007ffdd44b0000 - 0x00007ffdd453e000 	C:\Program Files\Java\jdk-17\bin\msvcp140.dll
0x00007ffd63650000 - 0x00007ffd6422e000 	C:\Program Files\Java\jdk-17\bin\server\jvm.dll
0x00007ffe19cc0000 - 0x00007ffe19cc8000 	C:\WINDOWS\System32\PSAPI.DLL
0x00007ffe10170000 - 0x00007ffe101a4000 	C:\WINDOWS\SYSTEM32\WINMM.dll
0x00007ffe0fbf0000 - 0x00007ffe0fbf9000 	C:\WINDOWS\SYSTEM32\WSOCK32.dll
0x00007ffe19b00000 - 0x00007ffe19b71000 	C:\WINDOWS\System32\WS2_32.dll
0x00007ffe171e0000 - 0x00007ffe171f8000 	C:\WINDOWS\SYSTEM32\kernel.appcore.dll
0x00007ffdfcae0000 - 0x00007ffdfcaea000 	C:\Program Files\Java\jdk-17\bin\jimage.dll
0x00007ffe15ae0000 - 0x00007ffe15d12000 	C:\WINDOWS\SYSTEM32\DBGHELP.DLL
0x00007ffe1aa20000 - 0x00007ffe1ada8000 	C:\WINDOWS\System32\combase.dll
0x00007ffe19be0000 - 0x00007ffe19cb7000 	C:\WINDOWS\System32\OLEAUT32.dll
0x00007ffded340000 - 0x00007ffded372000 	C:\WINDOWS\SYSTEM32\dbgcore.DLL
0x00007ffe18180000 - 0x00007ffe181fb000 	C:\WINDOWS\System32\bcryptPrimitives.dll
0x00007ffdf4ab0000 - 0x00007ffdf4abe000 	C:\Program Files\Java\jdk-17\bin\instrument.dll
0x00007ffdd83a0000 - 0x00007ffdd83c5000 	C:\Program Files\Java\jdk-17\bin\java.dll
0x00007ffdc4cc0000 - 0x00007ffdc4d97000 	C:\Program Files\Java\jdk-17\bin\jsvml.dll
0x00007ffe19070000 - 0x00007ffe198cc000 	C:\WINDOWS\System32\SHELL32.dll
0x00007ffe16080000 - 0x00007ffe16977000 	C:\WINDOWS\SYSTEM32\windows.storage.dll
0x00007ffe15f40000 - 0x00007ffe1607f000 	C:\WINDOWS\SYSTEM32\wintypes.dll
0x00007ffe1a660000 - 0x00007ffe1a754000 	C:\WINDOWS\System32\SHCORE.dll
0x00007ffe19b80000 - 0x00007ffe19bde000 	C:\WINDOWS\System32\shlwapi.dll
0x00007ffe180b0000 - 0x00007ffe180d1000 	C:\WINDOWS\SYSTEM32\profapi.dll
0x00007ffdd42e0000 - 0x00007ffdd42f8000 	C:\Program Files\Java\jdk-17\bin\zip.dll
0x00007ffdd8380000 - 0x00007ffdd8399000 	C:\Program Files\Java\jdk-17\bin\net.dll
0x00007ffe13120000 - 0x00007ffe13256000 	C:\WINDOWS\SYSTEM32\WINHTTP.dll
0x00007ffe17640000 - 0x00007ffe176a9000 	C:\WINDOWS\system32\mswsock.dll
0x00007ffdd8360000 - 0x00007ffdd8376000 	C:\Program Files\Java\jdk-17\bin\nio.dll
0x00007ffdd0cf0000 - 0x00007ffdd0d0a000 	C:\Users\duong\AppData\Local\Programs\IntelliJ IDEA Ultimate 2024.1.2\bin\breakgen64.dll
0x00007ffdf44f0000 - 0x00007ffdf4500000 	C:\Program Files\Java\jdk-17\bin\verify.dll
0x00007ffdfaf10000 - 0x00007ffdfaf1a000 	C:\Program Files\Java\jdk-17\bin\management.dll
0x00007ffdfab60000 - 0x00007ffdfab6b000 	C:\Program Files\Java\jdk-17\bin\management_ext.dll
0x00007ffde8dc0000 - 0x00007ffde8dd7000 	C:\WINDOWS\system32\napinsp.dll
0x00007ffde8da0000 - 0x00007ffde8dbb000 	C:\WINDOWS\system32\pnrpnsp.dll
0x00007ffde8d70000 - 0x00007ffde8d97000 	C:\WINDOWS\system32\nlansp_c.dll
0x00007ffe16cc0000 - 0x00007ffe16db8000 	C:\WINDOWS\SYSTEM32\DNSAPI.dll
0x00007ffe16be0000 - 0x00007ffe16c0d000 	C:\WINDOWS\SYSTEM32\IPHLPAPI.DLL
0x00007ffe19af0000 - 0x00007ffe19af9000 	C:\WINDOWS\System32\NSI.dll
0x00007ffdf26c0000 - 0x00007ffdf26d1000 	C:\WINDOWS\System32\winrnr.dll
0x00007ffe12660000 - 0x00007ffe12675000 	C:\WINDOWS\system32\wshbth.dll
0x00007ffdf7500000 - 0x00007ffdf750a000 	C:\Windows\System32\rasadhlp.dll
0x00007ffe12530000 - 0x00007ffe125b3000 	C:\WINDOWS\System32\fwpuclnt.dll
0x00007ffe17860000 - 0x00007ffe1787b000 	C:\WINDOWS\SYSTEM32\CRYPTSP.dll
0x00007ffe17140000 - 0x00007ffe17175000 	C:\WINDOWS\system32\rsaenh.dll
0x00007ffe176f0000 - 0x00007ffe17718000 	C:\WINDOWS\SYSTEM32\USERENV.dll
0x00007ffe17850000 - 0x00007ffe1785c000 	C:\WINDOWS\SYSTEM32\CRYPTBASE.dll
0x00007ffe139e0000 - 0x00007ffe139f9000 	C:\WINDOWS\SYSTEM32\dhcpcsvc6.DLL
0x00007ffe12f30000 - 0x00007ffe12f4f000 	C:\WINDOWS\SYSTEM32\dhcpcsvc.DLL
0x00007ffdfa4b0000 - 0x00007ffdfa4be000 	C:\Program Files\Java\jdk-17\bin\sunmscapi.dll
0x00007ffe185e0000 - 0x00007ffe18747000 	C:\WINDOWS\System32\CRYPT32.dll
0x00007ffe17a90000 - 0x00007ffe17abe000 	C:\WINDOWS\SYSTEM32\ncrypt.dll
0x00007ffe17a50000 - 0x00007ffe17a87000 	C:\WINDOWS\SYSTEM32\NTASN1.dll

dbghelp: loaded successfully - version: 4.0.5 - missing functions: none
symbol engine: initialized successfully - sym options: 0x614 - pdb path: .;C:\Program Files\Java\jdk-17\bin;C:\WINDOWS\SYSTEM32;C:\WINDOWS\WinSxS\amd64_microsoft.windows.common-controls_6595b64144ccf1df_6.0.22621.3672_none_2713b9d173822955;C:\Program Files\Java\jdk-17\bin\server;C:\Users\duong\AppData\Local\Programs\IntelliJ IDEA Ultimate 2024.1.2\bin

VM Arguments:
jvm_args: -javaagent:C:\Users\duong\AppData\Local\Programs\IntelliJ IDEA Ultimate 2024.1.2\lib\idea_rt.jar=62105:C:\Users\duong\AppData\Local\Programs\IntelliJ IDEA Ultimate 2024.1.2\bin -Dfile.encoding=UTF-8 
java_command: com.example.cruiseroyalebe.CruiseRoyaleBeApplication
java_class_path (initial): C:\github\CruiseRoyale-be\target\classes;C:\Users\duong\.m2\repository\org\springframework\boot\spring-boot-starter-data-jpa\2.7.14\spring-boot-starter-data-jpa-2.7.14.jar;C:\Users\duong\.m2\repository\org\springframework\boot\spring-boot-starter-aop\2.7.14\spring-boot-starter-aop-2.7.14.jar;C:\Users\duong\.m2\repository\org\aspectj\aspectjweaver\1.9.7\aspectjweaver-1.9.7.jar;C:\Users\duong\.m2\repository\org\springframework\boot\spring-boot-starter-jdbc\2.7.14\spring-boot-starter-jdbc-2.7.14.jar;C:\Users\duong\.m2\repository\com\zaxxer\HikariCP\4.0.3\HikariCP-4.0.3.jar;C:\Users\duong\.m2\repository\org\springframework\spring-jdbc\5.3.29\spring-jdbc-5.3.29.jar;C:\Users\duong\.m2\repository\jakarta\transaction\jakarta.transaction-api\1.3.3\jakarta.transaction-api-1.3.3.jar;C:\Users\duong\.m2\repository\jakarta\persistence\jakarta.persistence-api\2.2.3\jakarta.persistence-api-2.2.3.jar;C:\Users\duong\.m2\repository\org\hibernate\hibernate-core\5.6.15.Final\hibernate-core-5.6.15.Final.jar;C:\Users\duong\.m2\repository\org\jboss\logging\jboss-logging\3.4.3.Final\jboss-logging-3.4.3.Final.jar;C:\Users\duong\.m2\repository\net\bytebuddy\byte-buddy\1.12.23\byte-buddy-1.12.23.jar;C:\Users\duong\.m2\repository\antlr\antlr\2.7.7\antlr-2.7.7.jar;C:\Users\duong\.m2\repository\org\jboss\jandex\2.4.2.Final\jandex-2.4.2.Final.jar;C:\Users\duong\.m2\repository\com\fasterxml\classmate\1.5.1\classmate-1.5.1.jar;C:\Users\duong\.m2\repository\org\hibernate\common\hibernate-commons-annotations\5.1.2.Final\hibernate-commons-annotations-5.1.2.Final.jar;C:\Users\duong\.m2\repository\org\glassfish\jaxb\jaxb-runtime\2.3.8\jaxb-runtime-2.3.8.jar;C:\Users\duong\.m2\repository\org\glassfish\jaxb\txw2\2.3.8\txw2-2.3.8.jar;C:\Users\duong\.m2\repository\com\sun\istack\istack-commons-runtime\3.0.12\istack-commons-runtime-3.0.12.jar;C:\Users\duong\.m2\repository\com\sun\activation\jakarta.activation\1.2.2\jakarta.activation-1.2.2.jar;C:\Users\duong\.m2\repository\org\spr
Launcher Type: SUN_STANDARD

[Global flags]
     intx CICompilerCount                          = 4                                         {product} {ergonomic}
     uint ConcGCThreads                            = 3                                         {product} {ergonomic}
     uint G1ConcRefinementThreads                  = 10                                        {product} {ergonomic}
   size_t G1HeapRegionSize                         = 1048576                                   {product} {ergonomic}
    uintx GCDrainStackTargetSize                   = 64                                        {product} {ergonomic}
   size_t InitialHeapSize                          = 98566144                                  {product} {ergonomic}
   size_t MarkStackSize                            = 4194304                                   {product} {ergonomic}
   size_t MaxHeapSize                              = 1572864000                                {product} {ergonomic}
   size_t MaxNewSize                               = 943718400                                 {product} {ergonomic}
   size_t MinHeapDeltaBytes                        = 1048576                                   {product} {ergonomic}
   size_t MinHeapSize                              = 8388608                                   {product} {ergonomic}
    uintx NonNMethodCodeHeapSize                   = 5839372                                {pd product} {ergonomic}
    uintx NonProfiledCodeHeapSize                  = 122909434                              {pd product} {ergonomic}
    uintx ProfiledCodeHeapSize                     = 122909434                              {pd product} {ergonomic}
    uintx ReservedCodeCacheSize                    = 251658240                              {pd product} {ergonomic}
     bool SegmentedCodeCache                       = true                                      {product} {ergonomic}
   size_t SoftMaxHeapSize                          = 1572864000                             {manageable} {ergonomic}
     bool UseCompressedClassPointers               = true                           {product lp64_product} {ergonomic}
     bool UseCompressedOops                        = true                           {product lp64_product} {ergonomic}
     bool UseG1GC                                  = true                                      {product} {ergonomic}
     bool UseLargePagesIndividualAllocation        = false                                  {pd product} {ergonomic}

Logging:
Log output configuration:
 #0: stdout all=warning uptime,level,tags
 #1: stderr all=off uptime,level,tags

Environment Variables:
JAVA_HOME=C:\Program Files\Java\jdk1.8.0_202
PATH=C:\Windows\system32;C:\Windows;C:\Windows\System32\Wbem;C:\Windows\System32\WindowsPowerShell\v1.0\;C:\Windows\System32\OpenSSH\;C:\Program Files (x86)\NVIDIA Corporation\PhysX\Common;C:\Program Files\NVIDIA Corporation\NVIDIA NvDLISR;C:\WINDOWS\system32;C:\WINDOWS;C:\WINDOWS\System32\Wbem;C:\WINDOWS\System32\WindowsPowerShell\v1.0\;C:\WINDOWS\System32\OpenSSH\;C:\Program Files\Git\cmd;C:\Program Files\Docker\Docker\resources\bin;C:\Program Files\nodejs\;C:\Users\duong\AppData\Roaming\npm;C:\Program Files\PuTTY\;C:\Program Files\Cloudflare\Cloudflare WARP\;C:\Users\duong\Downloads\ezyplatform-sdk-0.0.9\ezyplatform-sdk\bin;C:\Users\duong\Downloads\apache-maven-3.9.8-bin\apache-maven-3.9.8\bin;C:\Program Files\Java\jdk1.8.0_202\bin;C:\Users\duong\AppData\Local\Programs\Python\Launcher\;C:\Users\duong\AppData\Local\Microsoft\WindowsApps;C:\Users\duong\AppData\Local\Programs\Microsoft VS Code\bin;C:\Users\duong\AppData\Local\GitHubDesktop\bin;C:\ProgramData\duong\GitHubDesktop\bin;C:\Users\duong\AppData\Roaming\npm;C:\Program Files\heroku\bin
USERNAME=duong
OS=Windows_NT
PROCESSOR_IDENTIFIER=AMD64 Family 25 Model 80 Stepping 0, AuthenticAMD



---------------  S Y S T E M  ---------------

OS:
 Windows 11 , 64 bit Build 22621 (10.0.22621.3672)
OS uptime: 3 days 0:43 hours
Hyper-V role detected

CPU: total 12 (initial active 12) (12 cores per cpu, 2 threads per core) family 25 model 80 stepping 0 microcode 0x0, cx8, cmov, fxsr, ht, mmx, 3dnowpref, sse, sse2, sse3, ssse3, sse4a, sse4.1, sse4.2, popcnt, lzcnt, tsc, tscinvbit, avx, avx2, aes, erms, clmul, bmi1, bmi2, adx, sha, fma, vzeroupper, clflush, clflushopt, hv

Memory: 4k page, system-wide physical 5996M (396M free)
TotalPageFile size 24428M (AvailPageFile size 1M)
current process WorkingSet (physical memory assigned to process): 258M, peak: 264M
current process commit charge ("private bytes"): 310M, peak: 316M

vm_info: Java HotSpot(TM) 64-Bit Server VM (17.0.8+9-LTS-211) for windows-amd64 JRE (17.0.8+9-LTS-211), built on Jun 14 2023 10:34:31 by "mach5one" with MS VC++ 17.1 (VS2022)

END.
