#
# There is insufficient memory for the Java Runtime Environment to continue.
# Native memory allocation (malloc) failed to allocate 1581376 bytes for Chunk::new
# Possible reasons:
#   The system is out of physical RAM or swap space
#   The process is running with CompressedOops enabled, and the Java Heap may be blocking the growth of the native heap
# Possible solutions:
#   Reduce memory load on the system
#   Increase physical memory or swap space
#   Check if swap backing store is full
#   Decrease Java heap size (-Xmx/-Xms)
#   Decrease number of Java threads
#   Decrease Java thread stack sizes (-Xss)
#   Set larger code cache with -XX:ReservedCodeCacheSize=
#   JVM is running with Unscaled Compressed Oops mode in which the Java heap is
#     placed in the first 4GB address space. The Java Heap base address is the
#     maximum limit for the native heap growth. Please use -XX:HeapBaseMinAddress
#     to set the Java Heap base and to place the Java Heap above 4GB virtual address.
# This output file may be truncated or incomplete.
#
#  Out of Memory Error (arena.cpp:189), pid=16972, tid=28216
#
# JRE version: Java(TM) SE Runtime Environment (17.0.8+9) (build 17.0.8+9-LTS-211)
# Java VM: Java HotSpot(TM) 64-Bit Server VM (17.0.8+9-LTS-211, mixed mode, sharing, tiered, compressed oops, compressed class ptrs, g1 gc, windows-amd64)
# No core dump will be written. Minidumps are not enabled by default on client versions of Windows
#

---------------  S U M M A R Y ------------

Command Line: C:\Users\duong\AppData\Local\Temp\surefire9035106690871856353\surefirebooter12919386014157204165.jar C:\Users\duong\AppData\Local\Temp\surefire9035106690871856353 2024-07-05T03-41-27_760-jvmRun1 surefire16652557217734668878tmp surefire_03753741362344066117tmp

Host: AMD Ryzen 5 5600H with Radeon Graphics         , 12 cores, 5G,  Windows 11 , 64 bit Build 22621 (10.0.22621.3672)
Time: Fri Jul  5 03:41:37 2024 SE Asia Standard Time elapsed time: 9.294435 seconds (0d 0h 0m 9s)

---------------  T H R E A D  ---------------

Current thread (0x0000027869558450):  JavaThread "C2 CompilerThread0" daemon [_thread_in_native, id=28216, stack(0x0000008354900000,0x0000008354a00000)]


Current CompileTask:
C2:   9294 5997       4       java.lang.Class::getMethodsRecursive (99 bytes)

Stack: [0x0000008354900000,0x0000008354a00000]
Native frames: (J=compiled Java code, j=interpreted, Vv=VM code, C=native code)
V  [jvm.dll+0x677d0a]
V  [jvm.dll+0x7d8c54]
V  [jvm.dll+0x7da3fe]
V  [jvm.dll+0x7daa63]
V  [jvm.dll+0x245c5f]
V  [jvm.dll+0xaaa6b]
V  [jvm.dll+0xab00c]
V  [jvm.dll+0x361e8e]
V  [jvm.dll+0x32c551]
V  [jvm.dll+0x32b9ea]
V  [jvm.dll+0x217fff]
V  [jvm.dll+0x217431]
V  [jvm.dll+0x1a3af0]
V  [jvm.dll+0x2270be]
V  [jvm.dll+0x22535b]
V  [jvm.dll+0x78e7bc]
V  [jvm.dll+0x788bba]
V  [jvm.dll+0x676b35]
C  [ucrtbase.dll+0x29333]
C  [KERNEL32.DLL+0x1257d]
C  [ntdll.dll+0x5af28]


---------------  P R O C E S S  ---------------

Threads class SMR info:
_java_thread_list=0x000002786ebd8bc0, length=17, elements={
0x000002784c3a88c0, 0x0000027869539d40, 0x000002786953abb0, 0x0000027869551580,
0x0000027869554150, 0x0000027869554d00, 0x00000278695576c0, 0x0000027869558450,
0x0000027869564800, 0x0000027869568120, 0x000002786978f730, 0x0000027869793e00,
0x00000278697a5bd0, 0x00000278699064a0, 0x0000027871347310, 0x000002786f944900,
0x0000027871345710
}

Java Threads: ( => current thread )
  0x000002784c3a88c0 JavaThread "main" [_thread_in_Java, id=18424, stack(0x0000008353c00000,0x0000008353d00000)]
  0x0000027869539d40 JavaThread "Reference Handler" daemon [_thread_blocked, id=12216, stack(0x0000008354300000,0x0000008354400000)]
  0x000002786953abb0 JavaThread "Finalizer" daemon [_thread_blocked, id=19704, stack(0x0000008354400000,0x0000008354500000)]
  0x0000027869551580 JavaThread "Signal Dispatcher" daemon [_thread_blocked, id=19272, stack(0x0000008354500000,0x0000008354600000)]
  0x0000027869554150 JavaThread "Attach Listener" daemon [_thread_blocked, id=27656, stack(0x0000008354600000,0x0000008354700000)]
  0x0000027869554d00 JavaThread "Service Thread" daemon [_thread_blocked, id=20892, stack(0x0000008354700000,0x0000008354800000)]
  0x00000278695576c0 JavaThread "Monitor Deflation Thread" daemon [_thread_blocked, id=1064, stack(0x0000008354800000,0x0000008354900000)]
=>0x0000027869558450 JavaThread "C2 CompilerThread0" daemon [_thread_in_native, id=28216, stack(0x0000008354900000,0x0000008354a00000)]
  0x0000027869564800 JavaThread "C1 CompilerThread0" daemon [_thread_blocked, id=5460, stack(0x0000008354a00000,0x0000008354b00000)]
  0x0000027869568120 JavaThread "Sweeper thread" daemon [_thread_blocked, id=13560, stack(0x0000008354b00000,0x0000008354c00000)]
  0x000002786978f730 JavaThread "Notification Thread" daemon [_thread_blocked, id=20076, stack(0x0000008354c00000,0x0000008354d00000)]
  0x0000027869793e00 JavaThread "Common-Cleaner" daemon [_thread_blocked, id=13128, stack(0x0000008354e00000,0x0000008354f00000)]
  0x00000278697a5bd0 JavaThread "surefire-forkedjvm-command-thread" daemon [_thread_in_native, id=9760, stack(0x0000008354f00000,0x0000008355000000)]
  0x00000278699064a0 JavaThread "surefire-forkedjvm-ping-30s" daemon [_thread_blocked, id=15420, stack(0x0000008355000000,0x0000008355100000)]
  0x0000027871347310 JavaThread "mysql-cj-abandoned-connection-cleanup" daemon [_thread_blocked, id=27012, stack(0x0000008355c00000,0x0000008355d00000)]
  0x000002786f944900 JavaThread "HikariPool-1 housekeeper" daemon [_thread_blocked, id=25136, stack(0x0000008356000000,0x0000008356100000)]
  0x0000027871345710 JavaThread "HikariPool-1 connection adder" daemon [_thread_blocked, id=20312, stack(0x0000008356100000,0x0000008356200000)]

Other Threads:
  0x0000027869533d40 VMThread "VM Thread" [stack: 0x0000008354200000,0x0000008354300000] [id=4860]
  0x000002784c407db0 WatcherThread [stack: 0x0000008354d00000,0x0000008354e00000] [id=11796]
  0x000002784c3f3420 GCTaskThread "GC Thread#0" [stack: 0x0000008353d00000,0x0000008353e00000] [id=19156]
  0x000002786997ab00 GCTaskThread "GC Thread#1" [stack: 0x0000008355100000,0x0000008355200000] [id=1388]
  0x000002786997b5c0 GCTaskThread "GC Thread#2" [stack: 0x0000008355200000,0x0000008355300000] [id=22504]
  0x000002786997b060 GCTaskThread "GC Thread#3" [stack: 0x0000008355300000,0x0000008355400000] [id=7728]
  0x000002786997a040 GCTaskThread "GC Thread#4" [stack: 0x0000008355400000,0x0000008355500000] [id=18556]
  0x000002786997a850 GCTaskThread "GC Thread#5" [stack: 0x0000008355500000,0x0000008355600000] [id=14080]
  0x000002786997a5a0 GCTaskThread "GC Thread#6" [stack: 0x0000008355600000,0x0000008355700000] [id=19204]
  0x000002786ed0f170 GCTaskThread "GC Thread#7" [stack: 0x0000008355900000,0x0000008355a00000] [id=2356]
  0x000002786ed0e150 GCTaskThread "GC Thread#8" [stack: 0x0000008355a00000,0x0000008355b00000] [id=25068]
  0x000002786ed0fc30 GCTaskThread "GC Thread#9" [stack: 0x0000008355b00000,0x0000008355c00000] [id=25064]
  0x000002784c3ffee0 ConcurrentGCThread "G1 Main Marker" [stack: 0x0000008353e00000,0x0000008353f00000] [id=1360]
  0x000002784c401090 ConcurrentGCThread "G1 Conc#0" [stack: 0x0000008353f00000,0x0000008354000000] [id=13784]
  0x000002786ed0ec10 ConcurrentGCThread "G1 Conc#1" [stack: 0x0000008355d00000,0x0000008355e00000] [id=11056]
  0x000002786ed0d130 ConcurrentGCThread "G1 Conc#2" [stack: 0x0000008355e00000,0x0000008355f00000] [id=26724]
  0x000002784c460970 ConcurrentGCThread "G1 Refine#0" [stack: 0x0000008354000000,0x0000008354100000] [id=4524]
  0x000002786e7a4b40 ConcurrentGCThread "G1 Refine#1" [stack: 0x0000008355700000,0x0000008355800000] [id=19452]
  0x000002784c461390 ConcurrentGCThread "G1 Service" [stack: 0x0000008354100000,0x0000008354200000] [id=9484]

Threads with active compile tasks:
C2 CompilerThread0     9314 5997       4       java.lang.Class::getMethodsRecursive (99 bytes)

VM state: not at safepoint (normal execution)

VM Mutex/Monitor currently owned by a thread: None

Heap address: 0x00000000a2400000, size: 1500 MB, Compressed Oops mode: 32-bit

CDS archive(s) mapped at: [0x0000027800000000-0x0000027800bd0000-0x0000027800bd0000), size 12386304, SharedBaseAddress: 0x0000027800000000, ArchiveRelocationMode: 1.
Compressed class space mapped at: 0x0000027801000000-0x0000027841000000, reserved size: 1073741824
Narrow klass base: 0x0000027800000000, Narrow klass shift: 0, Narrow klass range: 0x100000000

GC Precious Log:
 CPUs: 12 total, 12 available
 Memory: 5996M
 Large Page Support: Disabled
 NUMA Support: Disabled
 Compressed Oops: Enabled (32-bit)
 Heap Region Size: 1M
 Heap Min Capacity: 8M
 Heap Initial Capacity: 94M
 Heap Max Capacity: 1500M
 Pre-touch: Disabled
 Parallel Workers: 10
 Concurrent Workers: 3
 Concurrent Refinement Workers: 10
 Periodic GC: Disabled

Heap:
 garbage-first heap   total 111616K, used 58851K [0x00000000a2400000, 0x0000000100000000)
  region size 1024K, 40 young (40960K), 8 survivors (8192K)
 Metaspace       used 58239K, committed 58624K, reserved 1114112K
  class space    used 7819K, committed 8000K, reserved 1048576K

Heap Regions: E=young(eden), S=young(survivor), O=old, HS=humongous(starts), HC=humongous(continues), CS=collection set, F=free, OA=open archive, CA=closed archive, TAMS=top-at-mark-start (previous, next)
|   0|0x00000000a2400000, 0x00000000a2500000, 0x00000000a2500000|100%|HS|  |TAMS 0x00000000a2500000, 0x00000000a2400000| Complete 
|   1|0x00000000a2500000, 0x00000000a2600000, 0x00000000a2600000|100%| O|  |TAMS 0x00000000a2600000, 0x00000000a2500000| Untracked 
|   2|0x00000000a2600000, 0x00000000a2700000, 0x00000000a2700000|100%| O|  |TAMS 0x00000000a2700000, 0x00000000a2600000| Untracked 
|   3|0x00000000a2700000, 0x00000000a2800000, 0x00000000a2800000|100%| O|  |TAMS 0x00000000a2800000, 0x00000000a2700000| Untracked 
|   4|0x00000000a2800000, 0x00000000a2900000, 0x00000000a2900000|100%| O|  |TAMS 0x00000000a2900000, 0x00000000a2800000| Untracked 
|   5|0x00000000a2900000, 0x00000000a2a00000, 0x00000000a2a00000|100%| O|  |TAMS 0x00000000a2a00000, 0x00000000a2900000| Untracked 
|   6|0x00000000a2a00000, 0x00000000a2b00000, 0x00000000a2b00000|100%| O|  |TAMS 0x00000000a2b00000, 0x00000000a2a00000| Untracked 
|   7|0x00000000a2b00000, 0x00000000a2c00000, 0x00000000a2c00000|100%| O|  |TAMS 0x00000000a2c00000, 0x00000000a2b00000| Untracked 
|   8|0x00000000a2c00000, 0x00000000a2d00000, 0x00000000a2d00000|100%| O|  |TAMS 0x00000000a2d00000, 0x00000000a2c00000| Untracked 
|   9|0x00000000a2d00000, 0x00000000a2e00000, 0x00000000a2e00000|100%| O|  |TAMS 0x00000000a2e00000, 0x00000000a2d00000| Untracked 
|  10|0x00000000a2e00000, 0x00000000a2f00000, 0x00000000a2f00000|100%| O|  |TAMS 0x00000000a2f00000, 0x00000000a2e00000| Untracked 
|  11|0x00000000a2f00000, 0x00000000a3000000, 0x00000000a3000000|100%| O|  |TAMS 0x00000000a3000000, 0x00000000a2f00000| Untracked 
|  12|0x00000000a3000000, 0x00000000a3100000, 0x00000000a3100000|100%| O|  |TAMS 0x00000000a3100000, 0x00000000a3000000| Untracked 
|  13|0x00000000a3100000, 0x00000000a3200000, 0x00000000a3200000|100%| O|  |TAMS 0x00000000a3200000, 0x00000000a3100000| Untracked 
|  14|0x00000000a3200000, 0x00000000a3300000, 0x00000000a3300000|100%| O|  |TAMS 0x00000000a3300000, 0x00000000a3200000| Untracked 
|  15|0x00000000a3300000, 0x00000000a3400000, 0x00000000a3400000|100%| O|  |TAMS 0x00000000a3400000, 0x00000000a3300000| Untracked 
|  16|0x00000000a3400000, 0x00000000a3500000, 0x00000000a3500000|100%| O|  |TAMS 0x00000000a3500000, 0x00000000a3400000| Untracked 
|  17|0x00000000a3500000, 0x00000000a3600000, 0x00000000a3600000|100%| O|  |TAMS 0x00000000a3547c00, 0x00000000a3500000| Untracked 
|  18|0x00000000a3600000, 0x00000000a3700000, 0x00000000a3700000|100%| O|  |TAMS 0x00000000a3600000, 0x00000000a3600000| Untracked 
|  19|0x00000000a3700000, 0x00000000a3729400, 0x00000000a3800000| 16%| O|  |TAMS 0x00000000a3700000, 0x00000000a3700000| Untracked 
|  20|0x00000000a3800000, 0x00000000a3800000, 0x00000000a3900000|  0%| F|  |TAMS 0x00000000a3800000, 0x00000000a3800000| Untracked 
|  21|0x00000000a3900000, 0x00000000a3900000, 0x00000000a3a00000|  0%| F|  |TAMS 0x00000000a3900000, 0x00000000a3900000| Untracked 
|  22|0x00000000a3a00000, 0x00000000a3a00000, 0x00000000a3b00000|  0%| F|  |TAMS 0x00000000a3a00000, 0x00000000a3a00000| Untracked 
|  23|0x00000000a3b00000, 0x00000000a3b00000, 0x00000000a3c00000|  0%| F|  |TAMS 0x00000000a3b00000, 0x00000000a3b00000| Untracked 
|  24|0x00000000a3c00000, 0x00000000a3c00000, 0x00000000a3d00000|  0%| F|  |TAMS 0x00000000a3c00000, 0x00000000a3c00000| Untracked 
|  25|0x00000000a3d00000, 0x00000000a3d00000, 0x00000000a3e00000|  0%| F|  |TAMS 0x00000000a3d00000, 0x00000000a3d00000| Untracked 
|  26|0x00000000a3e00000, 0x00000000a3e00000, 0x00000000a3f00000|  0%| F|  |TAMS 0x00000000a3e00000, 0x00000000a3e00000| Untracked 
|  27|0x00000000a3f00000, 0x00000000a3f00000, 0x00000000a4000000|  0%| F|  |TAMS 0x00000000a3f00000, 0x00000000a3f00000| Untracked 
|  28|0x00000000a4000000, 0x00000000a4000000, 0x00000000a4100000|  0%| F|  |TAMS 0x00000000a4000000, 0x00000000a4000000| Untracked 
|  29|0x00000000a4100000, 0x00000000a4100000, 0x00000000a4200000|  0%| F|  |TAMS 0x00000000a4100000, 0x00000000a4100000| Untracked 
|  30|0x00000000a4200000, 0x00000000a4200000, 0x00000000a4300000|  0%| F|  |TAMS 0x00000000a4200000, 0x00000000a4200000| Untracked 
|  31|0x00000000a4300000, 0x00000000a4300000, 0x00000000a4400000|  0%| F|  |TAMS 0x00000000a4300000, 0x00000000a4300000| Untracked 
|  32|0x00000000a4400000, 0x00000000a4400000, 0x00000000a4500000|  0%| F|  |TAMS 0x00000000a4400000, 0x00000000a4400000| Untracked 
|  33|0x00000000a4500000, 0x00000000a4500000, 0x00000000a4600000|  0%| F|  |TAMS 0x00000000a4500000, 0x00000000a4500000| Untracked 
|  34|0x00000000a4600000, 0x00000000a4600000, 0x00000000a4700000|  0%| F|  |TAMS 0x00000000a4600000, 0x00000000a4600000| Untracked 
|  35|0x00000000a4700000, 0x00000000a4700000, 0x00000000a4800000|  0%| F|  |TAMS 0x00000000a4700000, 0x00000000a4700000| Untracked 
|  36|0x00000000a4800000, 0x00000000a4800000, 0x00000000a4900000|  0%| F|  |TAMS 0x00000000a4800000, 0x00000000a4800000| Untracked 
|  37|0x00000000a4900000, 0x00000000a4900000, 0x00000000a4a00000|  0%| F|  |TAMS 0x00000000a4900000, 0x00000000a4900000| Untracked 
|  38|0x00000000a4a00000, 0x00000000a4a00000, 0x00000000a4b00000|  0%| F|  |TAMS 0x00000000a4a00000, 0x00000000a4a00000| Untracked 
|  39|0x00000000a4b00000, 0x00000000a4b00000, 0x00000000a4c00000|  0%| F|  |TAMS 0x00000000a4b00000, 0x00000000a4b00000| Untracked 
|  40|0x00000000a4c00000, 0x00000000a4c00000, 0x00000000a4d00000|  0%| F|  |TAMS 0x00000000a4c00000, 0x00000000a4c00000| Untracked 
|  41|0x00000000a4d00000, 0x00000000a4d00000, 0x00000000a4e00000|  0%| F|  |TAMS 0x00000000a4d00000, 0x00000000a4d00000| Untracked 
|  42|0x00000000a4e00000, 0x00000000a4e00000, 0x00000000a4f00000|  0%| F|  |TAMS 0x00000000a4e00000, 0x00000000a4e00000| Untracked 
|  43|0x00000000a4f00000, 0x00000000a4f4f9b8, 0x00000000a5000000| 31%| S|CS|TAMS 0x00000000a4f00000, 0x00000000a4f00000| Complete 
|  44|0x00000000a5000000, 0x00000000a5100000, 0x00000000a5100000|100%| S|CS|TAMS 0x00000000a5000000, 0x00000000a5000000| Complete 
|  45|0x00000000a5100000, 0x00000000a5200000, 0x00000000a5200000|100%| S|CS|TAMS 0x00000000a5100000, 0x00000000a5100000| Complete 
|  46|0x00000000a5200000, 0x00000000a5300000, 0x00000000a5300000|100%| S|CS|TAMS 0x00000000a5200000, 0x00000000a5200000| Complete 
|  47|0x00000000a5300000, 0x00000000a5400000, 0x00000000a5400000|100%| S|CS|TAMS 0x00000000a5300000, 0x00000000a5300000| Complete 
|  48|0x00000000a5400000, 0x00000000a5500000, 0x00000000a5500000|100%| S|CS|TAMS 0x00000000a5400000, 0x00000000a5400000| Complete 
|  49|0x00000000a5500000, 0x00000000a5600000, 0x00000000a5600000|100%| S|CS|TAMS 0x00000000a5500000, 0x00000000a5500000| Complete 
|  50|0x00000000a5600000, 0x00000000a5700000, 0x00000000a5700000|100%| S|CS|TAMS 0x00000000a5600000, 0x00000000a5600000| Complete 
|  51|0x00000000a5700000, 0x00000000a5700000, 0x00000000a5800000|  0%| F|  |TAMS 0x00000000a5700000, 0x00000000a5700000| Untracked 
|  52|0x00000000a5800000, 0x00000000a5800000, 0x00000000a5900000|  0%| F|  |TAMS 0x00000000a5800000, 0x00000000a5800000| Untracked 
|  53|0x00000000a5900000, 0x00000000a5900000, 0x00000000a5a00000|  0%| F|  |TAMS 0x00000000a5900000, 0x00000000a5900000| Untracked 
|  54|0x00000000a5a00000, 0x00000000a5a00000, 0x00000000a5b00000|  0%| F|  |TAMS 0x00000000a5a00000, 0x00000000a5a00000| Untracked 
|  55|0x00000000a5b00000, 0x00000000a5b00000, 0x00000000a5c00000|  0%| F|  |TAMS 0x00000000a5b00000, 0x00000000a5b00000| Untracked 
|  56|0x00000000a5c00000, 0x00000000a5c00000, 0x00000000a5d00000|  0%| F|  |TAMS 0x00000000a5c00000, 0x00000000a5c00000| Untracked 
|  57|0x00000000a5d00000, 0x00000000a5d00000, 0x00000000a5e00000|  0%| F|  |TAMS 0x00000000a5d00000, 0x00000000a5d00000| Untracked 
|  58|0x00000000a5e00000, 0x00000000a5e00000, 0x00000000a5f00000|  0%| F|  |TAMS 0x00000000a5e00000, 0x00000000a5e00000| Untracked 
|  59|0x00000000a5f00000, 0x00000000a5f00000, 0x00000000a6000000|  0%| F|  |TAMS 0x00000000a5f00000, 0x00000000a5f00000| Untracked 
|  60|0x00000000a6000000, 0x00000000a6000000, 0x00000000a6100000|  0%| F|  |TAMS 0x00000000a6000000, 0x00000000a6000000| Untracked 
|  61|0x00000000a6100000, 0x00000000a6100000, 0x00000000a6200000|  0%| F|  |TAMS 0x00000000a6100000, 0x00000000a6100000| Untracked 
|  62|0x00000000a6200000, 0x00000000a6200000, 0x00000000a6300000|  0%| F|  |TAMS 0x00000000a6200000, 0x00000000a6200000| Untracked 
|  63|0x00000000a6300000, 0x00000000a6300000, 0x00000000a6400000|  0%| F|  |TAMS 0x00000000a6300000, 0x00000000a6300000| Untracked 
|  64|0x00000000a6400000, 0x00000000a6400000, 0x00000000a6500000|  0%| F|  |TAMS 0x00000000a6400000, 0x00000000a6400000| Untracked 
|  65|0x00000000a6500000, 0x00000000a6500000, 0x00000000a6600000|  0%| F|  |TAMS 0x00000000a6500000, 0x00000000a6500000| Untracked 
|  66|0x00000000a6600000, 0x00000000a6600000, 0x00000000a6700000|  0%| F|  |TAMS 0x00000000a6600000, 0x00000000a6600000| Untracked 
|  67|0x00000000a6700000, 0x00000000a6700000, 0x00000000a6800000|  0%| F|  |TAMS 0x00000000a6700000, 0x00000000a6700000| Untracked 
|  68|0x00000000a6800000, 0x00000000a6800000, 0x00000000a6900000|  0%| F|  |TAMS 0x00000000a6800000, 0x00000000a6800000| Untracked 
|  69|0x00000000a6900000, 0x00000000a6900000, 0x00000000a6a00000|  0%| F|  |TAMS 0x00000000a6900000, 0x00000000a6900000| Untracked 
|  70|0x00000000a6a00000, 0x00000000a6a00000, 0x00000000a6b00000|  0%| F|  |TAMS 0x00000000a6a00000, 0x00000000a6a00000| Untracked 
|  71|0x00000000a6b00000, 0x00000000a6b00000, 0x00000000a6c00000|  0%| F|  |TAMS 0x00000000a6b00000, 0x00000000a6b00000| Untracked 
|  72|0x00000000a6c00000, 0x00000000a6c00000, 0x00000000a6d00000|  0%| F|  |TAMS 0x00000000a6c00000, 0x00000000a6c00000| Untracked 
|  73|0x00000000a6d00000, 0x00000000a6d00000, 0x00000000a6e00000|  0%| F|  |TAMS 0x00000000a6d00000, 0x00000000a6d00000| Untracked 
|  74|0x00000000a6e00000, 0x00000000a6e00000, 0x00000000a6f00000|  0%| F|  |TAMS 0x00000000a6e00000, 0x00000000a6e00000| Untracked 
|  75|0x00000000a6f00000, 0x00000000a6f00000, 0x00000000a7000000|  0%| F|  |TAMS 0x00000000a6f00000, 0x00000000a6f00000| Untracked 
|  76|0x00000000a7000000, 0x00000000a7100000, 0x00000000a7100000|100%| E|  |TAMS 0x00000000a7000000, 0x00000000a7000000| Complete 
|  77|0x00000000a7100000, 0x00000000a7200000, 0x00000000a7200000|100%| E|CS|TAMS 0x00000000a7100000, 0x00000000a7100000| Complete 
|  78|0x00000000a7200000, 0x00000000a7300000, 0x00000000a7300000|100%| E|CS|TAMS 0x00000000a7200000, 0x00000000a7200000| Complete 
|  79|0x00000000a7300000, 0x00000000a7400000, 0x00000000a7400000|100%| E|CS|TAMS 0x00000000a7300000, 0x00000000a7300000| Complete 
|  80|0x00000000a7400000, 0x00000000a7500000, 0x00000000a7500000|100%| E|CS|TAMS 0x00000000a7400000, 0x00000000a7400000| Complete 
|  81|0x00000000a7500000, 0x00000000a7600000, 0x00000000a7600000|100%| E|CS|TAMS 0x00000000a7500000, 0x00000000a7500000| Complete 
|  82|0x00000000a7600000, 0x00000000a7700000, 0x00000000a7700000|100%| E|CS|TAMS 0x00000000a7600000, 0x00000000a7600000| Complete 
|  83|0x00000000a7700000, 0x00000000a7800000, 0x00000000a7800000|100%| E|CS|TAMS 0x00000000a7700000, 0x00000000a7700000| Complete 
|  84|0x00000000a7800000, 0x00000000a7900000, 0x00000000a7900000|100%| E|CS|TAMS 0x00000000a7800000, 0x00000000a7800000| Complete 
|  85|0x00000000a7900000, 0x00000000a7a00000, 0x00000000a7a00000|100%| E|CS|TAMS 0x00000000a7900000, 0x00000000a7900000| Complete 
|  86|0x00000000a7a00000, 0x00000000a7b00000, 0x00000000a7b00000|100%| E|CS|TAMS 0x00000000a7a00000, 0x00000000a7a00000| Complete 
|  87|0x00000000a7b00000, 0x00000000a7c00000, 0x00000000a7c00000|100%| E|CS|TAMS 0x00000000a7b00000, 0x00000000a7b00000| Complete 
|  88|0x00000000a7c00000, 0x00000000a7d00000, 0x00000000a7d00000|100%| E|CS|TAMS 0x00000000a7c00000, 0x00000000a7c00000| Complete 
|  89|0x00000000a7d00000, 0x00000000a7e00000, 0x00000000a7e00000|100%| E|CS|TAMS 0x00000000a7d00000, 0x00000000a7d00000| Complete 
|  90|0x00000000a7e00000, 0x00000000a7f00000, 0x00000000a7f00000|100%| E|CS|TAMS 0x00000000a7e00000, 0x00000000a7e00000| Complete 
|  91|0x00000000a7f00000, 0x00000000a8000000, 0x00000000a8000000|100%| E|CS|TAMS 0x00000000a7f00000, 0x00000000a7f00000| Complete 
|  92|0x00000000a8000000, 0x00000000a8100000, 0x00000000a8100000|100%| E|CS|TAMS 0x00000000a8000000, 0x00000000a8000000| Complete 
|  93|0x00000000a8100000, 0x00000000a8200000, 0x00000000a8200000|100%| E|CS|TAMS 0x00000000a8100000, 0x00000000a8100000| Complete 
|  94|0x00000000a8200000, 0x00000000a8300000, 0x00000000a8300000|100%| E|CS|TAMS 0x00000000a8200000, 0x00000000a8200000| Complete 
|  95|0x00000000a8300000, 0x00000000a8400000, 0x00000000a8400000|100%| E|CS|TAMS 0x00000000a8300000, 0x00000000a8300000| Complete 
|  96|0x00000000a8400000, 0x00000000a8500000, 0x00000000a8500000|100%| E|CS|TAMS 0x00000000a8400000, 0x00000000a8400000| Complete 
|  97|0x00000000a8500000, 0x00000000a8600000, 0x00000000a8600000|100%| E|CS|TAMS 0x00000000a8500000, 0x00000000a8500000| Complete 
|  98|0x00000000a8600000, 0x00000000a8700000, 0x00000000a8700000|100%| E|CS|TAMS 0x00000000a8600000, 0x00000000a8600000| Complete 
|  99|0x00000000a8700000, 0x00000000a8800000, 0x00000000a8800000|100%| E|CS|TAMS 0x00000000a8700000, 0x00000000a8700000| Complete 
| 100|0x00000000a8800000, 0x00000000a8900000, 0x00000000a8900000|100%| E|CS|TAMS 0x00000000a8800000, 0x00000000a8800000| Complete 
| 101|0x00000000a8900000, 0x00000000a8a00000, 0x00000000a8a00000|100%| E|CS|TAMS 0x00000000a8900000, 0x00000000a8900000| Complete 
| 102|0x00000000a8a00000, 0x00000000a8b00000, 0x00000000a8b00000|100%| E|CS|TAMS 0x00000000a8a00000, 0x00000000a8a00000| Complete 
| 103|0x00000000a8b00000, 0x00000000a8c00000, 0x00000000a8c00000|100%| E|CS|TAMS 0x00000000a8b00000, 0x00000000a8b00000| Complete 
| 104|0x00000000a8c00000, 0x00000000a8d00000, 0x00000000a8d00000|100%| E|CS|TAMS 0x00000000a8c00000, 0x00000000a8c00000| Complete 
| 105|0x00000000a8d00000, 0x00000000a8e00000, 0x00000000a8e00000|100%| E|CS|TAMS 0x00000000a8d00000, 0x00000000a8d00000| Complete 
| 106|0x00000000a8e00000, 0x00000000a8f00000, 0x00000000a8f00000|100%| E|CS|TAMS 0x00000000a8e00000, 0x00000000a8e00000| Complete 
| 107|0x00000000a8f00000, 0x00000000a9000000, 0x00000000a9000000|100%| E|CS|TAMS 0x00000000a8f00000, 0x00000000a8f00000| Complete 
| 108|0x00000000a9000000, 0x00000000a9100000, 0x00000000a9100000|100%| E|CS|TAMS 0x00000000a9000000, 0x00000000a9000000| Complete 

Card table byte_map: [0x0000027863480000,0x0000027863770000] _byte_map_base: 0x0000027862f6e000

Marking Bits (Prev, Next): (CMBitMap*) 0x000002784c3f3a30, (CMBitMap*) 0x000002784c3f3a70
 Prev Bits: [0x0000027863a60000, 0x00000278651d0000)
 Next Bits: [0x00000278651d0000, 0x0000027866940000)

Polling page: 0x000002784bb70000

Metaspace:

Usage:
  Non-class:     49.24 MB used.
      Class:      7.64 MB used.
       Both:     56.87 MB used.

Virtual space:
  Non-class space:       64.00 MB reserved,      49.44 MB ( 77%) committed,  1 nodes.
      Class space:        1.00 GB reserved,       7.81 MB ( <1%) committed,  1 nodes.
             Both:        1.06 GB reserved,      57.25 MB (  5%) committed. 

Chunk freelists:
   Non-Class:  14.05 MB
       Class:  8.07 MB
        Both:  22.12 MB

MaxMetaspaceSize: unlimited
CompressedClassSpaceSize: 1.00 GB
Initial GC threshold: 21.00 MB
Current GC threshold: 59.38 MB
CDS: on
MetaspaceReclaimPolicy: balanced
 - commit_granule_bytes: 65536.
 - commit_granule_words: 8192.
 - virtual_space_node_default_size: 8388608.
 - enlarge_chunks_in_place: 1.
 - new_chunks_are_fully_committed: 0.
 - uncommit_free_chunks: 1.
 - use_allocation_guard: 0.
 - handle_deallocations: 1.


Internal statistics:

num_allocs_failed_limit: 6.
num_arena_births: 424.
num_arena_deaths: 0.
num_vsnodes_births: 2.
num_vsnodes_deaths: 0.
num_space_committed: 916.
num_space_uncommitted: 0.
num_chunks_returned_to_freelist: 6.
num_chunks_taken_from_freelist: 2435.
num_chunk_merges: 6.
num_chunk_splits: 1777.
num_chunks_enlarged: 1404.
num_purges: 0.
num_inconsistent_stats: 0.

CodeHeap 'non-profiled nmethods': size=120000Kb used=3028Kb max_used=3149Kb free=116971Kb
 bounds [0x000002785b710000, 0x000002785ba40000, 0x0000027862c40000]
CodeHeap 'profiled nmethods': size=120000Kb used=10996Kb max_used=11772Kb free=109003Kb
 bounds [0x0000027853c40000, 0x00000278547c0000, 0x000002785b170000]
CodeHeap 'non-nmethods': size=5760Kb used=1331Kb max_used=1378Kb free=4428Kb
 bounds [0x000002785b170000, 0x000002785b3e0000, 0x000002785b710000]
 total_blobs=6339 nmethods=5684 adapters=564
 compilation: enabled
              stopped_count=0, restarted_count=0
 full_count=0

Compilation events (20 events):
Event: 9.291 Thread 0x0000027869564800 nmethod 6494 0x0000027853e85b10 code [0x0000027853e85da0, 0x0000027853e863d8]
Event: 9.291 Thread 0x0000027869564800 6495       1       org.hibernate.internal.AbstractSharedSessionContract::getJdbcSessionContext (5 bytes)
Event: 9.291 Thread 0x0000027869564800 nmethod 6495 0x000002785b768310 code [0x000002785b7684a0, 0x000002785b768578]
Event: 9.291 Thread 0x0000027869564800 6496       2       org.hibernate.internal.AbstractSharedSessionContract::isClosed (23 bytes)
Event: 9.291 Thread 0x0000027869564800 nmethod 6496 0x0000027853e85790 code [0x0000027853e85920, 0x0000027853e85a78]
Event: 9.291 Thread 0x0000027869564800 6497       2       java.lang.String::format (16 bytes)
Event: 9.291 Thread 0x0000027869564800 nmethod 6497 0x0000027853e85010 code [0x0000027853e85200, 0x0000027853e855c8]
Event: 9.291 Thread 0x0000027869564800 6501       2       org.springframework.data.util.CustomCollections$SearchableTypes::isOneOf (65 bytes)
Event: 9.292 Thread 0x0000027869564800 nmethod 6501 0x0000027853e84990 code [0x0000027853e84b80, 0x0000027853e84e78]
Event: 9.292 Thread 0x0000027869564800 6498       2       java.util.Formatter::<init> (18 bytes)
Event: 9.292 Thread 0x0000027869564800 nmethod 6498 0x0000027853e84490 code [0x0000027853e84640, 0x0000027853e848b8]
Event: 9.292 Thread 0x0000027869564800 6500       2       org.springframework.data.util.CustomCollections$SearchableTypes::hasSuperTypeFor (24 bytes)
Event: 9.292 Thread 0x0000027869564800 nmethod 6500 0x0000027853e83f10 code [0x0000027853e840c0, 0x0000027853e84318]
Event: 9.292 Thread 0x0000027869564800 6502       2       org.springframework.data.util.CustomCollections$SearchableTypes$$Lambda$1006/0x00000278017551e0::test (12 bytes)
Event: 9.292 Thread 0x0000027869564800 nmethod 6502 0x0000027853e83a90 code [0x0000027853e83c40, 0x0000027853e83de8]
Event: 9.292 Thread 0x0000027869564800 6503       2       org.springframework.data.util.CustomCollections$SearchableTypes::lambda$static$1 (6 bytes)
Event: 9.292 Thread 0x0000027869564800 nmethod 6503 0x0000027853e83710 code [0x0000027853e838a0, 0x0000027853e839a8]
Event: 9.292 Thread 0x0000027869564800 6504       2       sun.reflect.generics.reflectiveObjects.ParameterizedTypeImpl::equals (81 bytes)
Event: 9.292 Thread 0x0000027869564800 nmethod 6504 0x0000027854260210 code [0x0000027854260400, 0x0000027854260808]
Event: 9.293 Thread 0x0000027869564800 6505       2       org.hibernate.hql.internal.ast.HqlToken::<init> (5 bytes)

GC Heap History (20 events):
Event: 1.060 GC heap before
{Heap before GC invocations=1 (full 0):
 garbage-first heap   total 96256K, used 32064K [0x00000000a2400000, 0x0000000100000000)
  region size 1024K, 26 young (26624K), 3 survivors (3072K)
 Metaspace       used 11283K, committed 11456K, reserved 1114112K
  class space    used 1449K, committed 1536K, reserved 1048576K
}
Event: 1.065 GC heap after
{Heap after GC invocations=2 (full 0):
 garbage-first heap   total 96256K, used 10396K [0x00000000a2400000, 0x0000000100000000)
  region size 1024K, 2 young (2048K), 2 survivors (2048K)
 Metaspace       used 11283K, committed 11456K, reserved 1114112K
  class space    used 1449K, committed 1536K, reserved 1048576K
}
Event: 1.507 GC heap before
{Heap before GC invocations=2 (full 0):
 garbage-first heap   total 96256K, used 45212K [0x00000000a2400000, 0x0000000100000000)
  region size 1024K, 37 young (37888K), 2 survivors (2048K)
 Metaspace       used 18211K, committed 18432K, reserved 1114112K
  class space    used 2431K, committed 2560K, reserved 1048576K
}
Event: 1.513 GC heap after
{Heap after GC invocations=3 (full 0):
 garbage-first heap   total 96256K, used 12486K [0x00000000a2400000, 0x0000000100000000)
  region size 1024K, 4 young (4096K), 4 survivors (4096K)
 Metaspace       used 18211K, committed 18432K, reserved 1114112K
  class space    used 2431K, committed 2560K, reserved 1048576K
}
Event: 1.651 GC heap before
{Heap before GC invocations=3 (full 0):
 garbage-first heap   total 96256K, used 28870K [0x00000000a2400000, 0x0000000100000000)
  region size 1024K, 22 young (22528K), 4 survivors (4096K)
 Metaspace       used 21367K, committed 21568K, reserved 1114112K
  class space    used 2754K, committed 2880K, reserved 1048576K
}
Event: 1.655 GC heap after
{Heap after GC invocations=4 (full 0):
 garbage-first heap   total 96256K, used 13799K [0x00000000a2400000, 0x0000000100000000)
  region size 1024K, 4 young (4096K), 4 survivors (4096K)
 Metaspace       used 21367K, committed 21568K, reserved 1114112K
  class space    used 2754K, committed 2880K, reserved 1048576K
}
Event: 2.021 GC heap before
{Heap before GC invocations=5 (full 0):
 garbage-first heap   total 55296K, used 42471K [0x00000000a2400000, 0x0000000100000000)
  region size 1024K, 32 young (32768K), 4 survivors (4096K)
 Metaspace       used 24705K, committed 24960K, reserved 1114112K
  class space    used 3234K, committed 3328K, reserved 1048576K
}
Event: 2.026 GC heap after
{Heap after GC invocations=6 (full 0):
 garbage-first heap   total 55296K, used 15175K [0x00000000a2400000, 0x0000000100000000)
  region size 1024K, 3 young (3072K), 3 survivors (3072K)
 Metaspace       used 24705K, committed 24960K, reserved 1114112K
  class space    used 3234K, committed 3328K, reserved 1048576K
}
Event: 2.042 GC heap before
{Heap before GC invocations=6 (full 0):
 garbage-first heap   total 55296K, used 16199K [0x00000000a2400000, 0x0000000100000000)
  region size 1024K, 4 young (4096K), 3 survivors (3072K)
 Metaspace       used 24831K, committed 25024K, reserved 1114112K
  class space    used 3249K, committed 3328K, reserved 1048576K
}
Event: 2.047 GC heap after
{Heap after GC invocations=7 (full 0):
 garbage-first heap   total 66560K, used 15465K [0x00000000a2400000, 0x0000000100000000)
  region size 1024K, 1 young (1024K), 1 survivors (1024K)
 Metaspace       used 24831K, committed 25024K, reserved 1114112K
  class space    used 3249K, committed 3328K, reserved 1048576K
}
Event: 2.630 GC heap before
{Heap before GC invocations=7 (full 0):
 garbage-first heap   total 66560K, used 47209K [0x00000000a2400000, 0x0000000100000000)
  region size 1024K, 32 young (32768K), 1 survivors (1024K)
 Metaspace       used 28829K, committed 29120K, reserved 1114112K
  class space    used 3790K, committed 3904K, reserved 1048576K
}
Event: 2.637 GC heap after
{Heap after GC invocations=8 (full 0):
 garbage-first heap   total 66560K, used 17794K [0x00000000a2400000, 0x0000000100000000)
  region size 1024K, 3 young (3072K), 3 survivors (3072K)
 Metaspace       used 28829K, committed 29120K, reserved 1114112K
  class space    used 3790K, committed 3904K, reserved 1048576K
}
Event: 3.413 GC heap before
{Heap before GC invocations=8 (full 0):
 garbage-first heap   total 66560K, used 48514K [0x00000000a2400000, 0x0000000100000000)
  region size 1024K, 33 young (33792K), 3 survivors (3072K)
 Metaspace       used 34893K, committed 35264K, reserved 1114112K
  class space    used 4771K, committed 4928K, reserved 1048576K
}
Event: 3.421 GC heap after
{Heap after GC invocations=9 (full 0):
 garbage-first heap   total 66560K, used 19743K [0x00000000a2400000, 0x0000000100000000)
  region size 1024K, 2 young (2048K), 2 survivors (2048K)
 Metaspace       used 34893K, committed 35264K, reserved 1114112K
  class space    used 4771K, committed 4928K, reserved 1048576K
}
Event: 3.522 GC heap before
{Heap before GC invocations=9 (full 0):
 garbage-first heap   total 66560K, used 22815K [0x00000000a2400000, 0x0000000100000000)
  region size 1024K, 6 young (6144K), 2 survivors (2048K)
 Metaspace       used 36046K, committed 36288K, reserved 1114112K
  class space    used 4888K, committed 4992K, reserved 1048576K
}
Event: 3.527 GC heap after
{Heap after GC invocations=10 (full 0):
 garbage-first heap   total 66560K, used 20138K [0x00000000a2400000, 0x0000000100000000)
  region size 1024K, 3 young (3072K), 3 survivors (3072K)
 Metaspace       used 36046K, committed 36288K, reserved 1114112K
  class space    used 4888K, committed 4992K, reserved 1048576K
}
Event: 4.511 GC heap before
{Heap before GC invocations=11 (full 0):
 garbage-first heap   total 66560K, used 49834K [0x00000000a2400000, 0x0000000100000000)
  region size 1024K, 32 young (32768K), 3 survivors (3072K)
 Metaspace       used 46694K, committed 46976K, reserved 1114112K
  class space    used 6246K, committed 6400K, reserved 1048576K
}
Event: 4.518 GC heap after
{Heap after GC invocations=12 (full 0):
 garbage-first heap   total 111616K, used 23355K [0x00000000a2400000, 0x0000000100000000)
  region size 1024K, 4 young (4096K), 4 survivors (4096K)
 Metaspace       used 46694K, committed 46976K, reserved 1114112K
  class space    used 6246K, committed 6400K, reserved 1048576K
}
Event: 9.005 GC heap before
{Heap before GC invocations=12 (full 0):
 garbage-first heap   total 111616K, used 82747K [0x00000000a2400000, 0x0000000100000000)
  region size 1024K, 62 young (63488K), 4 survivors (4096K)
 Metaspace       used 55081K, committed 55488K, reserved 1114112K
  class space    used 7408K, committed 7616K, reserved 1048576K
}
Event: 9.018 GC heap after
{Heap after GC invocations=13 (full 0):
 garbage-first heap   total 111616K, used 27107K [0x00000000a2400000, 0x0000000100000000)
  region size 1024K, 8 young (8192K), 8 survivors (8192K)
 Metaspace       used 55081K, committed 55488K, reserved 1114112K
  class space    used 7408K, committed 7616K, reserved 1048576K
}

Deoptimization events (20 events):
Event: 9.106 Thread 0x000002784c3a88c0 Uncommon trap: trap_request=0xffffff45 fr.pc=0x000002785b7e2724 relative=0x0000000000000204
Event: 9.106 Thread 0x000002784c3a88c0 Uncommon trap: reason=unstable_if action=reinterpret pc=0x000002785b7e2724 method=java.util.StringTokenizer.skipDelimiters(I)I @ 21 c2
Event: 9.106 Thread 0x000002784c3a88c0 DEOPT PACKING pc=0x000002785b7e2724 sp=0x0000008353cf8fd0
Event: 9.106 Thread 0x000002784c3a88c0 DEOPT UNPACKING pc=0x000002785b1c23a3 sp=0x0000008353cf8f70 mode 2
Event: 9.106 Thread 0x000002784c3a88c0 Uncommon trap: trap_request=0xffffff45 fr.pc=0x000002785b7e2ef8 relative=0x0000000000000258
Event: 9.106 Thread 0x000002784c3a88c0 Uncommon trap: reason=unstable_if action=reinterpret pc=0x000002785b7e2ef8 method=java.util.StringTokenizer.scanToken(I)I @ 96 c2
Event: 9.106 Thread 0x000002784c3a88c0 DEOPT PACKING pc=0x000002785b7e2ef8 sp=0x0000008353cf8fd0
Event: 9.106 Thread 0x000002784c3a88c0 DEOPT UNPACKING pc=0x000002785b1c23a3 sp=0x0000008353cf8f70 mode 2
Event: 9.131 Thread 0x000002784c3a88c0 Uncommon trap: trap_request=0xffffff45 fr.pc=0x000002785b931514 relative=0x00000000000001f4
Event: 9.131 Thread 0x000002784c3a88c0 Uncommon trap: reason=unstable_if action=reinterpret pc=0x000002785b931514 method=java.util.regex.Matcher.reset()Ljava/util/regex/Matcher; @ 71 c2
Event: 9.131 Thread 0x000002784c3a88c0 DEOPT PACKING pc=0x000002785b931514 sp=0x0000008353cf8d30
Event: 9.131 Thread 0x000002784c3a88c0 DEOPT UNPACKING pc=0x000002785b1c23a3 sp=0x0000008353cf8cb8 mode 2
Event: 9.260 Thread 0x000002784c3a88c0 Uncommon trap: trap_request=0xffffff45 fr.pc=0x000002785b962ad4 relative=0x00000000000001b4
Event: 9.260 Thread 0x000002784c3a88c0 Uncommon trap: reason=unstable_if action=reinterpret pc=0x000002785b962ad4 method=java.util.ArrayDeque.addLast(Ljava/lang/Object;)V @ 42 c2
Event: 9.260 Thread 0x000002784c3a88c0 DEOPT PACKING pc=0x000002785b962ad4 sp=0x0000008353cfa790
Event: 9.260 Thread 0x000002784c3a88c0 DEOPT UNPACKING pc=0x000002785b1c23a3 sp=0x0000008353cfa750 mode 2
Event: 9.261 Thread 0x000002784c3a88c0 Uncommon trap: trap_request=0xffffffde fr.pc=0x000002785b8aa4b0 relative=0x0000000000000650
Event: 9.261 Thread 0x000002784c3a88c0 Uncommon trap: reason=class_check action=maybe_recompile pc=0x000002785b8aa4b0 method=org.springframework.core.ResolvableType.resolveType()Lorg/springframework/core/ResolvableType; @ 117 c2
Event: 9.261 Thread 0x000002784c3a88c0 DEOPT PACKING pc=0x000002785b8aa4b0 sp=0x0000008353cfa7e0
Event: 9.261 Thread 0x000002784c3a88c0 DEOPT UNPACKING pc=0x000002785b1c23a3 sp=0x0000008353cfa728 mode 2

Classes unloaded (0 events):
No events

Classes redefined (0 events):
No events

Internal exceptions (20 events):
Event: 9.004 Thread 0x000002784c3a88c0 Exception <a 'java/lang/ClassNotFoundException'{0x00000000a57e6130}: com/example/cruiseroyalebe/entity/LocationCustomizer> (0x00000000a57e6130) 
thrown [s\open\src\hotspot\share\classfile\systemDictionary.cpp, line 256]
Event: 9.020 Thread 0x000002784c3a88c0 Exception <a 'java/lang/ClassNotFoundException'{0x00000000a901edc8}: java/lang/ObjectCustomizer> (0x00000000a901edc8) 
thrown [s\open\src\hotspot\share\classfile\systemDictionary.cpp, line 256]
Event: 9.021 Thread 0x000002784c3a88c0 Exception <a 'java/lang/ClassNotFoundException'{0x00000000a9027ab0}: com/example/cruiseroyalebe/entity/OwnerCustomizer> (0x00000000a9027ab0) 
thrown [s\open\src\hotspot\share\classfile\systemDictionary.cpp, line 256]
Event: 9.036 Thread 0x000002784c3a88c0 Exception <a 'java/lang/IncompatibleClassChangeError'{0x00000000a8f8e498}: Found class java.lang.Object, but interface was expected> (0x00000000a8f8e498) 
thrown [s\open\src\hotspot\share\interpreter\linkResolver.cpp, line 826]
Event: 9.095 Thread 0x000002784c3a88c0 Exception <a 'java/lang/reflect/InvocationTargetException'{0x00000000a8674470}> (0x00000000a8674470) 
thrown [s\open\src\hotspot\share\runtime\reflection.cpp, line 1121]
Event: 9.177 Thread 0x000002784c3a88c0 Exception <a 'java/lang/reflect/InvocationTargetException'{0x00000000a82c2720}> (0x00000000a82c2720) 
thrown [s\open\src\hotspot\share\runtime\reflection.cpp, line 1121]
Event: 9.183 Thread 0x000002784c3a88c0 Exception <a 'java/lang/NoSuchMethodError'{0x00000000a812cc68}: 'java.lang.Object java.lang.invoke.DirectMethodHandle$Holder.invokeStatic(java.lang.Object, java.lang.Object, int, java.lang.Object)'> (0x00000000a812cc68) 
thrown [s\open\src\hotspot\share\interpreter\linkResolver.cpp, line 759]
Event: 9.183 Thread 0x000002784c3a88c0 Exception <a 'java/lang/NoSuchMethodError'{0x00000000a8134a18}: 'java.lang.Object java.lang.invoke.DirectMethodHandle$Holder.newInvokeSpecial(java.lang.Object, java.lang.Object, int)'> (0x00000000a8134a18) 
thrown [s\open\src\hotspot\share\interpreter\linkResolver.cpp, line 759]
Event: 9.187 Thread 0x000002784c3a88c0 Exception <a 'java/lang/IncompatibleClassChangeError'{0x00000000a8169538}: Found class java.lang.Object, but interface was expected> (0x00000000a8169538) 
thrown [s\open\src\hotspot\share\interpreter\linkResolver.cpp, line 826]
Event: 9.216 Thread 0x000002784c3a88c0 Exception <a 'java/lang/reflect/InvocationTargetException'{0x00000000a80eeb48}> (0x00000000a80eeb48) 
thrown [s\open\src\hotspot\share\runtime\reflection.cpp, line 1121]
Event: 9.226 Thread 0x000002784c3a88c0 Exception <a 'java/lang/reflect/InvocationTargetException'{0x00000000a7f2b0a0}> (0x00000000a7f2b0a0) 
thrown [s\open\src\hotspot\share\runtime\reflection.cpp, line 1121]
Event: 9.240 Thread 0x000002784c3a88c0 Exception <a 'java/lang/reflect/InvocationTargetException'{0x00000000a7f9f7f8}> (0x00000000a7f9f7f8) 
thrown [s\open\src\hotspot\share\runtime\reflection.cpp, line 1121]
Event: 9.243 Thread 0x000002784c3a88c0 Exception <a 'java/lang/reflect/InvocationTargetException'{0x00000000a7fb72e8}> (0x00000000a7fb72e8) 
thrown [s\open\src\hotspot\share\runtime\reflection.cpp, line 1121]
Event: 9.247 Thread 0x000002784c3a88c0 Exception <a 'java/lang/reflect/InvocationTargetException'{0x00000000a7fcf6d0}> (0x00000000a7fcf6d0) 
thrown [s\open\src\hotspot\share\runtime\reflection.cpp, line 1121]
Event: 9.249 Thread 0x000002784c3a88c0 Exception <a 'java/lang/reflect/InvocationTargetException'{0x00000000a7fdb6f8}> (0x00000000a7fdb6f8) 
thrown [s\open\src\hotspot\share\runtime\reflection.cpp, line 1121]
Event: 9.277 Thread 0x000002784c3a88c0 Exception <a 'java/lang/reflect/InvocationTargetException'{0x00000000a78da278}> (0x00000000a78da278) 
thrown [s\open\src\hotspot\share\runtime\reflection.cpp, line 1121]
Event: 9.282 Thread 0x000002784c3a88c0 Exception <a 'java/lang/reflect/InvocationTargetException'{0x00000000a77071d8}> (0x00000000a77071d8) 
thrown [s\open\src\hotspot\share\runtime\reflection.cpp, line 1121]
Event: 9.286 Thread 0x000002784c3a88c0 Exception <a 'java/lang/reflect/InvocationTargetException'{0x00000000a7742d08}> (0x00000000a7742d08) 
thrown [s\open\src\hotspot\share\runtime\reflection.cpp, line 1121]
Event: 9.291 Thread 0x000002784c3a88c0 Exception <a 'java/lang/reflect/InvocationTargetException'{0x00000000a77826f8}> (0x00000000a77826f8) 
thrown [s\open\src\hotspot\share\runtime\reflection.cpp, line 1121]
Event: 9.292 Thread 0x000002784c3a88c0 Exception <a 'java/lang/reflect/InvocationTargetException'{0x00000000a77919c0}> (0x00000000a77919c0) 
thrown [s\open\src\hotspot\share\runtime\reflection.cpp, line 1121]

VM Operations (20 events):
Event: 5.015 Executing VM operation: HandshakeAllThreads
Event: 5.015 Executing VM operation: HandshakeAllThreads done
Event: 5.022 Executing VM operation: ICBufferFull
Event: 5.022 Executing VM operation: ICBufferFull done
Event: 5.054 Executing VM operation: HandshakeAllThreads
Event: 5.054 Executing VM operation: HandshakeAllThreads done
Event: 5.065 Executing VM operation: HandshakeAllThreads
Event: 5.065 Executing VM operation: HandshakeAllThreads done
Event: 6.068 Executing VM operation: Cleanup
Event: 6.068 Executing VM operation: Cleanup done
Event: 7.072 Executing VM operation: Cleanup
Event: 7.073 Executing VM operation: Cleanup done
Event: 8.080 Executing VM operation: Cleanup
Event: 8.080 Executing VM operation: Cleanup done
Event: 8.818 Executing VM operation: HandshakeAllThreads
Event: 8.819 Executing VM operation: HandshakeAllThreads done
Event: 9.005 Executing VM operation: G1CollectForAllocation
Event: 9.018 Executing VM operation: G1CollectForAllocation done
Event: 9.062 Executing VM operation: HandshakeAllThreads
Event: 9.062 Executing VM operation: HandshakeAllThreads done

Events (20 events):
Event: 9.004 loading class java/lang/ObjectCustomizer
Event: 9.004 loading class java/lang/ObjectCustomizer done
Event: 9.004 loading class java/lang/ObjectCustomizer
Event: 9.004 loading class java/lang/ObjectCustomizer done
Event: 9.020 loading class java/lang/ObjectCustomizer
Event: 9.020 loading class java/lang/ObjectCustomizer done
Event: 9.020 loading class java/lang/ObjectCustomizer
Event: 9.020 loading class java/lang/ObjectCustomizer done
Event: 9.040 loading class java/lang/Package$1PackageInfoProxy
Event: 9.040 loading class java/lang/Package$1PackageInfoProxy done
Event: 9.074 loading class java/util/stream/ReduceOps$5
Event: 9.074 loading class java/util/stream/ReduceOps$5 done
Event: 9.074 loading class java/util/stream/ReduceOps$CountingSink$OfRef
Event: 9.074 loading class java/util/stream/ReduceOps$CountingSink
Event: 9.074 loading class java/util/stream/ReduceOps$CountingSink done
Event: 9.074 loading class java/util/stream/ReduceOps$CountingSink$OfRef done
Event: 9.084 loading class java/util/regex/Pattern$Bound
Event: 9.084 loading class java/util/regex/Pattern$Bound done
Event: 9.085 loading class java/util/regex/Pattern$Behind
Event: 9.085 loading class java/util/regex/Pattern$Behind done


Dynamic libraries:
0x00007ff754fb0000 - 0x00007ff754fc0000 	C:\Program Files\Java\jdk-17\bin\java.exe
0x00007ffe1ae50000 - 0x00007ffe1b067000 	C:\WINDOWS\SYSTEM32\ntdll.dll
0x00007ffe18ef0000 - 0x00007ffe18fb4000 	C:\WINDOWS\System32\KERNEL32.DLL
0x00007ffe18230000 - 0x00007ffe185dc000 	C:\WINDOWS\System32\KERNELBASE.dll
0x00007ffe187c0000 - 0x00007ffe188d1000 	C:\WINDOWS\System32\ucrtbase.dll
0x00007ffdfcae0000 - 0x00007ffdfcafb000 	C:\Program Files\Java\jdk-17\bin\VCRUNTIME140.dll
0x00007ffe023a0000 - 0x00007ffe023b9000 	C:\Program Files\Java\jdk-17\bin\jli.dll
0x00007ffe1a760000 - 0x00007ffe1a812000 	C:\WINDOWS\System32\ADVAPI32.dll
0x00007ffe1a870000 - 0x00007ffe1a917000 	C:\WINDOWS\System32\msvcrt.dll
0x00007ffe18da0000 - 0x00007ffe18e4a000 	C:\WINDOWS\System32\sechost.dll
0x00007ffe18200000 - 0x00007ffe18228000 	C:\WINDOWS\System32\bcrypt.dll
0x00007ffe1a150000 - 0x00007ffe1a265000 	C:\WINDOWS\System32\RPCRT4.dll
0x00007ffe19910000 - 0x00007ffe19abe000 	C:\WINDOWS\System32\USER32.dll
0x00007ffe188e0000 - 0x00007ffe18906000 	C:\WINDOWS\System32\win32u.dll
0x00007ffe1a840000 - 0x00007ffe1a869000 	C:\WINDOWS\System32\GDI32.dll
0x00007ffe06b40000 - 0x00007ffe06dd3000 	C:\WINDOWS\WinSxS\amd64_microsoft.windows.common-controls_6595b64144ccf1df_6.0.22621.3672_none_2713b9d173822955\COMCTL32.dll
0x00007ffe189b0000 - 0x00007ffe18ac9000 	C:\WINDOWS\System32\gdi32full.dll
0x00007ffe18910000 - 0x00007ffe189aa000 	C:\WINDOWS\System32\msvcp_win.dll
0x00007ffe0e680000 - 0x00007ffe0e68a000 	C:\WINDOWS\SYSTEM32\VERSION.dll
0x00007ffe198d0000 - 0x00007ffe19901000 	C:\WINDOWS\System32\IMM32.DLL
0x00007ffe04be0000 - 0x00007ffe04bec000 	C:\Program Files\Java\jdk-17\bin\vcruntime140_1.dll
0x00007ffdd7610000 - 0x00007ffdd769e000 	C:\Program Files\Java\jdk-17\bin\msvcp140.dll
0x00007ffd549f0000 - 0x00007ffd555ce000 	C:\Program Files\Java\jdk-17\bin\server\jvm.dll
0x00007ffe19cc0000 - 0x00007ffe19cc8000 	C:\WINDOWS\System32\PSAPI.DLL
0x00007ffe0fbf0000 - 0x00007ffe0fbf9000 	C:\WINDOWS\SYSTEM32\WSOCK32.dll
0x00007ffe10170000 - 0x00007ffe101a4000 	C:\WINDOWS\SYSTEM32\WINMM.dll
0x00007ffe19b00000 - 0x00007ffe19b71000 	C:\WINDOWS\System32\WS2_32.dll
0x00007ffe171e0000 - 0x00007ffe171f8000 	C:\WINDOWS\SYSTEM32\kernel.appcore.dll
0x00007ffdfd630000 - 0x00007ffdfd63a000 	C:\Program Files\Java\jdk-17\bin\jimage.dll
0x00007ffe15ae0000 - 0x00007ffe15d12000 	C:\WINDOWS\SYSTEM32\DBGHELP.DLL
0x00007ffe1aa20000 - 0x00007ffe1ada8000 	C:\WINDOWS\System32\combase.dll
0x00007ffe19be0000 - 0x00007ffe19cb7000 	C:\WINDOWS\System32\OLEAUT32.dll
0x00007ffded340000 - 0x00007ffded372000 	C:\WINDOWS\SYSTEM32\dbgcore.DLL
0x00007ffe18180000 - 0x00007ffe181fb000 	C:\WINDOWS\System32\bcryptPrimitives.dll
0x00007ffde1690000 - 0x00007ffde16b5000 	C:\Program Files\Java\jdk-17\bin\java.dll
0x00007ffdd05c0000 - 0x00007ffdd0697000 	C:\Program Files\Java\jdk-17\bin\jsvml.dll
0x00007ffe19070000 - 0x00007ffe198cc000 	C:\WINDOWS\System32\SHELL32.dll
0x00007ffe16080000 - 0x00007ffe16977000 	C:\WINDOWS\SYSTEM32\windows.storage.dll
0x00007ffe15f40000 - 0x00007ffe1607f000 	C:\WINDOWS\SYSTEM32\wintypes.dll
0x00007ffe1a660000 - 0x00007ffe1a754000 	C:\WINDOWS\System32\SHCORE.dll
0x00007ffe19b80000 - 0x00007ffe19bde000 	C:\WINDOWS\System32\shlwapi.dll
0x00007ffe180b0000 - 0x00007ffe180d1000 	C:\WINDOWS\SYSTEM32\profapi.dll
0x00007ffde66d0000 - 0x00007ffde66e9000 	C:\Program Files\Java\jdk-17\bin\net.dll
0x00007ffe13120000 - 0x00007ffe13256000 	C:\WINDOWS\SYSTEM32\WINHTTP.dll
0x00007ffe17640000 - 0x00007ffe176a9000 	C:\WINDOWS\system32\mswsock.dll
0x00007ffddb350000 - 0x00007ffddb366000 	C:\Program Files\Java\jdk-17\bin\nio.dll
0x00007ffde8d10000 - 0x00007ffde8d28000 	C:\Program Files\Java\jdk-17\bin\zip.dll
0x00007ffdfab60000 - 0x00007ffdfab6a000 	C:\Program Files\Java\jdk-17\bin\management.dll
0x00007ffdfa4b0000 - 0x00007ffdfa4bb000 	C:\Program Files\Java\jdk-17\bin\management_ext.dll
0x00007ffdfabb0000 - 0x00007ffdfabc0000 	C:\Program Files\Java\jdk-17\bin\verify.dll
0x00007ffde8dc0000 - 0x00007ffde8dd7000 	C:\WINDOWS\system32\napinsp.dll
0x00007ffde8da0000 - 0x00007ffde8dbb000 	C:\WINDOWS\system32\pnrpnsp.dll
0x00007ffde8d70000 - 0x00007ffde8d97000 	C:\WINDOWS\system32\nlansp_c.dll
0x00007ffe16cc0000 - 0x00007ffe16db8000 	C:\WINDOWS\SYSTEM32\DNSAPI.dll
0x00007ffe16be0000 - 0x00007ffe16c0d000 	C:\WINDOWS\SYSTEM32\IPHLPAPI.DLL
0x00007ffe19af0000 - 0x00007ffe19af9000 	C:\WINDOWS\System32\NSI.dll
0x00007ffdf26c0000 - 0x00007ffdf26d1000 	C:\WINDOWS\System32\winrnr.dll
0x00007ffe12660000 - 0x00007ffe12675000 	C:\WINDOWS\system32\wshbth.dll
0x00007ffdf7500000 - 0x00007ffdf750a000 	C:\Windows\System32\rasadhlp.dll
0x00007ffe12530000 - 0x00007ffe125b3000 	C:\WINDOWS\System32\fwpuclnt.dll
0x00007ffe17860000 - 0x00007ffe1787b000 	C:\WINDOWS\SYSTEM32\CRYPTSP.dll
0x00007ffe17140000 - 0x00007ffe17175000 	C:\WINDOWS\system32\rsaenh.dll
0x00007ffe176f0000 - 0x00007ffe17718000 	C:\WINDOWS\SYSTEM32\USERENV.dll
0x00007ffe17850000 - 0x00007ffe1785c000 	C:\WINDOWS\SYSTEM32\CRYPTBASE.dll
0x00007ffe139e0000 - 0x00007ffe139f9000 	C:\WINDOWS\SYSTEM32\dhcpcsvc6.DLL
0x00007ffe12f30000 - 0x00007ffe12f4f000 	C:\WINDOWS\SYSTEM32\dhcpcsvc.DLL
0x00007ffdf9a50000 - 0x00007ffdf9a5e000 	C:\Program Files\Java\jdk-17\bin\sunmscapi.dll
0x00007ffe185e0000 - 0x00007ffe18747000 	C:\WINDOWS\System32\CRYPT32.dll
0x00007ffe17a90000 - 0x00007ffe17abe000 	C:\WINDOWS\SYSTEM32\ncrypt.dll
0x00007ffe17a50000 - 0x00007ffe17a87000 	C:\WINDOWS\SYSTEM32\NTASN1.dll

dbghelp: loaded successfully - version: 4.0.5 - missing functions: none
symbol engine: initialized successfully - sym options: 0x614 - pdb path: .;C:\Program Files\Java\jdk-17\bin;C:\WINDOWS\SYSTEM32;C:\WINDOWS\WinSxS\amd64_microsoft.windows.common-controls_6595b64144ccf1df_6.0.22621.3672_none_2713b9d173822955;C:\Program Files\Java\jdk-17\bin\server

VM Arguments:
java_command: C:\Users\duong\AppData\Local\Temp\surefire9035106690871856353\surefirebooter12919386014157204165.jar C:\Users\duong\AppData\Local\Temp\surefire9035106690871856353 2024-07-05T03-41-27_760-jvmRun1 surefire16652557217734668878tmp surefire_03753741362344066117tmp
java_class_path (initial): C:\Users\duong\AppData\Local\Temp\surefire9035106690871856353\surefirebooter12919386014157204165.jar
Launcher Type: SUN_STANDARD

[Global flags]
     intx CICompilerCount                          = 4                                         {product} {ergonomic}
     uint ConcGCThreads                            = 3                                         {product} {ergonomic}
     uint G1ConcRefinementThreads                  = 10                                        {product} {ergonomic}
   size_t G1HeapRegionSize                         = 1048576                                   {product} {ergonomic}
    uintx GCDrainStackTargetSize                   = 64                                        {product} {ergonomic}
   size_t InitialHeapSize                          = 98566144                                  {product} {ergonomic}
   size_t MarkStackSize                            = 4194304                                   {product} {ergonomic}
   size_t MaxHeapSize                              = 1572864000                                {product} {ergonomic}
   size_t MaxNewSize                               = 943718400                                 {product} {ergonomic}
   size_t MinHeapDeltaBytes                        = 1048576                                   {product} {ergonomic}
   size_t MinHeapSize                              = 8388608                                   {product} {ergonomic}
    uintx NonNMethodCodeHeapSize                   = 5839372                                {pd product} {ergonomic}
    uintx NonProfiledCodeHeapSize                  = 122909434                              {pd product} {ergonomic}
    uintx ProfiledCodeHeapSize                     = 122909434                              {pd product} {ergonomic}
    uintx ReservedCodeCacheSize                    = 251658240                              {pd product} {ergonomic}
     bool SegmentedCodeCache                       = true                                      {product} {ergonomic}
   size_t SoftMaxHeapSize                          = 1572864000                             {manageable} {ergonomic}
     bool UseCompressedClassPointers               = true                           {product lp64_product} {ergonomic}
     bool UseCompressedOops                        = true                           {product lp64_product} {ergonomic}
     bool UseG1GC                                  = true                                      {product} {ergonomic}
     bool UseLargePagesIndividualAllocation        = false                                  {pd product} {ergonomic}

Logging:
Log output configuration:
 #0: stdout all=warning uptime,level,tags
 #1: stderr all=off uptime,level,tags

Environment Variables:
JAVA_HOME=C:\Program Files\Java\jdk1.8.0_202
PATH=C:\Windows\system32;C:\Windows;C:\Windows\System32\Wbem;C:\Windows\System32\WindowsPowerShell\v1.0\;C:\Windows\System32\OpenSSH\;C:\Program Files (x86)\NVIDIA Corporation\PhysX\Common;C:\Program Files\NVIDIA Corporation\NVIDIA NvDLISR;C:\WINDOWS\system32;C:\WINDOWS;C:\WINDOWS\System32\Wbem;C:\WINDOWS\System32\WindowsPowerShell\v1.0\;C:\WINDOWS\System32\OpenSSH\;C:\Program Files\Git\cmd;C:\Program Files\Docker\Docker\resources\bin;C:\Program Files\nodejs\;C:\Users\duong\AppData\Roaming\npm;C:\Program Files\PuTTY\;C:\Program Files\Cloudflare\Cloudflare WARP\;C:\Users\duong\Downloads\ezyplatform-sdk-0.0.9\ezyplatform-sdk\bin;C:\Users\duong\Downloads\apache-maven-3.9.8-bin\apache-maven-3.9.8\bin;C:\Program Files\Java\jdk1.8.0_202\bin;C:\Users\duong\AppData\Local\Programs\Python\Launcher\;C:\Users\duong\AppData\Local\Microsoft\WindowsApps;C:\Users\duong\AppData\Local\Programs\Microsoft VS Code\bin;C:\Users\duong\AppData\Local\GitHubDesktop\bin;C:\ProgramData\duong\GitHubDesktop\bin;C:\Users\duong\AppData\Roaming\npm;C:\Program Files\heroku\bin
USERNAME=duong
OS=Windows_NT
PROCESSOR_IDENTIFIER=AMD64 Family 25 Model 80 Stepping 0, AuthenticAMD



---------------  S Y S T E M  ---------------

OS:
 Windows 11 , 64 bit Build 22621 (10.0.22621.3672)
OS uptime: 3 days 4:42 hours
Hyper-V role detected

CPU: total 12 (initial active 12) (12 cores per cpu, 2 threads per core) family 25 model 80 stepping 0 microcode 0x0, cx8, cmov, fxsr, ht, mmx, 3dnowpref, sse, sse2, sse3, ssse3, sse4a, sse4.1, sse4.2, popcnt, lzcnt, tsc, tscinvbit, avx, avx2, aes, erms, clmul, bmi1, bmi2, adx, sha, fma, vzeroupper, clflush, clflushopt, hv

Memory: 4k page, system-wide physical 5996M (331M free)
TotalPageFile size 24428M (AvailPageFile size 5M)
current process WorkingSet (physical memory assigned to process): 277M, peak: 279M
current process commit charge ("private bytes"): 323M, peak: 339M

vm_info: Java HotSpot(TM) 64-Bit Server VM (17.0.8+9-LTS-211) for windows-amd64 JRE (17.0.8+9-LTS-211), built on Jun 14 2023 10:34:31 by "mach5one" with MS VC++ 17.1 (VS2022)

END.
