#
# There is insufficient memory for the Java Runtime Environment to continue.
# Native memory allocation (malloc) failed to allocate 965376 bytes for Chunk::new
# Possible reasons:
#   The system is out of physical RAM or swap space
#   The process is running with CompressedOops enabled, and the Java Heap may be blocking the growth of the native heap
# Possible solutions:
#   Reduce memory load on the system
#   Increase physical memory or swap space
#   Check if swap backing store is full
#   Decrease Java heap size (-Xmx/-Xms)
#   Decrease number of Java threads
#   Decrease Java thread stack sizes (-Xss)
#   Set larger code cache with -XX:ReservedCodeCacheSize=
#   JVM is running with Unscaled Compressed Oops mode in which the Java heap is
#     placed in the first 4GB address space. The Java Heap base address is the
#     maximum limit for the native heap growth. Please use -XX:HeapBaseMinAddress
#     to set the Java Heap base and to place the Java Heap above 4GB virtual address.
# This output file may be truncated or incomplete.
#
#  Out of Memory Error (arena.cpp:189), pid=1068, tid=13016
#
# JRE version: Java(TM) SE Runtime Environment (17.0.8+9) (build 17.0.8+9-LTS-211)
# Java VM: Java HotSpot(TM) 64-Bit Server VM (17.0.8+9-LTS-211, mixed mode, sharing, tiered, compressed oops, compressed class ptrs, g1 gc, windows-amd64)
# No core dump will be written. Minidumps are not enabled by default on client versions of Windows
#

---------------  S U M M A R Y ------------

Command Line: C:\Users\duong\AppData\Local\Temp\surefire9237182222729623352\surefirebooter1643876991102934132.jar C:\Users\duong\AppData\Local\Temp\surefire9237182222729623352 2024-06-28T17-07-46_422-jvmRun1 surefire17293363329558080754tmp surefire_07606737616802038725tmp

Host: AMD Ryzen 5 5600H with Radeon Graphics         , 12 cores, 5G,  Windows 11 , 64 bit Build 22621 (10.0.22621.3672)
Time: Fri Jun 28 17:08:03 2024 SE Asia Standard Time elapsed time: 16.556724 seconds (0d 0h 0m 16s)

---------------  T H R E A D  ---------------

Current thread (0x000001c216ba5300):  JavaThread "C2 CompilerThread0" daemon [_thread_in_native, id=13016, stack(0x0000000286d00000,0x0000000286e00000)]


Current CompileTask:
C2:  16556 6542       4       java.lang.Class::getMethodsRecursive (99 bytes)

Stack: [0x0000000286d00000,0x0000000286e00000]
Native frames: (J=compiled Java code, j=interpreted, Vv=VM code, C=native code)
V  [jvm.dll+0x677d0a]
V  [jvm.dll+0x7d8c54]
V  [jvm.dll+0x7da3fe]
V  [jvm.dll+0x7daa63]
V  [jvm.dll+0x245c5f]
V  [jvm.dll+0xaaa6b]
V  [jvm.dll+0xab00c]
V  [jvm.dll+0x361e8e]
V  [jvm.dll+0x1bb87a]
V  [jvm.dll+0x218157]
V  [jvm.dll+0x217431]
V  [jvm.dll+0x1a3af0]
V  [jvm.dll+0x2270be]
V  [jvm.dll+0x22535b]
V  [jvm.dll+0x78e7bc]
V  [jvm.dll+0x788bba]
V  [jvm.dll+0x676b35]
C  [ucrtbase.dll+0x29333]
C  [KERNEL32.DLL+0x1257d]
C  [ntdll.dll+0x5af28]


---------------  P R O C E S S  ---------------

Threads class SMR info:
_java_thread_list=0x000001c25e2ab090, length=17, elements={
0x000001c2777de590, 0x000001c216b82d80, 0x000001c216b83bf0, 0x000001c216b97430,
0x000001c216b97fe0, 0x000001c216b99ba0, 0x000001c216b9c560, 0x000001c216ba5300,
0x000001c216bad530, 0x000001c216bade30, 0x000001c25c0eede0, 0x000001c25c0f1550,
0x000001c25c130c10, 0x000001c25c222cb0, 0x000001c25f6b7bb0, 0x000001c25c2a5ec0,
0x000001c25f8dbb50
}

Java Threads: ( => current thread )
  0x000001c2777de590 JavaThread "main" [_thread_in_vm, id=20564, stack(0x0000000286000000,0x0000000286100000)]
  0x000001c216b82d80 JavaThread "Reference Handler" daemon [_thread_blocked, id=16792, stack(0x0000000286700000,0x0000000286800000)]
  0x000001c216b83bf0 JavaThread "Finalizer" daemon [_thread_blocked, id=16544, stack(0x0000000286800000,0x0000000286900000)]
  0x000001c216b97430 JavaThread "Signal Dispatcher" daemon [_thread_blocked, id=3828, stack(0x0000000286900000,0x0000000286a00000)]
  0x000001c216b97fe0 JavaThread "Attach Listener" daemon [_thread_blocked, id=2328, stack(0x0000000286a00000,0x0000000286b00000)]
  0x000001c216b99ba0 JavaThread "Service Thread" daemon [_thread_blocked, id=1928, stack(0x0000000286b00000,0x0000000286c00000)]
  0x000001c216b9c560 JavaThread "Monitor Deflation Thread" daemon [_thread_blocked, id=16360, stack(0x0000000286c00000,0x0000000286d00000)]
=>0x000001c216ba5300 JavaThread "C2 CompilerThread0" daemon [_thread_in_native, id=13016, stack(0x0000000286d00000,0x0000000286e00000)]
  0x000001c216bad530 JavaThread "C1 CompilerThread0" daemon [_thread_blocked, id=19676, stack(0x0000000286e00000,0x0000000286f00000)]
  0x000001c216bade30 JavaThread "Sweeper thread" daemon [_thread_blocked, id=2396, stack(0x0000000286f00000,0x0000000287000000)]
  0x000001c25c0eede0 JavaThread "Notification Thread" daemon [_thread_blocked, id=24492, stack(0x0000000287000000,0x0000000287100000)]
  0x000001c25c0f1550 JavaThread "Common-Cleaner" daemon [_thread_blocked, id=18448, stack(0x0000000287200000,0x0000000287300000)]
  0x000001c25c130c10 JavaThread "surefire-forkedjvm-command-thread" daemon [_thread_in_native, id=7956, stack(0x0000000287300000,0x0000000287400000)]
  0x000001c25c222cb0 JavaThread "surefire-forkedjvm-ping-30s" daemon [_thread_in_native, id=15772, stack(0x0000000287400000,0x0000000287500000)]
  0x000001c25f6b7bb0 JavaThread "mysql-cj-abandoned-connection-cleanup" daemon [_thread_blocked, id=19408, stack(0x0000000288000000,0x0000000288100000)]
  0x000001c25c2a5ec0 JavaThread "HikariPool-1 housekeeper" daemon [_thread_blocked, id=11152, stack(0x0000000287500000,0x0000000287600000)]
  0x000001c25f8dbb50 JavaThread "HikariPool-1 connection adder" daemon [_thread_blocked, id=5956, stack(0x0000000288400000,0x0000000288500000)]

Other Threads:
  0x000001c216b7cd80 VMThread "VM Thread" [stack: 0x0000000286600000,0x0000000286700000] [id=18544]
  0x000001c25c0f12c0 WatcherThread [stack: 0x0000000287100000,0x0000000287200000] [id=16212]
  0x000001c2798fbc50 GCTaskThread "GC Thread#0" [stack: 0x0000000286100000,0x0000000286200000] [id=22680]
  0x000001c25cadd490 GCTaskThread "GC Thread#1" [stack: 0x0000000287600000,0x0000000287700000] [id=17392]
  0x000001c25cc81850 GCTaskThread "GC Thread#2" [stack: 0x0000000287700000,0x0000000287800000] [id=26956]
  0x000001c25cd3aa00 GCTaskThread "GC Thread#3" [stack: 0x0000000287800000,0x0000000287900000] [id=6712]
  0x000001c25cd3acb0 GCTaskThread "GC Thread#4" [stack: 0x0000000287900000,0x0000000287a00000] [id=13968]
  0x000001c25cc9f780 GCTaskThread "GC Thread#5" [stack: 0x0000000287a00000,0x0000000287b00000] [id=27288]
  0x000001c25cc9fa30 GCTaskThread "GC Thread#6" [stack: 0x0000000287b00000,0x0000000287c00000] [id=26156]
  0x000001c25cf96dc0 GCTaskThread "GC Thread#7" [stack: 0x0000000287d00000,0x0000000287e00000] [id=13976]
  0x000001c25d9ff100 GCTaskThread "GC Thread#8" [stack: 0x0000000287e00000,0x0000000287f00000] [id=2644]
  0x000001c25d9ff3b0 GCTaskThread "GC Thread#9" [stack: 0x0000000287f00000,0x0000000288000000] [id=15028]
  0x000001c279908710 ConcurrentGCThread "G1 Main Marker" [stack: 0x0000000286200000,0x0000000286300000] [id=17960]
  0x000001c279909130 ConcurrentGCThread "G1 Conc#0" [stack: 0x0000000286300000,0x0000000286400000] [id=16044]
  0x000001c25d8fa480 ConcurrentGCThread "G1 Conc#1" [stack: 0x0000000288100000,0x0000000288200000] [id=16008]
  0x000001c25dfbdf50 ConcurrentGCThread "G1 Conc#2" [stack: 0x0000000288200000,0x0000000288300000] [id=18344]
  0x000001c216a3add0 ConcurrentGCThread "G1 Refine#0" [stack: 0x0000000286400000,0x0000000286500000] [id=23004]
  0x000001c25cd39bf0 ConcurrentGCThread "G1 Refine#1" [stack: 0x0000000287c00000,0x0000000287d00000] [id=14896]
  0x000001c216a3b7f0 ConcurrentGCThread "G1 Service" [stack: 0x0000000286500000,0x0000000286600000] [id=11476]

Threads with active compile tasks:
C2 CompilerThread0    16614 6542       4       java.lang.Class::getMethodsRecursive (99 bytes)

VM state: not at safepoint (normal execution)

VM Mutex/Monitor currently owned by a thread: None

Heap address: 0x00000000a2400000, size: 1500 MB, Compressed Oops mode: 32-bit

CDS archive(s) mapped at: [0x000001c217000000-0x000001c217bd0000-0x000001c217bd0000), size 12386304, SharedBaseAddress: 0x000001c217000000, ArchiveRelocationMode: 1.
Compressed class space mapped at: 0x000001c218000000-0x000001c258000000, reserved size: 1073741824
Narrow klass base: 0x000001c217000000, Narrow klass shift: 0, Narrow klass range: 0x100000000

GC Precious Log:
 CPUs: 12 total, 12 available
 Memory: 5996M
 Large Page Support: Disabled
 NUMA Support: Disabled
 Compressed Oops: Enabled (32-bit)
 Heap Region Size: 1M
 Heap Min Capacity: 8M
 Heap Initial Capacity: 94M
 Heap Max Capacity: 1500M
 Pre-touch: Disabled
 Parallel Workers: 10
 Concurrent Workers: 3
 Concurrent Refinement Workers: 10
 Periodic GC: Disabled

Heap:
 garbage-first heap   total 97280K, used 65622K [0x00000000a2400000, 0x0000000100000000)
  region size 1024K, 41 young (41984K), 5 survivors (5120K)
 Metaspace       used 59812K, committed 60224K, reserved 1114112K
  class space    used 7930K, committed 8128K, reserved 1048576K

Heap Regions: E=young(eden), S=young(survivor), O=old, HS=humongous(starts), HC=humongous(continues), CS=collection set, F=free, OA=open archive, CA=closed archive, TAMS=top-at-mark-start (previous, next)
|   0|0x00000000a2400000, 0x00000000a2500000, 0x00000000a2500000|100%|HS|  |TAMS 0x00000000a2500000, 0x00000000a2400000| Complete 
|   1|0x00000000a2500000, 0x00000000a2600000, 0x00000000a2600000|100%| O|  |TAMS 0x00000000a2600000, 0x00000000a2500000| Untracked 
|   2|0x00000000a2600000, 0x00000000a2700000, 0x00000000a2700000|100%| O|  |TAMS 0x00000000a2700000, 0x00000000a2600000| Untracked 
|   3|0x00000000a2700000, 0x00000000a2800000, 0x00000000a2800000|100%| O|  |TAMS 0x00000000a2800000, 0x00000000a2700000| Untracked 
|   4|0x00000000a2800000, 0x00000000a2900000, 0x00000000a2900000|100%| O|  |TAMS 0x00000000a2900000, 0x00000000a2800000| Untracked 
|   5|0x00000000a2900000, 0x00000000a2a00000, 0x00000000a2a00000|100%| O|  |TAMS 0x00000000a2a00000, 0x00000000a2900000| Untracked 
|   6|0x00000000a2a00000, 0x00000000a2b00000, 0x00000000a2b00000|100%| O|  |TAMS 0x00000000a2b00000, 0x00000000a2a00000| Untracked 
|   7|0x00000000a2b00000, 0x00000000a2c00000, 0x00000000a2c00000|100%| O|  |TAMS 0x00000000a2c00000, 0x00000000a2b00000| Untracked 
|   8|0x00000000a2c00000, 0x00000000a2d00000, 0x00000000a2d00000|100%| O|  |TAMS 0x00000000a2d00000, 0x00000000a2c00000| Untracked 
|   9|0x00000000a2d00000, 0x00000000a2e00000, 0x00000000a2e00000|100%| O|  |TAMS 0x00000000a2e00000, 0x00000000a2d00000| Untracked 
|  10|0x00000000a2e00000, 0x00000000a2f00000, 0x00000000a2f00000|100%| O|  |TAMS 0x00000000a2f00000, 0x00000000a2e00000| Untracked 
|  11|0x00000000a2f00000, 0x00000000a3000000, 0x00000000a3000000|100%| O|  |TAMS 0x00000000a3000000, 0x00000000a2f00000| Untracked 
|  12|0x00000000a3000000, 0x00000000a3100000, 0x00000000a3100000|100%| O|  |TAMS 0x00000000a3100000, 0x00000000a3000000| Untracked 
|  13|0x00000000a3100000, 0x00000000a3200000, 0x00000000a3200000|100%| O|  |TAMS 0x00000000a3200000, 0x00000000a3100000| Untracked 
|  14|0x00000000a3200000, 0x00000000a3300000, 0x00000000a3300000|100%| O|  |TAMS 0x00000000a3300000, 0x00000000a3200000| Untracked 
|  15|0x00000000a3300000, 0x00000000a3400000, 0x00000000a3400000|100%| O|  |TAMS 0x00000000a3400000, 0x00000000a3300000| Untracked 
|  16|0x00000000a3400000, 0x00000000a3500000, 0x00000000a3500000|100%| O|  |TAMS 0x00000000a3461200, 0x00000000a3400000| Untracked 
|  17|0x00000000a3500000, 0x00000000a3600000, 0x00000000a3600000|100%| O|  |TAMS 0x00000000a3500000, 0x00000000a3500000| Untracked 
|  18|0x00000000a3600000, 0x00000000a3700000, 0x00000000a3700000|100%| O|  |TAMS 0x00000000a3600000, 0x00000000a3600000| Untracked 
|  19|0x00000000a3700000, 0x00000000a3800000, 0x00000000a3800000|100%| O|  |TAMS 0x00000000a3700000, 0x00000000a3700000| Untracked 
|  20|0x00000000a3800000, 0x00000000a3900000, 0x00000000a3900000|100%| O|  |TAMS 0x00000000a3800000, 0x00000000a3800000| Untracked 
|  21|0x00000000a3900000, 0x00000000a3a00000, 0x00000000a3a00000|100%| O|  |TAMS 0x00000000a3900000, 0x00000000a3900000| Untracked 
|  22|0x00000000a3a00000, 0x00000000a3b00000, 0x00000000a3b00000|100%| O|  |TAMS 0x00000000a3a00000, 0x00000000a3a00000| Untracked 
|  23|0x00000000a3b00000, 0x00000000a3c00000, 0x00000000a3c00000|100%| O|  |TAMS 0x00000000a3b00000, 0x00000000a3b00000| Untracked 
|  24|0x00000000a3c00000, 0x00000000a3c3fe00, 0x00000000a3d00000| 24%| O|  |TAMS 0x00000000a3c00000, 0x00000000a3c00000| Untracked 
|  25|0x00000000a3d00000, 0x00000000a3d00000, 0x00000000a3e00000|  0%| F|  |TAMS 0x00000000a3d00000, 0x00000000a3d00000| Untracked 
|  26|0x00000000a3e00000, 0x00000000a3e00000, 0x00000000a3f00000|  0%| F|  |TAMS 0x00000000a3e00000, 0x00000000a3e00000| Untracked 
|  27|0x00000000a3f00000, 0x00000000a3f00000, 0x00000000a4000000|  0%| F|  |TAMS 0x00000000a3f00000, 0x00000000a3f00000| Untracked 
|  28|0x00000000a4000000, 0x00000000a4000000, 0x00000000a4100000|  0%| F|  |TAMS 0x00000000a4000000, 0x00000000a4000000| Untracked 
|  29|0x00000000a4100000, 0x00000000a4100000, 0x00000000a4200000|  0%| F|  |TAMS 0x00000000a4100000, 0x00000000a4100000| Untracked 
|  30|0x00000000a4200000, 0x00000000a4200000, 0x00000000a4300000|  0%| F|  |TAMS 0x00000000a4200000, 0x00000000a4200000| Untracked 
|  31|0x00000000a4300000, 0x00000000a4300000, 0x00000000a4400000|  0%| F|  |TAMS 0x00000000a4300000, 0x00000000a4300000| Untracked 
|  32|0x00000000a4400000, 0x00000000a4400000, 0x00000000a4500000|  0%| F|  |TAMS 0x00000000a4400000, 0x00000000a4400000| Untracked 
|  33|0x00000000a4500000, 0x00000000a4500000, 0x00000000a4600000|  0%| F|  |TAMS 0x00000000a4500000, 0x00000000a4500000| Untracked 
|  34|0x00000000a4600000, 0x00000000a4600000, 0x00000000a4700000|  0%| F|  |TAMS 0x00000000a4600000, 0x00000000a4600000| Untracked 
|  35|0x00000000a4700000, 0x00000000a4700000, 0x00000000a4800000|  0%| F|  |TAMS 0x00000000a4700000, 0x00000000a4700000| Untracked 
|  36|0x00000000a4800000, 0x00000000a4800000, 0x00000000a4900000|  0%| F|  |TAMS 0x00000000a4800000, 0x00000000a4800000| Untracked 
|  37|0x00000000a4900000, 0x00000000a4900000, 0x00000000a4a00000|  0%| F|  |TAMS 0x00000000a4900000, 0x00000000a4900000| Untracked 
|  38|0x00000000a4a00000, 0x00000000a4a00000, 0x00000000a4b00000|  0%| F|  |TAMS 0x00000000a4a00000, 0x00000000a4a00000| Untracked 
|  39|0x00000000a4b00000, 0x00000000a4b00000, 0x00000000a4c00000|  0%| F|  |TAMS 0x00000000a4b00000, 0x00000000a4b00000| Untracked 
|  40|0x00000000a4c00000, 0x00000000a4cd5cd0, 0x00000000a4d00000| 83%| S|CS|TAMS 0x00000000a4c00000, 0x00000000a4c00000| Complete 
|  41|0x00000000a4d00000, 0x00000000a4d00000, 0x00000000a4e00000|  0%| F|  |TAMS 0x00000000a4d00000, 0x00000000a4d00000| Untracked 
|  42|0x00000000a4e00000, 0x00000000a4e00000, 0x00000000a4f00000|  0%| F|  |TAMS 0x00000000a4e00000, 0x00000000a4e00000| Untracked 
|  43|0x00000000a4f00000, 0x00000000a4f00000, 0x00000000a5000000|  0%| F|  |TAMS 0x00000000a4f00000, 0x00000000a4f00000| Untracked 
|  44|0x00000000a5000000, 0x00000000a5000000, 0x00000000a5100000|  0%| F|  |TAMS 0x00000000a5000000, 0x00000000a5000000| Untracked 
|  45|0x00000000a5100000, 0x00000000a5100000, 0x00000000a5200000|  0%| F|  |TAMS 0x00000000a5100000, 0x00000000a5100000| Untracked 
|  46|0x00000000a5200000, 0x00000000a5200000, 0x00000000a5300000|  0%| F|  |TAMS 0x00000000a5200000, 0x00000000a5200000| Untracked 
|  47|0x00000000a5300000, 0x00000000a5400000, 0x00000000a5400000|100%| S|CS|TAMS 0x00000000a5300000, 0x00000000a5300000| Complete 
|  48|0x00000000a5400000, 0x00000000a5500000, 0x00000000a5500000|100%| S|CS|TAMS 0x00000000a5400000, 0x00000000a5400000| Complete 
|  49|0x00000000a5500000, 0x00000000a5600000, 0x00000000a5600000|100%| S|CS|TAMS 0x00000000a5500000, 0x00000000a5500000| Complete 
|  50|0x00000000a5600000, 0x00000000a5700000, 0x00000000a5700000|100%| S|CS|TAMS 0x00000000a5600000, 0x00000000a5600000| Complete 
|  51|0x00000000a5700000, 0x00000000a5700000, 0x00000000a5800000|  0%| F|  |TAMS 0x00000000a5700000, 0x00000000a5700000| Untracked 
|  52|0x00000000a5800000, 0x00000000a5800000, 0x00000000a5900000|  0%| F|  |TAMS 0x00000000a5800000, 0x00000000a5800000| Untracked 
|  53|0x00000000a5900000, 0x00000000a5900000, 0x00000000a5a00000|  0%| F|  |TAMS 0x00000000a5900000, 0x00000000a5900000| Untracked 
|  54|0x00000000a5a00000, 0x00000000a5a00000, 0x00000000a5b00000|  0%| F|  |TAMS 0x00000000a5a00000, 0x00000000a5a00000| Untracked 
|  55|0x00000000a5b00000, 0x00000000a5b00000, 0x00000000a5c00000|  0%| F|  |TAMS 0x00000000a5b00000, 0x00000000a5b00000| Untracked 
|  56|0x00000000a5c00000, 0x00000000a5c00000, 0x00000000a5d00000|  0%| F|  |TAMS 0x00000000a5c00000, 0x00000000a5c00000| Untracked 
|  57|0x00000000a5d00000, 0x00000000a5d00000, 0x00000000a5e00000|  0%| F|  |TAMS 0x00000000a5d00000, 0x00000000a5d00000| Untracked 
|  58|0x00000000a5e00000, 0x00000000a5e00000, 0x00000000a5f00000|  0%| F|  |TAMS 0x00000000a5e00000, 0x00000000a5e00000| Untracked 
|  59|0x00000000a5f00000, 0x00000000a5f80800, 0x00000000a6000000| 50%| E|  |TAMS 0x00000000a5f00000, 0x00000000a5f00000| Complete 
|  60|0x00000000a6000000, 0x00000000a6100000, 0x00000000a6100000|100%| E|CS|TAMS 0x00000000a6000000, 0x00000000a6000000| Complete 
|  61|0x00000000a6100000, 0x00000000a6200000, 0x00000000a6200000|100%| E|CS|TAMS 0x00000000a6100000, 0x00000000a6100000| Complete 
|  62|0x00000000a6200000, 0x00000000a6300000, 0x00000000a6300000|100%| E|CS|TAMS 0x00000000a6200000, 0x00000000a6200000| Complete 
|  63|0x00000000a6300000, 0x00000000a6400000, 0x00000000a6400000|100%| E|CS|TAMS 0x00000000a6300000, 0x00000000a6300000| Complete 
|  64|0x00000000a6400000, 0x00000000a6500000, 0x00000000a6500000|100%| E|CS|TAMS 0x00000000a6400000, 0x00000000a6400000| Complete 
|  65|0x00000000a6500000, 0x00000000a6600000, 0x00000000a6600000|100%| E|CS|TAMS 0x00000000a6500000, 0x00000000a6500000| Complete 
|  66|0x00000000a6600000, 0x00000000a6700000, 0x00000000a6700000|100%| E|CS|TAMS 0x00000000a6600000, 0x00000000a6600000| Complete 
|  67|0x00000000a6700000, 0x00000000a6800000, 0x00000000a6800000|100%| E|CS|TAMS 0x00000000a6700000, 0x00000000a6700000| Complete 
|  68|0x00000000a6800000, 0x00000000a6900000, 0x00000000a6900000|100%| E|CS|TAMS 0x00000000a6800000, 0x00000000a6800000| Complete 
|  69|0x00000000a6900000, 0x00000000a6a00000, 0x00000000a6a00000|100%| E|CS|TAMS 0x00000000a6900000, 0x00000000a6900000| Complete 
|  70|0x00000000a6a00000, 0x00000000a6b00000, 0x00000000a6b00000|100%| E|CS|TAMS 0x00000000a6a00000, 0x00000000a6a00000| Complete 
|  71|0x00000000a6b00000, 0x00000000a6c00000, 0x00000000a6c00000|100%| E|CS|TAMS 0x00000000a6b00000, 0x00000000a6b00000| Complete 
|  72|0x00000000a6c00000, 0x00000000a6d00000, 0x00000000a6d00000|100%| E|CS|TAMS 0x00000000a6c00000, 0x00000000a6c00000| Complete 
|  73|0x00000000a6d00000, 0x00000000a6e00000, 0x00000000a6e00000|100%| E|CS|TAMS 0x00000000a6d00000, 0x00000000a6d00000| Complete 
|  74|0x00000000a6e00000, 0x00000000a6f00000, 0x00000000a6f00000|100%| E|CS|TAMS 0x00000000a6e00000, 0x00000000a6e00000| Complete 
|  75|0x00000000a6f00000, 0x00000000a7000000, 0x00000000a7000000|100%| E|CS|TAMS 0x00000000a6f00000, 0x00000000a6f00000| Complete 
|  76|0x00000000a7000000, 0x00000000a7100000, 0x00000000a7100000|100%| E|CS|TAMS 0x00000000a7000000, 0x00000000a7000000| Complete 
|  77|0x00000000a7100000, 0x00000000a7200000, 0x00000000a7200000|100%| E|CS|TAMS 0x00000000a7100000, 0x00000000a7100000| Complete 
|  78|0x00000000a7200000, 0x00000000a7300000, 0x00000000a7300000|100%| E|CS|TAMS 0x00000000a7200000, 0x00000000a7200000| Complete 
|  79|0x00000000a7300000, 0x00000000a7400000, 0x00000000a7400000|100%| E|CS|TAMS 0x00000000a7300000, 0x00000000a7300000| Complete 
|  80|0x00000000a7400000, 0x00000000a7500000, 0x00000000a7500000|100%| E|CS|TAMS 0x00000000a7400000, 0x00000000a7400000| Complete 
|  81|0x00000000a7500000, 0x00000000a7600000, 0x00000000a7600000|100%| E|CS|TAMS 0x00000000a7500000, 0x00000000a7500000| Complete 
|  82|0x00000000a7600000, 0x00000000a7700000, 0x00000000a7700000|100%| E|CS|TAMS 0x00000000a7600000, 0x00000000a7600000| Complete 
|  83|0x00000000a7700000, 0x00000000a7800000, 0x00000000a7800000|100%| E|CS|TAMS 0x00000000a7700000, 0x00000000a7700000| Complete 
|  84|0x00000000a7800000, 0x00000000a7900000, 0x00000000a7900000|100%| E|CS|TAMS 0x00000000a7800000, 0x00000000a7800000| Complete 
|  85|0x00000000a7900000, 0x00000000a7a00000, 0x00000000a7a00000|100%| E|CS|TAMS 0x00000000a7900000, 0x00000000a7900000| Complete 
|  86|0x00000000a7a00000, 0x00000000a7b00000, 0x00000000a7b00000|100%| E|CS|TAMS 0x00000000a7a00000, 0x00000000a7a00000| Complete 
|  87|0x00000000a7b00000, 0x00000000a7c00000, 0x00000000a7c00000|100%| E|CS|TAMS 0x00000000a7b00000, 0x00000000a7b00000| Complete 
|  88|0x00000000a7c00000, 0x00000000a7d00000, 0x00000000a7d00000|100%| E|CS|TAMS 0x00000000a7c00000, 0x00000000a7c00000| Complete 
|  89|0x00000000a7d00000, 0x00000000a7e00000, 0x00000000a7e00000|100%| E|CS|TAMS 0x00000000a7d00000, 0x00000000a7d00000| Complete 
|  90|0x00000000a7e00000, 0x00000000a7f00000, 0x00000000a7f00000|100%| E|CS|TAMS 0x00000000a7e00000, 0x00000000a7e00000| Complete 
|  91|0x00000000a7f00000, 0x00000000a8000000, 0x00000000a8000000|100%| E|CS|TAMS 0x00000000a7f00000, 0x00000000a7f00000| Complete 
|  92|0x00000000a8000000, 0x00000000a8100000, 0x00000000a8100000|100%| E|CS|TAMS 0x00000000a8000000, 0x00000000a8000000| Complete 
|  93|0x00000000a8100000, 0x00000000a8200000, 0x00000000a8200000|100%| E|CS|TAMS 0x00000000a8100000, 0x00000000a8100000| Complete 
|  94|0x00000000a8200000, 0x00000000a8300000, 0x00000000a8300000|100%| E|CS|TAMS 0x00000000a8200000, 0x00000000a8200000| Complete 

Card table byte_map: [0x000001c27a1c0000,0x000001c27a4b0000] _byte_map_base: 0x000001c279cae000

Marking Bits (Prev, Next): (CMBitMap*) 0x000001c2798fc260, (CMBitMap*) 0x000001c2798fc2a0
 Prev Bits: [0x000001c27a7a0000, 0x000001c27bf10000)
 Next Bits: [0x000001c27bf10000, 0x000001c27d680000)

Polling page: 0x000001c277850000

Metaspace:

Usage:
  Non-class:     50.67 MB used.
      Class:      7.75 MB used.
       Both:     58.42 MB used.

Virtual space:
  Non-class space:       64.00 MB reserved,      50.88 MB ( 79%) committed,  1 nodes.
      Class space:        1.00 GB reserved,       7.94 MB ( <1%) committed,  1 nodes.
             Both:        1.06 GB reserved,      58.81 MB (  5%) committed. 

Chunk freelists:
   Non-Class:  13.00 MB
       Class:  7.94 MB
        Both:  20.94 MB

MaxMetaspaceSize: unlimited
CompressedClassSpaceSize: 1.00 GB
Initial GC threshold: 21.00 MB
Current GC threshold: 59.00 MB
CDS: on
MetaspaceReclaimPolicy: balanced
 - commit_granule_bytes: 65536.
 - commit_granule_words: 8192.
 - virtual_space_node_default_size: 8388608.
 - enlarge_chunks_in_place: 1.
 - new_chunks_are_fully_committed: 0.
 - uncommit_free_chunks: 1.
 - use_allocation_guard: 0.
 - handle_deallocations: 1.


Internal statistics:

num_allocs_failed_limit: 8.
num_arena_births: 514.
num_arena_deaths: 0.
num_vsnodes_births: 2.
num_vsnodes_deaths: 0.
num_space_committed: 941.
num_space_uncommitted: 0.
num_chunks_returned_to_freelist: 8.
num_chunks_taken_from_freelist: 2684.
num_chunk_merges: 8.
num_chunk_splits: 1876.
num_chunks_enlarged: 1427.
num_purges: 0.
num_inconsistent_stats: 0.

CodeHeap 'non-profiled nmethods': size=120000Kb used=3037Kb max_used=3042Kb free=116962Kb
 bounds [0x000001c20f2a0000, 0x000001c20f5d0000, 0x000001c2167d0000]
CodeHeap 'profiled nmethods': size=120000Kb used=12188Kb max_used=12381Kb free=107811Kb
 bounds [0x000001c2077d0000, 0x000001c2083f0000, 0x000001c20ed00000]
CodeHeap 'non-nmethods': size=5760Kb used=1334Kb max_used=1398Kb free=4425Kb
 bounds [0x000001c20ed00000, 0x000001c20ef70000, 0x000001c20f2a0000]
 total_blobs=7036 nmethods=6381 adapters=564
 compilation: enabled
              stopped_count=0, restarted_count=0
 full_count=0

Compilation events (20 events):
Event: 16.452 Thread 0x000001c216bad530 7251       1       org.hibernate.internal.SessionFactoryImpl$SessionBuilderImpl::isQueryParametersValidationEnabled (5 bytes)
Event: 16.452 Thread 0x000001c216bad530 nmethod 7251 0x000001c20f326790 code [0x000001c20f326920, 0x000001c20f3269f8]
Event: 16.452 Thread 0x000001c216bad530 7252       1       org.hibernate.internal.AbstractSharedSessionContract::setCacheMode (6 bytes)
Event: 16.452 Thread 0x000001c216bad530 nmethod 7252 0x000001c20f326490 code [0x000001c20f326620, 0x000001c20f326738]
Event: 16.452 Thread 0x000001c216bad530 7260       3       org.springframework.data.repository.core.support.DefaultRepositoryInformation::getQueryMethods (77 bytes)
Event: 16.454 Thread 0x000001c216bad530 nmethod 7260 0x000001c20833d890 code [0x000001c20833dbc0, 0x000001c20833f058]
Event: 16.454 Thread 0x000001c216bad530 7253       1       org.hibernate.internal.AbstractSharedSessionContract::getHibernateFlushMode (5 bytes)
Event: 16.454 Thread 0x000001c216bad530 nmethod 7253 0x000001c20f326190 code [0x000001c20f326320, 0x000001c20f3263f8]
Event: 16.454 Thread 0x000001c216bad530 7254       1       org.hibernate.internal.AbstractSharedSessionContract::setHibernateFlushMode (6 bytes)
Event: 16.454 Thread 0x000001c216bad530 nmethod 7254 0x000001c20f325e90 code [0x000001c20f326020, 0x000001c20f326138]
Event: 16.455 Thread 0x000001c216bad530 7255       1       org.springframework.orm.jpa.AbstractEntityManagerFactoryBean::getJpaDialect (5 bytes)
Event: 16.455 Thread 0x000001c216bad530 nmethod 7255 0x000001c20f325b90 code [0x000001c20f325d20, 0x000001c20f325df8]
Event: 16.455 Thread 0x000001c216bad530 7256       1       org.hibernate.internal.AbstractSharedSessionContract::shouldCloseJdbcCoordinatorOnClose (2 bytes)
Event: 16.455 Thread 0x000001c216bad530 nmethod 7256 0x000001c20f325890 code [0x000001c20f325a20, 0x000001c20f325af8]
Event: 16.455 Thread 0x000001c216bad530 7257       1       org.hibernate.resource.jdbc.internal.AbstractLogicalConnectionImplementor::getResourceRegistry (5 bytes)
Event: 16.455 Thread 0x000001c216bad530 nmethod 7257 0x000001c20f325590 code [0x000001c20f325720, 0x000001c20f3257f8]
Event: 16.455 Thread 0x000001c216bad530 7258       1       org.hibernate.internal.AbstractSharedSessionContract::getJdbcCoordinator (5 bytes)
Event: 16.455 Thread 0x000001c216bad530 nmethod 7258 0x000001c20f325290 code [0x000001c20f325420, 0x000001c20f3254f8]
Event: 16.455 Thread 0x000001c216bad530 7259       1       org.hibernate.engine.internal.StatefulPersistenceContext::getSession (5 bytes)
Event: 16.455 Thread 0x000001c216bad530 nmethod 7259 0x000001c20f324f90 code [0x000001c20f325120, 0x000001c20f3251f8]

GC Heap History (20 events):
Event: 2.827 GC heap before
{Heap before GC invocations=5 (full 0):
 garbage-first heap   total 51200K, used 39022K [0x00000000a2400000, 0x0000000100000000)
  region size 1024K, 30 young (30720K), 4 survivors (4096K)
 Metaspace       used 24354K, committed 24576K, reserved 1114112K
  class space    used 3184K, committed 3264K, reserved 1048576K
}
Event: 2.833 GC heap after
{Heap after GC invocations=6 (full 0):
 garbage-first heap   total 51200K, used 14635K [0x00000000a2400000, 0x0000000100000000)
  region size 1024K, 3 young (3072K), 3 survivors (3072K)
 Metaspace       used 24354K, committed 24576K, reserved 1114112K
  class space    used 3184K, committed 3264K, reserved 1048576K
}
Event: 2.859 GC heap before
{Heap before GC invocations=6 (full 0):
 garbage-first heap   total 51200K, used 15659K [0x00000000a2400000, 0x0000000100000000)
  region size 1024K, 4 young (4096K), 3 survivors (3072K)
 Metaspace       used 24465K, committed 24768K, reserved 1114112K
  class space    used 3197K, committed 3328K, reserved 1048576K
}
Event: 2.864 GC heap after
{Heap after GC invocations=7 (full 0):
 garbage-first heap   total 61440K, used 15014K [0x00000000a2400000, 0x0000000100000000)
  region size 1024K, 1 young (1024K), 1 survivors (1024K)
 Metaspace       used 24465K, committed 24768K, reserved 1114112K
  class space    used 3197K, committed 3328K, reserved 1048576K
}
Event: 3.623 GC heap before
{Heap before GC invocations=7 (full 0):
 garbage-first heap   total 61440K, used 42662K [0x00000000a2400000, 0x0000000100000000)
  region size 1024K, 28 young (28672K), 1 survivors (1024K)
 Metaspace       used 28101K, committed 28352K, reserved 1114112K
  class space    used 3693K, committed 3840K, reserved 1048576K
}
Event: 3.630 GC heap after
{Heap after GC invocations=8 (full 0):
 garbage-first heap   total 61440K, used 16850K [0x00000000a2400000, 0x0000000100000000)
  region size 1024K, 3 young (3072K), 3 survivors (3072K)
 Metaspace       used 28101K, committed 28352K, reserved 1114112K
  class space    used 3693K, committed 3840K, reserved 1048576K
}
Event: 4.218 GC heap before
{Heap before GC invocations=8 (full 0):
 garbage-first heap   total 61440K, used 43474K [0x00000000a2400000, 0x0000000100000000)
  region size 1024K, 29 young (29696K), 3 survivors (3072K)
 Metaspace       used 32017K, committed 32256K, reserved 1114112K
  class space    used 4240K, committed 4352K, reserved 1048576K
}
Event: 4.230 GC heap after
{Heap after GC invocations=9 (full 0):
 garbage-first heap   total 61440K, used 19195K [0x00000000a2400000, 0x0000000100000000)
  region size 1024K, 3 young (3072K), 3 survivors (3072K)
 Metaspace       used 32017K, committed 32256K, reserved 1114112K
  class space    used 4240K, committed 4352K, reserved 1048576K
}
Event: 4.672 GC heap before
{Heap before GC invocations=9 (full 0):
 garbage-first heap   total 61440K, used 31483K [0x00000000a2400000, 0x0000000100000000)
  region size 1024K, 17 young (17408K), 3 survivors (3072K)
 Metaspace       used 35964K, committed 36160K, reserved 1114112K
  class space    used 4892K, committed 4992K, reserved 1048576K
}
Event: 4.683 GC heap after
{Heap after GC invocations=10 (full 0):
 garbage-first heap   total 61440K, used 19992K [0x00000000a2400000, 0x0000000100000000)
  region size 1024K, 1 young (1024K), 1 survivors (1024K)
 Metaspace       used 35964K, committed 36160K, reserved 1114112K
  class space    used 4892K, committed 4992K, reserved 1048576K
}
Event: 7.203 GC heap before
{Heap before GC invocations=11 (full 0):
 garbage-first heap   total 61440K, used 46616K [0x00000000a2400000, 0x0000000100000000)
  region size 1024K, 27 young (27648K), 1 survivors (1024K)
 Metaspace       used 46017K, committed 46336K, reserved 1114112K
  class space    used 6173K, committed 6336K, reserved 1048576K
}
Event: 7.221 GC heap after
{Heap after GC invocations=12 (full 0):
 garbage-first heap   total 61440K, used 22822K [0x00000000a2400000, 0x0000000100000000)
  region size 1024K, 4 young (4096K), 4 survivors (4096K)
 Metaspace       used 46017K, committed 46336K, reserved 1114112K
  class space    used 6173K, committed 6336K, reserved 1048576K
}
Event: 8.002 GC heap before
{Heap before GC invocations=12 (full 0):
 garbage-first heap   total 61440K, used 45350K [0x00000000a2400000, 0x0000000100000000)
  region size 1024K, 27 young (27648K), 4 survivors (4096K)
 Metaspace       used 50000K, committed 50304K, reserved 1114112K
  class space    used 6797K, committed 6912K, reserved 1048576K
}
Event: 8.017 GC heap after
{Heap after GC invocations=13 (full 0):
 garbage-first heap   total 61440K, used 24113K [0x00000000a2400000, 0x0000000100000000)
  region size 1024K, 2 young (2048K), 2 survivors (2048K)
 Metaspace       used 50000K, committed 50304K, reserved 1114112K
  class space    used 6797K, committed 6912K, reserved 1048576K
}
Event: 14.181 GC heap before
{Heap before GC invocations=13 (full 0):
 garbage-first heap   total 61440K, used 46641K [0x00000000a2400000, 0x0000000100000000)
  region size 1024K, 24 young (24576K), 2 survivors (2048K)
 Metaspace       used 52900K, committed 53248K, reserved 1114112K
  class space    used 7140K, committed 7296K, reserved 1048576K
}
Event: 14.189 GC heap after
{Heap after GC invocations=14 (full 0):
 garbage-first heap   total 97280K, used 24980K [0x00000000a2400000, 0x0000000100000000)
  region size 1024K, 3 young (3072K), 3 survivors (3072K)
 Metaspace       used 52900K, committed 53248K, reserved 1114112K
  class space    used 7140K, committed 7296K, reserved 1048576K
}
Event: 15.403 GC heap before
{Heap before GC invocations=14 (full 0):
 garbage-first heap   total 97280K, used 74132K [0x00000000a2400000, 0x0000000100000000)
  region size 1024K, 51 young (52224K), 3 survivors (3072K)
 Metaspace       used 58279K, committed 58624K, reserved 1114112K
  class space    used 7818K, committed 8000K, reserved 1048576K
}
Event: 15.424 GC heap after
{Heap after GC invocations=15 (full 0):
 garbage-first heap   total 97280K, used 28094K [0x00000000a2400000, 0x0000000100000000)
  region size 1024K, 6 young (6144K), 6 survivors (6144K)
 Metaspace       used 58279K, committed 58624K, reserved 1114112K
  class space    used 7818K, committed 8000K, reserved 1048576K
}
Event: 15.894 GC heap before
{Heap before GC invocations=15 (full 0):
 garbage-first heap   total 97280K, used 73150K [0x00000000a2400000, 0x0000000100000000)
  region size 1024K, 50 young (51200K), 6 survivors (6144K)
 Metaspace       used 59019K, committed 59392K, reserved 1114112K
  class space    used 7871K, committed 8064K, reserved 1048576K
}
Event: 15.913 GC heap after
{Heap after GC invocations=16 (full 0):
 garbage-first heap   total 97280K, used 29782K [0x00000000a2400000, 0x0000000100000000)
  region size 1024K, 5 young (5120K), 5 survivors (5120K)
 Metaspace       used 59019K, committed 59392K, reserved 1114112K
  class space    used 7871K, committed 8064K, reserved 1048576K
}

Deoptimization events (20 events):
Event: 15.199 Thread 0x000001c2777de590 DEOPT PACKING pc=0x000001c20f392cac sp=0x00000002860fa900
Event: 15.199 Thread 0x000001c2777de590 DEOPT UNPACKING pc=0x000001c20ed523a3 sp=0x00000002860fa858 mode 2
Event: 15.200 Thread 0x000001c2777de590 Uncommon trap: trap_request=0xffffffde fr.pc=0x000001c20f413fc4 relative=0x0000000000000584
Event: 15.200 Thread 0x000001c2777de590 Uncommon trap: reason=class_check action=maybe_recompile pc=0x000001c20f413fc4 method=org.springframework.core.ResolvableType.resolveType()Lorg/springframework/core/ResolvableType; @ 117 c2
Event: 15.200 Thread 0x000001c2777de590 DEOPT PACKING pc=0x000001c20f413fc4 sp=0x00000002860fa930
Event: 15.200 Thread 0x000001c2777de590 DEOPT UNPACKING pc=0x000001c20ed523a3 sp=0x00000002860fa8e8 mode 2
Event: 15.846 Thread 0x000001c2777de590 Uncommon trap: trap_request=0xffffffde fr.pc=0x000001c20f392cac relative=0x0000000000001cac
Event: 15.846 Thread 0x000001c2777de590 Uncommon trap: reason=class_check action=maybe_recompile pc=0x000001c20f392cac method=org.springframework.util.ConcurrentReferenceHashMap$Segment.restructure(ZLorg/springframework/util/ConcurrentReferenceHashMap$Reference;)V @ 189 c2
Event: 15.846 Thread 0x000001c2777de590 DEOPT PACKING pc=0x000001c20f392cac sp=0x00000002860f98e0
Event: 15.846 Thread 0x000001c2777de590 DEOPT UNPACKING pc=0x000001c20ed523a3 sp=0x00000002860f9838 mode 2
Event: 16.203 Thread 0x000001c2777de590 Uncommon trap: trap_request=0xffffff45 fr.pc=0x000001c20f47d8f0 relative=0x00000000000010d0
Event: 16.203 Thread 0x000001c2777de590 Uncommon trap: reason=unstable_if action=reinterpret pc=0x000001c20f47d8f0 method=java.util.concurrent.ConcurrentHashMap.putVal(Ljava/lang/Object;Ljava/lang/Object;Z)Ljava/lang/Object; @ 401 c2
Event: 16.204 Thread 0x000001c2777de590 DEOPT PACKING pc=0x000001c20f47d8f0 sp=0x00000002860fc060
Event: 16.204 Thread 0x000001c2777de590 DEOPT UNPACKING pc=0x000001c20ed523a3 sp=0x00000002860fbff0 mode 2
Event: 16.327 Thread 0x000001c2777de590 Uncommon trap: trap_request=0xffffff45 fr.pc=0x000001c20f47c2f8 relative=0x0000000000000258
Event: 16.327 Thread 0x000001c2777de590 Uncommon trap: reason=unstable_if action=reinterpret pc=0x000001c20f47c2f8 method=java.util.concurrent.ConcurrentHashMap.get(Ljava/lang/Object;)Ljava/lang/Object; @ 86 c2
Event: 16.327 Thread 0x000001c2777de590 DEOPT PACKING pc=0x000001c20f47c2f8 sp=0x00000002860fa530
Event: 16.327 Thread 0x000001c2777de590 DEOPT UNPACKING pc=0x000001c20ed523a3 sp=0x00000002860fa498 mode 2
Event: 16.452 Thread 0x000001c2777de590 DEOPT PACKING pc=0x000001c207a7557e sp=0x00000002860fa7e0
Event: 16.452 Thread 0x000001c2777de590 DEOPT UNPACKING pc=0x000001c20ed52b43 sp=0x00000002860f9cf8 mode 0

Classes unloaded (0 events):
No events

Classes redefined (0 events):
No events

Internal exceptions (20 events):
Event: 16.268 Thread 0x000001c2777de590 Exception <a 'java/lang/ClassNotFoundException'{0x00000000a6d96cb0}: java/lang/ObjectCustomizer> (0x00000000a6d96cb0) 
thrown [s\open\src\hotspot\share\classfile\systemDictionary.cpp, line 256]
Event: 16.269 Thread 0x000001c2777de590 Exception <a 'java/lang/ClassNotFoundException'{0x00000000a6d9f5a0}: com/example/cruiseroyalebe/controller/SectionControllerCustomizer> (0x00000000a6d9f5a0) 
thrown [s\open\src\hotspot\share\classfile\systemDictionary.cpp, line 256]
Event: 16.274 Thread 0x000001c2777de590 Exception <a 'java/lang/ClassNotFoundException'{0x00000000a6db8ae8}: java/lang/ObjectCustomizer> (0x00000000a6db8ae8) 
thrown [s\open\src\hotspot\share\classfile\systemDictionary.cpp, line 256]
Event: 16.275 Thread 0x000001c2777de590 Exception <a 'java/lang/ClassNotFoundException'{0x00000000a6dc1768}: com/example/cruiseroyalebe/service/impl/CruiseDtSectionImgServiceImplCustomizer> (0x00000000a6dc1768) 
thrown [s\open\src\hotspot\share\classfile\systemDictionary.cpp, line 256]
Event: 16.276 Thread 0x000001c2777de590 Exception <a 'java/lang/ClassNotFoundException'{0x00000000a6dc9f10}: com/example/cruiseroyalebe/service/CruiseDtSectionImgServiceCustomizer> (0x00000000a6dc9f10) 
thrown [s\open\src\hotspot\share\classfile\systemDictionary.cpp, line 256]
Event: 16.286 Thread 0x000001c2777de590 Exception <a 'java/lang/ClassNotFoundException'{0x00000000a6c2e380}: java/lang/ObjectCustomizer> (0x00000000a6c2e380) 
thrown [s\open\src\hotspot\share\classfile\systemDictionary.cpp, line 256]
Event: 16.288 Thread 0x000001c2777de590 Exception <a 'java/lang/ClassNotFoundException'{0x00000000a6c36d20}: com/example/cruiseroyalebe/controller/SectionImageControllerCustomizer> (0x00000000a6c36d20) 
thrown [s\open\src\hotspot\share\classfile\systemDictionary.cpp, line 256]
Event: 16.291 Thread 0x000001c2777de590 Exception <a 'java/lang/ClassNotFoundException'{0x00000000a6c4e0e0}: java/lang/ObjectCustomizer> (0x00000000a6c4e0e0) 
thrown [s\open\src\hotspot\share\classfile\systemDictionary.cpp, line 256]
Event: 16.292 Thread 0x000001c2777de590 Exception <a 'java/lang/ClassNotFoundException'{0x00000000a6c56960}: com/example/cruiseroyalebe/service/impl/TagServiceImplCustomizer> (0x00000000a6c56960) 
thrown [s\open\src\hotspot\share\classfile\systemDictionary.cpp, line 256]
Event: 16.294 Thread 0x000001c2777de590 Exception <a 'java/lang/ClassNotFoundException'{0x00000000a6c64de0}: com/example/cruiseroyalebe/service/TagServiceCustomizer> (0x00000000a6c64de0) 
thrown [s\open\src\hotspot\share\classfile\systemDictionary.cpp, line 256]
Event: 16.307 Thread 0x000001c2777de590 Exception <a 'java/lang/ClassNotFoundException'{0x00000000a6ce9b70}: java/lang/ObjectCustomizer> (0x00000000a6ce9b70) 
thrown [s\open\src\hotspot\share\classfile\systemDictionary.cpp, line 256]
Event: 16.309 Thread 0x000001c2777de590 Exception <a 'java/lang/ClassNotFoundException'{0x00000000a6cf22f0}: com/example/cruiseroyalebe/controller/TagControllerCustomizer> (0x00000000a6cf22f0) 
thrown [s\open\src\hotspot\share\classfile\systemDictionary.cpp, line 256]
Event: 16.330 Thread 0x000001c2777de590 Exception <a 'java/lang/ClassNotFoundException'{0x00000000a6b46528}: java/lang/ObjectCustomizer> (0x00000000a6b46528) 
thrown [s\open\src\hotspot\share\classfile\systemDictionary.cpp, line 256]
Event: 16.331 Thread 0x000001c2777de590 Exception <a 'java/lang/ClassNotFoundException'{0x00000000a6b4f2a0}: com/example/cruiseroyalebe/entity/UserImageCustomizer> (0x00000000a6b4f2a0) 
thrown [s\open\src\hotspot\share\classfile\systemDictionary.cpp, line 256]
Event: 16.382 Thread 0x000001c2777de590 Exception <a 'java/lang/ClassNotFoundException'{0x00000000a6648fb0}: java/lang/ObjectCustomizer> (0x00000000a6648fb0) 
thrown [s\open\src\hotspot\share\classfile\systemDictionary.cpp, line 256]
Event: 16.385 Thread 0x000001c2777de590 Exception <a 'java/lang/ClassNotFoundException'{0x00000000a6651950}: com/example/cruiseroyalebe/service/impl/UserImageServiceImplCustomizer> (0x00000000a6651950) 
thrown [s\open\src\hotspot\share\classfile\systemDictionary.cpp, line 256]
Event: 16.396 Thread 0x000001c2777de590 Exception <a 'java/lang/ClassNotFoundException'{0x00000000a66be408}: java/lang/ObjectCustomizer> (0x00000000a66be408) 
thrown [s\open\src\hotspot\share\classfile\systemDictionary.cpp, line 256]
Event: 16.397 Thread 0x000001c2777de590 Exception <a 'java/lang/ClassNotFoundException'{0x00000000a66c6d48}: com/example/cruiseroyalebe/controller/UserImageControllerCustomizer> (0x00000000a66c6d48) 
thrown [s\open\src\hotspot\share\classfile\systemDictionary.cpp, line 256]
Event: 16.408 Thread 0x000001c2777de590 Exception <a 'java/lang/ClassNotFoundException'{0x00000000a6503a70}: java/lang/ObjectCustomizer> (0x00000000a6503a70) 
thrown [s\open\src\hotspot\share\classfile\systemDictionary.cpp, line 256]
Event: 16.410 Thread 0x000001c2777de590 Exception <a 'java/lang/ClassNotFoundException'{0x00000000a650c3f0}: com/example/cruiseroyalebe/exception/CustomExceptionHandlerCustomizer> (0x00000000a650c3f0) 
thrown [s\open\src\hotspot\share\classfile\systemDictionary.cpp, line 256]

VM Operations (20 events):
Event: 11.364 Executing VM operation: HandshakeAllThreads
Event: 11.365 Executing VM operation: HandshakeAllThreads done
Event: 12.373 Executing VM operation: Cleanup
Event: 12.374 Executing VM operation: Cleanup done
Event: 14.172 Executing VM operation: HandshakeAllThreads
Event: 14.172 Executing VM operation: HandshakeAllThreads done
Event: 14.172 Executing VM operation: Cleanup
Event: 14.172 Executing VM operation: Cleanup done
Event: 14.180 Executing VM operation: G1CollectForAllocation
Event: 14.189 Executing VM operation: G1CollectForAllocation done
Event: 14.260 Executing VM operation: HandshakeAllThreads
Event: 14.260 Executing VM operation: HandshakeAllThreads done
Event: 14.843 Executing VM operation: HandshakeAllThreads
Event: 14.844 Executing VM operation: HandshakeAllThreads done
Event: 15.264 Executing VM operation: ICBufferFull
Event: 15.265 Executing VM operation: ICBufferFull done
Event: 15.402 Executing VM operation: G1CollectForAllocation
Event: 15.424 Executing VM operation: G1CollectForAllocation done
Event: 15.894 Executing VM operation: G1CollectForAllocation
Event: 15.913 Executing VM operation: G1CollectForAllocation done

Events (20 events):
Event: 16.307 loading class java/lang/ObjectCustomizer
Event: 16.307 loading class java/lang/ObjectCustomizer done
Event: 16.307 loading class java/lang/ObjectCustomizer
Event: 16.307 loading class java/lang/ObjectCustomizer done
Event: 16.330 loading class java/lang/ObjectCustomizer
Event: 16.330 loading class java/lang/ObjectCustomizer done
Event: 16.330 loading class java/lang/ObjectCustomizer
Event: 16.330 loading class java/lang/ObjectCustomizer done
Event: 16.381 loading class java/lang/ObjectCustomizer
Event: 16.381 loading class java/lang/ObjectCustomizer done
Event: 16.381 loading class java/lang/ObjectCustomizer
Event: 16.381 loading class java/lang/ObjectCustomizer done
Event: 16.396 loading class java/lang/ObjectCustomizer
Event: 16.396 loading class java/lang/ObjectCustomizer done
Event: 16.396 loading class java/lang/ObjectCustomizer
Event: 16.396 loading class java/lang/ObjectCustomizer done
Event: 16.407 loading class java/lang/ObjectCustomizer
Event: 16.407 loading class java/lang/ObjectCustomizer done
Event: 16.408 loading class java/lang/ObjectCustomizer
Event: 16.408 loading class java/lang/ObjectCustomizer done


Dynamic libraries:
0x00007ff74dcb0000 - 0x00007ff74dcc0000 	C:\Program Files\Java\jdk-17\bin\java.exe
0x00007ff8b2dd0000 - 0x00007ff8b2fe7000 	C:\WINDOWS\SYSTEM32\ntdll.dll
0x00007ff8b1270000 - 0x00007ff8b1334000 	C:\WINDOWS\System32\KERNEL32.DLL
0x00007ff8b0500000 - 0x00007ff8b08ac000 	C:\WINDOWS\System32\KERNELBASE.dll
0x00007ff8b0100000 - 0x00007ff8b0211000 	C:\WINDOWS\System32\ucrtbase.dll
0x00007ff89a580000 - 0x00007ff89a599000 	C:\Program Files\Java\jdk-17\bin\jli.dll
0x00007ff89eb30000 - 0x00007ff89eb4b000 	C:\Program Files\Java\jdk-17\bin\VCRUNTIME140.dll
0x00007ff8b1c90000 - 0x00007ff8b1d42000 	C:\WINDOWS\System32\ADVAPI32.dll
0x00007ff8b15b0000 - 0x00007ff8b1657000 	C:\WINDOWS\System32\msvcrt.dll
0x00007ff8b1010000 - 0x00007ff8b10ba000 	C:\WINDOWS\System32\sechost.dll
0x00007ff8b04d0000 - 0x00007ff8b04f8000 	C:\WINDOWS\System32\bcrypt.dll
0x00007ff8b1ae0000 - 0x00007ff8b1bf5000 	C:\WINDOWS\System32\RPCRT4.dll
0x00007ff8b0b10000 - 0x00007ff8b0cbe000 	C:\WINDOWS\System32\USER32.dll
0x00007ff8b0ae0000 - 0x00007ff8b0b06000 	C:\WINDOWS\System32\win32u.dll
0x00007ff8b1340000 - 0x00007ff8b1369000 	C:\WINDOWS\System32\GDI32.dll
0x00007ff8b0920000 - 0x00007ff8b0a39000 	C:\WINDOWS\System32\gdi32full.dll
0x00007ff8b0a40000 - 0x00007ff8b0ada000 	C:\WINDOWS\System32\msvcp_win.dll
0x00007ff89ed90000 - 0x00007ff89f023000 	C:\WINDOWS\WinSxS\amd64_microsoft.windows.common-controls_6595b64144ccf1df_6.0.22621.3672_none_2713b9d173822955\COMCTL32.dll
0x00007ff8a6d20000 - 0x00007ff8a6d2a000 	C:\WINDOWS\SYSTEM32\VERSION.dll
0x00007ff8b1220000 - 0x00007ff8b1251000 	C:\WINDOWS\System32\IMM32.DLL
0x00007ff89f8c0000 - 0x00007ff89f8cc000 	C:\Program Files\Java\jdk-17\bin\vcruntime140_1.dll
0x00007ff8975d0000 - 0x00007ff89765e000 	C:\Program Files\Java\jdk-17\bin\msvcp140.dll
0x00007ff863320000 - 0x00007ff863efe000 	C:\Program Files\Java\jdk-17\bin\server\jvm.dll
0x00007ff8b0f80000 - 0x00007ff8b0f88000 	C:\WINDOWS\System32\PSAPI.DLL
0x00007ff8a99d0000 - 0x00007ff8a9a04000 	C:\WINDOWS\SYSTEM32\WINMM.dll
0x00007ff8ab780000 - 0x00007ff8ab789000 	C:\WINDOWS\SYSTEM32\WSOCK32.dll
0x00007ff8b1380000 - 0x00007ff8b13f1000 	C:\WINDOWS\System32\WS2_32.dll
0x00007ff8af160000 - 0x00007ff8af178000 	C:\WINDOWS\SYSTEM32\kernel.appcore.dll
0x00007ff89ea20000 - 0x00007ff89ea2a000 	C:\Program Files\Java\jdk-17\bin\jimage.dll
0x00007ff8adc60000 - 0x00007ff8ade92000 	C:\WINDOWS\SYSTEM32\DBGHELP.DLL
0x00007ff8b2610000 - 0x00007ff8b2998000 	C:\WINDOWS\System32\combase.dll
0x00007ff8b0da0000 - 0x00007ff8b0e77000 	C:\WINDOWS\System32\OLEAUT32.dll
0x00007ff886680000 - 0x00007ff8866b2000 	C:\WINDOWS\SYSTEM32\dbgcore.DLL
0x00007ff8b0220000 - 0x00007ff8b029b000 	C:\WINDOWS\System32\bcryptPrimitives.dll
0x00007ff89a330000 - 0x00007ff89a355000 	C:\Program Files\Java\jdk-17\bin\java.dll
0x00007ff88c9c0000 - 0x00007ff88ca97000 	C:\Program Files\Java\jdk-17\bin\jsvml.dll
0x00007ff8b1d50000 - 0x00007ff8b25ac000 	C:\WINDOWS\System32\SHELL32.dll
0x00007ff8ae000000 - 0x00007ff8ae8f7000 	C:\WINDOWS\SYSTEM32\windows.storage.dll
0x00007ff8adec0000 - 0x00007ff8adfff000 	C:\WINDOWS\SYSTEM32\wintypes.dll
0x00007ff8b0e80000 - 0x00007ff8b0f74000 	C:\WINDOWS\System32\SHCORE.dll
0x00007ff8b2be0000 - 0x00007ff8b2c3e000 	C:\WINDOWS\System32\shlwapi.dll
0x00007ff8b0030000 - 0x00007ff8b0051000 	C:\WINDOWS\SYSTEM32\profapi.dll
0x00007ff89f8e0000 - 0x00007ff89f8f9000 	C:\Program Files\Java\jdk-17\bin\net.dll
0x00007ff8aa9f0000 - 0x00007ff8aab26000 	C:\WINDOWS\SYSTEM32\WINHTTP.dll
0x00007ff8af5c0000 - 0x00007ff8af629000 	C:\WINDOWS\system32\mswsock.dll
0x00007ff898990000 - 0x00007ff8989a6000 	C:\Program Files\Java\jdk-17\bin\nio.dll
0x00007ff898850000 - 0x00007ff898868000 	C:\Program Files\Java\jdk-17\bin\zip.dll
0x00007ff89a570000 - 0x00007ff89a57a000 	C:\Program Files\Java\jdk-17\bin\management.dll
0x00007ff89a320000 - 0x00007ff89a32b000 	C:\Program Files\Java\jdk-17\bin\management_ext.dll
0x00007ff89b120000 - 0x00007ff89b130000 	C:\Program Files\Java\jdk-17\bin\verify.dll
0x00007ff882810000 - 0x00007ff882827000 	C:\WINDOWS\system32\napinsp.dll
0x00007ff8827f0000 - 0x00007ff88280b000 	C:\WINDOWS\system32\pnrpnsp.dll
0x00007ff8827c0000 - 0x00007ff8827e7000 	C:\WINDOWS\system32\nlansp_c.dll
0x00007ff8aebd0000 - 0x00007ff8aecc8000 	C:\WINDOWS\SYSTEM32\DNSAPI.dll
0x00007ff8aeb60000 - 0x00007ff8aeb8d000 	C:\WINDOWS\SYSTEM32\IPHLPAPI.DLL
0x00007ff8b1370000 - 0x00007ff8b1379000 	C:\WINDOWS\System32\NSI.dll
0x00007ff8827a0000 - 0x00007ff8827b1000 	C:\WINDOWS\System32\winrnr.dll
0x00007ff8aa6c0000 - 0x00007ff8aa6d5000 	C:\WINDOWS\system32\wshbth.dll
0x00007ff892230000 - 0x00007ff89223a000 	C:\Windows\System32\rasadhlp.dll
0x00007ff8aa000000 - 0x00007ff8aa083000 	C:\WINDOWS\System32\fwpuclnt.dll
0x00007ff8af860000 - 0x00007ff8af87b000 	C:\WINDOWS\SYSTEM32\CRYPTSP.dll
0x00007ff8af0c0000 - 0x00007ff8af0f5000 	C:\WINDOWS\system32\rsaenh.dll
0x00007ff8af660000 - 0x00007ff8af688000 	C:\WINDOWS\SYSTEM32\USERENV.dll
0x00007ff8af7d0000 - 0x00007ff8af7dc000 	C:\WINDOWS\SYSTEM32\CRYPTBASE.dll
0x00007ff8ab750000 - 0x00007ff8ab769000 	C:\WINDOWS\SYSTEM32\dhcpcsvc6.DLL
0x00007ff8aaf60000 - 0x00007ff8aaf7f000 	C:\WINDOWS\SYSTEM32\dhcpcsvc.DLL
0x00007ff898c00000 - 0x00007ff898c0e000 	C:\Program Files\Java\jdk-17\bin\sunmscapi.dll
0x00007ff8b0360000 - 0x00007ff8b04c7000 	C:\WINDOWS\System32\CRYPT32.dll
0x00007ff8afa10000 - 0x00007ff8afa3e000 	C:\WINDOWS\SYSTEM32\ncrypt.dll
0x00007ff8af9d0000 - 0x00007ff8afa07000 	C:\WINDOWS\SYSTEM32\NTASN1.dll

dbghelp: loaded successfully - version: 4.0.5 - missing functions: none
symbol engine: initialized successfully - sym options: 0x614 - pdb path: .;C:\Program Files\Java\jdk-17\bin;C:\WINDOWS\SYSTEM32;C:\WINDOWS\WinSxS\amd64_microsoft.windows.common-controls_6595b64144ccf1df_6.0.22621.3672_none_2713b9d173822955;C:\Program Files\Java\jdk-17\bin\server

VM Arguments:
java_command: C:\Users\duong\AppData\Local\Temp\surefire9237182222729623352\surefirebooter1643876991102934132.jar C:\Users\duong\AppData\Local\Temp\surefire9237182222729623352 2024-06-28T17-07-46_422-jvmRun1 surefire17293363329558080754tmp surefire_07606737616802038725tmp
java_class_path (initial): C:\Users\duong\AppData\Local\Temp\surefire9237182222729623352\surefirebooter1643876991102934132.jar
Launcher Type: SUN_STANDARD

[Global flags]
     intx CICompilerCount                          = 4                                         {product} {ergonomic}
     uint ConcGCThreads                            = 3                                         {product} {ergonomic}
     uint G1ConcRefinementThreads                  = 10                                        {product} {ergonomic}
   size_t G1HeapRegionSize                         = 1048576                                   {product} {ergonomic}
    uintx GCDrainStackTargetSize                   = 64                                        {product} {ergonomic}
   size_t InitialHeapSize                          = 98566144                                  {product} {ergonomic}
   size_t MarkStackSize                            = 4194304                                   {product} {ergonomic}
   size_t MaxHeapSize                              = 1572864000                                {product} {ergonomic}
   size_t MaxNewSize                               = 943718400                                 {product} {ergonomic}
   size_t MinHeapDeltaBytes                        = 1048576                                   {product} {ergonomic}
   size_t MinHeapSize                              = 8388608                                   {product} {ergonomic}
    uintx NonNMethodCodeHeapSize                   = 5839372                                {pd product} {ergonomic}
    uintx NonProfiledCodeHeapSize                  = 122909434                              {pd product} {ergonomic}
    uintx ProfiledCodeHeapSize                     = 122909434                              {pd product} {ergonomic}
    uintx ReservedCodeCacheSize                    = 251658240                              {pd product} {ergonomic}
     bool SegmentedCodeCache                       = true                                      {product} {ergonomic}
   size_t SoftMaxHeapSize                          = 1572864000                             {manageable} {ergonomic}
     bool UseCompressedClassPointers               = true                           {product lp64_product} {ergonomic}
     bool UseCompressedOops                        = true                           {product lp64_product} {ergonomic}
     bool UseG1GC                                  = true                                      {product} {ergonomic}
     bool UseLargePagesIndividualAllocation        = false                                  {pd product} {ergonomic}

Logging:
Log output configuration:
 #0: stdout all=warning uptime,level,tags
 #1: stderr all=off uptime,level,tags

Environment Variables:
PATH=C:\Program Files\Common Files\Oracle\Java\javapath;C:\Windows\system32;C:\Windows;C:\Windows\System32\Wbem;C:\Windows\System32\WindowsPowerShell\v1.0\;C:\Windows\System32\OpenSSH\;C:\Program Files (x86)\NVIDIA Corporation\PhysX\Common;C:\Program Files\NVIDIA Corporation\NVIDIA NvDLISR;C:\WINDOWS\system32;C:\WINDOWS;C:\WINDOWS\System32\Wbem;C:\WINDOWS\System32\WindowsPowerShell\v1.0\;C:\WINDOWS\System32\OpenSSH\;C:\Program Files\Git\cmd;C:\Program Files\Docker\Docker\resources\bin;C:\Program Files\nodejs\;C:\Users\duong\AppData\Roaming\npm;C:\Program Files\PuTTY\;C:\Program Files\Cloudflare\Cloudflare WARP\;C:\Users\duong\AppData\Local\Programs\Python\Launcher\;C:\Users\duong\AppData\Local\Microsoft\WindowsApps;C:\Users\duong\AppData\Local\Programs\Microsoft VS Code\bin;C:\Users\duong\AppData\Local\GitHubDesktop\bin;C:\ProgramData\duong\GitHubDesktop\bin;C:\Users\duong\AppData\Roaming\npm;C:\Program Files\heroku\bin
USERNAME=duong
OS=Windows_NT
PROCESSOR_IDENTIFIER=AMD64 Family 25 Model 80 Stepping 0, AuthenticAMD



---------------  S Y S T E M  ---------------

OS:
 Windows 11 , 64 bit Build 22621 (10.0.22621.3672)
OS uptime: 2 days 7:16 hours
Hyper-V role detected

CPU: total 12 (initial active 12) (12 cores per cpu, 2 threads per core) family 25 model 80 stepping 0 microcode 0x0, cx8, cmov, fxsr, ht, mmx, 3dnowpref, sse, sse2, sse3, ssse3, sse4a, sse4.1, sse4.2, popcnt, lzcnt, tsc, tscinvbit, avx, avx2, aes, erms, clmul, bmi1, bmi2, adx, sha, fma, vzeroupper, clflush, clflushopt, hv

Memory: 4k page, system-wide physical 5996M (286M free)
TotalPageFile size 24428M (AvailPageFile size 91M)
current process WorkingSet (physical memory assigned to process): 229M, peak: 247M
current process commit charge ("private bytes"): 315M, peak: 317M

vm_info: Java HotSpot(TM) 64-Bit Server VM (17.0.8+9-LTS-211) for windows-amd64 JRE (17.0.8+9-LTS-211), built on Jun 14 2023 10:34:31 by "mach5one" with MS VC++ 17.1 (VS2022)

END.
