#
# There is insufficient memory for the Java Runtime Environment to continue.
# Native memory allocation (mmap) failed to map 203423744 bytes for G1 virtual space
# Possible reasons:
#   The system is out of physical RAM or swap space
#   The process is running with CompressedOops enabled, and the Java Heap may be blocking the growth of the native heap
# Possible solutions:
#   Reduce memory load on the system
#   Increase physical memory or swap space
#   Check if swap backing store is full
#   Decrease Java heap size (-Xmx/-Xms)
#   Decrease number of Java threads
#   Decrease Java thread stack sizes (-Xss)
#   Set larger code cache with -XX:ReservedCodeCacheSize=
#   JVM is running with Unscaled Compressed Oops mode in which the Java heap is
#     placed in the first 4GB address space. The Java Heap base address is the
#     maximum limit for the native heap growth. Please use -XX:HeapBaseMinAddress
#     to set the Java Heap base and to place the Java Heap above 4GB virtual address.
# This output file may be truncated or incomplete.
#
#  Out of Memory Error (os_windows.cpp:3550), pid=20084, tid=23840
#
# JRE version: Java(TM) SE Runtime Environment (17.0.8+9) (build 17.0.8+9-LTS-211)
# Java VM: Java HotSpot(TM) 64-Bit Server VM (17.0.8+9-LTS-211, mixed mode, sharing, tiered, compressed oops, compressed class ptrs, g1 gc, windows-amd64)
# No core dump will be written. Minidumps are not enabled by default on client versions of Windows
#

---------------  S U M M A R Y ------------

Command Line: -javaagent:C:\Users\duong\AppData\Local\Programs\IntelliJ IDEA Ultimate 2024.1.2\lib\idea_rt.jar=64459:C:\Users\duong\AppData\Local\Programs\IntelliJ IDEA Ultimate 2024.1.2\bin -Dfile.encoding=UTF-8 com.example.cruiseroyalebe.CruiseRoyaleBeApplication

Host: AMD Ryzen 5 5600H with Radeon Graphics         , 12 cores, 5G,  Windows 11 , 64 bit Build 22621 (10.0.22621.3672)
Time: Sat Jun  8 20:16:13 2024 SE Asia Standard Time elapsed time: 386.524913 seconds (0d 0h 6m 26s)

---------------  T H R E A D  ---------------

Current thread (0x00000261ffd1f3c0):  VMThread "VM Thread" [stack: 0x0000007fab700000,0x0000007fab800000] [id=23840]

Stack: [0x0000007fab700000,0x0000007fab800000]
Native frames: (J=compiled Java code, j=interpreted, Vv=VM code, C=native code)
V  [jvm.dll+0x677d0a]
V  [jvm.dll+0x7d8c54]
V  [jvm.dll+0x7da3fe]
V  [jvm.dll+0x7daa63]
V  [jvm.dll+0x245c5f]
V  [jvm.dll+0x674bb9]
V  [jvm.dll+0x6694f2]
V  [jvm.dll+0x3031d6]
V  [jvm.dll+0x30a756]
V  [jvm.dll+0x359f9e]
V  [jvm.dll+0x35a1cf]
V  [jvm.dll+0x2da3e8]
V  [jvm.dll+0x2d87f5]
V  [jvm.dll+0x2d7dfc]
V  [jvm.dll+0x31b7f1]
V  [jvm.dll+0x7df26b]
V  [jvm.dll+0x7dffa4]
V  [jvm.dll+0x7e04bd]
V  [jvm.dll+0x7e0894]
V  [jvm.dll+0x7e0960]
V  [jvm.dll+0x788bba]
V  [jvm.dll+0x676b35]
C  [ucrtbase.dll+0x29333]
C  [KERNEL32.DLL+0x1257d]
C  [ntdll.dll+0x5aa48]

VM_Operation (0x0000007fadcf6988): G1TryInitiateConcMark, mode: safepoint, requested by thread 0x00000261e0a001a0


---------------  P R O C E S S  ---------------

Threads class SMR info:
_java_thread_list=0x00000261e2f3bd60, length=30, elements={
0x00000261ffd272d0, 0x00000261ffd27f40, 0x00000261ffd35c50, 0x00000261ffd38610,
0x00000261ffd39fd0, 0x00000261ffd3c990, 0x00000261ffd3e750, 0x00000261ffd527c0,
0x00000261ffd73df0, 0x00000261ffd0f3f0, 0x0000026196cb9ee0, 0x0000026196cbdbc0,
0x00000261ddf88db0, 0x0000026196a3cb00, 0x00000261e0a014e0, 0x00000261e0a00670,
0x00000261e0a01e80, 0x00000261e0a019b0, 0x00000261e0a02350, 0x00000261e09fe990,
0x00000261e09fee60, 0x00000261e0a001a0, 0x00000261e09ff330, 0x00000261e09ff800,
0x00000261e09ffcd0, 0x00000261e0a00b40, 0x00000261e20e4080, 0x00000261e20e3bb0,
0x00000261e20e0b90, 0x00000261e20e06c0
}

Java Threads: ( => current thread )
  0x00000261ffd272d0 JavaThread "Reference Handler" daemon [_thread_blocked, id=20076, stack(0x0000007fab800000,0x0000007fab900000)]
  0x00000261ffd27f40 JavaThread "Finalizer" daemon [_thread_blocked, id=26508, stack(0x0000007fab900000,0x0000007faba00000)]
  0x00000261ffd35c50 JavaThread "Signal Dispatcher" daemon [_thread_blocked, id=27128, stack(0x0000007faba00000,0x0000007fabb00000)]
  0x00000261ffd38610 JavaThread "Attach Listener" daemon [_thread_blocked, id=17148, stack(0x0000007fabb00000,0x0000007fabc00000)]
  0x00000261ffd39fd0 JavaThread "Service Thread" daemon [_thread_blocked, id=19576, stack(0x0000007fabc00000,0x0000007fabd00000)]
  0x00000261ffd3c990 JavaThread "Monitor Deflation Thread" daemon [_thread_blocked, id=3216, stack(0x0000007fabd00000,0x0000007fabe00000)]
  0x00000261ffd3e750 JavaThread "C2 CompilerThread0" daemon [_thread_blocked, id=11788, stack(0x0000007fabe00000,0x0000007fabf00000)]
  0x00000261ffd527c0 JavaThread "C1 CompilerThread0" daemon [_thread_blocked, id=1936, stack(0x0000007fabf00000,0x0000007fac000000)]
  0x00000261ffd73df0 JavaThread "Sweeper thread" daemon [_thread_blocked, id=21132, stack(0x0000007fac000000,0x0000007fac100000)]
  0x00000261ffd0f3f0 JavaThread "Common-Cleaner" daemon [_thread_blocked, id=3472, stack(0x0000007fac100000,0x0000007fac200000)]
  0x0000026196cb9ee0 JavaThread "Monitor Ctrl-Break" daemon [_thread_in_native, id=14376, stack(0x0000007fac300000,0x0000007fac400000)]
  0x0000026196cbdbc0 JavaThread "Notification Thread" daemon [_thread_blocked, id=9900, stack(0x0000007fac400000,0x0000007fac500000)]
  0x00000261ddf88db0 JavaThread "mysql-cj-abandoned-connection-cleanup" daemon [_thread_blocked, id=26700, stack(0x0000007fad100000,0x0000007fad200000)]
  0x0000026196a3cb00 JavaThread "HikariPool-1 housekeeper" daemon [_thread_blocked, id=17924, stack(0x0000007fac200000,0x0000007fac300000)]
  0x00000261e0a014e0 JavaThread "Catalina-utility-1" [_thread_blocked, id=21864, stack(0x0000007fad500000,0x0000007fad600000)]
  0x00000261e0a00670 JavaThread "Catalina-utility-2" [_thread_blocked, id=14816, stack(0x0000007fad600000,0x0000007fad700000)]
  0x00000261e0a01e80 JavaThread "container-0" [_thread_blocked, id=20760, stack(0x0000007fad700000,0x0000007fad800000)]
  0x00000261e0a019b0 JavaThread "http-nio-8080-exec-1" daemon [_thread_blocked, id=13452, stack(0x0000007fad800000,0x0000007fad900000)]
  0x00000261e0a02350 JavaThread "http-nio-8080-exec-2" daemon [_thread_blocked, id=26788, stack(0x0000007fad900000,0x0000007fada00000)]
  0x00000261e09fe990 JavaThread "http-nio-8080-exec-3" daemon [_thread_blocked, id=27168, stack(0x0000007fada00000,0x0000007fadb00000)]
  0x00000261e09fee60 JavaThread "http-nio-8080-exec-4" daemon [_thread_blocked, id=8404, stack(0x0000007fadb00000,0x0000007fadc00000)]
  0x00000261e0a001a0 JavaThread "http-nio-8080-exec-5" daemon [_thread_blocked, id=20092, stack(0x0000007fadc00000,0x0000007fadd00000)]
  0x00000261e09ff330 JavaThread "http-nio-8080-exec-6" daemon [_thread_blocked, id=22376, stack(0x0000007fadd00000,0x0000007fade00000)]
  0x00000261e09ff800 JavaThread "http-nio-8080-exec-7" daemon [_thread_blocked, id=21556, stack(0x0000007fade00000,0x0000007fadf00000)]
  0x00000261e09ffcd0 JavaThread "http-nio-8080-exec-8" daemon [_thread_blocked, id=26608, stack(0x0000007fadf00000,0x0000007fae000000)]
  0x00000261e0a00b40 JavaThread "http-nio-8080-exec-9" daemon [_thread_blocked, id=19148, stack(0x0000007fae000000,0x0000007fae100000)]
  0x00000261e20e4080 JavaThread "http-nio-8080-exec-10" daemon [_thread_blocked, id=27512, stack(0x0000007fae100000,0x0000007fae200000)]
  0x00000261e20e3bb0 JavaThread "http-nio-8080-Poller" daemon [_thread_in_native, id=25776, stack(0x0000007fae200000,0x0000007fae300000)]
  0x00000261e20e0b90 JavaThread "http-nio-8080-Acceptor" daemon [_thread_in_native, id=24696, stack(0x0000007fae300000,0x0000007fae400000)]
  0x00000261e20e06c0 JavaThread "DestroyJavaVM" [_thread_blocked, id=6312, stack(0x0000007fab100000,0x0000007fab200000)]

Other Threads:
=>0x00000261ffd1f3c0 VMThread "VM Thread" [stack: 0x0000007fab700000,0x0000007fab800000] [id=23840]
  0x00000261f744cd40 WatcherThread [stack: 0x0000007fac500000,0x0000007fac600000] [id=26076]
  0x00000261f73ebbe0 GCTaskThread "GC Thread#0" [stack: 0x0000007fab200000,0x0000007fab300000] [id=2236]
  0x00000261dc93e880 GCTaskThread "GC Thread#1" [stack: 0x0000007fac600000,0x0000007fac700000] [id=24680]
  0x00000261dc9584f0 GCTaskThread "GC Thread#2" [stack: 0x0000007fac700000,0x0000007fac800000] [id=23572]
  0x00000261dc616a90 GCTaskThread "GC Thread#3" [stack: 0x0000007fac800000,0x0000007fac900000] [id=24652]
  0x00000261dc7ea450 GCTaskThread "GC Thread#4" [stack: 0x0000007fac900000,0x0000007faca00000] [id=12916]
  0x00000261dc852560 GCTaskThread "GC Thread#5" [stack: 0x0000007faca00000,0x0000007facb00000] [id=9840]
  0x00000261dc852810 GCTaskThread "GC Thread#6" [stack: 0x0000007facb00000,0x0000007facc00000] [id=22864]
  0x00000261dca7dd60 GCTaskThread "GC Thread#7" [stack: 0x0000007facd00000,0x0000007face00000] [id=17812]
  0x00000261dcd05b50 GCTaskThread "GC Thread#8" [stack: 0x0000007face00000,0x0000007facf00000] [id=19012]
  0x00000261dcd06010 GCTaskThread "GC Thread#9" [stack: 0x0000007facf00000,0x0000007fad000000] [id=22608]
  0x00000261f73f85a0 ConcurrentGCThread "G1 Main Marker" [stack: 0x0000007fab300000,0x0000007fab400000] [id=24356]
  0x00000261f73f8eb0 ConcurrentGCThread "G1 Conc#0" [stack: 0x0000007fab400000,0x0000007fab500000] [id=10836]
  0x00000261ddb47e10 ConcurrentGCThread "G1 Conc#1" [stack: 0x0000007facc00000,0x0000007facd00000] [id=26564]
  0x00000261dcbffd60 ConcurrentGCThread "G1 Conc#2" [stack: 0x0000007fad000000,0x0000007fad100000] [id=8516]
  0x00000261ffbde4f0 ConcurrentGCThread "G1 Refine#0" [stack: 0x0000007fab500000,0x0000007fab600000] [id=13316]
  0x00000261ffbdfd30 ConcurrentGCThread "G1 Service" [stack: 0x0000007fab600000,0x0000007fab700000] [id=4168]

Threads with active compile tasks:
C1 CompilerThread0   386585 8605       3       org.hibernate.engine.internal.Cascade::cascadeLogicalOneToOneOrphanRemoval (434 bytes)

VM state: at safepoint (normal execution)

VM Mutex/Monitor currently owned by a thread:  ([mutex/lock_event])
[0x00000261f739cc00] Threads_lock - owner thread: 0x00000261ffd1f3c0
[0x00000261f739c780] Heap_lock - owner thread: 0x00000261e0a001a0

Heap address: 0x00000000a2400000, size: 1500 MB, Compressed Oops mode: 32-bit

CDS archive(s) mapped at: [0x0000026197000000-0x0000026197bd0000-0x0000026197bd0000), size 12386304, SharedBaseAddress: 0x0000026197000000, ArchiveRelocationMode: 1.
Compressed class space mapped at: 0x0000026198000000-0x00000261d8000000, reserved size: 1073741824
Narrow klass base: 0x0000026197000000, Narrow klass shift: 0, Narrow klass range: 0x100000000

GC Precious Log:
 CPUs: 12 total, 12 available
 Memory: 5996M
 Large Page Support: Disabled
 NUMA Support: Disabled
 Compressed Oops: Enabled (32-bit)
 Heap Region Size: 1M
 Heap Min Capacity: 8M
 Heap Initial Capacity: 94M
 Heap Max Capacity: 1500M
 Pre-touch: Disabled
 Parallel Workers: 10
 Concurrent Workers: 3
 Concurrent Refinement Workers: 10
 Periodic GC: Disabled

Heap:
 garbage-first heap   total 99328K, used 50167K [0x00000000a2400000, 0x0000000100000000)
  region size 1024K, 3 young (3072K), 3 survivors (3072K)
 Metaspace       used 69152K, committed 69568K, reserved 1114112K
  class space    used 9081K, committed 9280K, reserved 1048576K

Heap Regions: E=young(eden), S=young(survivor), O=old, HS=humongous(starts), HC=humongous(continues), CS=collection set, F=free, OA=open archive, CA=closed archive, TAMS=top-at-mark-start (previous, next)
|   0|0x00000000a2400000, 0x00000000a2500000, 0x00000000a2500000|100%|HS|  |TAMS 0x00000000a2500000, 0x00000000a2500000| Complete 
|   1|0x00000000a2500000, 0x00000000a2600000, 0x00000000a2600000|100%| O|  |TAMS 0x00000000a2600000, 0x00000000a2600000| Untracked 
|   2|0x00000000a2600000, 0x00000000a2700000, 0x00000000a2700000|100%| O|  |TAMS 0x00000000a2700000, 0x00000000a2700000| Untracked 
|   3|0x00000000a2700000, 0x00000000a2800000, 0x00000000a2800000|100%| O|  |TAMS 0x00000000a2800000, 0x00000000a2800000| Untracked 
|   4|0x00000000a2800000, 0x00000000a2900000, 0x00000000a2900000|100%| O|  |TAMS 0x00000000a2900000, 0x00000000a2900000| Untracked 
|   5|0x00000000a2900000, 0x00000000a2a00000, 0x00000000a2a00000|100%| O|  |TAMS 0x00000000a2a00000, 0x00000000a2a00000| Untracked 
|   6|0x00000000a2a00000, 0x00000000a2b00000, 0x00000000a2b00000|100%| O|  |TAMS 0x00000000a2b00000, 0x00000000a2b00000| Untracked 
|   7|0x00000000a2b00000, 0x00000000a2c00000, 0x00000000a2c00000|100%| O|  |TAMS 0x00000000a2c00000, 0x00000000a2c00000| Untracked 
|   8|0x00000000a2c00000, 0x00000000a2d00000, 0x00000000a2d00000|100%| O|  |TAMS 0x00000000a2d00000, 0x00000000a2d00000| Untracked 
|   9|0x00000000a2d00000, 0x00000000a2e00000, 0x00000000a2e00000|100%|HS|  |TAMS 0x00000000a2e00000, 0x00000000a2e00000| Complete 
|  10|0x00000000a2e00000, 0x00000000a2f00000, 0x00000000a2f00000|100%| O|  |TAMS 0x00000000a2f00000, 0x00000000a2f00000| Untracked 
|  11|0x00000000a2f00000, 0x00000000a3000000, 0x00000000a3000000|100%| O|  |TAMS 0x00000000a3000000, 0x00000000a3000000| Untracked 
|  12|0x00000000a3000000, 0x00000000a3100000, 0x00000000a3100000|100%| O|  |TAMS 0x00000000a3100000, 0x00000000a3100000| Untracked 
|  13|0x00000000a3100000, 0x00000000a3200000, 0x00000000a3200000|100%| O|  |TAMS 0x00000000a3200000, 0x00000000a3200000| Untracked 
|  14|0x00000000a3200000, 0x00000000a3300000, 0x00000000a3300000|100%| O|  |TAMS 0x00000000a3300000, 0x00000000a3300000| Untracked 
|  15|0x00000000a3300000, 0x00000000a3400000, 0x00000000a3400000|100%| O|  |TAMS 0x00000000a3400000, 0x00000000a3400000| Untracked 
|  16|0x00000000a3400000, 0x00000000a3500000, 0x00000000a3500000|100%| O|  |TAMS 0x00000000a3500000, 0x00000000a3500000| Untracked 
|  17|0x00000000a3500000, 0x00000000a3600000, 0x00000000a3600000|100%| O|  |TAMS 0x00000000a3600000, 0x00000000a3600000| Untracked 
|  18|0x00000000a3600000, 0x00000000a3700000, 0x00000000a3700000|100%| O|  |TAMS 0x00000000a3700000, 0x00000000a3700000| Untracked 
|  19|0x00000000a3700000, 0x00000000a3800000, 0x00000000a3800000|100%| O|  |TAMS 0x00000000a3800000, 0x00000000a3800000| Untracked 
|  20|0x00000000a3800000, 0x00000000a3900000, 0x00000000a3900000|100%| O|  |TAMS 0x00000000a3900000, 0x00000000a3900000| Untracked 
|  21|0x00000000a3900000, 0x00000000a3a00000, 0x00000000a3a00000|100%| O|  |TAMS 0x00000000a3a00000, 0x00000000a3a00000| Untracked 
|  22|0x00000000a3a00000, 0x00000000a3b00000, 0x00000000a3b00000|100%| O|  |TAMS 0x00000000a3b00000, 0x00000000a3b00000| Untracked 
|  23|0x00000000a3b00000, 0x00000000a3c00000, 0x00000000a3c00000|100%| O|  |TAMS 0x00000000a3c00000, 0x00000000a3c00000| Untracked 
|  24|0x00000000a3c00000, 0x00000000a3d00000, 0x00000000a3d00000|100%| O|  |TAMS 0x00000000a3d00000, 0x00000000a3d00000| Untracked 
|  25|0x00000000a3d00000, 0x00000000a3e00000, 0x00000000a3e00000|100%| O|  |TAMS 0x00000000a3e00000, 0x00000000a3e00000| Untracked 
|  26|0x00000000a3e00000, 0x00000000a3f00000, 0x00000000a3f00000|100%| O|  |TAMS 0x00000000a3f00000, 0x00000000a3f00000| Untracked 
|  27|0x00000000a3f00000, 0x00000000a4000000, 0x00000000a4000000|100%| O|  |TAMS 0x00000000a4000000, 0x00000000a4000000| Untracked 
|  28|0x00000000a4000000, 0x00000000a4100000, 0x00000000a4100000|100%| O|  |TAMS 0x00000000a4100000, 0x00000000a4100000| Untracked 
|  29|0x00000000a4100000, 0x00000000a4100000, 0x00000000a4200000|  0%| F|  |TAMS 0x00000000a4100000, 0x00000000a4100000| Untracked 
|  30|0x00000000a4200000, 0x00000000a4200000, 0x00000000a4300000|  0%| F|  |TAMS 0x00000000a4200000, 0x00000000a4200000| Untracked 
|  31|0x00000000a4300000, 0x00000000a4400000, 0x00000000a4400000|100%|HS|  |TAMS 0x00000000a4400000, 0x00000000a4400000| Complete 
|  32|0x00000000a4400000, 0x00000000a4500000, 0x00000000a4500000|100%| O|  |TAMS 0x00000000a4500000, 0x00000000a4500000| Untracked 
|  33|0x00000000a4500000, 0x00000000a4600000, 0x00000000a4600000|100%| O|  |TAMS 0x00000000a4600000, 0x00000000a4600000| Untracked 
|  34|0x00000000a4600000, 0x00000000a4700000, 0x00000000a4700000|100%| O|  |TAMS 0x00000000a4700000, 0x00000000a4700000| Untracked 
|  35|0x00000000a4700000, 0x00000000a4800000, 0x00000000a4800000|100%|HS|  |TAMS 0x00000000a4800000, 0x00000000a4800000| Complete 
|  36|0x00000000a4800000, 0x00000000a4900000, 0x00000000a4900000|100%| O|  |TAMS 0x00000000a48c5800, 0x00000000a4900000| Untracked 
|  37|0x00000000a4900000, 0x00000000a4a00000, 0x00000000a4a00000|100%| O|  |TAMS 0x00000000a4900000, 0x00000000a4a00000| Untracked 
|  38|0x00000000a4a00000, 0x00000000a4b00000, 0x00000000a4b00000|100%| O|  |TAMS 0x00000000a4a00000, 0x00000000a4b00000| Untracked 
|  39|0x00000000a4b00000, 0x00000000a4c00000, 0x00000000a4c00000|100%|HS|  |TAMS 0x00000000a4b00000, 0x00000000a4c00000| Complete 
|  40|0x00000000a4c00000, 0x00000000a4d00000, 0x00000000a4d00000|100%| O|  |TAMS 0x00000000a4d00000, 0x00000000a4d00000| Untracked 
|  41|0x00000000a4d00000, 0x00000000a4e00000, 0x00000000a4e00000|100%|HS|  |TAMS 0x00000000a4d00000, 0x00000000a4e00000| Complete 
|  42|0x00000000a4e00000, 0x00000000a4f00000, 0x00000000a4f00000|100%|HS|  |TAMS 0x00000000a4e00000, 0x00000000a4f00000| Complete 
|  43|0x00000000a4f00000, 0x00000000a4f00000, 0x00000000a5000000|  0%| F|  |TAMS 0x00000000a4f00000, 0x00000000a4f00000| Untracked 
|  44|0x00000000a5000000, 0x00000000a5000000, 0x00000000a5100000|  0%| F|  |TAMS 0x00000000a5000000, 0x00000000a5000000| Untracked 
|  45|0x00000000a5100000, 0x00000000a5200000, 0x00000000a5200000|100%| O|  |TAMS 0x00000000a5200000, 0x00000000a5200000| Untracked 
|  46|0x00000000a5200000, 0x00000000a5200000, 0x00000000a5300000|  0%| F|  |TAMS 0x00000000a5200000, 0x00000000a5200000| Untracked 
|  47|0x00000000a5300000, 0x00000000a5300000, 0x00000000a5400000|  0%| F|  |TAMS 0x00000000a5300000, 0x00000000a5300000| Untracked 
|  48|0x00000000a5400000, 0x00000000a5400000, 0x00000000a5500000|  0%| F|  |TAMS 0x00000000a5400000, 0x00000000a5400000| Untracked 
|  49|0x00000000a5500000, 0x00000000a5500000, 0x00000000a5600000|  0%| F|  |TAMS 0x00000000a5500000, 0x00000000a5500000| Untracked 
|  50|0x00000000a5600000, 0x00000000a5700000, 0x00000000a5700000|100%|HS|  |TAMS 0x00000000a5700000, 0x00000000a5700000| Complete 
|  51|0x00000000a5700000, 0x00000000a5800000, 0x00000000a5800000|100%|HS|  |TAMS 0x00000000a5800000, 0x00000000a5800000| Complete 
|  52|0x00000000a5800000, 0x00000000a5900000, 0x00000000a5900000|100%|HS|  |TAMS 0x00000000a5800000, 0x00000000a5900000| Complete 
|  53|0x00000000a5900000, 0x00000000a5a00000, 0x00000000a5a00000|100%|HS|  |TAMS 0x00000000a5900000, 0x00000000a5a00000| Complete 
|  54|0x00000000a5a00000, 0x00000000a5a00000, 0x00000000a5b00000|  0%| F|  |TAMS 0x00000000a5a00000, 0x00000000a5a00000| Untracked 
|  55|0x00000000a5b00000, 0x00000000a5bfd400, 0x00000000a5c00000| 98%| O|  |TAMS 0x00000000a5b00000, 0x00000000a5bfd400| Untracked 
|  56|0x00000000a5c00000, 0x00000000a5c00000, 0x00000000a5d00000|  0%| F|  |TAMS 0x00000000a5c00000, 0x00000000a5c00000| Untracked 
|  57|0x00000000a5d00000, 0x00000000a5d00000, 0x00000000a5e00000|  0%| F|  |TAMS 0x00000000a5d00000, 0x00000000a5d00000| Untracked 
|  58|0x00000000a5e00000, 0x00000000a5e00000, 0x00000000a5f00000|  0%| F|  |TAMS 0x00000000a5e00000, 0x00000000a5e00000| Untracked 
|  59|0x00000000a5f00000, 0x00000000a5f00000, 0x00000000a6000000|  0%| F|  |TAMS 0x00000000a5f00000, 0x00000000a5f00000| Untracked 
|  60|0x00000000a6000000, 0x00000000a6000000, 0x00000000a6100000|  0%| F|  |TAMS 0x00000000a6000000, 0x00000000a6000000| Untracked 
|  61|0x00000000a6100000, 0x00000000a6100000, 0x00000000a6200000|  0%| F|  |TAMS 0x00000000a6100000, 0x00000000a6100000| Untracked 
|  62|0x00000000a6200000, 0x00000000a6200000, 0x00000000a6300000|  0%| F|  |TAMS 0x00000000a6200000, 0x00000000a6200000| Untracked 
|  63|0x00000000a6300000, 0x00000000a6300000, 0x00000000a6400000|  0%| F|  |TAMS 0x00000000a6300000, 0x00000000a6300000| Untracked 
|  64|0x00000000a6400000, 0x00000000a6400000, 0x00000000a6500000|  0%| F|  |TAMS 0x00000000a6400000, 0x00000000a6400000| Untracked 
|  65|0x00000000a6500000, 0x00000000a6500000, 0x00000000a6600000|  0%| F|  |TAMS 0x00000000a6500000, 0x00000000a6500000| Untracked 
|  66|0x00000000a6600000, 0x00000000a6600000, 0x00000000a6700000|  0%| F|  |TAMS 0x00000000a6600000, 0x00000000a6600000| Untracked 
|  67|0x00000000a6700000, 0x00000000a6700000, 0x00000000a6800000|  0%| F|  |TAMS 0x00000000a6700000, 0x00000000a6700000| Untracked 
|  68|0x00000000a6800000, 0x00000000a6800000, 0x00000000a6900000|  0%| F|  |TAMS 0x00000000a6800000, 0x00000000a6800000| Untracked 
|  69|0x00000000a6900000, 0x00000000a6900000, 0x00000000a6a00000|  0%| F|  |TAMS 0x00000000a6900000, 0x00000000a6900000| Untracked 
|  70|0x00000000a6a00000, 0x00000000a6a00000, 0x00000000a6b00000|  0%| F|  |TAMS 0x00000000a6a00000, 0x00000000a6a00000| Untracked 
|  71|0x00000000a6b00000, 0x00000000a6b00000, 0x00000000a6c00000|  0%| F|  |TAMS 0x00000000a6b00000, 0x00000000a6b00000| Untracked 
|  72|0x00000000a6c00000, 0x00000000a6c00000, 0x00000000a6d00000|  0%| F|  |TAMS 0x00000000a6c00000, 0x00000000a6c00000| Untracked 
|  73|0x00000000a6d00000, 0x00000000a6d00000, 0x00000000a6e00000|  0%| F|  |TAMS 0x00000000a6d00000, 0x00000000a6d00000| Untracked 
|  74|0x00000000a6e00000, 0x00000000a6e00000, 0x00000000a6f00000|  0%| F|  |TAMS 0x00000000a6e00000, 0x00000000a6e00000| Untracked 
|  75|0x00000000a6f00000, 0x00000000a6f00000, 0x00000000a7000000|  0%| F|  |TAMS 0x00000000a6f00000, 0x00000000a6f00000| Untracked 
|  76|0x00000000a7000000, 0x00000000a7000000, 0x00000000a7100000|  0%| F|  |TAMS 0x00000000a7000000, 0x00000000a7000000| Untracked 
|  77|0x00000000a7100000, 0x00000000a7100000, 0x00000000a7200000|  0%| F|  |TAMS 0x00000000a7100000, 0x00000000a7100000| Untracked 
|  78|0x00000000a7200000, 0x00000000a7200000, 0x00000000a7300000|  0%| F|  |TAMS 0x00000000a7200000, 0x00000000a7200000| Untracked 
|  79|0x00000000a7300000, 0x00000000a7300000, 0x00000000a7400000|  0%| F|  |TAMS 0x00000000a7300000, 0x00000000a7300000| Untracked 
|  80|0x00000000a7400000, 0x00000000a7400000, 0x00000000a7500000|  0%| F|  |TAMS 0x00000000a7400000, 0x00000000a7400000| Untracked 
|  81|0x00000000a7500000, 0x00000000a7500000, 0x00000000a7600000|  0%| F|  |TAMS 0x00000000a7500000, 0x00000000a7500000| Untracked 
|  82|0x00000000a7600000, 0x00000000a7600000, 0x00000000a7700000|  0%| F|  |TAMS 0x00000000a7600000, 0x00000000a7600000| Untracked 
|  83|0x00000000a7700000, 0x00000000a7700000, 0x00000000a7800000|  0%| F|  |TAMS 0x00000000a7700000, 0x00000000a7700000| Untracked 
|  84|0x00000000a7800000, 0x00000000a7800000, 0x00000000a7900000|  0%| F|  |TAMS 0x00000000a7800000, 0x00000000a7800000| Untracked 
|  85|0x00000000a7900000, 0x00000000a7900000, 0x00000000a7a00000|  0%| F|  |TAMS 0x00000000a7900000, 0x00000000a7900000| Untracked 
|  86|0x00000000a7a00000, 0x00000000a7a00000, 0x00000000a7b00000|  0%| F|  |TAMS 0x00000000a7a00000, 0x00000000a7a00000| Untracked 
|  87|0x00000000a7b00000, 0x00000000a7b00000, 0x00000000a7c00000|  0%| F|  |TAMS 0x00000000a7b00000, 0x00000000a7b00000| Untracked 
|  88|0x00000000a7c00000, 0x00000000a7c00000, 0x00000000a7d00000|  0%| F|  |TAMS 0x00000000a7c00000, 0x00000000a7c00000| Untracked 
|  89|0x00000000a7d00000, 0x00000000a7d00000, 0x00000000a7e00000|  0%| F|  |TAMS 0x00000000a7d00000, 0x00000000a7d00000| Untracked 
|  90|0x00000000a7e00000, 0x00000000a7e00000, 0x00000000a7f00000|  0%| F|  |TAMS 0x00000000a7e00000, 0x00000000a7e00000| Untracked 
|  91|0x00000000a7f00000, 0x00000000a7f00810, 0x00000000a8000000|  0%| S|CS|TAMS 0x00000000a7f00000, 0x00000000a7f00000| Complete 
|  92|0x00000000a8000000, 0x00000000a8100000, 0x00000000a8100000|100%| S|CS|TAMS 0x00000000a8000000, 0x00000000a8000000| Complete 
|  93|0x00000000a8100000, 0x00000000a8100000, 0x00000000a8200000|  0%| F|  |TAMS 0x00000000a8100000, 0x00000000a8100000| Untracked 
|  94|0x00000000a8200000, 0x00000000a8300000, 0x00000000a8300000|100%| S|CS|TAMS 0x00000000a8200000, 0x00000000a8200000| Complete 
|  95|0x00000000a8300000, 0x00000000a8300000, 0x00000000a8400000|  0%| F|  |TAMS 0x00000000a8300000, 0x00000000a8300000| Untracked 
|  96|0x00000000a8400000, 0x00000000a8400000, 0x00000000a8500000|  0%| F|  |TAMS 0x00000000a8400000, 0x00000000a8400000| Untracked 

Card table byte_map: [0x00000261f9bd0000,0x00000261f9ec0000] _byte_map_base: 0x00000261f96be000

Marking Bits (Prev, Next): (CMBitMap*) 0x00000261f73ec130, (CMBitMap*) 0x00000261f73ec0f0
 Prev Bits: [0x00000261fb920000, 0x00000261fd090000)
 Next Bits: [0x00000261fa1b0000, 0x00000261fb920000)

Polling page: 0x00000261f7460000

Metaspace:

Usage:
  Non-class:     58.66 MB used.
      Class:      8.87 MB used.
       Both:     67.53 MB used.

Virtual space:
  Non-class space:       64.00 MB reserved,      58.88 MB ( 92%) committed,  1 nodes.
      Class space:        1.00 GB reserved,       9.06 MB ( <1%) committed,  1 nodes.
             Both:        1.06 GB reserved,      67.94 MB (  6%) committed. 

Chunk freelists:
   Non-Class:  4.26 MB
       Class:  6.87 MB
        Both:  11.13 MB

MaxMetaspaceSize: unlimited
CompressedClassSpaceSize: 1.00 GB
Initial GC threshold: 21.00 MB
Current GC threshold: 113.06 MB
CDS: on
MetaspaceReclaimPolicy: balanced
 - commit_granule_bytes: 65536.
 - commit_granule_words: 8192.
 - virtual_space_node_default_size: 8388608.
 - enlarge_chunks_in_place: 1.
 - new_chunks_are_fully_committed: 0.
 - uncommit_free_chunks: 1.
 - use_allocation_guard: 0.
 - handle_deallocations: 1.


Internal statistics:

num_allocs_failed_limit: 9.
num_arena_births: 488.
num_arena_deaths: 0.
num_vsnodes_births: 2.
num_vsnodes_deaths: 0.
num_space_committed: 1087.
num_space_uncommitted: 0.
num_chunks_returned_to_freelist: 9.
num_chunks_taken_from_freelist: 2933.
num_chunk_merges: 9.
num_chunk_splits: 2105.
num_chunks_enlarged: 1677.
num_purges: 0.
num_inconsistent_stats: 0.

CodeHeap 'non-profiled nmethods': size=120000Kb used=4375Kb max_used=4375Kb free=115624Kb
 bounds [0x000002618f2a0000, 0x000002618f6f0000, 0x00000261967d0000]
CodeHeap 'profiled nmethods': size=120000Kb used=13878Kb max_used=13878Kb free=106121Kb
 bounds [0x00000261877d0000, 0x0000026188560000, 0x000002618ed00000]
CodeHeap 'non-nmethods': size=5760Kb used=1349Kb max_used=1400Kb free=4410Kb
 bounds [0x000002618ed00000, 0x000002618ef70000, 0x000002618f2a0000]
 total_blobs=8441 nmethods=7760 adapters=592
 compilation: enabled
              stopped_count=0, restarted_count=0
 full_count=0

Compilation events (20 events):
Event: 386.443 Thread 0x00000261ffd3e750 nmethod 8583 0x000002618f6e4d10 code [0x000002618f6e4e80, 0x000002618f6e4f38]
Event: 386.443 Thread 0x00000261ffd3e750 8582       4       jdk.internal.misc.Unsafe::copyMemory (33 bytes)
Event: 386.446 Thread 0x00000261ffd3e750 nmethod 8582 0x000002618f6e5010 code [0x000002618f6e51a0, 0x000002618f6e5498]
Event: 386.455 Thread 0x00000261ffd527c0 8593       1       com.mysql.cj.NativeSession::isClosed (5 bytes)
Event: 386.455 Thread 0x00000261ffd527c0 nmethod 8593 0x000002618f6e5790 code [0x000002618f6e5920, 0x000002618f6e59f8]
Event: 386.456 Thread 0x00000261ffd527c0 8594       3       sun.util.calendar.BaseCalendar$Date::hit (24 bytes)
Event: 386.456 Thread 0x00000261ffd527c0 nmethod 8594 0x0000026188557c90 code [0x0000026188557e20, 0x0000026188557fd8]
Event: 386.457 Thread 0x00000261ffd527c0 8595       3       sun.util.calendar.BaseCalendar::getDayOfWeekFromFixedDate (26 bytes)
Event: 386.457 Thread 0x00000261ffd527c0 nmethod 8595 0x0000026188558090 code [0x0000026188558240, 0x0000026188558408]
Event: 386.457 Thread 0x00000261ffd527c0 8596       3       sun.util.calendar.Gregorian$Date::setNormalizedYear (7 bytes)
Event: 386.457 Thread 0x00000261ffd527c0 nmethod 8596 0x0000026188558510 code [0x00000261885586a0, 0x00000261885588d8]
Event: 386.457 Thread 0x00000261ffd527c0 8597   !   3       com.mysql.cj.protocol.a.NativeProtocol::sendCommand (456 bytes)
Event: 386.467 Thread 0x00000261ffd527c0 nmethod 8597 0x0000026188558990 code [0x0000026188558de0, 0x000002618855b6c8]
Event: 386.467 Thread 0x00000261ffd527c0 8601       3       org.hibernate.persister.entity.AbstractEntityPersister::getPropertyValue (12 bytes)
Event: 386.469 Thread 0x00000261ffd527c0 nmethod 8601 0x000002618855cb90 code [0x000002618855cd40, 0x000002618855d108]
Event: 386.469 Thread 0x00000261ffd527c0 8598   !   3       com.zaxxer.hikari.pool.HikariProxyResultSet::next (17 bytes)
Event: 386.470 Thread 0x00000261ffd3e750 8607       4       org.hibernate.bytecode.enhance.spi.interceptor.LazyAttributesMetadata::isLazyAttribute (11 bytes)
Event: 386.472 Thread 0x00000261ffd3e750 nmethod 8607 0x000002618f6e5a90 code [0x000002618f6e5c00, 0x000002618f6e5c98]
Event: 386.472 Thread 0x00000261ffd527c0 nmethod 8598 0x000002618855d290 code [0x000002618855d440, 0x000002618855d6f8]
Event: 386.472 Thread 0x00000261ffd527c0 8605       3       org.hibernate.engine.internal.Cascade::cascadeLogicalOneToOneOrphanRemoval (434 bytes)

GC Heap History (20 events):
Event: 15.267 GC heap after
{Heap after GC invocations=23 (full 0):
 garbage-first heap   total 78848K, used 39442K [0x00000000a2400000, 0x0000000100000000)
  region size 1024K, 2 young (2048K), 2 survivors (2048K)
 Metaspace       used 67883K, committed 68224K, reserved 1114112K
  class space    used 8965K, committed 9152K, reserved 1048576K
}
Event: 15.325 GC heap before
{Heap before GC invocations=23 (full 0):
 garbage-first heap   total 78848K, used 46610K [0x00000000a2400000, 0x0000000100000000)
  region size 1024K, 3 young (3072K), 2 survivors (2048K)
 Metaspace       used 67912K, committed 68352K, reserved 1114112K
  class space    used 8965K, committed 9152K, reserved 1048576K
}
Event: 15.327 GC heap after
{Heap after GC invocations=24 (full 0):
 garbage-first heap   total 78848K, used 39301K [0x00000000a2400000, 0x0000000100000000)
  region size 1024K, 1 young (1024K), 1 survivors (1024K)
 Metaspace       used 67912K, committed 68352K, reserved 1114112K
  class space    used 8965K, committed 9152K, reserved 1048576K
}
Event: 15.335 GC heap before
{Heap before GC invocations=24 (full 0):
 garbage-first heap   total 78848K, used 39301K [0x00000000a2400000, 0x0000000100000000)
  region size 1024K, 3 young (3072K), 1 survivors (1024K)
 Metaspace       used 67912K, committed 68352K, reserved 1114112K
  class space    used 8965K, committed 9152K, reserved 1048576K
}
Event: 15.339 GC heap after
{Heap after GC invocations=25 (full 0):
 garbage-first heap   total 78848K, used 40208K [0x00000000a2400000, 0x0000000100000000)
  region size 1024K, 1 young (1024K), 1 survivors (1024K)
 Metaspace       used 67912K, committed 68352K, reserved 1114112K
  class space    used 8965K, committed 9152K, reserved 1048576K
}
Event: 340.766 GC heap before
{Heap before GC invocations=26 (full 0):
 garbage-first heap   total 78848K, used 68880K [0x00000000a2400000, 0x0000000100000000)
  region size 1024K, 16 young (16384K), 1 survivors (1024K)
 Metaspace       used 68978K, committed 69376K, reserved 1114112K
  class space    used 9078K, committed 9280K, reserved 1048576K
}
Event: 340.787 GC heap after
{Heap after GC invocations=27 (full 0):
 garbage-first heap   total 78848K, used 40635K [0x00000000a2400000, 0x0000000100000000)
  region size 1024K, 2 young (2048K), 2 survivors (2048K)
 Metaspace       used 68978K, committed 69376K, reserved 1114112K
  class space    used 9078K, committed 9280K, reserved 1048576K
}
Event: 340.837 GC heap before
{Heap before GC invocations=27 (full 0):
 garbage-first heap   total 78848K, used 45755K [0x00000000a2400000, 0x0000000100000000)
  region size 1024K, 3 young (3072K), 2 survivors (2048K)
 Metaspace       used 68980K, committed 69376K, reserved 1114112K
  class space    used 9078K, committed 9280K, reserved 1048576K
}
Event: 340.850 GC heap after
{Heap after GC invocations=28 (full 0):
 garbage-first heap   total 78848K, used 40392K [0x00000000a2400000, 0x0000000100000000)
  region size 1024K, 1 young (1024K), 1 survivors (1024K)
 Metaspace       used 68980K, committed 69376K, reserved 1114112K
  class space    used 9078K, committed 9280K, reserved 1048576K
}
Event: 340.851 GC heap before
{Heap before GC invocations=28 (full 0):
 garbage-first heap   total 78848K, used 40392K [0x00000000a2400000, 0x0000000100000000)
  region size 1024K, 2 young (2048K), 1 survivors (1024K)
 Metaspace       used 68980K, committed 69376K, reserved 1114112K
  class space    used 9078K, committed 9280K, reserved 1048576K
}
Event: 340.863 GC heap after
{Heap after GC invocations=29 (full 0):
 garbage-first heap   total 95232K, used 40636K [0x00000000a2400000, 0x0000000100000000)
  region size 1024K, 1 young (1024K), 1 survivors (1024K)
 Metaspace       used 68980K, committed 69376K, reserved 1114112K
  class space    used 9078K, committed 9280K, reserved 1048576K
}
Event: 340.939 GC heap before
{Heap before GC invocations=29 (full 0):
 garbage-first heap   total 95232K, used 44732K [0x00000000a2400000, 0x0000000100000000)
  region size 1024K, 5 young (5120K), 1 survivors (1024K)
 Metaspace       used 68993K, committed 69376K, reserved 1114112K
  class space    used 9079K, committed 9280K, reserved 1048576K
}
Event: 340.943 GC heap after
{Heap after GC invocations=30 (full 0):
 garbage-first heap   total 95232K, used 41565K [0x00000000a2400000, 0x0000000100000000)
  region size 1024K, 2 young (2048K), 2 survivors (2048K)
 Metaspace       used 68993K, committed 69376K, reserved 1114112K
  class space    used 9079K, committed 9280K, reserved 1048576K
}
Event: 340.962 GC heap before
{Heap before GC invocations=30 (full 0):
 garbage-first heap   total 95232K, used 44637K [0x00000000a2400000, 0x0000000100000000)
  region size 1024K, 3 young (3072K), 2 survivors (2048K)
 Metaspace       used 68993K, committed 69376K, reserved 1114112K
  class space    used 9079K, committed 9280K, reserved 1048576K
}
Event: 340.965 GC heap after
{Heap after GC invocations=31 (full 0):
 garbage-first heap   total 95232K, used 44888K [0x00000000a2400000, 0x0000000100000000)
  region size 1024K, 1 young (1024K), 1 survivors (1024K)
 Metaspace       used 68993K, committed 69376K, reserved 1114112K
  class space    used 9079K, committed 9280K, reserved 1048576K
}
Event: 386.387 GC heap before
{Heap before GC invocations=32 (full 0):
 garbage-first heap   total 99328K, used 89944K [0x00000000a2400000, 0x0000000100000000)
  region size 1024K, 15 young (15360K), 1 survivors (1024K)
 Metaspace       used 69141K, committed 69568K, reserved 1114112K
  class space    used 9081K, committed 9280K, reserved 1048576K
}
Event: 386.411 GC heap after
{Heap after GC invocations=33 (full 0):
 garbage-first heap   total 99328K, used 47720K [0x00000000a2400000, 0x0000000100000000)
  region size 1024K, 1 young (1024K), 1 survivors (1024K)
 Metaspace       used 69141K, committed 69568K, reserved 1114112K
  class space    used 9081K, committed 9280K, reserved 1048576K
}
Event: 386.477 GC heap before
{Heap before GC invocations=33 (full 0):
 garbage-first heap   total 99328K, used 62056K [0x00000000a2400000, 0x0000000100000000)
  region size 1024K, 4 young (4096K), 1 survivors (1024K)
 Metaspace       used 69152K, committed 69568K, reserved 1114112K
  class space    used 9081K, committed 9280K, reserved 1048576K
}
Event: 386.494 GC heap after
{Heap after GC invocations=34 (full 0):
 garbage-first heap   total 99328K, used 48787K [0x00000000a2400000, 0x0000000100000000)
  region size 1024K, 1 young (1024K), 1 survivors (1024K)
 Metaspace       used 69152K, committed 69568K, reserved 1114112K
  class space    used 9081K, committed 9280K, reserved 1048576K
}
Event: 386.499 GC heap before
{Heap before GC invocations=34 (full 0):
 garbage-first heap   total 99328K, used 48787K [0x00000000a2400000, 0x0000000100000000)
  region size 1024K, 3 young (3072K), 1 survivors (1024K)
 Metaspace       used 69152K, committed 69568K, reserved 1114112K
  class space    used 9081K, committed 9280K, reserved 1048576K
}

Deoptimization events (20 events):
Event: 346.884 Thread 0x00000261e0a014e0 Uncommon trap: trap_request=0xffffffbe fr.pc=0x000002618f6db008 relative=0x0000000000002768
Event: 346.884 Thread 0x00000261e0a014e0 Uncommon trap: reason=profile_predicate action=maybe_recompile pc=0x000002618f6db008 method=java.util.TreeMap.put(Ljava/lang/Object;Ljava/lang/Object;Z)Ljava/lang/Object; @ 27 c2
Event: 346.884 Thread 0x00000261e0a014e0 DEOPT PACKING pc=0x000002618f6db008 sp=0x0000007fad5febd0
Event: 346.884 Thread 0x00000261e0a014e0 DEOPT UNPACKING pc=0x000002618ed523a3 sp=0x0000007fad5febc0 mode 2
Event: 346.884 Thread 0x00000261e0a014e0 Uncommon trap: trap_request=0xffffffbe fr.pc=0x000002618f6db008 relative=0x0000000000002768
Event: 346.884 Thread 0x00000261e0a014e0 Uncommon trap: reason=profile_predicate action=maybe_recompile pc=0x000002618f6db008 method=java.util.TreeMap.put(Ljava/lang/Object;Ljava/lang/Object;Z)Ljava/lang/Object; @ 27 c2
Event: 346.884 Thread 0x00000261e0a014e0 DEOPT PACKING pc=0x000002618f6db008 sp=0x0000007fad5febd0
Event: 346.884 Thread 0x00000261e0a014e0 DEOPT UNPACKING pc=0x000002618ed523a3 sp=0x0000007fad5febc0 mode 2
Event: 346.884 Thread 0x00000261e0a014e0 Uncommon trap: trap_request=0xffffffbe fr.pc=0x000002618f6db008 relative=0x0000000000002768
Event: 346.884 Thread 0x00000261e0a014e0 Uncommon trap: reason=profile_predicate action=maybe_recompile pc=0x000002618f6db008 method=java.util.TreeMap.put(Ljava/lang/Object;Ljava/lang/Object;Z)Ljava/lang/Object; @ 27 c2
Event: 346.884 Thread 0x00000261e0a014e0 DEOPT PACKING pc=0x000002618f6db008 sp=0x0000007fad5febd0
Event: 346.884 Thread 0x00000261e0a014e0 DEOPT UNPACKING pc=0x000002618ed523a3 sp=0x0000007fad5febc0 mode 2
Event: 346.884 Thread 0x00000261e0a014e0 Uncommon trap: trap_request=0xffffffbe fr.pc=0x000002618f6db008 relative=0x0000000000002768
Event: 346.884 Thread 0x00000261e0a014e0 Uncommon trap: reason=profile_predicate action=maybe_recompile pc=0x000002618f6db008 method=java.util.TreeMap.put(Ljava/lang/Object;Ljava/lang/Object;Z)Ljava/lang/Object; @ 27 c2
Event: 346.884 Thread 0x00000261e0a014e0 DEOPT PACKING pc=0x000002618f6db008 sp=0x0000007fad5febd0
Event: 346.884 Thread 0x00000261e0a014e0 DEOPT UNPACKING pc=0x000002618ed523a3 sp=0x0000007fad5febc0 mode 2
Event: 386.225 Thread 0x00000261e0a001a0 Uncommon trap: trap_request=0xffffffde fr.pc=0x000002618f370a8c relative=0x0000000000001b2c
Event: 386.225 Thread 0x00000261e0a001a0 Uncommon trap: reason=class_check action=maybe_recompile pc=0x000002618f370a8c method=java.util.concurrent.ConcurrentMap.computeIfAbsent(Ljava/lang/Object;Ljava/util/function/Function;)Ljava/lang/Object; @ 7 c2
Event: 386.225 Thread 0x00000261e0a001a0 DEOPT PACKING pc=0x000002618f370a8c sp=0x0000007fadcf7ef0
Event: 386.225 Thread 0x00000261e0a001a0 DEOPT UNPACKING pc=0x000002618ed523a3 sp=0x0000007fadcf7f18 mode 2

Classes unloaded (0 events):
No events

Classes redefined (0 events):
No events

Internal exceptions (20 events):
Event: 7.060 Thread 0x00000261f739f420 Exception <a 'java/lang/ClassNotFoundException'{0x00000000a4f61378}: com/example/cruiseroyalebe/entity/UserImageCustomizer> (0x00000000a4f61378) 
thrown [s\open\src\hotspot\share\classfile\systemDictionary.cpp, line 256]
Event: 7.111 Thread 0x00000261f739f420 Exception <a 'java/lang/ClassNotFoundException'{0x00000000a802f608}: java/lang/ObjectCustomizer> (0x00000000a802f608) 
thrown [s\open\src\hotspot\share\classfile\systemDictionary.cpp, line 256]
Event: 7.111 Thread 0x00000261f739f420 Exception <a 'java/lang/ClassNotFoundException'{0x00000000a80365a8}: org/springframework/security/config/annotation/web/configuration/WebSecurityConfigurationCustomizer> (0x00000000a80365a8) 
thrown [s\open\src\hotspot\share\classfile\systemDictionary.cpp, line 256]
Event: 7.112 Thread 0x00000261f739f420 Exception <a 'java/lang/ClassNotFoundException'{0x00000000a80426c0}: org/springframework/context/annotation/ImportAwareCustomizer> (0x00000000a80426c0) 
thrown [s\open\src\hotspot\share\classfile\systemDictionary.cpp, line 256]
Event: 7.112 Thread 0x00000261f739f420 Exception <a 'java/lang/ClassNotFoundException'{0x00000000a8046720}: org/springframework/beans/factory/AwareCustomizer> (0x00000000a8046720) 
thrown [s\open\src\hotspot\share\classfile\systemDictionary.cpp, line 256]
Event: 7.112 Thread 0x00000261f739f420 Exception <a 'java/lang/ClassNotFoundException'{0x00000000a8049b50}: org/springframework/beans/factory/BeanClassLoaderAwareCustomizer> (0x00000000a8049b50) 
thrown [s\open\src\hotspot\share\classfile\systemDictionary.cpp, line 256]
Event: 7.112 Thread 0x00000261f739f420 Exception <a 'java/lang/ClassNotFoundException'{0x00000000a804db90}: org/springframework/beans/factory/AwareCustomizer> (0x00000000a804db90) 
thrown [s\open\src\hotspot\share\classfile\systemDictionary.cpp, line 256]
Event: 7.141 Thread 0x00000261f739f420 Implicit null exception at 0x000002618f3847c1 to 0x000002618f384b93
Event: 7.255 Thread 0x00000261f739f420 Exception <a 'java/lang/ClassNotFoundException'{0x00000000a61d37b0}: java/lang/ObjectCustomizer> (0x00000000a61d37b0) 
thrown [s\open\src\hotspot\share\classfile\systemDictionary.cpp, line 256]
Event: 7.255 Thread 0x00000261f739f420 Exception <a 'java/lang/ClassNotFoundException'{0x00000000a61da750}: org/springframework/security/config/annotation/web/configuration/HttpSecurityConfigurationCustomizer> (0x00000000a61da750) 
thrown [s\open\src\hotspot\share\classfile\systemDictionary.cpp, line 256]
Event: 7.266 Thread 0x00000261f739f420 Exception <a 'java/lang/NoSuchMethodError'{0x00000000a6055708}: 'java.lang.Object java.lang.invoke.DirectMethodHandle$Holder.invokeInterface(java.lang.Object, java.lang.Object, java.lang.Object, java.lang.Object)'> (0x00000000a6055708) 
thrown [s\open\src\hotspot\share\interpreter\linkResolver.cpp, line 759]
Event: 7.380 Thread 0x00000261f739f420 Exception <a 'java/lang/NoSuchMethodError'{0x00000000a5ae8f88}: 'void java.lang.invoke.DirectMethodHandle$Holder.invokeVirtual(java.lang.Object, java.lang.Object, int)'> (0x00000000a5ae8f88) 
thrown [s\open\src\hotspot\share\interpreter\linkResolver.cpp, line 759]
Event: 7.382 Thread 0x00000261f739f420 Exception <a 'java/lang/NoSuchMethodError'{0x00000000a5904048}: 'void java.lang.invoke.DirectMethodHandle$Holder.invokeVirtual(java.lang.Object, java.lang.Object, long)'> (0x00000000a5904048) 
thrown [s\open\src\hotspot\share\interpreter\linkResolver.cpp, line 759]
Event: 7.554 Thread 0x00000261f739f420 Exception <a 'java/lang/IncompatibleClassChangeError'{0x00000000a5311cc0}: Found class java.lang.Object, but interface was expected> (0x00000000a5311cc0) 
thrown [s\open\src\hotspot\share\interpreter\linkResolver.cpp, line 826]
Event: 7.741 Thread 0x00000261f739f420 Implicit null exception at 0x000002618f3cbf3a to 0x000002618f3cc128
Event: 7.881 Thread 0x00000261f739f420 Exception <a 'java/lang/NoSuchMethodError'{0x00000000a7f023f0}: 'java.lang.Object java.lang.invoke.DirectMethodHandle$Holder.invokeSpecial(java.lang.Object, java.lang.Object, int, java.lang.Object, int, java.lang.Object)'> (0x00000000a7f023f0) 
thrown [s\open\src\hotspot\share\interpreter\linkResolver.cpp, line 759]
Event: 7.882 Thread 0x00000261f739f420 Exception <a 'java/lang/NoSuchMethodError'{0x00000000a7f0a1f0}: 'java.lang.Object java.lang.invoke.DirectMethodHandle$Holder.newInvokeSpecial(java.lang.Object, java.lang.Object, int, java.lang.Object, int)'> (0x00000000a7f0a1f0) 
thrown [s\open\src\hotspot\share\interpreter\linkResolver.cpp, line 759]
Event: 7.882 Thread 0x00000261f739f420 Exception <a 'java/lang/NoSuchMethodError'{0x00000000a7f0e2f0}: 'java.lang.Object java.lang.invoke.DirectMethodHandle$Holder.invokeSpecial(java.lang.Object, java.lang.Object, java.lang.Object, int, java.lang.Object, int)'> (0x00000000a7f0e2f0) 
thrown [s\open\src\hotspot\share\interpreter\linkResolver.cpp, line 759]
Event: 7.888 Thread 0x00000261f739f420 Exception <a 'java/lang/NoSuchMethodError'{0x00000000a7f18028}: 'void java.lang.invoke.DirectMethodHandle$Holder.invokeVirtual(java.lang.Object, java.lang.Object)'> (0x00000000a7f18028) 
thrown [s\open\src\hotspot\share\interpreter\linkResolver.cpp, line 759]
Event: 14.764 Thread 0x00000261e0a019b0 Exception <a 'java/lang/NoSuchMethodError'{0x00000000a5fae728}: 'java.lang.Object java.lang.invoke.DirectMethodHandle$Holder.invokeStaticInit(java.lang.Object, java.lang.Object, java.lang.Object, java.lang.Object, java.lang.Object, java.lang.Object)'> (0x00000000a5fae728) 
thrown [s\open\src\hotspot\share\interpreter\linkResolver.cpp, line 759]

VM Operations (20 events):
Event: 340.863 Executing VM operation: G1TryInitiateConcMark done
Event: 340.939 Executing VM operation: G1TryInitiateConcMark
Event: 340.943 Executing VM operation: G1TryInitiateConcMark done
Event: 340.962 Executing VM operation: G1TryInitiateConcMark
Event: 340.965 Executing VM operation: G1TryInitiateConcMark done
Event: 341.041 Executing VM operation: G1Concurrent
Event: 341.104 Executing VM operation: G1Concurrent done
Event: 341.114 Executing VM operation: G1Concurrent
Event: 341.115 Executing VM operation: G1Concurrent done
Event: 342.129 Executing VM operation: Cleanup
Event: 342.129 Executing VM operation: Cleanup done
Event: 346.167 Executing VM operation: Cleanup
Event: 346.167 Executing VM operation: Cleanup done
Event: 347.179 Executing VM operation: Cleanup
Event: 347.179 Executing VM operation: Cleanup done
Event: 386.385 Executing VM operation: G1CollectForAllocation
Event: 386.411 Executing VM operation: G1CollectForAllocation done
Event: 386.476 Executing VM operation: G1CollectForAllocation
Event: 386.494 Executing VM operation: G1CollectForAllocation done
Event: 386.499 Executing VM operation: G1TryInitiateConcMark

Events (20 events):
Event: 15.093 loading class java/util/concurrent/atomic/AtomicReferenceArray done
Event: 15.101 loading class java/util/stream/LongStream
Event: 15.101 loading class java/util/stream/LongStream done
Event: 15.101 loading class java/util/stream/DoubleStream
Event: 15.102 loading class java/util/stream/DoubleStream done
Event: 15.119 loading class org/w3c/dom/Document
Event: 15.120 loading class org/w3c/dom/Document done
Event: 15.140 loading class java/math/BigDecimal$StringBuilderHelper
Event: 15.141 loading class java/math/BigDecimal$StringBuilderHelper done
Event: 15.487 Thread 0x00000261ffd73df0 flushing nmethod 0x0000026187e8c490
Event: 333.345 loading class java/io/FileOutputStream$1
Event: 333.350 loading class java/io/FileOutputStream$1 done
Event: 334.877 loading class java/util/TreeMap$KeySpliterator
Event: 334.881 loading class java/util/TreeMap$KeySpliterator done
Event: 334.982 loading class com/sun/crypto/provider/HmacCore$HmacSHA256
Event: 334.983 loading class com/sun/crypto/provider/HmacCore$HmacSHA256 done
Event: 335.130 loading class java/util/Base64$Decoder
Event: 335.132 loading class java/util/Base64$Decoder done
Event: 335.801 Thread 0x00000261dcb21920 Thread added: 0x00000261dcb21920
Event: 336.881 Thread 0x00000261dcb21920 Thread exited: 0x00000261dcb21920


Dynamic libraries:
0x00007ff78cca0000 - 0x00007ff78ccb0000 	C:\Program Files\Java\jdk-17\bin\java.exe
0x00007ffcdacb0000 - 0x00007ffcdaec7000 	C:\WINDOWS\SYSTEM32\ntdll.dll
0x00007ffcda3c0000 - 0x00007ffcda484000 	C:\WINDOWS\System32\KERNEL32.DLL
0x00007ffcd8580000 - 0x00007ffcd892c000 	C:\WINDOWS\System32\KERNELBASE.dll
0x00007ffcd8270000 - 0x00007ffcd8381000 	C:\WINDOWS\System32\ucrtbase.dll
0x00007ffcd2f50000 - 0x00007ffcd2f6b000 	C:\Program Files\Java\jdk-17\bin\VCRUNTIME140.dll
0x00007ffcd2820000 - 0x00007ffcd2839000 	C:\Program Files\Java\jdk-17\bin\jli.dll
0x00007ffcd93f0000 - 0x00007ffcd94a2000 	C:\WINDOWS\System32\ADVAPI32.dll
0x00007ffcda830000 - 0x00007ffcda8d7000 	C:\WINDOWS\System32\msvcrt.dll
0x00007ffcd8bd0000 - 0x00007ffcd8c78000 	C:\WINDOWS\System32\sechost.dll
0x00007ffcd7fe0000 - 0x00007ffcd8008000 	C:\WINDOWS\System32\bcrypt.dll
0x00007ffcdaaf0000 - 0x00007ffcdac05000 	C:\WINDOWS\System32\RPCRT4.dll
0x00007ffcda8e0000 - 0x00007ffcdaa8e000 	C:\WINDOWS\System32\USER32.dll
0x00007ffcd8550000 - 0x00007ffcd8576000 	C:\WINDOWS\System32\win32u.dll
0x00007ffcd8a80000 - 0x00007ffcd8aa9000 	C:\WINDOWS\System32\GDI32.dll
0x00007ffcd8390000 - 0x00007ffcd84a9000 	C:\WINDOWS\System32\gdi32full.dll
0x00007ffcc62c0000 - 0x00007ffcc6553000 	C:\WINDOWS\WinSxS\amd64_microsoft.windows.common-controls_6595b64144ccf1df_6.0.22621.3672_none_2713b9d173822955\COMCTL32.dll
0x00007ffcd84b0000 - 0x00007ffcd854a000 	C:\WINDOWS\System32\msvcp_win.dll
0x00007ffccf140000 - 0x00007ffccf14a000 	C:\WINDOWS\SYSTEM32\VERSION.dll
0x00007ffcd8ef0000 - 0x00007ffcd8f21000 	C:\WINDOWS\System32\IMM32.DLL
0x00007ffcd4d60000 - 0x00007ffcd4d6c000 	C:\Program Files\Java\jdk-17\bin\vcruntime140_1.dll
0x00007ffc8b580000 - 0x00007ffc8b60e000 	C:\Program Files\Java\jdk-17\bin\msvcp140.dll
0x00007ffc2e2a0000 - 0x00007ffc2ee7e000 	C:\Program Files\Java\jdk-17\bin\server\jvm.dll
0x00007ffcd8a70000 - 0x00007ffcd8a78000 	C:\WINDOWS\System32\PSAPI.DLL
0x00007ffccf040000 - 0x00007ffccf074000 	C:\WINDOWS\SYSTEM32\WINMM.dll
0x00007ffcd4d80000 - 0x00007ffcd4d89000 	C:\WINDOWS\SYSTEM32\WSOCK32.dll
0x00007ffcd89f0000 - 0x00007ffcd8a61000 	C:\WINDOWS\System32\WS2_32.dll
0x00007ffcd7040000 - 0x00007ffcd7058000 	C:\WINDOWS\SYSTEM32\kernel.appcore.dll
0x00007ffcd2810000 - 0x00007ffcd281a000 	C:\Program Files\Java\jdk-17\bin\jimage.dll
0x00007ffcd59b0000 - 0x00007ffcd5be2000 	C:\WINDOWS\SYSTEM32\DBGHELP.DLL
0x00007ffcd9060000 - 0x00007ffcd93e8000 	C:\WINDOWS\System32\combase.dll
0x00007ffcda750000 - 0x00007ffcda827000 	C:\WINDOWS\System32\OLEAUT32.dll
0x00007ffcb7f30000 - 0x00007ffcb7f62000 	C:\WINDOWS\SYSTEM32\dbgcore.DLL
0x00007ffcd8180000 - 0x00007ffcd81fb000 	C:\WINDOWS\System32\bcryptPrimitives.dll
0x00007ffcd0660000 - 0x00007ffcd066e000 	C:\Program Files\Java\jdk-17\bin\instrument.dll
0x00007ffcc5f50000 - 0x00007ffcc5f75000 	C:\Program Files\Java\jdk-17\bin\java.dll
0x00007ffc5f2b0000 - 0x00007ffc5f387000 	C:\Program Files\Java\jdk-17\bin\jsvml.dll
0x00007ffcd94b0000 - 0x00007ffcd9d0c000 	C:\WINDOWS\System32\SHELL32.dll
0x00007ffcd5ee0000 - 0x00007ffcd67d7000 	C:\WINDOWS\SYSTEM32\windows.storage.dll
0x00007ffcd5da0000 - 0x00007ffcd5edf000 	C:\WINDOWS\SYSTEM32\wintypes.dll
0x00007ffcda650000 - 0x00007ffcda744000 	C:\WINDOWS\System32\SHCORE.dll
0x00007ffcdaa90000 - 0x00007ffcdaaee000 	C:\WINDOWS\System32\shlwapi.dll
0x00007ffcd7f10000 - 0x00007ffcd7f31000 	C:\WINDOWS\SYSTEM32\profapi.dll
0x00007ffca84b0000 - 0x00007ffca84c8000 	C:\Program Files\Java\jdk-17\bin\zip.dll
0x00007ffcc5f30000 - 0x00007ffcc5f49000 	C:\Program Files\Java\jdk-17\bin\net.dll
0x00007ffcd0ee0000 - 0x00007ffcd1016000 	C:\WINDOWS\SYSTEM32\WINHTTP.dll
0x00007ffcd74a0000 - 0x00007ffcd7509000 	C:\WINDOWS\system32\mswsock.dll
0x00007ffcc4410000 - 0x00007ffcc4426000 	C:\Program Files\Java\jdk-17\bin\nio.dll
0x00007ffca65d0000 - 0x00007ffca65ea000 	C:\Users\duong\AppData\Local\Programs\IntelliJ IDEA Ultimate 2024.1.2\bin\breakgen64.dll
0x00007ffcc4400000 - 0x00007ffcc4410000 	C:\Program Files\Java\jdk-17\bin\verify.dll
0x00007ffccf190000 - 0x00007ffccf19a000 	C:\Program Files\Java\jdk-17\bin\management.dll
0x00007ffcc5ee0000 - 0x00007ffcc5eeb000 	C:\Program Files\Java\jdk-17\bin\management_ext.dll
0x00007ffc89c80000 - 0x00007ffc89c97000 	C:\WINDOWS\system32\napinsp.dll
0x00007ffc84670000 - 0x00007ffc8468b000 	C:\WINDOWS\system32\pnrpnsp.dll
0x00007ffc87d00000 - 0x00007ffc87d27000 	C:\WINDOWS\system32\nlansp_c.dll
0x00007ffcd6ab0000 - 0x00007ffcd6ba8000 	C:\WINDOWS\SYSTEM32\DNSAPI.dll
0x00007ffcd6a40000 - 0x00007ffcd6a6d000 	C:\WINDOWS\SYSTEM32\IPHLPAPI.DLL
0x00007ffcd8c80000 - 0x00007ffcd8c89000 	C:\WINDOWS\System32\NSI.dll
0x00007ffc73b10000 - 0x00007ffc73b21000 	C:\WINDOWS\System32\winrnr.dll
0x00007ffcd0670000 - 0x00007ffcd0685000 	C:\WINDOWS\system32\wshbth.dll
0x00007ffcd0530000 - 0x00007ffcd053a000 	C:\Windows\System32\rasadhlp.dll
0x00007ffccf510000 - 0x00007ffccf593000 	C:\WINDOWS\System32\fwpuclnt.dll
0x00007ffcd76f0000 - 0x00007ffcd770b000 	C:\WINDOWS\SYSTEM32\CRYPTSP.dll
0x00007ffcd6fa0000 - 0x00007ffcd6fd5000 	C:\WINDOWS\system32\rsaenh.dll
0x00007ffcd7540000 - 0x00007ffcd7568000 	C:\WINDOWS\SYSTEM32\USERENV.dll
0x00007ffcd76b0000 - 0x00007ffcd76bc000 	C:\WINDOWS\SYSTEM32\CRYPTBASE.dll
0x00007ffcd0970000 - 0x00007ffcd0989000 	C:\WINDOWS\SYSTEM32\dhcpcsvc6.DLL
0x00007ffcd0950000 - 0x00007ffcd096f000 	C:\WINDOWS\SYSTEM32\dhcpcsvc.DLL
0x00007ffcc2590000 - 0x00007ffcc259e000 	C:\Program Files\Java\jdk-17\bin\sunmscapi.dll
0x00007ffcd8010000 - 0x00007ffcd8177000 	C:\WINDOWS\System32\CRYPT32.dll
0x00007ffcd78f0000 - 0x00007ffcd791e000 	C:\WINDOWS\SYSTEM32\ncrypt.dll
0x00007ffcd78b0000 - 0x00007ffcd78e7000 	C:\WINDOWS\SYSTEM32\NTASN1.dll
0x00007ffc8db10000 - 0x00007ffc8db18000 	C:\WINDOWS\system32\wshunix.dll

dbghelp: loaded successfully - version: 4.0.5 - missing functions: none
symbol engine: initialized successfully - sym options: 0x614 - pdb path: .;C:\Program Files\Java\jdk-17\bin;C:\WINDOWS\SYSTEM32;C:\WINDOWS\WinSxS\amd64_microsoft.windows.common-controls_6595b64144ccf1df_6.0.22621.3672_none_2713b9d173822955;C:\Program Files\Java\jdk-17\bin\server;C:\Users\duong\AppData\Local\Programs\IntelliJ IDEA Ultimate 2024.1.2\bin

VM Arguments:
jvm_args: -javaagent:C:\Users\duong\AppData\Local\Programs\IntelliJ IDEA Ultimate 2024.1.2\lib\idea_rt.jar=64459:C:\Users\duong\AppData\Local\Programs\IntelliJ IDEA Ultimate 2024.1.2\bin -Dfile.encoding=UTF-8 
java_command: com.example.cruiseroyalebe.CruiseRoyaleBeApplication
java_class_path (initial): C:\github\CruiseRoyale-be\target\classes;C:\Users\duong\.m2\repository\org\springframework\boot\spring-boot-starter-data-jpa\2.7.14\spring-boot-starter-data-jpa-2.7.14.jar;C:\Users\duong\.m2\repository\org\springframework\boot\spring-boot-starter-aop\2.7.14\spring-boot-starter-aop-2.7.14.jar;C:\Users\duong\.m2\repository\org\aspectj\aspectjweaver\1.9.7\aspectjweaver-1.9.7.jar;C:\Users\duong\.m2\repository\org\springframework\boot\spring-boot-starter-jdbc\2.7.14\spring-boot-starter-jdbc-2.7.14.jar;C:\Users\duong\.m2\repository\com\zaxxer\HikariCP\4.0.3\HikariCP-4.0.3.jar;C:\Users\duong\.m2\repository\org\springframework\spring-jdbc\5.3.29\spring-jdbc-5.3.29.jar;C:\Users\duong\.m2\repository\jakarta\transaction\jakarta.transaction-api\1.3.3\jakarta.transaction-api-1.3.3.jar;C:\Users\duong\.m2\repository\jakarta\persistence\jakarta.persistence-api\2.2.3\jakarta.persistence-api-2.2.3.jar;C:\Users\duong\.m2\repository\org\hibernate\hibernate-core\5.6.15.Final\hibernate-core-5.6.15.Final.jar;C:\Users\duong\.m2\repository\org\jboss\logging\jboss-logging\3.4.3.Final\jboss-logging-3.4.3.Final.jar;C:\Users\duong\.m2\repository\net\bytebuddy\byte-buddy\1.12.23\byte-buddy-1.12.23.jar;C:\Users\duong\.m2\repository\antlr\antlr\2.7.7\antlr-2.7.7.jar;C:\Users\duong\.m2\repository\org\jboss\jandex\2.4.2.Final\jandex-2.4.2.Final.jar;C:\Users\duong\.m2\repository\com\fasterxml\classmate\1.5.1\classmate-1.5.1.jar;C:\Users\duong\.m2\repository\org\hibernate\common\hibernate-commons-annotations\5.1.2.Final\hibernate-commons-annotations-5.1.2.Final.jar;C:\Users\duong\.m2\repository\org\glassfish\jaxb\jaxb-runtime\2.3.8\jaxb-runtime-2.3.8.jar;C:\Users\duong\.m2\repository\org\glassfish\jaxb\txw2\2.3.8\txw2-2.3.8.jar;C:\Users\duong\.m2\repository\com\sun\istack\istack-commons-runtime\3.0.12\istack-commons-runtime-3.0.12.jar;C:\Users\duong\.m2\repository\com\sun\activation\jakarta.activation\1.2.2\jakarta.activation-1.2.2.jar;C:\Users\duong\.m2\repository\org\spr
Launcher Type: SUN_STANDARD

[Global flags]
     intx CICompilerCount                          = 4                                         {product} {ergonomic}
     uint ConcGCThreads                            = 3                                         {product} {ergonomic}
     uint G1ConcRefinementThreads                  = 10                                        {product} {ergonomic}
   size_t G1HeapRegionSize                         = 1048576                                   {product} {ergonomic}
    uintx GCDrainStackTargetSize                   = 64                                        {product} {ergonomic}
   size_t InitialHeapSize                          = 98566144                                  {product} {ergonomic}
   size_t MarkStackSize                            = 4194304                                   {product} {ergonomic}
   size_t MaxHeapSize                              = 1572864000                                {product} {ergonomic}
   size_t MaxNewSize                               = 943718400                                 {product} {ergonomic}
   size_t MinHeapDeltaBytes                        = 1048576                                   {product} {ergonomic}
   size_t MinHeapSize                              = 8388608                                   {product} {ergonomic}
    uintx NonNMethodCodeHeapSize                   = 5839372                                {pd product} {ergonomic}
    uintx NonProfiledCodeHeapSize                  = 122909434                              {pd product} {ergonomic}
    uintx ProfiledCodeHeapSize                     = 122909434                              {pd product} {ergonomic}
    uintx ReservedCodeCacheSize                    = 251658240                              {pd product} {ergonomic}
     bool SegmentedCodeCache                       = true                                      {product} {ergonomic}
   size_t SoftMaxHeapSize                          = 1572864000                             {manageable} {ergonomic}
     bool UseCompressedClassPointers               = true                           {product lp64_product} {ergonomic}
     bool UseCompressedOops                        = true                           {product lp64_product} {ergonomic}
     bool UseG1GC                                  = true                                      {product} {ergonomic}
     bool UseLargePagesIndividualAllocation        = false                                  {pd product} {ergonomic}

Logging:
Log output configuration:
 #0: stdout all=warning uptime,level,tags
 #1: stderr all=off uptime,level,tags

Environment Variables:
PATH=C:\Program Files\Common Files\Oracle\Java\javapath;C:\Windows\system32;C:\Windows;C:\Windows\System32\Wbem;C:\Windows\System32\WindowsPowerShell\v1.0\;C:\Windows\System32\OpenSSH\;C:\Program Files (x86)\NVIDIA Corporation\PhysX\Common;C:\Program Files\NVIDIA Corporation\NVIDIA NvDLISR;C:\WINDOWS\system32;C:\WINDOWS;C:\WINDOWS\System32\Wbem;C:\WINDOWS\System32\WindowsPowerShell\v1.0\;C:\WINDOWS\System32\OpenSSH\;C:\Program Files\Git\cmd;C:\Program Files\Docker\Docker\resources\bin;C:\Program Files\nodejs\;C:\Users\duong\AppData\Roaming\npm;C:\Users\duong\AppData\Local\Programs\Python\Launcher\;C:\Users\duong\AppData\Local\Microsoft\WindowsApps;C:\Users\duong\AppData\Local\Programs\Microsoft VS Code\bin;C:\Users\duong\AppData\Local\GitHubDesktop\bin;C:\ProgramData\duong\GitHubDesktop\bin;C:\Users\duong\AppData\Roaming\npm
USERNAME=duong
OS=Windows_NT
PROCESSOR_IDENTIFIER=AMD64 Family 25 Model 80 Stepping 0, AuthenticAMD



---------------  S Y S T E M  ---------------

OS:
 Windows 11 , 64 bit Build 22621 (10.0.22621.3672)
OS uptime: 0 days 12:43 hours
Hyper-V role detected

CPU: total 12 (initial active 12) (12 cores per cpu, 2 threads per core) family 25 model 80 stepping 0 microcode 0x0, cx8, cmov, fxsr, ht, mmx, 3dnowpref, sse, sse2, sse3, ssse3, sse4a, sse4.1, sse4.2, popcnt, lzcnt, tsc, tscinvbit, avx, avx2, aes, erms, clmul, bmi1, bmi2, adx, sha, fma, vzeroupper, clflush, clflushopt, hv

Memory: 4k page, system-wide physical 5996M (571M free)
TotalPageFile size 24368M (AvailPageFile size 80M)
current process WorkingSet (physical memory assigned to process): 91M, peak: 284M
current process commit charge ("private bytes"): 311M, peak: 505M

vm_info: Java HotSpot(TM) 64-Bit Server VM (17.0.8+9-LTS-211) for windows-amd64 JRE (17.0.8+9-LTS-211), built on Jun 14 2023 10:34:31 by "mach5one" with MS VC++ 17.1 (VS2022)

END.
