#
# There is insufficient memory for the Java Runtime Environment to continue.
# Native memory allocation (mmap) failed to map 98566144 bytes for G1 virtual space
# Possible reasons:
#   The system is out of physical RAM or swap space
#   The process is running with CompressedOops enabled, and the Java Heap may be blocking the growth of the native heap
# Possible solutions:
#   Reduce memory load on the system
#   Increase physical memory or swap space
#   Check if swap backing store is full
#   Decrease Java heap size (-Xmx/-Xms)
#   Decrease number of Java threads
#   Decrease Java thread stack sizes (-Xss)
#   Set larger code cache with -XX:ReservedCodeCacheSize=
#   JVM is running with Unscaled Compressed Oops mode in which the Java heap is
#     placed in the first 4GB address space. The Java Heap base address is the
#     maximum limit for the native heap growth. Please use -XX:HeapBaseMinAddress
#     to set the Java Heap base and to place the Java Heap above 4GB virtual address.
# This output file may be truncated or incomplete.
#
#  Out of Memory Error (os_windows.cpp:3550), pid=18980, tid=7124
#
# JRE version:  (17.0.8+9) (build )
# Java VM: Java HotSpot(TM) 64-Bit Server VM (17.0.8+9-LTS-211, mixed mode, sharing, tiered, compressed oops, compressed class ptrs, g1 gc, windows-amd64)
# No core dump will be written. Minidumps are not enabled by default on client versions of Windows
#

---------------  S U M M A R Y ------------

Command Line: C:\Users\duong\AppData\Local\Temp\surefire10146106170368529198\surefirebooter15352077070046092576.jar C:\Users\duong\AppData\Local\Temp\surefire10146106170368529198 2024-07-05T03-42-11_089-jvmRun1 surefire17415704754754864899tmp surefire_014478402307572049143tmp

Host: AMD Ryzen 5 5600H with Radeon Graphics         , 12 cores, 5G,  Windows 11 , 64 bit Build 22621 (10.0.22621.3672)
Time: Fri Jul  5 03:42:11 2024 SE Asia Standard Time elapsed time: 0.010298 seconds (0d 0h 0m 0s)

---------------  T H R E A D  ---------------

Current thread (0x000002780082e550):  JavaThread "Unknown thread" [_thread_in_vm, id=7124, stack(0x0000009618a00000,0x0000009618b00000)]

Stack: [0x0000009618a00000,0x0000009618b00000]
Native frames: (J=compiled Java code, j=interpreted, Vv=VM code, C=native code)
V  [jvm.dll+0x677d0a]
V  [jvm.dll+0x7d8c54]
V  [jvm.dll+0x7da3fe]
V  [jvm.dll+0x7daa63]
V  [jvm.dll+0x245c5f]
V  [jvm.dll+0x674bb9]
V  [jvm.dll+0x6694f2]
V  [jvm.dll+0x3031d6]
V  [jvm.dll+0x30a756]
V  [jvm.dll+0x359f9e]
V  [jvm.dll+0x35a1cf]
V  [jvm.dll+0x2da3e8]
V  [jvm.dll+0x2db354]
V  [jvm.dll+0x7aa711]
V  [jvm.dll+0x367b51]
V  [jvm.dll+0x789979]
V  [jvm.dll+0x3eb05f]
V  [jvm.dll+0x3ecae1]
C  [jli.dll+0x5297]
C  [ucrtbase.dll+0x29333]
C  [KERNEL32.DLL+0x1257d]
C  [ntdll.dll+0x5af28]


---------------  P R O C E S S  ---------------

Threads class SMR info:
_java_thread_list=0x00007ffd554a59d8, length=0, elements={
}

Java Threads: ( => current thread )

Other Threads:
  0x0000027800879050 GCTaskThread "GC Thread#0" [stack: 0x0000009618b00000,0x0000009618c00000] [id=27560]
  0x0000027800887f30 ConcurrentGCThread "G1 Main Marker" [stack: 0x0000009618c00000,0x0000009618d00000] [id=18420]
  0x00000278008890e0 ConcurrentGCThread "G1 Conc#0" [stack: 0x0000009618d00000,0x0000009618e00000] [id=14784]

[error occurred during error reporting (printing all threads), id 0xc0000005, EXCEPTION_ACCESS_VIOLATION (0xc0000005) at pc=0x00007ffd54cdb047]

VM state: not at safepoint (not fully initialized)

VM Mutex/Monitor currently owned by a thread:  ([mutex/lock_event])
[0x0000027800829df0] Heap_lock - owner thread: 0x000002780082e550

Heap address: 0x00000000a2400000, size: 1500 MB, Compressed Oops mode: 32-bit

CDS archive(s) mapped at: [0x0000000000000000-0x0000000000000000-0x0000000000000000), size 0, SharedBaseAddress: 0x0000000800000000, ArchiveRelocationMode: 1.
Narrow klass base: 0x0000000000000000, Narrow klass shift: 0, Narrow klass range: 0x0

GC Precious Log:
<Empty>

Heap:
 garbage-first heap   total 0K, used 0K [0x00000000a2400000, 0x0000000100000000)
  region size 1024K, 0 young (0K), 0 survivors (0K)

[error occurred during error reporting (printing heap information), id 0xc0000005, EXCEPTION_ACCESS_VIOLATION (0xc0000005) at pc=0x00007ffd550c1499]

GC Heap History (0 events):
No events

Deoptimization events (0 events):
No events

Classes unloaded (0 events):
No events

Classes redefined (0 events):
No events

Internal exceptions (0 events):
No events

VM Operations (0 events):
No events

Events (1 events):
Event: 0.006 Loaded shared library C:\Program Files\Java\jdk-17\bin\java.dll


Dynamic libraries:
0x00007ff776fa0000 - 0x00007ff776fb0000 	C:\Program Files\Java\jdk-17\bin\java.exe
0x00007ffe1ae50000 - 0x00007ffe1b067000 	C:\WINDOWS\SYSTEM32\ntdll.dll
0x00007ffe18ef0000 - 0x00007ffe18fb4000 	C:\WINDOWS\System32\KERNEL32.DLL
0x00007ffe18230000 - 0x00007ffe185dc000 	C:\WINDOWS\System32\KERNELBASE.dll
0x00007ffe187c0000 - 0x00007ffe188d1000 	C:\WINDOWS\System32\ucrtbase.dll
0x00007ffe023a0000 - 0x00007ffe023b9000 	C:\Program Files\Java\jdk-17\bin\jli.dll
0x00007ffe1a760000 - 0x00007ffe1a812000 	C:\WINDOWS\System32\ADVAPI32.dll
0x00007ffe1a870000 - 0x00007ffe1a917000 	C:\WINDOWS\System32\msvcrt.dll
0x00007ffdfcae0000 - 0x00007ffdfcafb000 	C:\Program Files\Java\jdk-17\bin\VCRUNTIME140.dll
0x00007ffe18da0000 - 0x00007ffe18e4a000 	C:\WINDOWS\System32\sechost.dll
0x00007ffe18200000 - 0x00007ffe18228000 	C:\WINDOWS\System32\bcrypt.dll
0x00007ffe1a150000 - 0x00007ffe1a265000 	C:\WINDOWS\System32\RPCRT4.dll
0x00007ffe19910000 - 0x00007ffe19abe000 	C:\WINDOWS\System32\USER32.dll
0x00007ffe188e0000 - 0x00007ffe18906000 	C:\WINDOWS\System32\win32u.dll
0x00007ffe1a840000 - 0x00007ffe1a869000 	C:\WINDOWS\System32\GDI32.dll
0x00007ffe189b0000 - 0x00007ffe18ac9000 	C:\WINDOWS\System32\gdi32full.dll
0x00007ffe06b40000 - 0x00007ffe06dd3000 	C:\WINDOWS\WinSxS\amd64_microsoft.windows.common-controls_6595b64144ccf1df_6.0.22621.3672_none_2713b9d173822955\COMCTL32.dll
0x00007ffe18910000 - 0x00007ffe189aa000 	C:\WINDOWS\System32\msvcp_win.dll
0x00007ffe0e680000 - 0x00007ffe0e68a000 	C:\WINDOWS\SYSTEM32\VERSION.dll
0x00007ffe198d0000 - 0x00007ffe19901000 	C:\WINDOWS\System32\IMM32.DLL
0x00007ffe04be0000 - 0x00007ffe04bec000 	C:\Program Files\Java\jdk-17\bin\vcruntime140_1.dll
0x00007ffdd7610000 - 0x00007ffdd769e000 	C:\Program Files\Java\jdk-17\bin\msvcp140.dll
0x00007ffd549f0000 - 0x00007ffd555ce000 	C:\Program Files\Java\jdk-17\bin\server\jvm.dll
0x00007ffe19cc0000 - 0x00007ffe19cc8000 	C:\WINDOWS\System32\PSAPI.DLL
0x00007ffe10170000 - 0x00007ffe101a4000 	C:\WINDOWS\SYSTEM32\WINMM.dll
0x00007ffe0fbf0000 - 0x00007ffe0fbf9000 	C:\WINDOWS\SYSTEM32\WSOCK32.dll
0x00007ffe19b00000 - 0x00007ffe19b71000 	C:\WINDOWS\System32\WS2_32.dll
0x00007ffe171e0000 - 0x00007ffe171f8000 	C:\WINDOWS\SYSTEM32\kernel.appcore.dll
0x00007ffdfd630000 - 0x00007ffdfd63a000 	C:\Program Files\Java\jdk-17\bin\jimage.dll
0x00007ffe15ae0000 - 0x00007ffe15d12000 	C:\WINDOWS\SYSTEM32\DBGHELP.DLL
0x00007ffe1aa20000 - 0x00007ffe1ada8000 	C:\WINDOWS\System32\combase.dll
0x00007ffe19be0000 - 0x00007ffe19cb7000 	C:\WINDOWS\System32\OLEAUT32.dll
0x00007ffded340000 - 0x00007ffded372000 	C:\WINDOWS\SYSTEM32\dbgcore.DLL
0x00007ffe18180000 - 0x00007ffe181fb000 	C:\WINDOWS\System32\bcryptPrimitives.dll
0x00007ffde1690000 - 0x00007ffde16b5000 	C:\Program Files\Java\jdk-17\bin\java.dll

dbghelp: loaded successfully - version: 4.0.5 - missing functions: none
symbol engine: initialized successfully - sym options: 0x614 - pdb path: .;C:\Program Files\Java\jdk-17\bin;C:\WINDOWS\SYSTEM32;C:\WINDOWS\WinSxS\amd64_microsoft.windows.common-controls_6595b64144ccf1df_6.0.22621.3672_none_2713b9d173822955;C:\Program Files\Java\jdk-17\bin\server

VM Arguments:
java_command: C:\Users\duong\AppData\Local\Temp\surefire10146106170368529198\surefirebooter15352077070046092576.jar C:\Users\duong\AppData\Local\Temp\surefire10146106170368529198 2024-07-05T03-42-11_089-jvmRun1 surefire17415704754754864899tmp surefire_014478402307572049143tmp
java_class_path (initial): C:\Users\duong\AppData\Local\Temp\surefire10146106170368529198\surefirebooter15352077070046092576.jar
Launcher Type: SUN_STANDARD

[Global flags]
     intx CICompilerCount                          = 4                                         {product} {ergonomic}
     uint ConcGCThreads                            = 3                                         {product} {ergonomic}
     uint G1ConcRefinementThreads                  = 10                                        {product} {ergonomic}
   size_t G1HeapRegionSize                         = 1048576                                   {product} {ergonomic}
    uintx GCDrainStackTargetSize                   = 64                                        {product} {ergonomic}
   size_t InitialHeapSize                          = 98566144                                  {product} {ergonomic}
   size_t MarkStackSize                            = 4194304                                   {product} {ergonomic}
   size_t MaxHeapSize                              = 1572864000                                {product} {ergonomic}
   size_t MinHeapDeltaBytes                        = 1048576                                   {product} {ergonomic}
   size_t MinHeapSize                              = 8388608                                   {product} {ergonomic}
    uintx NonNMethodCodeHeapSize                   = 5839372                                {pd product} {ergonomic}
    uintx NonProfiledCodeHeapSize                  = 122909434                              {pd product} {ergonomic}
    uintx ProfiledCodeHeapSize                     = 122909434                              {pd product} {ergonomic}
    uintx ReservedCodeCacheSize                    = 251658240                              {pd product} {ergonomic}
     bool SegmentedCodeCache                       = true                                      {product} {ergonomic}
   size_t SoftMaxHeapSize                          = 1572864000                             {manageable} {ergonomic}
     bool UseCompressedClassPointers               = true                           {product lp64_product} {ergonomic}
     bool UseCompressedOops                        = true                           {product lp64_product} {ergonomic}
     bool UseG1GC                                  = true                                      {product} {ergonomic}
     bool UseLargePagesIndividualAllocation        = false                                  {pd product} {ergonomic}

Logging:
Log output configuration:
 #0: stdout all=warning uptime,level,tags
 #1: stderr all=off uptime,level,tags

Environment Variables:
JAVA_HOME=C:\Program Files\Java\jdk1.8.0_202
PATH=C:\Windows\system32;C:\Windows;C:\Windows\System32\Wbem;C:\Windows\System32\WindowsPowerShell\v1.0\;C:\Windows\System32\OpenSSH\;C:\Program Files (x86)\NVIDIA Corporation\PhysX\Common;C:\Program Files\NVIDIA Corporation\NVIDIA NvDLISR;C:\WINDOWS\system32;C:\WINDOWS;C:\WINDOWS\System32\Wbem;C:\WINDOWS\System32\WindowsPowerShell\v1.0\;C:\WINDOWS\System32\OpenSSH\;C:\Program Files\Git\cmd;C:\Program Files\Docker\Docker\resources\bin;C:\Program Files\nodejs\;C:\Users\duong\AppData\Roaming\npm;C:\Program Files\PuTTY\;C:\Program Files\Cloudflare\Cloudflare WARP\;C:\Users\duong\Downloads\ezyplatform-sdk-0.0.9\ezyplatform-sdk\bin;C:\Users\duong\Downloads\apache-maven-3.9.8-bin\apache-maven-3.9.8\bin;C:\Program Files\Java\jdk1.8.0_202\bin;C:\Users\duong\AppData\Local\Programs\Python\Launcher\;C:\Users\duong\AppData\Local\Microsoft\WindowsApps;C:\Users\duong\AppData\Local\Programs\Microsoft VS Code\bin;C:\Users\duong\AppData\Local\GitHubDesktop\bin;C:\ProgramData\duong\GitHubDesktop\bin;C:\Users\duong\AppData\Roaming\npm;C:\Program Files\heroku\bin
USERNAME=duong
OS=Windows_NT
PROCESSOR_IDENTIFIER=AMD64 Family 25 Model 80 Stepping 0, AuthenticAMD



---------------  S Y S T E M  ---------------

OS:
 Windows 11 , 64 bit Build 22621 (10.0.22621.3672)
OS uptime: 3 days 4:42 hours
Hyper-V role detected

CPU: total 12 (initial active 12) (12 cores per cpu, 2 threads per core) family 25 model 80 stepping 0 microcode 0x0, cx8, cmov, fxsr, ht, mmx, 3dnowpref, sse, sse2, sse3, ssse3, sse4a, sse4.1, sse4.2, popcnt, lzcnt, tsc, tscinvbit, avx, avx2, aes, erms, clmul, bmi1, bmi2, adx, sha, fma, vzeroupper, clflush, clflushopt, hv

Memory: 4k page, system-wide physical 5996M (425M free)
TotalPageFile size 24428M (AvailPageFile size 45M)
current process WorkingSet (physical memory assigned to process): 11M, peak: 11M
current process commit charge ("private bytes"): 64M, peak: 158M

vm_info: Java HotSpot(TM) 64-Bit Server VM (17.0.8+9-LTS-211) for windows-amd64 JRE (17.0.8+9-LTS-211), built on Jun 14 2023 10:34:31 by "mach5one" with MS VC++ 17.1 (VS2022)

END.
