#
# There is insufficient memory for the Java Runtime Environment to continue.
# Native memory allocation (malloc) failed to allocate 1531216 bytes for Chunk::new
# Possible reasons:
#   The system is out of physical RAM or swap space
#   The process is running with CompressedOops enabled, and the Java Heap may be blocking the growth of the native heap
# Possible solutions:
#   Reduce memory load on the system
#   Increase physical memory or swap space
#   Check if swap backing store is full
#   Decrease Java heap size (-Xmx/-Xms)
#   Decrease number of Java threads
#   Decrease Java thread stack sizes (-Xss)
#   Set larger code cache with -XX:ReservedCodeCacheSize=
#   JVM is running with Unscaled Compressed Oops mode in which the Java heap is
#     placed in the first 4GB address space. The Java Heap base address is the
#     maximum limit for the native heap growth. Please use -XX:HeapBaseMinAddress
#     to set the Java Heap base and to place the Java Heap above 4GB virtual address.
# This output file may be truncated or incomplete.
#
#  Out of Memory Error (arena.cpp:189), pid=14148, tid=7100
#
# JRE version: Java(TM) SE Runtime Environment (17.0.8+9) (build 17.0.8+9-LTS-211)
# Java VM: Java HotSpot(TM) 64-Bit Server VM (17.0.8+9-LTS-211, mixed mode, sharing, tiered, compressed oops, compressed class ptrs, g1 gc, windows-amd64)
# No core dump will be written. Minidumps are not enabled by default on client versions of Windows
#

---------------  S U M M A R Y ------------

Command Line: C:\Users\duong\AppData\Local\Temp\surefire8603526666729957864\surefirebooter7980859171741241963.jar C:\Users\duong\AppData\Local\Temp\surefire8603526666729957864 2024-07-05T03-41-02_003-jvmRun1 surefire7480359155508069867tmp surefire_04284056568129011396tmp

Host: AMD Ryzen 5 5600H with Radeon Graphics         , 12 cores, 5G,  Windows 11 , 64 bit Build 22621 (10.0.22621.3672)
Time: Fri Jul  5 03:41:07 2024 SE Asia Standard Time elapsed time: 4.823077 seconds (0d 0h 0m 4s)

---------------  T H R E A D  ---------------

Current thread (0x0000013c7f8322e0):  JavaThread "C2 CompilerThread0" daemon [_thread_in_native, id=7100, stack(0x0000000dceb00000,0x0000000dcec00000)]


Current CompileTask:
C2:   4823 4780       4       jdk.internal.loader.ClassLoaders$AppClassLoader::defineOrCheckPackage (8 bytes)

Stack: [0x0000000dceb00000,0x0000000dcec00000]
Native frames: (J=compiled Java code, j=interpreted, Vv=VM code, C=native code)
V  [jvm.dll+0x677d0a]
V  [jvm.dll+0x7d8c54]
V  [jvm.dll+0x7da3fe]
V  [jvm.dll+0x7daa63]
V  [jvm.dll+0x245c5f]
V  [jvm.dll+0xaaa6b]
V  [jvm.dll+0xab00c]
V  [jvm.dll+0x361e8e]
V  [jvm.dll+0x32c551]
V  [jvm.dll+0x32b9ea]
V  [jvm.dll+0x217fff]
V  [jvm.dll+0x217431]
V  [jvm.dll+0x1a3af0]
V  [jvm.dll+0x2270be]
V  [jvm.dll+0x22535b]
V  [jvm.dll+0x78e7bc]
V  [jvm.dll+0x788bba]
V  [jvm.dll+0x676b35]
C  [ucrtbase.dll+0x29333]
C  [KERNEL32.DLL+0x1257d]
C  [ntdll.dll+0x5af28]


---------------  P R O C E S S  ---------------

Threads class SMR info:
_java_thread_list=0x0000013c59df6c90, length=17, elements={
0x0000013c72e712f0, 0x0000013c7f816be0, 0x0000013c7f817850, 0x0000013c7f82e070,
0x0000013c7f82f940, 0x0000013c7f830810, 0x0000013c7f8312e0, 0x0000013c7f8322e0,
0x0000013c7f83b6c0, 0x0000013c7f84aed0, 0x0000013c12935550, 0x0000013c1293aa50,
0x0000013c12984a50, 0x0000013c12a8fdf0, 0x0000013c5a3b2800, 0x0000013c5a1e36f0,
0x0000013c5a1e23b0
}

Java Threads: ( => current thread )
  0x0000013c72e712f0 JavaThread "main" [_thread_in_native, id=27268, stack(0x0000000dcde00000,0x0000000dcdf00000)]
  0x0000013c7f816be0 JavaThread "Reference Handler" daemon [_thread_blocked, id=19208, stack(0x0000000dce500000,0x0000000dce600000)]
  0x0000013c7f817850 JavaThread "Finalizer" daemon [_thread_blocked, id=3412, stack(0x0000000dce600000,0x0000000dce700000)]
  0x0000013c7f82e070 JavaThread "Signal Dispatcher" daemon [_thread_blocked, id=9208, stack(0x0000000dce700000,0x0000000dce800000)]
  0x0000013c7f82f940 JavaThread "Attach Listener" daemon [_thread_blocked, id=24172, stack(0x0000000dce800000,0x0000000dce900000)]
  0x0000013c7f830810 JavaThread "Service Thread" daemon [_thread_blocked, id=13840, stack(0x0000000dce900000,0x0000000dcea00000)]
  0x0000013c7f8312e0 JavaThread "Monitor Deflation Thread" daemon [_thread_blocked, id=11288, stack(0x0000000dcea00000,0x0000000dceb00000)]
=>0x0000013c7f8322e0 JavaThread "C2 CompilerThread0" daemon [_thread_in_native, id=7100, stack(0x0000000dceb00000,0x0000000dcec00000)]
  0x0000013c7f83b6c0 JavaThread "C1 CompilerThread0" daemon [_thread_blocked, id=14708, stack(0x0000000dcec00000,0x0000000dced00000)]
  0x0000013c7f84aed0 JavaThread "Sweeper thread" daemon [_thread_blocked, id=26104, stack(0x0000000dced00000,0x0000000dcee00000)]
  0x0000013c12935550 JavaThread "Notification Thread" daemon [_thread_blocked, id=16640, stack(0x0000000dcee00000,0x0000000dcef00000)]
  0x0000013c1293aa50 JavaThread "Common-Cleaner" daemon [_thread_blocked, id=21544, stack(0x0000000dcf000000,0x0000000dcf100000)]
  0x0000013c12984a50 JavaThread "surefire-forkedjvm-command-thread" daemon [_thread_in_native, id=1328, stack(0x0000000dcf100000,0x0000000dcf200000)]
  0x0000013c12a8fdf0 JavaThread "surefire-forkedjvm-ping-30s" daemon [_thread_blocked, id=4324, stack(0x0000000dcf200000,0x0000000dcf300000)]
  0x0000013c5a3b2800 JavaThread "mysql-cj-abandoned-connection-cleanup" daemon [_thread_blocked, id=17552, stack(0x0000000dcfd00000,0x0000000dcfe00000)]
  0x0000013c5a1e36f0 JavaThread "HikariPool-1 housekeeper" daemon [_thread_blocked, id=8788, stack(0x0000000dd0100000,0x0000000dd0200000)]
  0x0000013c5a1e23b0 JavaThread "HikariPool-1 connection adder" daemon [_thread_in_native, id=13868, stack(0x0000000dd0200000,0x0000000dd0300000)]

Other Threads:
  0x0000013c7f80ecd0 VMThread "VM Thread" [stack: 0x0000000dce400000,0x0000000dce500000] [id=6368]
  0x0000013c72ee3080 WatcherThread [stack: 0x0000000dcef00000,0x0000000dcf000000] [id=16488]
  0x0000013c72ebd180 GCTaskThread "GC Thread#0" [stack: 0x0000000dcdf00000,0x0000000dce000000] [id=6448]
  0x0000013c12b61930 GCTaskThread "GC Thread#1" [stack: 0x0000000dcf300000,0x0000000dcf400000] [id=11872]
  0x0000013c12b61e90 GCTaskThread "GC Thread#2" [stack: 0x0000000dcf400000,0x0000000dcf500000] [id=17952]
  0x0000013c12b61120 GCTaskThread "GC Thread#3" [stack: 0x0000000dcf500000,0x0000000dcf600000] [id=17608]
  0x0000013c12b60e70 GCTaskThread "GC Thread#4" [stack: 0x0000000dcf600000,0x0000000dcf700000] [id=14596]
  0x0000013c12b61be0 GCTaskThread "GC Thread#5" [stack: 0x0000000dcf700000,0x0000000dcf800000] [id=23168]
  0x0000013c12b626a0 GCTaskThread "GC Thread#6" [stack: 0x0000000dcf800000,0x0000000dcf900000] [id=22764]
  0x0000013c12b62950 GCTaskThread "GC Thread#7" [stack: 0x0000000dcfa00000,0x0000000dcfb00000] [id=21252]
  0x0000013c12b61680 GCTaskThread "GC Thread#8" [stack: 0x0000000dcfb00000,0x0000000dcfc00000] [id=13096]
  0x0000013c589a1390 GCTaskThread "GC Thread#9" [stack: 0x0000000dcfc00000,0x0000000dcfd00000] [id=18604]
  0x0000013c72ecab50 ConcurrentGCThread "G1 Main Marker" [stack: 0x0000000dce000000,0x0000000dce100000] [id=1108]
  0x0000013c72ecb460 ConcurrentGCThread "G1 Conc#0" [stack: 0x0000000dce100000,0x0000000dce200000] [id=24400]
  0x0000013c589a10e0 ConcurrentGCThread "G1 Conc#1" [stack: 0x0000000dcfe00000,0x0000000dcff00000] [id=18728]
  0x0000013c5899f8b0 ConcurrentGCThread "G1 Conc#2" [stack: 0x0000000dcff00000,0x0000000dd0000000] [id=22276]
  0x0000013c72f3d6a0 ConcurrentGCThread "G1 Refine#0" [stack: 0x0000000dce200000,0x0000000dce300000] [id=2628]
  0x0000013c587eb470 ConcurrentGCThread "G1 Refine#1" [stack: 0x0000000dcf900000,0x0000000dcfa00000] [id=26656]
  0x0000013c7f6d20a0 ConcurrentGCThread "G1 Service" [stack: 0x0000000dce300000,0x0000000dce400000] [id=25108]

Threads with active compile tasks:
C2 CompilerThread0     4852 4780       4       jdk.internal.loader.ClassLoaders$AppClassLoader::defineOrCheckPackage (8 bytes)

VM state: not at safepoint (normal execution)

VM Mutex/Monitor currently owned by a thread: None

Heap address: 0x00000000a2400000, size: 1500 MB, Compressed Oops mode: 32-bit

CDS archive(s) mapped at: [0x0000013c13000000-0x0000013c13bd0000-0x0000013c13bd0000), size 12386304, SharedBaseAddress: 0x0000013c13000000, ArchiveRelocationMode: 1.
Compressed class space mapped at: 0x0000013c14000000-0x0000013c54000000, reserved size: 1073741824
Narrow klass base: 0x0000013c13000000, Narrow klass shift: 0, Narrow klass range: 0x100000000

GC Precious Log:
 CPUs: 12 total, 12 available
 Memory: 5996M
 Large Page Support: Disabled
 NUMA Support: Disabled
 Compressed Oops: Enabled (32-bit)
 Heap Region Size: 1M
 Heap Min Capacity: 8M
 Heap Initial Capacity: 94M
 Heap Max Capacity: 1500M
 Pre-touch: Disabled
 Parallel Workers: 10
 Concurrent Workers: 3
 Concurrent Refinement Workers: 10
 Periodic GC: Disabled

Heap:
 garbage-first heap   total 79872K, used 35072K [0x00000000a2400000, 0x0000000100000000)
  region size 1024K, 16 young (16384K), 4 survivors (4096K)
 Metaspace       used 48931K, committed 49280K, reserved 1114112K
  class space    used 6625K, committed 6784K, reserved 1048576K

Heap Regions: E=young(eden), S=young(survivor), O=old, HS=humongous(starts), HC=humongous(continues), CS=collection set, F=free, OA=open archive, CA=closed archive, TAMS=top-at-mark-start (previous, next)
|   0|0x00000000a2400000, 0x00000000a2500000, 0x00000000a2500000|100%|HS|  |TAMS 0x00000000a2500000, 0x00000000a2400000| Complete 
|   1|0x00000000a2500000, 0x00000000a2600000, 0x00000000a2600000|100%| O|  |TAMS 0x00000000a2600000, 0x00000000a2500000| Untracked 
|   2|0x00000000a2600000, 0x00000000a2700000, 0x00000000a2700000|100%| O|  |TAMS 0x00000000a2700000, 0x00000000a2600000| Untracked 
|   3|0x00000000a2700000, 0x00000000a2800000, 0x00000000a2800000|100%| O|  |TAMS 0x00000000a2800000, 0x00000000a2700000| Untracked 
|   4|0x00000000a2800000, 0x00000000a2900000, 0x00000000a2900000|100%| O|  |TAMS 0x00000000a2900000, 0x00000000a2800000| Untracked 
|   5|0x00000000a2900000, 0x00000000a2a00000, 0x00000000a2a00000|100%| O|  |TAMS 0x00000000a2a00000, 0x00000000a2900000| Untracked 
|   6|0x00000000a2a00000, 0x00000000a2b00000, 0x00000000a2b00000|100%| O|  |TAMS 0x00000000a2b00000, 0x00000000a2a00000| Untracked 
|   7|0x00000000a2b00000, 0x00000000a2c00000, 0x00000000a2c00000|100%| O|  |TAMS 0x00000000a2c00000, 0x00000000a2b00000| Untracked 
|   8|0x00000000a2c00000, 0x00000000a2d00000, 0x00000000a2d00000|100%| O|  |TAMS 0x00000000a2d00000, 0x00000000a2c00000| Untracked 
|   9|0x00000000a2d00000, 0x00000000a2e00000, 0x00000000a2e00000|100%| O|  |TAMS 0x00000000a2e00000, 0x00000000a2d00000| Untracked 
|  10|0x00000000a2e00000, 0x00000000a2e71400, 0x00000000a2f00000| 44%| O|  |TAMS 0x00000000a2e71400, 0x00000000a2e00000| Untracked 
|  11|0x00000000a2f00000, 0x00000000a3000000, 0x00000000a3000000|100%| O|  |TAMS 0x00000000a3000000, 0x00000000a2f00000| Untracked 
|  12|0x00000000a3000000, 0x00000000a3100000, 0x00000000a3100000|100%| O|  |TAMS 0x00000000a3100000, 0x00000000a3000000| Untracked 
|  13|0x00000000a3100000, 0x00000000a3200000, 0x00000000a3200000|100%| O|  |TAMS 0x00000000a3200000, 0x00000000a3100000| Untracked 
|  14|0x00000000a3200000, 0x00000000a3300000, 0x00000000a3300000|100%| O|  |TAMS 0x00000000a3300000, 0x00000000a3200000| Untracked 
|  15|0x00000000a3300000, 0x00000000a3400000, 0x00000000a3400000|100%| O|  |TAMS 0x00000000a339c200, 0x00000000a3300000| Untracked 
|  16|0x00000000a3400000, 0x00000000a3500000, 0x00000000a3500000|100%| O|  |TAMS 0x00000000a3400000, 0x00000000a3400000| Untracked 
|  17|0x00000000a3500000, 0x00000000a3600000, 0x00000000a3600000|100%| O|  |TAMS 0x00000000a3500000, 0x00000000a3500000| Untracked 
|  18|0x00000000a3600000, 0x00000000a3700000, 0x00000000a3700000|100%| O|  |TAMS 0x00000000a3600000, 0x00000000a3600000| Untracked 
|  19|0x00000000a3700000, 0x00000000a3800000, 0x00000000a3800000|100%| O|  |TAMS 0x00000000a3700000, 0x00000000a3700000| Untracked 
|  20|0x00000000a3800000, 0x00000000a3838c00, 0x00000000a3900000| 22%| O|  |TAMS 0x00000000a3800000, 0x00000000a3800000| Untracked 
|  21|0x00000000a3900000, 0x00000000a3900000, 0x00000000a3a00000|  0%| F|  |TAMS 0x00000000a3900000, 0x00000000a3900000| Untracked 
|  22|0x00000000a3a00000, 0x00000000a3a00000, 0x00000000a3b00000|  0%| F|  |TAMS 0x00000000a3a00000, 0x00000000a3a00000| Untracked 
|  23|0x00000000a3b00000, 0x00000000a3b00000, 0x00000000a3c00000|  0%| F|  |TAMS 0x00000000a3b00000, 0x00000000a3b00000| Untracked 
|  24|0x00000000a3c00000, 0x00000000a3c00000, 0x00000000a3d00000|  0%| F|  |TAMS 0x00000000a3c00000, 0x00000000a3c00000| Untracked 
|  25|0x00000000a3d00000, 0x00000000a3d00000, 0x00000000a3e00000|  0%| F|  |TAMS 0x00000000a3d00000, 0x00000000a3d00000| Untracked 
|  26|0x00000000a3e00000, 0x00000000a3e00000, 0x00000000a3f00000|  0%| F|  |TAMS 0x00000000a3e00000, 0x00000000a3e00000| Untracked 
|  27|0x00000000a3f00000, 0x00000000a3f00000, 0x00000000a4000000|  0%| F|  |TAMS 0x00000000a3f00000, 0x00000000a3f00000| Untracked 
|  28|0x00000000a4000000, 0x00000000a4000000, 0x00000000a4100000|  0%| F|  |TAMS 0x00000000a4000000, 0x00000000a4000000| Untracked 
|  29|0x00000000a4100000, 0x00000000a4100000, 0x00000000a4200000|  0%| F|  |TAMS 0x00000000a4100000, 0x00000000a4100000| Untracked 
|  30|0x00000000a4200000, 0x00000000a42962a0, 0x00000000a4300000| 58%| S|CS|TAMS 0x00000000a4200000, 0x00000000a4200000| Complete 
|  31|0x00000000a4300000, 0x00000000a4400000, 0x00000000a4400000|100%| S|CS|TAMS 0x00000000a4300000, 0x00000000a4300000| Complete 
|  32|0x00000000a4400000, 0x00000000a4500000, 0x00000000a4500000|100%| S|CS|TAMS 0x00000000a4400000, 0x00000000a4400000| Complete 
|  33|0x00000000a4500000, 0x00000000a4600000, 0x00000000a4600000|100%| S|CS|TAMS 0x00000000a4500000, 0x00000000a4500000| Complete 
|  34|0x00000000a4600000, 0x00000000a4600000, 0x00000000a4700000|  0%| F|  |TAMS 0x00000000a4600000, 0x00000000a4600000| Untracked 
|  35|0x00000000a4700000, 0x00000000a4700000, 0x00000000a4800000|  0%| F|  |TAMS 0x00000000a4700000, 0x00000000a4700000| Untracked 
|  36|0x00000000a4800000, 0x00000000a4800000, 0x00000000a4900000|  0%| F|  |TAMS 0x00000000a4800000, 0x00000000a4800000| Untracked 
|  37|0x00000000a4900000, 0x00000000a4900000, 0x00000000a4a00000|  0%| F|  |TAMS 0x00000000a4900000, 0x00000000a4900000| Untracked 
|  38|0x00000000a4a00000, 0x00000000a4a00000, 0x00000000a4b00000|  0%| F|  |TAMS 0x00000000a4a00000, 0x00000000a4a00000| Untracked 
|  39|0x00000000a4b00000, 0x00000000a4b00000, 0x00000000a4c00000|  0%| F|  |TAMS 0x00000000a4b00000, 0x00000000a4b00000| Untracked 
|  40|0x00000000a4c00000, 0x00000000a4c00000, 0x00000000a4d00000|  0%| F|  |TAMS 0x00000000a4c00000, 0x00000000a4c00000| Untracked 
|  41|0x00000000a4d00000, 0x00000000a4d00000, 0x00000000a4e00000|  0%| F|  |TAMS 0x00000000a4d00000, 0x00000000a4d00000| Untracked 
|  42|0x00000000a4e00000, 0x00000000a4e00000, 0x00000000a4f00000|  0%| F|  |TAMS 0x00000000a4e00000, 0x00000000a4e00000| Untracked 
|  43|0x00000000a4f00000, 0x00000000a4f00000, 0x00000000a5000000|  0%| F|  |TAMS 0x00000000a4f00000, 0x00000000a4f00000| Untracked 
|  44|0x00000000a5000000, 0x00000000a5000000, 0x00000000a5100000|  0%| F|  |TAMS 0x00000000a5000000, 0x00000000a5000000| Untracked 
|  45|0x00000000a5100000, 0x00000000a5100000, 0x00000000a5200000|  0%| F|  |TAMS 0x00000000a5100000, 0x00000000a5100000| Untracked 
|  46|0x00000000a5200000, 0x00000000a5200000, 0x00000000a5300000|  0%| F|  |TAMS 0x00000000a5200000, 0x00000000a5200000| Untracked 
|  47|0x00000000a5300000, 0x00000000a5300000, 0x00000000a5400000|  0%| F|  |TAMS 0x00000000a5300000, 0x00000000a5300000| Untracked 
|  48|0x00000000a5400000, 0x00000000a5400000, 0x00000000a5500000|  0%| F|  |TAMS 0x00000000a5400000, 0x00000000a5400000| Untracked 
|  49|0x00000000a5500000, 0x00000000a5500000, 0x00000000a5600000|  0%| F|  |TAMS 0x00000000a5500000, 0x00000000a5500000| Untracked 
|  50|0x00000000a5600000, 0x00000000a5600000, 0x00000000a5700000|  0%| F|  |TAMS 0x00000000a5600000, 0x00000000a5600000| Untracked 
|  51|0x00000000a5700000, 0x00000000a5700000, 0x00000000a5800000|  0%| F|  |TAMS 0x00000000a5700000, 0x00000000a5700000| Untracked 
|  52|0x00000000a5800000, 0x00000000a5800000, 0x00000000a5900000|  0%| F|  |TAMS 0x00000000a5800000, 0x00000000a5800000| Untracked 
|  53|0x00000000a5900000, 0x00000000a5900000, 0x00000000a5a00000|  0%| F|  |TAMS 0x00000000a5900000, 0x00000000a5900000| Untracked 
|  54|0x00000000a5a00000, 0x00000000a5a00000, 0x00000000a5b00000|  0%| F|  |TAMS 0x00000000a5a00000, 0x00000000a5a00000| Untracked 
|  55|0x00000000a5b00000, 0x00000000a5b00000, 0x00000000a5c00000|  0%| F|  |TAMS 0x00000000a5b00000, 0x00000000a5b00000| Untracked 
|  56|0x00000000a5c00000, 0x00000000a5c00000, 0x00000000a5d00000|  0%| F|  |TAMS 0x00000000a5c00000, 0x00000000a5c00000| Untracked 
|  57|0x00000000a5d00000, 0x00000000a5d00000, 0x00000000a5e00000|  0%| F|  |TAMS 0x00000000a5d00000, 0x00000000a5d00000| Untracked 
|  58|0x00000000a5e00000, 0x00000000a5e00000, 0x00000000a5f00000|  0%| F|  |TAMS 0x00000000a5e00000, 0x00000000a5e00000| Untracked 
|  59|0x00000000a5f00000, 0x00000000a5f00000, 0x00000000a6000000|  0%| F|  |TAMS 0x00000000a5f00000, 0x00000000a5f00000| Untracked 
|  60|0x00000000a6000000, 0x00000000a6000000, 0x00000000a6100000|  0%| F|  |TAMS 0x00000000a6000000, 0x00000000a6000000| Untracked 
|  61|0x00000000a6100000, 0x00000000a6100000, 0x00000000a6200000|  0%| F|  |TAMS 0x00000000a6100000, 0x00000000a6100000| Untracked 
|  62|0x00000000a6200000, 0x00000000a6200000, 0x00000000a6300000|  0%| F|  |TAMS 0x00000000a6200000, 0x00000000a6200000| Untracked 
|  63|0x00000000a6300000, 0x00000000a6300000, 0x00000000a6400000|  0%| F|  |TAMS 0x00000000a6300000, 0x00000000a6300000| Untracked 
|  64|0x00000000a6400000, 0x00000000a6400000, 0x00000000a6500000|  0%| F|  |TAMS 0x00000000a6400000, 0x00000000a6400000| Untracked 
|  65|0x00000000a6500000, 0x00000000a6580800, 0x00000000a6600000| 50%| E|  |TAMS 0x00000000a6500000, 0x00000000a6500000| Complete 
|  66|0x00000000a6600000, 0x00000000a6700000, 0x00000000a6700000|100%| E|CS|TAMS 0x00000000a6600000, 0x00000000a6600000| Complete 
|  67|0x00000000a6700000, 0x00000000a6800000, 0x00000000a6800000|100%| E|CS|TAMS 0x00000000a6700000, 0x00000000a6700000| Complete 
|  68|0x00000000a6800000, 0x00000000a6900000, 0x00000000a6900000|100%| E|CS|TAMS 0x00000000a6800000, 0x00000000a6800000| Complete 
|  69|0x00000000a6900000, 0x00000000a6a00000, 0x00000000a6a00000|100%| E|CS|TAMS 0x00000000a6900000, 0x00000000a6900000| Complete 
|  70|0x00000000a6a00000, 0x00000000a6b00000, 0x00000000a6b00000|100%| E|CS|TAMS 0x00000000a6a00000, 0x00000000a6a00000| Complete 
|  71|0x00000000a6b00000, 0x00000000a6c00000, 0x00000000a6c00000|100%| E|CS|TAMS 0x00000000a6b00000, 0x00000000a6b00000| Complete 
|  72|0x00000000a6c00000, 0x00000000a6d00000, 0x00000000a6d00000|100%| E|CS|TAMS 0x00000000a6c00000, 0x00000000a6c00000| Complete 
|  73|0x00000000a6d00000, 0x00000000a6e00000, 0x00000000a6e00000|100%| E|CS|TAMS 0x00000000a6d00000, 0x00000000a6d00000| Complete 
|  74|0x00000000a6e00000, 0x00000000a6f00000, 0x00000000a6f00000|100%| E|CS|TAMS 0x00000000a6e00000, 0x00000000a6e00000| Complete 
|  75|0x00000000a6f00000, 0x00000000a7000000, 0x00000000a7000000|100%| E|CS|TAMS 0x00000000a6f00000, 0x00000000a6f00000| Complete 
|  76|0x00000000a7000000, 0x00000000a7100000, 0x00000000a7100000|100%| E|CS|TAMS 0x00000000a7000000, 0x00000000a7000000| Complete 
|  93|0x00000000a8100000, 0x00000000a8200000, 0x00000000a8200000|100%| E|CS|TAMS 0x00000000a8100000, 0x00000000a8100000| Complete 

Card table byte_map: [0x0000013c7ce60000,0x0000013c7d150000] _byte_map_base: 0x0000013c7c94e000

Marking Bits (Prev, Next): (CMBitMap*) 0x0000013c72ebd690, (CMBitMap*) 0x0000013c72ebd6d0
 Prev Bits: [0x0000013c7d440000, 0x0000013c7ebb0000)
 Next Bits: [0x0000013c0f000000, 0x0000013c10770000)

Polling page: 0x0000013c7bec0000

Metaspace:

Usage:
  Non-class:     41.33 MB used.
      Class:      6.47 MB used.
       Both:     47.80 MB used.

Virtual space:
  Non-class space:       64.00 MB reserved,      41.50 MB ( 65%) committed,  1 nodes.
      Class space:        1.00 GB reserved,       6.62 MB ( <1%) committed,  1 nodes.
             Both:        1.06 GB reserved,      48.12 MB (  4%) committed. 

Chunk freelists:
   Non-Class:  6.53 MB
       Class:  9.23 MB
        Both:  15.77 MB

MaxMetaspaceSize: unlimited
CompressedClassSpaceSize: 1.00 GB
Initial GC threshold: 21.00 MB
Current GC threshold: 59.31 MB
CDS: on
MetaspaceReclaimPolicy: balanced
 - commit_granule_bytes: 65536.
 - commit_granule_words: 8192.
 - virtual_space_node_default_size: 8388608.
 - enlarge_chunks_in_place: 1.
 - new_chunks_are_fully_committed: 0.
 - uncommit_free_chunks: 1.
 - use_allocation_guard: 0.
 - handle_deallocations: 1.


Internal statistics:

num_allocs_failed_limit: 8.
num_arena_births: 336.
num_arena_deaths: 0.
num_vsnodes_births: 2.
num_vsnodes_deaths: 0.
num_space_committed: 770.
num_space_uncommitted: 0.
num_chunks_returned_to_freelist: 8.
num_chunks_taken_from_freelist: 1976.
num_chunk_merges: 8.
num_chunk_splits: 1443.
num_chunks_enlarged: 1148.
num_purges: 0.
num_inconsistent_stats: 0.

CodeHeap 'non-profiled nmethods': size=120000Kb used=2126Kb max_used=2126Kb free=117873Kb
 bounds [0x0000013c07ad0000, 0x0000013c07d40000, 0x0000013c0f000000]
CodeHeap 'profiled nmethods': size=120000Kb used=9592Kb max_used=9592Kb free=110408Kb
 bounds [0x0000013c00000000, 0x0000013c00960000, 0x0000013c07530000]
CodeHeap 'non-nmethods': size=5760Kb used=1306Kb max_used=1334Kb free=4453Kb
 bounds [0x0000013c07530000, 0x0000013c077a0000, 0x0000013c07ad0000]
 total_blobs=5447 nmethods=4814 adapters=544
 compilation: enabled
              stopped_count=0, restarted_count=0
 full_count=0

Compilation events (20 events):
Event: 4.738 Thread 0x0000013c7f8322e0 4481       4       org.hibernate.annotations.common.reflection.java.generics.IdentityTypeEnvironment::bind (2 bytes)
Event: 4.738 Thread 0x0000013c7f8322e0 nmethod 4481 0x0000013c07ce1710 code [0x0000013c07ce1880, 0x0000013c07ce18f8]
Event: 4.738 Thread 0x0000013c7f8322e0 4589       4       java.util.ImmutableCollections$ListN::size (6 bytes)
Event: 4.739 Thread 0x0000013c7f8322e0 nmethod 4589 0x0000013c07ce1a10 code [0x0000013c07ce1b80, 0x0000013c07ce1c18]
Event: 4.739 Thread 0x0000013c7f8322e0 4692       4       org.hibernate.validator.internal.properties.javabean.JavaBeanMethod::getConstrainedElementKind (4 bytes)
Event: 4.739 Thread 0x0000013c7f8322e0 nmethod 4692 0x0000013c07ce1d10 code [0x0000013c07ce1e80, 0x0000013c07ce1ef8]
Event: 4.739 Thread 0x0000013c7f8322e0 4659       4       java.util.stream.ReduceOps$3ReducingSink::begin (14 bytes)
Event: 4.740 Thread 0x0000013c7f8322e0 nmethod 4659 0x0000013c07ce2010 code [0x0000013c07ce2180, 0x0000013c07ce22d8]
Event: 4.740 Thread 0x0000013c7f8322e0 4677       4       java.util.Collections$UnmodifiableCollection::isEmpty (10 bytes)
Event: 4.740 Thread 0x0000013c7f8322e0 nmethod 4677 0x0000013c07ce2390 code [0x0000013c07ce2500, 0x0000013c07ce2598]
Event: 4.740 Thread 0x0000013c7f8322e0 4715       4       java.lang.Long::bitCount (61 bytes)
Event: 4.740 Thread 0x0000013c7f8322e0 nmethod 4715 0x0000013c07ce2690 code [0x0000013c07ce2800, 0x0000013c07ce28d8]
Event: 4.743 Thread 0x0000013c7f8322e0 4778       4       java.util.concurrent.CopyOnWriteArrayList::get (9 bytes)
Event: 4.744 Thread 0x0000013c7f8322e0 nmethod 4778 0x0000013c07ce2990 code [0x0000013c07ce2b00, 0x0000013c07ce2bb8]
Event: 4.747 Thread 0x0000013c7f8322e0 4779       4       java.util.LinkedHashMap$LinkedValueIterator::next (8 bytes)
Event: 4.748 Thread 0x0000013c7f8322e0 nmethod 4779 0x0000013c07ce2c90 code [0x0000013c07ce2e00, 0x0000013c07ce3078]
Event: 4.750 Thread 0x0000013c7f8322e0 4780       4       jdk.internal.loader.ClassLoaders$AppClassLoader::defineOrCheckPackage (8 bytes)
Event: 4.818 Thread 0x0000013c7f83b6c0 4791       3       net.bytebuddy.description.ModifierReviewable$AbstractBase::<init> (5 bytes)
Event: 4.818 Thread 0x0000013c7f83b6c0 nmethod 4791 0x0000013c0094a990 code [0x0000013c0094ab20, 0x0000013c0094ac78]
Event: 4.821 Thread 0x0000013c7f83b6c0 4792       3       java.lang.reflect.Method::invoke (65 bytes)

GC Heap History (18 events):
Event: 0.611 GC heap before
{Heap before GC invocations=0 (full 0):
 garbage-first heap   total 96256K, used 23552K [0x00000000a2400000, 0x0000000100000000)
  region size 1024K, 23 young (23552K), 0 survivors (0K)
 Metaspace       used 5323K, committed 5440K, reserved 1114112K
  class space    used 641K, committed 704K, reserved 1048576K
}
Event: 0.619 GC heap after
{Heap after GC invocations=1 (full 0):
 garbage-first heap   total 96256K, used 8752K [0x00000000a2400000, 0x0000000100000000)
  region size 1024K, 3 young (3072K), 3 survivors (3072K)
 Metaspace       used 5323K, committed 5440K, reserved 1114112K
  class space    used 641K, committed 704K, reserved 1048576K
}
Event: 1.147 GC heap before
{Heap before GC invocations=1 (full 0):
 garbage-first heap   total 96256K, used 31280K [0x00000000a2400000, 0x0000000100000000)
  region size 1024K, 25 young (25600K), 3 survivors (3072K)
 Metaspace       used 11102K, committed 11264K, reserved 1114112K
  class space    used 1415K, committed 1472K, reserved 1048576K
}
Event: 1.153 GC heap after
{Heap after GC invocations=2 (full 0):
 garbage-first heap   total 96256K, used 10976K [0x00000000a2400000, 0x0000000100000000)
  region size 1024K, 2 young (2048K), 2 survivors (2048K)
 Metaspace       used 11102K, committed 11264K, reserved 1114112K
  class space    used 1415K, committed 1472K, reserved 1048576K
}
Event: 1.654 GC heap before
{Heap before GC invocations=2 (full 0):
 garbage-first heap   total 96256K, used 45792K [0x00000000a2400000, 0x0000000100000000)
  region size 1024K, 37 young (37888K), 2 survivors (2048K)
 Metaspace       used 18186K, committed 18368K, reserved 1114112K
  class space    used 2429K, committed 2496K, reserved 1048576K
}
Event: 1.660 GC heap after
{Heap after GC invocations=3 (full 0):
 garbage-first heap   total 96256K, used 13076K [0x00000000a2400000, 0x0000000100000000)
  region size 1024K, 4 young (4096K), 4 survivors (4096K)
 Metaspace       used 18186K, committed 18368K, reserved 1114112K
  class space    used 2429K, committed 2496K, reserved 1048576K
}
Event: 1.825 GC heap before
{Heap before GC invocations=3 (full 0):
 garbage-first heap   total 96256K, used 29460K [0x00000000a2400000, 0x0000000100000000)
  region size 1024K, 22 young (22528K), 4 survivors (4096K)
 Metaspace       used 21366K, committed 21504K, reserved 1114112K
  class space    used 2754K, committed 2816K, reserved 1048576K
}
Event: 1.830 GC heap after
{Heap after GC invocations=4 (full 0):
 garbage-first heap   total 96256K, used 14411K [0x00000000a2400000, 0x0000000100000000)
  region size 1024K, 4 young (4096K), 4 survivors (4096K)
 Metaspace       used 21366K, committed 21504K, reserved 1114112K
  class space    used 2754K, committed 2816K, reserved 1048576K
}
Event: 2.247 GC heap before
{Heap before GC invocations=5 (full 0):
 garbage-first heap   total 55296K, used 43083K [0x00000000a2400000, 0x0000000100000000)
  region size 1024K, 32 young (32768K), 4 survivors (4096K)
 Metaspace       used 24670K, committed 24896K, reserved 1114112K
  class space    used 3230K, committed 3328K, reserved 1048576K
}
Event: 2.253 GC heap after
{Heap after GC invocations=6 (full 0):
 garbage-first heap   total 66560K, used 15733K [0x00000000a2400000, 0x0000000100000000)
  region size 1024K, 3 young (3072K), 3 survivors (3072K)
 Metaspace       used 24670K, committed 24896K, reserved 1114112K
  class space    used 3230K, committed 3328K, reserved 1048576K
}
Event: 2.840 GC heap before
{Heap before GC invocations=6 (full 0):
 garbage-first heap   total 66560K, used 45429K [0x00000000a2400000, 0x0000000100000000)
  region size 1024K, 33 young (33792K), 3 survivors (3072K)
 Metaspace       used 28630K, committed 28928K, reserved 1114112K
  class space    used 3768K, committed 3904K, reserved 1048576K
}
Event: 2.849 GC heap after
{Heap after GC invocations=7 (full 0):
 garbage-first heap   total 66560K, used 18098K [0x00000000a2400000, 0x0000000100000000)
  region size 1024K, 5 young (5120K), 5 survivors (5120K)
 Metaspace       used 28630K, committed 28928K, reserved 1114112K
  class space    used 3768K, committed 3904K, reserved 1048576K
}
Event: 3.481 GC heap before
{Heap before GC invocations=7 (full 0):
 garbage-first heap   total 66560K, used 47794K [0x00000000a2400000, 0x0000000100000000)
  region size 1024K, 34 young (34816K), 5 survivors (5120K)
 Metaspace       used 33706K, committed 34048K, reserved 1114112K
  class space    used 4518K, committed 4672K, reserved 1048576K
}
Event: 3.490 GC heap after
{Heap after GC invocations=8 (full 0):
 garbage-first heap   total 66560K, used 20372K [0x00000000a2400000, 0x0000000100000000)
  region size 1024K, 5 young (5120K), 5 survivors (5120K)
 Metaspace       used 33706K, committed 34048K, reserved 1114112K
  class space    used 4518K, committed 4672K, reserved 1048576K
}
Event: 3.647 GC heap before
{Heap before GC invocations=8 (full 0):
 garbage-first heap   total 66560K, used 26516K [0x00000000a2400000, 0x0000000100000000)
  region size 1024K, 12 young (12288K), 5 survivors (5120K)
 Metaspace       used 35850K, committed 36160K, reserved 1114112K
  class space    used 4879K, committed 5056K, reserved 1048576K
}
Event: 3.653 GC heap after
{Heap after GC invocations=9 (full 0):
 garbage-first heap   total 66560K, used 20968K [0x00000000a2400000, 0x0000000100000000)
  region size 1024K, 3 young (3072K), 3 survivors (3072K)
 Metaspace       used 35850K, committed 36160K, reserved 1114112K
  class space    used 4879K, committed 5056K, reserved 1048576K
}
Event: 4.656 GC heap before
{Heap before GC invocations=10 (full 0):
 garbage-first heap   total 66560K, used 49640K [0x00000000a2400000, 0x0000000100000000)
  region size 1024K, 31 young (31744K), 3 survivors (3072K)
 Metaspace       used 46473K, committed 46784K, reserved 1114112K
  class space    used 6214K, committed 6336K, reserved 1048576K
}
Event: 4.667 GC heap after
{Heap after GC invocations=11 (full 0):
 garbage-first heap   total 79872K, used 23808K [0x00000000a2400000, 0x0000000100000000)
  region size 1024K, 4 young (4096K), 4 survivors (4096K)
 Metaspace       used 46473K, committed 46784K, reserved 1114112K
  class space    used 6214K, committed 6336K, reserved 1048576K
}

Deoptimization events (20 events):
Event: 4.481 Thread 0x0000013c5a1e23b0 Uncommon trap: trap_request=0xffffffde fr.pc=0x0000013c07c97df8 relative=0x0000000000000258
Event: 4.481 Thread 0x0000013c5a1e23b0 Uncommon trap: reason=class_check action=maybe_recompile pc=0x0000013c07c97df8 method=sun.security.util.math.intpoly.IntegerPolynomial.multByInt([JJ)V @ 26 c2
Event: 4.481 Thread 0x0000013c5a1e23b0 DEOPT PACKING pc=0x0000013c07c97df8 sp=0x0000000dd02fe150
Event: 4.481 Thread 0x0000013c5a1e23b0 DEOPT UNPACKING pc=0x0000013c075823a3 sp=0x0000000dd02fe100 mode 2
Event: 4.481 Thread 0x0000013c5a1e23b0 Uncommon trap: trap_request=0xffffffde fr.pc=0x0000013c07c97df8 relative=0x0000000000000258
Event: 4.481 Thread 0x0000013c5a1e23b0 Uncommon trap: reason=class_check action=maybe_recompile pc=0x0000013c07c97df8 method=sun.security.util.math.intpoly.IntegerPolynomial.multByInt([JJ)V @ 26 c2
Event: 4.481 Thread 0x0000013c5a1e23b0 DEOPT PACKING pc=0x0000013c07c97df8 sp=0x0000000dd02fe150
Event: 4.481 Thread 0x0000013c5a1e23b0 DEOPT UNPACKING pc=0x0000013c075823a3 sp=0x0000000dd02fe100 mode 2
Event: 4.481 Thread 0x0000013c5a1e23b0 Uncommon trap: trap_request=0xffffffde fr.pc=0x0000013c07c97df8 relative=0x0000000000000258
Event: 4.481 Thread 0x0000013c5a1e23b0 Uncommon trap: reason=class_check action=maybe_recompile pc=0x0000013c07c97df8 method=sun.security.util.math.intpoly.IntegerPolynomial.multByInt([JJ)V @ 26 c2
Event: 4.481 Thread 0x0000013c5a1e23b0 DEOPT PACKING pc=0x0000013c07c97df8 sp=0x0000000dd02fe150
Event: 4.481 Thread 0x0000013c5a1e23b0 DEOPT UNPACKING pc=0x0000013c075823a3 sp=0x0000000dd02fe100 mode 2
Event: 4.481 Thread 0x0000013c5a1e23b0 Uncommon trap: trap_request=0xffffffde fr.pc=0x0000013c07c97df8 relative=0x0000000000000258
Event: 4.481 Thread 0x0000013c5a1e23b0 Uncommon trap: reason=class_check action=maybe_recompile pc=0x0000013c07c97df8 method=sun.security.util.math.intpoly.IntegerPolynomial.multByInt([JJ)V @ 26 c2
Event: 4.481 Thread 0x0000013c5a1e23b0 DEOPT PACKING pc=0x0000013c07c97df8 sp=0x0000000dd02fe150
Event: 4.481 Thread 0x0000013c5a1e23b0 DEOPT UNPACKING pc=0x0000013c075823a3 sp=0x0000000dd02fe100 mode 2
Event: 4.551 Thread 0x0000013c72e712f0 Uncommon trap: trap_request=0xffffff45 fr.pc=0x0000013c07c5dd74 relative=0x0000000000000074
Event: 4.551 Thread 0x0000013c72e712f0 Uncommon trap: reason=unstable_if action=reinterpret pc=0x0000013c07c5dd74 method=jdk.internal.misc.Unsafe.convEndian(ZI)I @ 4 c2
Event: 4.551 Thread 0x0000013c72e712f0 DEOPT PACKING pc=0x0000013c07c5dd74 sp=0x0000000dcdefb4b0
Event: 4.551 Thread 0x0000013c72e712f0 DEOPT UNPACKING pc=0x0000013c075823a3 sp=0x0000000dcdefb3b8 mode 2

Classes unloaded (0 events):
No events

Classes redefined (0 events):
No events

Internal exceptions (20 events):
Event: 3.075 Thread 0x0000013c72e712f0 Exception <a 'java/lang/ClassNotFoundException'{0x00000000a5754ab8}: org/springframework/context/weaving/LoadTimeWeaverAwareCustomizer> (0x00000000a5754ab8) 
thrown [s\open\src\hotspot\share\classfile\systemDictionary.cpp, line 256]
Event: 3.075 Thread 0x0000013c72e712f0 Exception <a 'java/lang/ClassNotFoundException'{0x00000000a575aec8}: org/springframework/beans/factory/AwareCustomizer> (0x00000000a575aec8) 
thrown [s\open\src\hotspot\share\classfile\systemDictionary.cpp, line 256]
Event: 3.075 Thread 0x0000013c72e712f0 Exception <a 'java/lang/ClassNotFoundException'{0x00000000a5760228}: org/springframework/beans/factory/FactoryBeanCustomizer> (0x00000000a5760228) 
thrown [s\open\src\hotspot\share\classfile\systemDictionary.cpp, line 256]
Event: 3.076 Thread 0x0000013c72e712f0 Exception <a 'java/lang/ClassNotFoundException'{0x00000000a57698d0}: org/springframework/beans/factory/BeanClassLoaderAwareCustomizer> (0x00000000a57698d0) 
thrown [s\open\src\hotspot\share\classfile\systemDictionary.cpp, line 256]
Event: 3.076 Thread 0x0000013c72e712f0 Exception <a 'java/lang/ClassNotFoundException'{0x00000000a576f800}: org/springframework/beans/factory/AwareCustomizer> (0x00000000a576f800) 
thrown [s\open\src\hotspot\share\classfile\systemDictionary.cpp, line 256]
Event: 3.076 Thread 0x0000013c72e712f0 Exception <a 'java/lang/ClassNotFoundException'{0x00000000a5774b10}: org/springframework/beans/factory/BeanFactoryAwareCustomizer> (0x00000000a5774b10) 
thrown [s\open\src\hotspot\share\classfile\systemDictionary.cpp, line 256]
Event: 3.076 Thread 0x0000013c72e712f0 Exception <a 'java/lang/ClassNotFoundException'{0x00000000a577b0e0}: org/springframework/beans/factory/AwareCustomizer> (0x00000000a577b0e0) 
thrown [s\open\src\hotspot\share\classfile\systemDictionary.cpp, line 256]
Event: 3.077 Thread 0x0000013c72e712f0 Exception <a 'java/lang/ClassNotFoundException'{0x00000000a57803c0}: org/springframework/beans/factory/BeanNameAwareCustomizer> (0x00000000a57803c0) 
thrown [s\open\src\hotspot\share\classfile\systemDictionary.cpp, line 256]
Event: 3.077 Thread 0x0000013c72e712f0 Exception <a 'java/lang/ClassNotFoundException'{0x00000000a5786910}: org/springframework/beans/factory/AwareCustomizer> (0x00000000a5786910) 
thrown [s\open\src\hotspot\share\classfile\systemDictionary.cpp, line 256]
Event: 3.077 Thread 0x0000013c72e712f0 Exception <a 'java/lang/ClassNotFoundException'{0x00000000a578bc20}: org/springframework/beans/factory/InitializingBeanCustomizer> (0x00000000a578bc20) 
thrown [s\open\src\hotspot\share\classfile\systemDictionary.cpp, line 256]
Event: 3.077 Thread 0x0000013c72e712f0 Exception <a 'java/lang/ClassNotFoundException'{0x00000000a57917b8}: org/springframework/beans/factory/DisposableBeanCustomizer> (0x00000000a57917b8) 
thrown [s\open\src\hotspot\share\classfile\systemDictionary.cpp, line 256]
Event: 3.077 Thread 0x0000013c72e712f0 Exception <a 'java/lang/ClassNotFoundException'{0x00000000a5797910}: org/springframework/orm/jpa/EntityManagerFactoryInfoCustomizer> (0x00000000a5797910) 
thrown [s\open\src\hotspot\share\classfile\systemDictionary.cpp, line 256]
Event: 3.078 Thread 0x0000013c72e712f0 Exception <a 'java/lang/ClassNotFoundException'{0x00000000a57a76c0}: org/springframework/dao/support/PersistenceExceptionTranslatorCustomizer> (0x00000000a57a76c0) 
thrown [s\open\src\hotspot\share\classfile\systemDictionary.cpp, line 256]
Event: 3.414 Thread 0x0000013c72e712f0 Exception <a 'java/lang/NoSuchMethodError'{0x00000000a49f10a0}: 'java.lang.Object java.lang.invoke.DirectMethodHandle$Holder.invokeStaticInit(java.lang.Object, int, int, int, int)'> (0x00000000a49f10a0) 
thrown [s\open\src\hotspot\share\interpreter\linkResolver.cpp, line 759]
Event: 3.476 Thread 0x0000013c72e712f0 Exception <a 'java/lang/NoSuchMethodError'{0x00000000a48e61e8}: 'java.lang.Object java.lang.invoke.DirectMethodHandle$Holder.invokeStaticInit(java.lang.Object, java.lang.Object, int, int, int, int)'> (0x00000000a48e61e8) 
thrown [s\open\src\hotspot\share\interpreter\linkResolver.cpp, line 759]
Event: 3.842 Thread 0x0000013c72e712f0 Exception <a 'sun/nio/fs/WindowsException'{0x00000000a5ebbf98}> (0x00000000a5ebbf98) 
thrown [s\open\src\hotspot\share\prims\jni.cpp, line 516]
Event: 3.849 Thread 0x0000013c72e712f0 Implicit null exception at 0x0000013c07c63aa8 to 0x0000013c07c65464
Event: 3.861 Thread 0x0000013c72e712f0 Exception <a 'java/lang/NoSuchMethodError'{0x00000000a5edeb18}: 'int java.lang.invoke.DirectMethodHandle$Holder.invokeStaticInit(java.lang.Object, java.lang.Object, java.lang.Object, java.lang.Object)'> (0x00000000a5edeb18) 
thrown [s\open\src\hotspot\share\interpreter\linkResolver.cpp, line 759]
Event: 4.363 Thread 0x0000013c72e712f0 Exception <a 'java/lang/NoSuchMethodError'{0x00000000a56b5b88}: 'java.lang.Object java.lang.invoke.DirectMethodHandle$Holder.invokeStaticInit(java.lang.Object, java.lang.Object, java.lang.Object, java.lang.Object)'> (0x00000000a56b5b88) 
thrown [s\open\src\hotspot\share\interpreter\linkResolver.cpp, line 759]
Event: 4.587 Thread 0x0000013c72e712f0 Exception <a 'java/lang/NoSuchMethodError'{0x00000000a4ad1240}: 'java.lang.Object java.lang.invoke.DirectMethodHandle$Holder.newInvokeSpecial(java.lang.Object, java.lang.Object, int, java.lang.Object, java.lang.Object)'> (0x00000000a4ad1240) 
thrown [s\open\src\hotspot\share\interpreter\linkResolver.cpp, line 759]

VM Operations (20 events):
Event: 3.661 Executing VM operation: G1Concurrent
Event: 3.665 Executing VM operation: G1Concurrent done
Event: 3.668 Executing VM operation: G1Concurrent
Event: 3.668 Executing VM operation: G1Concurrent done
Event: 3.783 Executing VM operation: HandshakeAllThreads
Event: 3.783 Executing VM operation: HandshakeAllThreads done
Event: 3.784 Executing VM operation: HandshakeAllThreads
Event: 3.784 Executing VM operation: HandshakeAllThreads done
Event: 3.814 Executing VM operation: HandshakeAllThreads
Event: 3.814 Executing VM operation: HandshakeAllThreads done
Event: 3.844 Executing VM operation: HandshakeAllThreads
Event: 3.844 Executing VM operation: HandshakeAllThreads done
Event: 3.851 Executing VM operation: HandshakeAllThreads
Event: 3.851 Executing VM operation: HandshakeAllThreads done
Event: 3.852 Executing VM operation: HandshakeAllThreads
Event: 3.852 Executing VM operation: HandshakeAllThreads done
Event: 4.061 Executing VM operation: HandshakeAllThreads
Event: 4.061 Executing VM operation: HandshakeAllThreads done
Event: 4.655 Executing VM operation: G1CollectForAllocation
Event: 4.667 Executing VM operation: G1CollectForAllocation done

Events (20 events):
Event: 4.578 loading class javax/naming/RefAddr
Event: 4.579 loading class javax/naming/RefAddr done
Event: 4.579 loading class javax/naming/StringRefAddr
Event: 4.579 loading class javax/naming/StringRefAddr done
Event: 4.580 loading class java/io/InvalidObjectException
Event: 4.581 loading class java/io/InvalidObjectException done
Event: 4.607 loading class java/util/concurrent/CompletionStage
Event: 4.608 loading class java/util/concurrent/CompletionStage done
Event: 4.608 loading class java/util/concurrent/CompletableFuture
Event: 4.609 loading class java/util/concurrent/CompletableFuture done
Event: 4.609 loading class java/util/concurrent/CompletableFuture$AltResult
Event: 4.609 loading class java/util/concurrent/CompletableFuture$AltResult done
Event: 4.609 loading class java/util/concurrent/CompletableFuture$Completion
Event: 4.610 loading class java/util/concurrent/CompletableFuture$AsynchronousCompletionTask
Event: 4.610 loading class java/util/concurrent/CompletableFuture$AsynchronousCompletionTask done
Event: 4.610 loading class java/util/concurrent/CompletableFuture$Completion done
Event: 4.673 loading class sun/reflect/annotation/AnnotatedTypeFactory$AnnotatedArrayTypeImpl
Event: 4.673 loading class sun/reflect/annotation/AnnotatedTypeFactory$AnnotatedArrayTypeImpl done
Event: 4.752 loading class jdk/internal/reflect/UnsafeObjectFieldAccessorImpl
Event: 4.752 loading class jdk/internal/reflect/UnsafeObjectFieldAccessorImpl done


Dynamic libraries:
0x00007ff729c60000 - 0x00007ff729c70000 	C:\Program Files\Java\jdk-17\bin\java.exe
0x00007ffe1ae50000 - 0x00007ffe1b067000 	C:\WINDOWS\SYSTEM32\ntdll.dll
0x00007ffe18ef0000 - 0x00007ffe18fb4000 	C:\WINDOWS\System32\KERNEL32.DLL
0x00007ffe18230000 - 0x00007ffe185dc000 	C:\WINDOWS\System32\KERNELBASE.dll
0x00007ffe187c0000 - 0x00007ffe188d1000 	C:\WINDOWS\System32\ucrtbase.dll
0x00007ffdfcae0000 - 0x00007ffdfcafb000 	C:\Program Files\Java\jdk-17\bin\VCRUNTIME140.dll
0x00007ffde8d10000 - 0x00007ffde8d29000 	C:\Program Files\Java\jdk-17\bin\jli.dll
0x00007ffe1a760000 - 0x00007ffe1a812000 	C:\WINDOWS\System32\ADVAPI32.dll
0x00007ffe1a870000 - 0x00007ffe1a917000 	C:\WINDOWS\System32\msvcrt.dll
0x00007ffe18da0000 - 0x00007ffe18e4a000 	C:\WINDOWS\System32\sechost.dll
0x00007ffe18200000 - 0x00007ffe18228000 	C:\WINDOWS\System32\bcrypt.dll
0x00007ffe1a150000 - 0x00007ffe1a265000 	C:\WINDOWS\System32\RPCRT4.dll
0x00007ffe19910000 - 0x00007ffe19abe000 	C:\WINDOWS\System32\USER32.dll
0x00007ffe188e0000 - 0x00007ffe18906000 	C:\WINDOWS\System32\win32u.dll
0x00007ffe06b40000 - 0x00007ffe06dd3000 	C:\WINDOWS\WinSxS\amd64_microsoft.windows.common-controls_6595b64144ccf1df_6.0.22621.3672_none_2713b9d173822955\COMCTL32.dll
0x00007ffe1a840000 - 0x00007ffe1a869000 	C:\WINDOWS\System32\GDI32.dll
0x00007ffe189b0000 - 0x00007ffe18ac9000 	C:\WINDOWS\System32\gdi32full.dll
0x00007ffe18910000 - 0x00007ffe189aa000 	C:\WINDOWS\System32\msvcp_win.dll
0x00007ffe0e680000 - 0x00007ffe0e68a000 	C:\WINDOWS\SYSTEM32\VERSION.dll
0x00007ffe198d0000 - 0x00007ffe19901000 	C:\WINDOWS\System32\IMM32.DLL
0x00007ffdfd630000 - 0x00007ffdfd63c000 	C:\Program Files\Java\jdk-17\bin\vcruntime140_1.dll
0x00007ffdd7610000 - 0x00007ffdd769e000 	C:\Program Files\Java\jdk-17\bin\msvcp140.dll
0x00007ffd549f0000 - 0x00007ffd555ce000 	C:\Program Files\Java\jdk-17\bin\server\jvm.dll
0x00007ffe19cc0000 - 0x00007ffe19cc8000 	C:\WINDOWS\System32\PSAPI.DLL
0x00007ffe10170000 - 0x00007ffe101a4000 	C:\WINDOWS\SYSTEM32\WINMM.dll
0x00007ffe0fbf0000 - 0x00007ffe0fbf9000 	C:\WINDOWS\SYSTEM32\WSOCK32.dll
0x00007ffe19b00000 - 0x00007ffe19b71000 	C:\WINDOWS\System32\WS2_32.dll
0x00007ffe171e0000 - 0x00007ffe171f8000 	C:\WINDOWS\SYSTEM32\kernel.appcore.dll
0x00007ffdfaf10000 - 0x00007ffdfaf1a000 	C:\Program Files\Java\jdk-17\bin\jimage.dll
0x00007ffe15ae0000 - 0x00007ffe15d12000 	C:\WINDOWS\SYSTEM32\DBGHELP.DLL
0x00007ffe1aa20000 - 0x00007ffe1ada8000 	C:\WINDOWS\System32\combase.dll
0x00007ffe19be0000 - 0x00007ffe19cb7000 	C:\WINDOWS\System32\OLEAUT32.dll
0x00007ffded340000 - 0x00007ffded372000 	C:\WINDOWS\SYSTEM32\dbgcore.DLL
0x00007ffe18180000 - 0x00007ffe181fb000 	C:\WINDOWS\System32\bcryptPrimitives.dll
0x00007ffde1690000 - 0x00007ffde16b5000 	C:\Program Files\Java\jdk-17\bin\java.dll
0x00007ffdd05c0000 - 0x00007ffdd0697000 	C:\Program Files\Java\jdk-17\bin\jsvml.dll
0x00007ffe19070000 - 0x00007ffe198cc000 	C:\WINDOWS\System32\SHELL32.dll
0x00007ffe16080000 - 0x00007ffe16977000 	C:\WINDOWS\SYSTEM32\windows.storage.dll
0x00007ffe15f40000 - 0x00007ffe1607f000 	C:\WINDOWS\SYSTEM32\wintypes.dll
0x00007ffe1a660000 - 0x00007ffe1a754000 	C:\WINDOWS\System32\SHCORE.dll
0x00007ffe19b80000 - 0x00007ffe19bde000 	C:\WINDOWS\System32\shlwapi.dll
0x00007ffe180b0000 - 0x00007ffe180d1000 	C:\WINDOWS\SYSTEM32\profapi.dll
0x00007ffddb350000 - 0x00007ffddb369000 	C:\Program Files\Java\jdk-17\bin\net.dll
0x00007ffe13120000 - 0x00007ffe13256000 	C:\WINDOWS\SYSTEM32\WINHTTP.dll
0x00007ffe17640000 - 0x00007ffe176a9000 	C:\WINDOWS\system32\mswsock.dll
0x00007ffdda1b0000 - 0x00007ffdda1c6000 	C:\Program Files\Java\jdk-17\bin\nio.dll
0x00007ffde66d0000 - 0x00007ffde66e8000 	C:\Program Files\Java\jdk-17\bin\zip.dll
0x00007ffdfa4b0000 - 0x00007ffdfa4ba000 	C:\Program Files\Java\jdk-17\bin\management.dll
0x00007ffdf9a50000 - 0x00007ffdf9a5b000 	C:\Program Files\Java\jdk-17\bin\management_ext.dll
0x00007ffdfab60000 - 0x00007ffdfab70000 	C:\Program Files\Java\jdk-17\bin\verify.dll
0x00007ffde8dc0000 - 0x00007ffde8dd7000 	C:\WINDOWS\system32\napinsp.dll
0x00007ffde8da0000 - 0x00007ffde8dbb000 	C:\WINDOWS\system32\pnrpnsp.dll
0x00007ffde8d70000 - 0x00007ffde8d97000 	C:\WINDOWS\system32\nlansp_c.dll
0x00007ffe16cc0000 - 0x00007ffe16db8000 	C:\WINDOWS\SYSTEM32\DNSAPI.dll
0x00007ffe16be0000 - 0x00007ffe16c0d000 	C:\WINDOWS\SYSTEM32\IPHLPAPI.DLL
0x00007ffe19af0000 - 0x00007ffe19af9000 	C:\WINDOWS\System32\NSI.dll
0x00007ffdf26c0000 - 0x00007ffdf26d1000 	C:\WINDOWS\System32\winrnr.dll
0x00007ffe12660000 - 0x00007ffe12675000 	C:\WINDOWS\system32\wshbth.dll
0x00007ffdf7500000 - 0x00007ffdf750a000 	C:\Windows\System32\rasadhlp.dll
0x00007ffe12530000 - 0x00007ffe125b3000 	C:\WINDOWS\System32\fwpuclnt.dll
0x00007ffe17860000 - 0x00007ffe1787b000 	C:\WINDOWS\SYSTEM32\CRYPTSP.dll
0x00007ffe17140000 - 0x00007ffe17175000 	C:\WINDOWS\system32\rsaenh.dll
0x00007ffe176f0000 - 0x00007ffe17718000 	C:\WINDOWS\SYSTEM32\USERENV.dll
0x00007ffe17850000 - 0x00007ffe1785c000 	C:\WINDOWS\SYSTEM32\CRYPTBASE.dll
0x00007ffe139e0000 - 0x00007ffe139f9000 	C:\WINDOWS\SYSTEM32\dhcpcsvc6.DLL
0x00007ffe12f30000 - 0x00007ffe12f4f000 	C:\WINDOWS\SYSTEM32\dhcpcsvc.DLL
0x00007ffe04be0000 - 0x00007ffe04bee000 	C:\Program Files\Java\jdk-17\bin\sunmscapi.dll
0x00007ffe185e0000 - 0x00007ffe18747000 	C:\WINDOWS\System32\CRYPT32.dll
0x00007ffe17a90000 - 0x00007ffe17abe000 	C:\WINDOWS\SYSTEM32\ncrypt.dll
0x00007ffe17a50000 - 0x00007ffe17a87000 	C:\WINDOWS\SYSTEM32\NTASN1.dll

dbghelp: loaded successfully - version: 4.0.5 - missing functions: none
symbol engine: initialized successfully - sym options: 0x614 - pdb path: .;C:\Program Files\Java\jdk-17\bin;C:\WINDOWS\SYSTEM32;C:\WINDOWS\WinSxS\amd64_microsoft.windows.common-controls_6595b64144ccf1df_6.0.22621.3672_none_2713b9d173822955;C:\Program Files\Java\jdk-17\bin\server

VM Arguments:
java_command: C:\Users\duong\AppData\Local\Temp\surefire8603526666729957864\surefirebooter7980859171741241963.jar C:\Users\duong\AppData\Local\Temp\surefire8603526666729957864 2024-07-05T03-41-02_003-jvmRun1 surefire7480359155508069867tmp surefire_04284056568129011396tmp
java_class_path (initial): C:\Users\duong\AppData\Local\Temp\surefire8603526666729957864\surefirebooter7980859171741241963.jar
Launcher Type: SUN_STANDARD

[Global flags]
     intx CICompilerCount                          = 4                                         {product} {ergonomic}
     uint ConcGCThreads                            = 3                                         {product} {ergonomic}
     uint G1ConcRefinementThreads                  = 10                                        {product} {ergonomic}
   size_t G1HeapRegionSize                         = 1048576                                   {product} {ergonomic}
    uintx GCDrainStackTargetSize                   = 64                                        {product} {ergonomic}
   size_t InitialHeapSize                          = 98566144                                  {product} {ergonomic}
   size_t MarkStackSize                            = 4194304                                   {product} {ergonomic}
   size_t MaxHeapSize                              = 1572864000                                {product} {ergonomic}
   size_t MaxNewSize                               = 943718400                                 {product} {ergonomic}
   size_t MinHeapDeltaBytes                        = 1048576                                   {product} {ergonomic}
   size_t MinHeapSize                              = 8388608                                   {product} {ergonomic}
    uintx NonNMethodCodeHeapSize                   = 5839372                                {pd product} {ergonomic}
    uintx NonProfiledCodeHeapSize                  = 122909434                              {pd product} {ergonomic}
    uintx ProfiledCodeHeapSize                     = 122909434                              {pd product} {ergonomic}
    uintx ReservedCodeCacheSize                    = 251658240                              {pd product} {ergonomic}
     bool SegmentedCodeCache                       = true                                      {product} {ergonomic}
   size_t SoftMaxHeapSize                          = 1572864000                             {manageable} {ergonomic}
     bool UseCompressedClassPointers               = true                           {product lp64_product} {ergonomic}
     bool UseCompressedOops                        = true                           {product lp64_product} {ergonomic}
     bool UseG1GC                                  = true                                      {product} {ergonomic}
     bool UseLargePagesIndividualAllocation        = false                                  {pd product} {ergonomic}

Logging:
Log output configuration:
 #0: stdout all=warning uptime,level,tags
 #1: stderr all=off uptime,level,tags

Environment Variables:
JAVA_HOME=C:\Program Files\Java\jdk1.8.0_202
PATH=C:\Windows\system32;C:\Windows;C:\Windows\System32\Wbem;C:\Windows\System32\WindowsPowerShell\v1.0\;C:\Windows\System32\OpenSSH\;C:\Program Files (x86)\NVIDIA Corporation\PhysX\Common;C:\Program Files\NVIDIA Corporation\NVIDIA NvDLISR;C:\WINDOWS\system32;C:\WINDOWS;C:\WINDOWS\System32\Wbem;C:\WINDOWS\System32\WindowsPowerShell\v1.0\;C:\WINDOWS\System32\OpenSSH\;C:\Program Files\Git\cmd;C:\Program Files\Docker\Docker\resources\bin;C:\Program Files\nodejs\;C:\Users\duong\AppData\Roaming\npm;C:\Program Files\PuTTY\;C:\Program Files\Cloudflare\Cloudflare WARP\;C:\Users\duong\Downloads\ezyplatform-sdk-0.0.9\ezyplatform-sdk\bin;C:\Users\duong\Downloads\apache-maven-3.9.8-bin\apache-maven-3.9.8\bin;C:\Program Files\Java\jdk1.8.0_202\bin;C:\Users\duong\AppData\Local\Programs\Python\Launcher\;C:\Users\duong\AppData\Local\Microsoft\WindowsApps;C:\Users\duong\AppData\Local\Programs\Microsoft VS Code\bin;C:\Users\duong\AppData\Local\GitHubDesktop\bin;C:\ProgramData\duong\GitHubDesktop\bin;C:\Users\duong\AppData\Roaming\npm;C:\Program Files\heroku\bin
USERNAME=duong
OS=Windows_NT
PROCESSOR_IDENTIFIER=AMD64 Family 25 Model 80 Stepping 0, AuthenticAMD



---------------  S Y S T E M  ---------------

OS:
 Windows 11 , 64 bit Build 22621 (10.0.22621.3672)
OS uptime: 3 days 4:41 hours
Hyper-V role detected

CPU: total 12 (initial active 12) (12 cores per cpu, 2 threads per core) family 25 model 80 stepping 0 microcode 0x0, cx8, cmov, fxsr, ht, mmx, 3dnowpref, sse, sse2, sse3, ssse3, sse4a, sse4.1, sse4.2, popcnt, lzcnt, tsc, tscinvbit, avx, avx2, aes, erms, clmul, bmi1, bmi2, adx, sha, fma, vzeroupper, clflush, clflushopt, hv

Memory: 4k page, system-wide physical 5996M (289M free)
TotalPageFile size 24428M (AvailPageFile size 5M)
current process WorkingSet (physical memory assigned to process): 217M, peak: 217M
current process commit charge ("private bytes"): 267M, peak: 268M

vm_info: Java HotSpot(TM) 64-Bit Server VM (17.0.8+9-LTS-211) for windows-amd64 JRE (17.0.8+9-LTS-211), built on Jun 14 2023 10:34:31 by "mach5one" with MS VC++ 17.1 (VS2022)

END.
